# JRE version: OpenJDK Runtime Environment (8.0_242-b01) (build 1.8.0_242-release-1644-b01)
# Java VM: OpenJDK 64-Bit Server VM (25.242-b01 mixed mode windows-amd64 compressed oops)
Heap:
 PSYoungGen      total 518144K, used 253651K [0x000000076ab00000, 0x000000078f080000, 0x00000007c0000000)
  eden space 455168K, 43% used [0x000000076ab00000,0x0000000776c27c50,0x0000000786780000)
  from space 62976K, 88% used [0x000000078ac00000,0x000000078e28d0d0,0x000000078e980000)
  to   space 70144K, 0% used [0x0000000786780000,0x0000000786780000,0x000000078ac00000)
 ParOldGen       total 212480K, used 154034K [0x00000006c0000000, 0x00000006ccf80000, 0x000000076ab00000)
  object space 212480K, 72% used [0x00000006c0000000,0x00000006c966caa8,0x00000006ccf80000)
 Metaspace       used 107069K, capacity 113422K, committed 113624K, reserved 1148928K
  class space    used 13310K, capacity 14472K, committed 14592K, reserved 1048576K
GC Heap History (10 events):
Event: 1251.076 GC heap before
{Heap before GC invocations=27 (full 4):
 PSYoungGen      total 413696K, used 377552K [0x000000076ab00000, 0x0000000787e00000, 0x00000007c0000000)
  eden space 368640K, 100% used [0x000000076ab00000,0x0000000781300000,0x0000000781300000)
  from space 45056K, 19% used [0x0000000785200000,0x0000000785ab4010,0x0000000787e00000)
  to   space 54784K, 0% used [0x0000000781300000,0x0000000781300000,0x0000000784880000)
 ParOldGen       total 212480K, used 159425K [0x00000006c0000000, 0x00000006ccf80000, 0x000000076ab00000)
  object space 212480K, 75% used [0x00000006c0000000,0x00000006c9bb06b8,0x00000006ccf80000)
 Metaspace       used 104061K, capacity 110030K, committed 110424K, reserved 1144832K
  class space    used 13161K, capacity 14254K, committed 14464K, reserved 1048576K
Event: 1251.181 GC heap after
Heap after GC invocations=27 (full 4):
 PSYoungGen      total 423424K, used 54774K [0x000000076ab00000, 0x000000078ce00000, 0x00000007c0000000)
  eden space 368640K, 0% used [0x000000076ab00000,0x000000076ab00000,0x0000000781300000)
  from space 54784K, 99% used [0x0000000781300000,0x000000078487db10,0x0000000784880000)
  to   space 65536K, 0% used [0x0000000788e00000,0x0000000788e00000,0x000000078ce00000)
 ParOldGen       total 212480K, used 164935K [0x00000006c0000000, 0x00000006ccf80000, 0x000000076ab00000)
  object space 212480K, 77% used [0x00000006c0000000,0x00000006ca111f28,0x00000006ccf80000)
 Metaspace       used 104061K, capacity 110030K, committed 110424K, reserved 1144832K
  class space    used 13161K, capacity 14254K, committed 14464K, reserved 1048576K
}
Event: 1526.649 GC heap before
{Heap before GC invocations=28 (full 4):
 PSYoungGen      total 423424K, used 423414K [0x000000076ab00000, 0x000000078ce00000, 0x00000007c0000000)
  eden space 368640K, 100% used [0x000000076ab00000,0x0000000781300000,0x0000000781300000)
  from space 54784K, 99% used [0x0000000781300000,0x000000078487db10,0x0000000784880000)
  to   space 65536K, 0% used [0x0000000788e00000,0x0000000788e00000,0x000000078ce00000)
 ParOldGen       total 212480K, used 164935K [0x00000006c0000000, 0x00000006ccf80000, 0x000000076ab00000)
  object space 212480K, 77% used [0x00000006c0000000,0x00000006ca111f28,0x00000006ccf80000)
 Metaspace       used 106208K, capacity 112176K, committed 112600K, reserved 1146880K
  class space    used 13266K, capacity 14371K, committed 14592K, reserved 1048576K
Event: 1526.906 GC heap after
Heap after GC invocations=28 (full 4):
 PSYoungGen      total 477184K, used 38647K [0x000000076ab00000, 0x000000078c680000, 0x00000007c0000000)
  eden space 419328K, 0% used [0x000000076ab00000,0x000000076ab00000,0x0000000784480000)
  from space 57856K, 66% used [0x0000000788e00000,0x000000078b3bdd18,0x000000078c680000)
  to   space 66560K, 0% used [0x0000000784480000,0x0000000784480000,0x0000000788580000)
 ParOldGen       total 212480K, used 208199K [0x00000006c0000000, 0x00000006ccf80000, 0x000000076ab00000)
  object space 212480K, 97% used [0x00000006c0000000,0x00000006ccb51c78,0x00000006ccf80000)
 Metaspace       used 106208K, capacity 112176K, committed 112600K, reserved 1146880K
  class space    used 13266K, capacity 14371K, committed 14592K, reserved 1048576K
}
Event: 1526.907 GC heap before
{Heap before GC invocations=29 (full 5):
 PSYoungGen      total 477184K, used 38647K [0x000000076ab00000, 0x000000078c680000, 0x00000007c0000000)
  eden space 419328K, 0% used [0x000000076ab00000,0x000000076ab00000,0x0000000784480000)
  from space 57856K, 66% used [0x0000000788e00000,0x000000078b3bdd18,0x000000078c680000)
  to   space 66560K, 0% used [0x0000000784480000,0x0000000784480000,0x0000000788580000)
 ParOldGen       total 212480K, used 208199K [0x00000006c0000000, 0x00000006ccf80000, 0x000000076ab00000)
  object space 212480K, 97% used [0x00000006c0000000,0x00000006ccb51c78,0x00000006ccf80000)
 Metaspace       used 106208K, capacity 112176K, committed 112600K, reserved 1146880K
  class space    used 13266K, capacity 14371K, committed 14592K, reserved 1048576K
Event: 1528.742 GC heap after
Heap after GC invocations=29 (full 5):
 PSYoungGen      total 477184K, used 0K [0x000000076ab00000, 0x000000078c680000, 0x00000007c0000000)
  eden space 419328K, 0% used [0x000000076ab00000,0x000000076ab00000,0x0000000784480000)
  from space 57856K, 0% used [0x0000000788e00000,0x0000000788e00000,0x000000078c680000)
  to   space 66560K, 0% used [0x0000000784480000,0x0000000784480000,0x0000000788580000)
 ParOldGen       total 212480K, used 154018K [0x00000006c0000000, 0x00000006ccf80000, 0x000000076ab00000)
  object space 212480K, 72% used [0x00000006c0000000,0x00000006c9668aa8,0x00000006ccf80000)
 Metaspace       used 104367K, capacity 110216K, committed 112600K, reserved 1146880K
  class space    used 13156K, capacity 14243K, committed 14592K, reserved 1048576K
}
Event: 2687.201 GC heap before
{Heap before GC invocations=30 (full 5):
 PSYoungGen      total 477184K, used 419312K [0x000000076ab00000, 0x000000078c680000, 0x00000007c0000000)
  eden space 419328K, 99% used [0x000000076ab00000,0x000000078447c068,0x0000000784480000)
  from space 57856K, 0% used [0x0000000788e00000,0x0000000788e00000,0x000000078c680000)
  to   space 66560K, 0% used [0x0000000784480000,0x0000000784480000,0x0000000788580000)
 ParOldGen       total 212480K, used 154018K [0x00000006c0000000, 0x00000006ccf80000, 0x000000076ab00000)
  object space 212480K, 72% used [0x00000006c0000000,0x00000006c9668aa8,0x00000006ccf80000)
 Metaspace       used 104814K, capacity 110930K, committed 112856K, reserved 1146880K
  class space    used 13186K, capacity 14298K, committed 14592K, reserved 1048576K
Event: 2687.304 GC heap after
Heap after GC invocations=30 (full 5):
 PSYoungGen      total 485888K, used 25486K [0x000000076ab00000, 0x000000078e980000, 0x00000007c0000000)
  eden space 419328K, 0% used [0x000000076ab00000,0x000000076ab00000,0x0000000784480000)
  from space 66560K, 38% used [0x0000000784480000,0x0000000785d63a00,0x0000000788580000)
  to   space 62976K, 0% used [0x000000078ac00000,0x000000078ac00000,0x000000078e980000)
 ParOldGen       total 212480K, used 154026K [0x00000006c0000000, 0x00000006ccf80000, 0x000000076ab00000)
  object space 212480K, 72% used [0x00000006c0000000,0x00000006c966aaa8,0x00000006ccf80000)
 Metaspace       used 104814K, capacity 110930K, committed 112856K, reserved 1146880K
  class space    used 13186K, capacity 14298K, committed 14592K, reserved 1048576K
}
Event: 2841.863 GC heap before
{Heap before GC invocations=31 (full 5):
 PSYoungGen      total 485888K, used 444814K [0x000000076ab00000, 0x000000078e980000, 0x00000007c0000000)
  eden space 419328K, 100% used [0x000000076ab00000,0x0000000784480000,0x0000000784480000)
  from space 66560K, 38% used [0x0000000784480000,0x0000000785d63a00,0x0000000788580000)
  to   space 62976K, 0% used [0x000000078ac00000,0x000000078ac00000,0x000000078e980000)
 ParOldGen       total 212480K, used 154026K [0x00000006c0000000, 0x00000006ccf80000, 0x000000076ab00000)
  object space 212480K, 72% used [0x00000006c0000000,0x00000006c966aaa8,0x00000006ccf80000)
 Metaspace       used 106905K, capacity 113100K, committed 113368K, reserved 1148928K
  class space    used 13300K, capacity 14431K, committed 14592K, reserved 1048576K
Event: 2842.003 GC heap after
Heap after GC invocations=31 (full 5):
 PSYoungGen      total 518144K, used 55860K [0x000000076ab00000, 0x000000078f080000, 0x00000007c0000000)
  eden space 455168K, 0% used [0x000000076ab00000,0x000000076ab00000,0x0000000786780000)
  from space 62976K, 88% used [0x000000078ac00000,0x000000078e28d0d0,0x000000078e980000)
  to   space 70144K, 0% used [0x0000000786780000,0x0000000786780000,0x000000078ac00000)
 ParOldGen       total 212480K, used 154034K [0x00000006c0000000, 0x00000006ccf80000, 0x000000076ab00000)
  object space 212480K, 72% used [0x00000006c0000000,0x00000006c966caa8,0x00000006ccf80000)
 Metaspace       used 106905K, capacity 113100K, committed 113368K, reserved 1148928K
  class space    used 13300K, capacity 14431K, committed 14592K, reserved 1048576K
}

