# JRE version: OpenJDK Runtime Environment (8.0_242-b01) (build 1.8.0_242-release-1644-b01)
# Java VM: OpenJDK 64-Bit Server VM (25.242-b01 mixed mode windows-amd64 compressed oops)
Heap:
 PSYoungGen      total 339968K, used 160199K [0x00000000d5580000, 0x00000000ec280000, 0x0000000100000000)
  eden space 323584K, 44% used [0x00000000d5580000,0x00000000de27e0c0,0x00000000e9180000)
  from space 16384K, 96% used [0x00000000eb280000,0x00000000ec1f3d48,0x00000000ec280000)
  to   space 25088K, 0% used [0x00000000e9180000,0x00000000e9180000,0x00000000eaa00000)
 ParOldGen       total 94208K, used 43611K [0x0000000080000000, 0x0000000085c00000, 0x00000000d5580000)
  object space 94208K, 46% used [0x0000000080000000,0x0000000082a96c48,0x0000000085c00000)
 Metaspace       used 76800K, capacity 81146K, committed 81240K, reserved 1120256K
  class space    used 10312K, capacity 11102K, committed 11136K, reserved 1048576K
GC Heap History (10 events):
Event: 37.569 GC heap before
{Heap before GC invocations=13 (full 2):
 PSYoungGen      total 187904K, used 187816K [0x00000000d5580000, 0x00000000e2a80000, 0x0000000100000000)
  eden space 178176K, 100% used [0x00000000d5580000,0x00000000e0380000,0x00000000e0380000)
  from space 9728K, 99% used [0x00000000e2100000,0x00000000e2a6a3c8,0x00000000e2a80000)
  to   space 13312K, 0% used [0x00000000e1080000,0x00000000e1080000,0x00000000e1d80000)
 ParOldGen       total 65536K, used 17969K [0x0000000080000000, 0x0000000084000000, 0x00000000d5580000)
  object space 65536K, 27% used [0x0000000080000000,0x000000008118c510,0x0000000084000000)
 Metaspace       used 55971K, capacity 58366K, committed 58584K, reserved 1099776K
  class space    used 7656K, capacity 8144K, committed 8192K, reserved 1048576K
Event: 37.668 GC heap after
Heap after GC invocations=13 (full 2):
 PSYoungGen      total 204800K, used 13305K [0x00000000d5580000, 0x00000000e6f80000, 0x0000000100000000)
  eden space 191488K, 0% used [0x00000000d5580000,0x00000000d5580000,0x00000000e1080000)
  from space 13312K, 99% used [0x00000000e1080000,0x00000000e1d7e670,0x00000000e1d80000)
  to   space 20480K, 0% used [0x00000000e5b80000,0x00000000e5b80000,0x00000000e6f80000)
 ParOldGen       total 65536K, used 32567K [0x0000000080000000, 0x0000000084000000, 0x00000000d5580000)
  object space 65536K, 49% used [0x0000000080000000,0x0000000081fcdd08,0x0000000084000000)
 Metaspace       used 55971K, capacity 58366K, committed 58584K, reserved 1099776K
  class space    used 7656K, capacity 8144K, committed 8192K, reserved 1048576K
}
Event: 38.115 GC heap before
{Heap before GC invocations=14 (full 2):
 PSYoungGen      total 204800K, used 23791K [0x00000000d5580000, 0x00000000e6f80000, 0x0000000100000000)
  eden space 191488K, 5% used [0x00000000d5580000,0x00000000d5fbd5f8,0x00000000e1080000)
  from space 13312K, 99% used [0x00000000e1080000,0x00000000e1d7e670,0x00000000e1d80000)
  to   space 20480K, 0% used [0x00000000e5b80000,0x00000000e5b80000,0x00000000e6f80000)
 ParOldGen       total 65536K, used 32567K [0x0000000080000000, 0x0000000084000000, 0x00000000d5580000)
  object space 65536K, 49% used [0x0000000080000000,0x0000000081fcdd08,0x0000000084000000)
 Metaspace       used 56409K, capacity 58806K, committed 58968K, reserved 1099776K
  class space    used 7730K, capacity 8218K, committed 8320K, reserved 1048576K
Event: 38.177 GC heap after
Heap after GC invocations=14 (full 2):
 PSYoungGen      total 268288K, used 768K [0x00000000d5580000, 0x00000000e8b80000, 0x0000000100000000)
  eden space 247808K, 0% used [0x00000000d5580000,0x00000000d5580000,0x00000000e4780000)
  from space 20480K, 3% used [0x00000000e5b80000,0x00000000e5c40000,0x00000000e6f80000)
  to   space 20480K, 0% used [0x00000000e4780000,0x00000000e4780000,0x00000000e5b80000)
 ParOldGen       total 65536K, used 43704K [0x0000000080000000, 0x0000000084000000, 0x00000000d5580000)
  object space 65536K, 66% used [0x0000000080000000,0x0000000082aae158,0x0000000084000000)
 Metaspace       used 56409K, capacity 58806K, committed 58968K, reserved 1099776K
  class space    used 7730K, capacity 8218K, committed 8320K, reserved 1048576K
}
Event: 38.177 GC heap before
{Heap before GC invocations=15 (full 3):
 PSYoungGen      total 268288K, used 768K [0x00000000d5580000, 0x00000000e8b80000, 0x0000000100000000)
  eden space 247808K, 0% used [0x00000000d5580000,0x00000000d5580000,0x00000000e4780000)
  from space 20480K, 3% used [0x00000000e5b80000,0x00000000e5c40000,0x00000000e6f80000)
  to   space 20480K, 0% used [0x00000000e4780000,0x00000000e4780000,0x00000000e5b80000)
 ParOldGen       total 65536K, used 43704K [0x0000000080000000, 0x0000000084000000, 0x00000000d5580000)
  object space 65536K, 66% used [0x0000000080000000,0x0000000082aae158,0x0000000084000000)
 Metaspace       used 56409K, capacity 58806K, committed 58968K, reserved 1099776K
  class space    used 7730K, capacity 8218K, committed 8320K, reserved 1048576K
Event: 39.010 GC heap after
Heap after GC invocations=15 (full 3):
 PSYoungGen      total 268288K, used 0K [0x00000000d5580000, 0x00000000e8b80000, 0x0000000100000000)
  eden space 247808K, 0% used [0x00000000d5580000,0x00000000d5580000,0x00000000e4780000)
  from space 20480K, 0% used [0x00000000e5b80000,0x00000000e5b80000,0x00000000e6f80000)
  to   space 20480K, 0% used [0x00000000e4780000,0x00000000e4780000,0x00000000e5b80000)
 ParOldGen       total 94208K, used 29402K [0x0000000080000000, 0x0000000085c00000, 0x00000000d5580000)
  object space 94208K, 31% used [0x0000000080000000,0x0000000081cb6870,0x0000000085c00000)
 Metaspace       used 56361K, capacity 58644K, committed 58968K, reserved 1099776K
  class space    used 7716K, capacity 8191K, committed 8320K, reserved 1048576K
}
Event: 47.550 GC heap before
{Heap before GC invocations=16 (full 3):
 PSYoungGen      total 268288K, used 247808K [0x00000000d5580000, 0x00000000e8b80000, 0x0000000100000000)
  eden space 247808K, 100% used [0x00000000d5580000,0x00000000e4780000,0x00000000e4780000)
  from space 20480K, 0% used [0x00000000e5b80000,0x00000000e5b80000,0x00000000e6f80000)
  to   space 20480K, 0% used [0x00000000e4780000,0x00000000e4780000,0x00000000e5b80000)
 ParOldGen       total 94208K, used 29402K [0x0000000080000000, 0x0000000085c00000, 0x00000000d5580000)
  object space 94208K, 31% used [0x0000000080000000,0x0000000081cb6870,0x0000000085c00000)
 Metaspace       used 64162K, capacity 67390K, committed 67544K, reserved 1107968K
  class space    used 8839K, capacity 9444K, committed 9472K, reserved 1048576K
Event: 47.606 GC heap after
Heap after GC invocations=16 (full 3):
 PSYoungGen      total 268288K, used 20439K [0x00000000d5580000, 0x00000000eca00000, 0x0000000100000000)
  eden space 247808K, 0% used [0x00000000d5580000,0x00000000d5580000,0x00000000e4780000)
  from space 20480K, 99% used [0x00000000e4780000,0x00000000e5b75c20,0x00000000e5b80000)
  to   space 24064K, 0% used [0x00000000eb280000,0x00000000eb280000,0x00000000eca00000)
 ParOldGen       total 94208K, used 29410K [0x0000000080000000, 0x0000000085c00000, 0x00000000d5580000)
  object space 94208K, 31% used [0x0000000080000000,0x0000000081cb8870,0x0000000085c00000)
 Metaspace       used 64162K, capacity 67390K, committed 67544K, reserved 1107968K
  class space    used 8839K, capacity 9444K, committed 9472K, reserved 1048576K
}
Event: 109.018 GC heap before
{Heap before GC invocations=17 (full 3):
 PSYoungGen      total 268288K, used 268247K [0x00000000d5580000, 0x00000000eca00000, 0x0000000100000000)
  eden space 247808K, 100% used [0x00000000d5580000,0x00000000e4780000,0x00000000e4780000)
  from space 20480K, 99% used [0x00000000e4780000,0x00000000e5b75c20,0x00000000e5b80000)
  to   space 24064K, 0% used [0x00000000eb280000,0x00000000eb280000,0x00000000eca00000)
 ParOldGen       total 94208K, used 29410K [0x0000000080000000, 0x0000000085c00000, 0x00000000d5580000)
  object space 94208K, 31% used [0x0000000080000000,0x0000000081cb8870,0x0000000085c00000)
 Metaspace       used 72216K, capacity 75726K, committed 75864K, reserved 1114112K
  class space    used 9611K, capacity 10244K, committed 10368K, reserved 1048576K
Event: 109.298 GC heap after
Heap after GC invocations=17 (full 3):
 PSYoungGen      total 339968K, used 15823K [0x00000000d5580000, 0x00000000ec280000, 0x0000000100000000)
  eden space 323584K, 0% used [0x00000000d5580000,0x00000000d5580000,0x00000000e9180000)
  from space 16384K, 96% used [0x00000000eb280000,0x00000000ec1f3d48,0x00000000ec280000)
  to   space 25088K, 0% used [0x00000000e9180000,0x00000000e9180000,0x00000000eaa00000)
 ParOldGen       total 94208K, used 43611K [0x0000000080000000, 0x0000000085c00000, 0x00000000d5580000)
  object space 94208K, 46% used [0x0000000080000000,0x0000000082a96c48,0x0000000085c00000)
 Metaspace       used 72216K, capacity 75726K, committed 75864K, reserved 1114112K
  class space    used 9611K, capacity 10244K, committed 10368K, reserved 1048576K
}

