# JRE version: OpenJDK Runtime Environment (8.0_242-b01) (build 1.8.0_242-release-1644-b01)
# Java VM: OpenJDK 64-Bit Server VM (25.242-b01 mixed mode windows-amd64 compressed oops)
Heap:
 PSYoungGen      total 224256K, used 90195K [0x00000000d5580000, 0x00000000e7180000, 0x0000000100000000)
  eden space 209920K, 42% used [0x00000000d5580000,0x00000000dad94eb8,0x00000000e2280000)
  from space 14336K, 0% used [0x00000000e2280000,0x00000000e2280000,0x00000000e3080000)
  to   space 17920K, 0% used [0x00000000e6000000,0x00000000e6000000,0x00000000e7180000)
 ParOldGen       total 112640K, used 36203K [0x0000000080000000, 0x0000000086e00000, 0x00000000d5580000)
  object space 112640K, 32% used [0x0000000080000000,0x000000008235ad78,0x0000000086e00000)
 Metaspace       used 59606K, capacity 61774K, committed 61912K, reserved 1103872K
  class space    used 7715K, capacity 8186K, committed 8192K, reserved 1048576K
GC Heap History (10 events):
Event: 31.699 GC heap before
{Heap before GC invocations=12 (full 2):
 PSYoungGen      total 137216K, used 125952K [0x00000000d5580000, 0x00000000e2700000, 0x0000000100000000)
  eden space 125952K, 100% used [0x00000000d5580000,0x00000000dd080000,0x00000000dd080000)
  from space 11264K, 0% used [0x00000000dd080000,0x00000000dd080000,0x00000000ddb80000)
  to   space 12288K, 0% used [0x00000000e1b00000,0x00000000e1b00000,0x00000000e2700000)
 ParOldGen       total 71680K, used 16617K [0x0000000080000000, 0x0000000084600000, 0x00000000d5580000)
  object space 71680K, 23% used [0x0000000080000000,0x000000008103a6f8,0x0000000084600000)
 Metaspace       used 44775K, capacity 46272K, committed 46424K, reserved 1089536K
  class space    used 5940K, capacity 6264K, committed 6272K, reserved 1048576K
Event: 31.737 GC heap after
Heap after GC invocations=12 (full 2):
 PSYoungGen      total 177664K, used 12282K [0x00000000d5580000, 0x00000000e2700000, 0x0000000100000000)
  eden space 165376K, 0% used [0x00000000d5580000,0x00000000d5580000,0x00000000df700000)
  from space 12288K, 99% used [0x00000000e1b00000,0x00000000e26fead8,0x00000000e2700000)
  to   space 14336K, 0% used [0x00000000e0b00000,0x00000000e0b00000,0x00000000e1900000)
 ParOldGen       total 71680K, used 17518K [0x0000000080000000, 0x0000000084600000, 0x00000000d5580000)
  object space 71680K, 24% used [0x0000000080000000,0x000000008111b940,0x0000000084600000)
 Metaspace       used 44775K, capacity 46272K, committed 46424K, reserved 1089536K
  class space    used 5940K, capacity 6264K, committed 6272K, reserved 1048576K
}
Event: 52.237 GC heap before
{Heap before GC invocations=13 (full 2):
 PSYoungGen      total 177664K, used 177658K [0x00000000d5580000, 0x00000000e2700000, 0x0000000100000000)
  eden space 165376K, 100% used [0x00000000d5580000,0x00000000df700000,0x00000000df700000)
  from space 12288K, 99% used [0x00000000e1b00000,0x00000000e26fead8,0x00000000e2700000)
  to   space 14336K, 0% used [0x00000000e0b00000,0x00000000e0b00000,0x00000000e1900000)
 ParOldGen       total 71680K, used 17518K [0x0000000080000000, 0x0000000084600000, 0x00000000d5580000)
  object space 71680K, 24% used [0x0000000080000000,0x000000008111b940,0x0000000084600000)
 Metaspace       used 46280K, capacity 47870K, committed 48088K, reserved 1091584K
  class space    used 6030K, capacity 6345K, committed 6400K, reserved 1048576K
Event: 52.264 GC heap after
Heap after GC invocations=13 (full 2):
 PSYoungGen      total 200192K, used 2358K [0x00000000d5580000, 0x00000000e3e80000, 0x0000000100000000)
  eden space 185856K, 0% used [0x00000000d5580000,0x00000000d5580000,0x00000000e0b00000)
  from space 14336K, 16% used [0x00000000e0b00000,0x00000000e0d4d928,0x00000000e1900000)
  to   space 14336K, 0% used [0x00000000e3080000,0x00000000e3080000,0x00000000e3e80000)
 ParOldGen       total 71680K, used 24600K [0x0000000080000000, 0x0000000084600000, 0x00000000d5580000)
  object space 71680K, 34% used [0x0000000080000000,0x0000000081806288,0x0000000084600000)
 Metaspace       used 46280K, capacity 47870K, committed 48088K, reserved 1091584K
  class space    used 6030K, capacity 6345K, committed 6400K, reserved 1048576K
}
Event: 56.564 GC heap before
{Heap before GC invocations=14 (full 2):
 PSYoungGen      total 200192K, used 188214K [0x00000000d5580000, 0x00000000e3e80000, 0x0000000100000000)
  eden space 185856K, 100% used [0x00000000d5580000,0x00000000e0b00000,0x00000000e0b00000)
  from space 14336K, 16% used [0x00000000e0b00000,0x00000000e0d4d928,0x00000000e1900000)
  to   space 14336K, 0% used [0x00000000e3080000,0x00000000e3080000,0x00000000e3e80000)
 ParOldGen       total 71680K, used 24600K [0x0000000080000000, 0x0000000084600000, 0x00000000d5580000)
  object space 71680K, 34% used [0x0000000080000000,0x0000000081806288,0x0000000084600000)
 Metaspace       used 46537K, capacity 48164K, committed 48344K, reserved 1091584K
  class space    used 6052K, capacity 6352K, committed 6400K, reserved 1048576K
Event: 56.572 GC heap after
Heap after GC invocations=14 (full 2):
 PSYoungGen      total 224256K, used 2644K [0x00000000d5580000, 0x00000000e5180000, 0x0000000100000000)
  eden space 209920K, 0% used [0x00000000d5580000,0x00000000d5580000,0x00000000e2280000)
  from space 14336K, 18% used [0x00000000e3080000,0x00000000e3315190,0x00000000e3e80000)
  to   space 14336K, 0% used [0x00000000e2280000,0x00000000e2280000,0x00000000e3080000)
 ParOldGen       total 71680K, used 24608K [0x0000000080000000, 0x0000000084600000, 0x00000000d5580000)
  object space 71680K, 34% used [0x0000000080000000,0x0000000081808288,0x0000000084600000)
 Metaspace       used 46537K, capacity 48164K, committed 48344K, reserved 1091584K
  class space    used 6052K, capacity 6352K, committed 6400K, reserved 1048576K
}
Event: 61.888 GC heap before
{Heap before GC invocations=15 (full 2):
 PSYoungGen      total 224256K, used 167601K [0x00000000d5580000, 0x00000000e5180000, 0x0000000100000000)
  eden space 209920K, 78% used [0x00000000d5580000,0x00000000df6972c0,0x00000000e2280000)
  from space 14336K, 18% used [0x00000000e3080000,0x00000000e3315190,0x00000000e3e80000)
  to   space 14336K, 0% used [0x00000000e2280000,0x00000000e2280000,0x00000000e3080000)
 ParOldGen       total 71680K, used 24608K [0x0000000080000000, 0x0000000084600000, 0x00000000d5580000)
  object space 71680K, 34% used [0x0000000080000000,0x0000000081808288,0x0000000084600000)
 Metaspace       used 56967K, capacity 58952K, committed 58968K, reserved 1099776K
  class space    used 7390K, capacity 7794K, committed 7808K, reserved 1048576K
Event: 61.930 GC heap after
Heap after GC invocations=15 (full 2):
 PSYoungGen      total 224256K, used 14313K [0x00000000d5580000, 0x00000000e7180000, 0x0000000100000000)
  eden space 209920K, 0% used [0x00000000d5580000,0x00000000d5580000,0x00000000e2280000)
  from space 14336K, 99% used [0x00000000e2280000,0x00000000e307a4e0,0x00000000e3080000)
  to   space 17920K, 0% used [0x00000000e6000000,0x00000000e6000000,0x00000000e7180000)
 ParOldGen       total 71680K, used 27973K [0x0000000080000000, 0x0000000084600000, 0x00000000d5580000)
  object space 71680K, 39% used [0x0000000080000000,0x0000000081b51590,0x0000000084600000)
 Metaspace       used 56967K, capacity 58952K, committed 58968K, reserved 1099776K
  class space    used 7390K, capacity 7794K, committed 7808K, reserved 1048576K
}
Event: 61.931 GC heap before
{Heap before GC invocations=16 (full 3):
 PSYoungGen      total 224256K, used 14313K [0x00000000d5580000, 0x00000000e7180000, 0x0000000100000000)
  eden space 209920K, 0% used [0x00000000d5580000,0x00000000d5580000,0x00000000e2280000)
  from space 14336K, 99% used [0x00000000e2280000,0x00000000e307a4e0,0x00000000e3080000)
  to   space 17920K, 0% used [0x00000000e6000000,0x00000000e6000000,0x00000000e7180000)
 ParOldGen       total 71680K, used 27973K [0x0000000080000000, 0x0000000084600000, 0x00000000d5580000)
  object space 71680K, 39% used [0x0000000080000000,0x0000000081b51590,0x0000000084600000)
 Metaspace       used 56967K, capacity 58952K, committed 58968K, reserved 1099776K
  class space    used 7390K, capacity 7794K, committed 7808K, reserved 1048576K
Event: 62.599 GC heap after
Heap after GC invocations=16 (full 3):
 PSYoungGen      total 224256K, used 0K [0x00000000d5580000, 0x00000000e7180000, 0x0000000100000000)
  eden space 209920K, 0% used [0x00000000d5580000,0x00000000d5580000,0x00000000e2280000)
  from space 14336K, 0% used [0x00000000e2280000,0x00000000e2280000,0x00000000e3080000)
  to   space 17920K, 0% used [0x00000000e6000000,0x00000000e6000000,0x00000000e7180000)
 ParOldGen       total 112640K, used 36203K [0x0000000080000000, 0x0000000086e00000, 0x00000000d5580000)
  object space 112640K, 32% used [0x0000000080000000,0x000000008235ad78,0x0000000086e00000)
 Metaspace       used 56890K, capacity 58784K, committed 58968K, reserved 1099776K
  class space    used 7365K, capacity 7756K, committed 7808K, reserved 1048576K
}

