# JRE version: OpenJDK Runtime Environment (8.0_242-b01) (build 1.8.0_242-release-1644-b01)
# Java VM: OpenJDK 64-Bit Server VM (25.242-b01 mixed mode windows-amd64 compressed oops)
Heap:
 PSYoungGen      total 513024K, used 230138K [0x00000000d5580000, 0x00000000fe180000, 0x0000000100000000)
  eden space 403456K, 35% used [0x00000000d5580000,0x00000000de2697a0,0x00000000edf80000)
  from space 109568K, 78% used [0x00000000edf80000,0x00000000f3355380,0x00000000f4a80000)
  to   space 118784K, 0% used [0x00000000f6d80000,0x00000000f6d80000,0x00000000fe180000)
 ParOldGen       total 241664K, used 190248K [0x0000000080000000, 0x000000008ec00000, 0x00000000d5580000)
  object space 241664K, 78% used [0x0000000080000000,0x000000008b9ca328,0x000000008ec00000)
 Metaspace       used 108755K, capacity 115530K, committed 115660K, reserved 1150976K
  class space    used 13264K, capacity 14572K, committed 14592K, reserved 1048576K
GC Heap History (10 events):
Event: 978.053 GC heap before
{Heap before GC invocations=25 (full 4):
 PSYoungGen      total 391680K, used 375496K [0x00000000d5580000, 0x00000000f1480000, 0x0000000100000000)
  eden space 338944K, 100% used [0x00000000d5580000,0x00000000ea080000,0x00000000ea080000)
  from space 52736K, 69% used [0x00000000ee100000,0x00000000f04b23e8,0x00000000f1480000)
  to   space 59392K, 0% used [0x00000000ea080000,0x00000000ea080000,0x00000000eda80000)
 ParOldGen       total 241664K, used 123341K [0x0000000080000000, 0x000000008ec00000, 0x00000000d5580000)
  object space 241664K, 51% used [0x0000000080000000,0x00000000878735c0,0x000000008ec00000)
 Metaspace       used 100248K, capacity 105340K, committed 105420K, reserved 1140736K
  class space    used 12742K, capacity 13757K, committed 13824K, reserved 1048576K
Event: 978.195 GC heap after
Heap after GC invocations=25 (full 4):
 PSYoungGen      total 398336K, used 56092K [0x00000000d5580000, 0x00000000f5400000, 0x0000000100000000)
  eden space 338944K, 0% used [0x00000000d5580000,0x00000000d5580000,0x00000000ea080000)
  from space 59392K, 94% used [0x00000000ea080000,0x00000000ed747158,0x00000000eda80000)
  to   space 67584K, 0% used [0x00000000f1200000,0x00000000f1200000,0x00000000f5400000)
 ParOldGen       total 241664K, used 123349K [0x0000000080000000, 0x000000008ec00000, 0x00000000d5580000)
  object space 241664K, 51% used [0x0000000080000000,0x00000000878755c0,0x000000008ec00000)
 Metaspace       used 100248K, capacity 105340K, committed 105420K, reserved 1140736K
  class space    used 12742K, capacity 13757K, committed 13824K, reserved 1048576K
}
Event: 985.768 GC heap before
{Heap before GC invocations=26 (full 4):
 PSYoungGen      total 398336K, used 394895K [0x00000000d5580000, 0x00000000f5400000, 0x0000000100000000)
  eden space 338944K, 99% used [0x00000000d5580000,0x00000000ea05ccd8,0x00000000ea080000)
  from space 59392K, 94% used [0x00000000ea080000,0x00000000ed747158,0x00000000eda80000)
  to   space 67584K, 0% used [0x00000000f1200000,0x00000000f1200000,0x00000000f5400000)
 ParOldGen       total 241664K, used 123349K [0x0000000080000000, 0x000000008ec00000, 0x00000000d5580000)
  object space 241664K, 51% used [0x0000000080000000,0x00000000878755c0,0x000000008ec00000)
 Metaspace       used 102159K, capacity 107344K, committed 107596K, reserved 1142784K
  class space    used 12829K, capacity 13903K, committed 13952K, reserved 1048576K
Event: 985.943 GC heap after
Heap after GC invocations=26 (full 4):
 PSYoungGen      total 438784K, used 67577K [0x00000000d5580000, 0x00000000f7780000, 0x0000000100000000)
  eden space 371200K, 0% used [0x00000000d5580000,0x00000000d5580000,0x00000000ec000000)
  from space 67584K, 99% used [0x00000000f1200000,0x00000000f53fe488,0x00000000f5400000)
  to   space 83968K, 0% used [0x00000000ec000000,0x00000000ec000000,0x00000000f1200000)
 ParOldGen       total 241664K, used 138993K [0x0000000080000000, 0x000000008ec00000, 0x00000000d5580000)
  object space 241664K, 57% used [0x0000000080000000,0x00000000887bc470,0x000000008ec00000)
 Metaspace       used 102159K, capacity 107344K, committed 107596K, reserved 1142784K
  class space    used 12829K, capacity 13903K, committed 13952K, reserved 1048576K
}
Event: 1135.417 GC heap before
{Heap before GC invocations=27 (full 4):
 PSYoungGen      total 438784K, used 438777K [0x00000000d5580000, 0x00000000f7780000, 0x0000000100000000)
  eden space 371200K, 100% used [0x00000000d5580000,0x00000000ec000000,0x00000000ec000000)
  from space 67584K, 99% used [0x00000000f1200000,0x00000000f53fe488,0x00000000f5400000)
  to   space 83968K, 0% used [0x00000000ec000000,0x00000000ec000000,0x00000000f1200000)
 ParOldGen       total 241664K, used 138993K [0x0000000080000000, 0x000000008ec00000, 0x00000000d5580000)
  object space 241664K, 57% used [0x0000000080000000,0x00000000887bc470,0x000000008ec00000)
 Metaspace       used 104202K, capacity 109754K, committed 109900K, reserved 1144832K
  class space    used 12951K, capacity 14090K, committed 14208K, reserved 1048576K
Event: 1135.573 GC heap after
Heap after GC invocations=27 (full 4):
 PSYoungGen      total 455168K, used 73565K [0x00000000d5580000, 0x00000000fa600000, 0x0000000100000000)
  eden space 371200K, 0% used [0x00000000d5580000,0x00000000d5580000,0x00000000ec000000)
  from space 83968K, 87% used [0x00000000ec000000,0x00000000f07d7598,0x00000000f1200000)
  to   space 93696K, 0% used [0x00000000f4a80000,0x00000000f4a80000,0x00000000fa600000)
 ParOldGen       total 241664K, used 158455K [0x0000000080000000, 0x000000008ec00000, 0x00000000d5580000)
  object space 241664K, 65% used [0x0000000080000000,0x0000000089abde90,0x000000008ec00000)
 Metaspace       used 104202K, capacity 109754K, committed 109900K, reserved 1144832K
  class space    used 12951K, capacity 14090K, committed 14208K, reserved 1048576K
}
Event: 1277.970 GC heap before
{Heap before GC invocations=28 (full 4):
 PSYoungGen      total 455168K, used 444765K [0x00000000d5580000, 0x00000000fa600000, 0x0000000100000000)
  eden space 371200K, 100% used [0x00000000d5580000,0x00000000ec000000,0x00000000ec000000)
  from space 83968K, 87% used [0x00000000ec000000,0x00000000f07d7598,0x00000000f1200000)
  to   space 93696K, 0% used [0x00000000f4a80000,0x00000000f4a80000,0x00000000fa600000)
 ParOldGen       total 241664K, used 158455K [0x0000000080000000, 0x000000008ec00000, 0x00000000d5580000)
  object space 241664K, 65% used [0x0000000080000000,0x0000000089abde90,0x000000008ec00000)
 Metaspace       used 106061K, capacity 111762K, committed 111948K, reserved 1146880K
  class space    used 13033K, capacity 14204K, committed 14208K, reserved 1048576K
Event: 1278.196 GC heap after
Heap after GC invocations=28 (full 4):
 PSYoungGen      total 497152K, used 93693K [0x00000000d5580000, 0x00000000fbd80000, 0x0000000100000000)
  eden space 403456K, 0% used [0x00000000d5580000,0x00000000d5580000,0x00000000edf80000)
  from space 93696K, 99% used [0x00000000f4a80000,0x00000000fa5ff758,0x00000000fa600000)
  to   space 109568K, 0% used [0x00000000edf80000,0x00000000edf80000,0x00000000f4a80000)
 ParOldGen       total 241664K, used 160804K [0x0000000080000000, 0x000000008ec00000, 0x00000000d5580000)
  object space 241664K, 66% used [0x0000000080000000,0x0000000089d09288,0x000000008ec00000)
 Metaspace       used 106061K, capacity 111762K, committed 111948K, reserved 1146880K
  class space    used 13033K, capacity 14204K, committed 14208K, reserved 1048576K
}
Event: 2887.810 GC heap before
{Heap before GC invocations=29 (full 4):
 PSYoungGen      total 497152K, used 497149K [0x00000000d5580000, 0x00000000fbd80000, 0x0000000100000000)
  eden space 403456K, 100% used [0x00000000d5580000,0x00000000edf80000,0x00000000edf80000)
  from space 93696K, 99% used [0x00000000f4a80000,0x00000000fa5ff758,0x00000000fa600000)
  to   space 109568K, 0% used [0x00000000edf80000,0x00000000edf80000,0x00000000f4a80000)
 ParOldGen       total 241664K, used 160804K [0x0000000080000000, 0x000000008ec00000, 0x00000000d5580000)
  object space 241664K, 66% used [0x0000000080000000,0x0000000089d09288,0x000000008ec00000)
 Metaspace       used 108469K, capacity 114990K, committed 115148K, reserved 1150976K
  class space    used 13224K, capacity 14516K, committed 14592K, reserved 1048576K
Event: 2888.014 GC heap after
Heap after GC invocations=29 (full 4):
 PSYoungGen      total 513024K, used 85844K [0x00000000d5580000, 0x00000000fe180000, 0x0000000100000000)
  eden space 403456K, 0% used [0x00000000d5580000,0x00000000d5580000,0x00000000edf80000)
  from space 109568K, 78% used [0x00000000edf80000,0x00000000f3355380,0x00000000f4a80000)
  to   space 118784K, 0% used [0x00000000f6d80000,0x00000000f6d80000,0x00000000fe180000)
 ParOldGen       total 241664K, used 190248K [0x0000000080000000, 0x000000008ec00000, 0x00000000d5580000)
  object space 241664K, 78% used [0x0000000080000000,0x000000008b9ca328,0x000000008ec00000)
 Metaspace       used 108469K, capacity 114990K, committed 115148K, reserved 1150976K
  class space    used 13224K, capacity 14516K, committed 14592K, reserved 1048576K
}

