# JRE version: OpenJDK Runtime Environment (8.0_242-b01) (build 1.8.0_242-release-1644-b01)
# Java VM: OpenJDK 64-Bit Server VM (25.242-b01 mixed mode windows-amd64 compressed oops)
Heap:
 PSYoungGen      total 262144K, used 113331K [0x00000000d5580000, 0x00000000e8d80000, 0x0000000100000000)
  eden space 240128K, 38% used [0x00000000d5580000,0x00000000daeaf450,0x00000000e4000000)
  from space 22016K, 99% used [0x00000000e6180000,0x00000000e76fdb58,0x00000000e7700000)
  to   space 34304K, 0% used [0x00000000e4000000,0x00000000e4000000,0x00000000e6180000)
 ParOldGen       total 120832K, used 66326K [0x0000000080000000, 0x0000000087600000, 0x00000000d5580000)
  object space 120832K, 54% used [0x0000000080000000,0x00000000840c59d8,0x0000000087600000)
 Metaspace       used 71286K, capacity 74848K, committed 74968K, reserved 1114112K
  class space    used 9696K, capacity 10390K, committed 10496K, reserved 1048576K
GC Heap History (10 events):
Event: 25.541 GC heap before
{Heap before GC invocations=13 (full 2):
 PSYoungGen      total 174080K, used 173687K [0x00000000d5580000, 0x00000000e1e00000, 0x0000000100000000)
  eden space 164352K, 100% used [0x00000000d5580000,0x00000000df600000,0x00000000df600000)
  from space 9728K, 95% used [0x00000000e1480000,0x00000000e1d9dea0,0x00000000e1e00000)
  to   space 12800K, 0% used [0x00000000e0500000,0x00000000e0500000,0x00000000e1180000)
 ParOldGen       total 74240K, used 17765K [0x0000000080000000, 0x0000000084880000, 0x00000000d5580000)
  object space 74240K, 23% used [0x0000000080000000,0x0000000081159630,0x0000000084880000)
 Metaspace       used 51229K, capacity 53416K, committed 53720K, reserved 1095680K
  class space    used 6868K, capacity 7317K, committed 7424K, reserved 1048576K
Event: 25.606 GC heap after
Heap after GC invocations=13 (full 2):
 PSYoungGen      total 192512K, used 12772K [0x00000000d5580000, 0x00000000e4880000, 0x0000000100000000)
  eden space 179712K, 0% used [0x00000000d5580000,0x00000000d5580000,0x00000000e0500000)
  from space 12800K, 99% used [0x00000000e0500000,0x00000000e11792f0,0x00000000e1180000)
  to   space 18432K, 0% used [0x00000000e3680000,0x00000000e3680000,0x00000000e4880000)
 ParOldGen       total 74240K, used 28914K [0x0000000080000000, 0x0000000084880000, 0x00000000d5580000)
  object space 74240K, 38% used [0x0000000080000000,0x0000000081c3c9e8,0x0000000084880000)
 Metaspace       used 51229K, capacity 53416K, committed 53720K, reserved 1095680K
  class space    used 6868K, capacity 7317K, committed 7424K, reserved 1048576K
}
Event: 28.302 GC heap before
{Heap before GC invocations=14 (full 2):
 PSYoungGen      total 192512K, used 94000K [0x00000000d5580000, 0x00000000e4880000, 0x0000000100000000)
  eden space 179712K, 45% used [0x00000000d5580000,0x00000000da4d2f48,0x00000000e0500000)
  from space 12800K, 99% used [0x00000000e0500000,0x00000000e11792f0,0x00000000e1180000)
  to   space 18432K, 0% used [0x00000000e3680000,0x00000000e3680000,0x00000000e4880000)
 ParOldGen       total 74240K, used 28914K [0x0000000080000000, 0x0000000084880000, 0x00000000d5580000)
  object space 74240K, 38% used [0x0000000080000000,0x0000000081c3c9e8,0x0000000084880000)
 Metaspace       used 56432K, capacity 58856K, committed 58968K, reserved 1099776K
  class space    used 7692K, capacity 8230K, committed 8320K, reserved 1048576K
Event: 28.364 GC heap after
Heap after GC invocations=14 (full 2):
 PSYoungGen      total 230912K, used 9321K [0x00000000d5580000, 0x00000000e5980000, 0x0000000100000000)
  eden space 212480K, 0% used [0x00000000d5580000,0x00000000d5580000,0x00000000e2500000)
  from space 18432K, 50% used [0x00000000e3680000,0x00000000e3f9a4b0,0x00000000e4880000)
  to   space 17920K, 0% used [0x00000000e2500000,0x00000000e2500000,0x00000000e3680000)
 ParOldGen       total 74240K, used 41585K [0x0000000080000000, 0x0000000084880000, 0x00000000d5580000)
  object space 74240K, 56% used [0x0000000080000000,0x000000008289c7b8,0x0000000084880000)
 Metaspace       used 56432K, capacity 58856K, committed 58968K, reserved 1099776K
  class space    used 7692K, capacity 8230K, committed 8320K, reserved 1048576K
}
Event: 28.365 GC heap before
{Heap before GC invocations=15 (full 3):
 PSYoungGen      total 230912K, used 9321K [0x00000000d5580000, 0x00000000e5980000, 0x0000000100000000)
  eden space 212480K, 0% used [0x00000000d5580000,0x00000000d5580000,0x00000000e2500000)
  from space 18432K, 50% used [0x00000000e3680000,0x00000000e3f9a4b0,0x00000000e4880000)
  to   space 17920K, 0% used [0x00000000e2500000,0x00000000e2500000,0x00000000e3680000)
 ParOldGen       total 74240K, used 41585K [0x0000000080000000, 0x0000000084880000, 0x00000000d5580000)
  object space 74240K, 56% used [0x0000000080000000,0x000000008289c7b8,0x0000000084880000)
 Metaspace       used 56432K, capacity 58856K, committed 58968K, reserved 1099776K
  class space    used 7692K, capacity 8230K, committed 8320K, reserved 1048576K
Event: 29.278 GC heap after
Heap after GC invocations=15 (full 3):
 PSYoungGen      total 230912K, used 0K [0x00000000d5580000, 0x00000000e5980000, 0x0000000100000000)
  eden space 212480K, 0% used [0x00000000d5580000,0x00000000d5580000,0x00000000e2500000)
  from space 18432K, 0% used [0x00000000e3680000,0x00000000e3680000,0x00000000e4880000)
  to   space 17920K, 0% used [0x00000000e2500000,0x00000000e2500000,0x00000000e3680000)
 ParOldGen       total 120832K, used 37355K [0x0000000080000000, 0x0000000087600000, 0x00000000d5580000)
  object space 120832K, 30% used [0x0000000080000000,0x000000008247af28,0x0000000087600000)
 Metaspace       used 56395K, capacity 58730K, committed 58968K, reserved 1099776K
  class space    used 7680K, capacity 8209K, committed 8320K, reserved 1048576K
}
Event: 36.660 GC heap before
{Heap before GC invocations=16 (full 3):
 PSYoungGen      total 230912K, used 212480K [0x00000000d5580000, 0x00000000e5980000, 0x0000000100000000)
  eden space 212480K, 100% used [0x00000000d5580000,0x00000000e2500000,0x00000000e2500000)
  from space 18432K, 0% used [0x00000000e3680000,0x00000000e3680000,0x00000000e4880000)
  to   space 17920K, 0% used [0x00000000e2500000,0x00000000e2500000,0x00000000e3680000)
 ParOldGen       total 120832K, used 37355K [0x0000000080000000, 0x0000000087600000, 0x00000000d5580000)
  object space 120832K, 30% used [0x0000000080000000,0x000000008247af28,0x0000000087600000)
 Metaspace       used 66323K, capacity 69668K, committed 69848K, reserved 1110016K
  class space    used 9225K, capacity 9874K, committed 9984K, reserved 1048576K
Event: 36.721 GC heap after
Heap after GC invocations=16 (full 3):
 PSYoungGen      total 230400K, used 17906K [0x00000000d5580000, 0x00000000e7700000, 0x0000000100000000)
  eden space 212480K, 0% used [0x00000000d5580000,0x00000000d5580000,0x00000000e2500000)
  from space 17920K, 99% used [0x00000000e2500000,0x00000000e367c890,0x00000000e3680000)
  to   space 22016K, 0% used [0x00000000e6180000,0x00000000e6180000,0x00000000e7700000)
 ParOldGen       total 120832K, used 41345K [0x0000000080000000, 0x0000000087600000, 0x00000000d5580000)
  object space 120832K, 34% used [0x0000000080000000,0x0000000082860738,0x0000000087600000)
 Metaspace       used 66323K, capacity 69668K, committed 69848K, reserved 1110016K
  class space    used 9225K, capacity 9874K, committed 9984K, reserved 1048576K
}
Event: 42.283 GC heap before
{Heap before GC invocations=17 (full 3):
 PSYoungGen      total 230400K, used 230386K [0x00000000d5580000, 0x00000000e7700000, 0x0000000100000000)
  eden space 212480K, 100% used [0x00000000d5580000,0x00000000e2500000,0x00000000e2500000)
  from space 17920K, 99% used [0x00000000e2500000,0x00000000e367c890,0x00000000e3680000)
  to   space 22016K, 0% used [0x00000000e6180000,0x00000000e6180000,0x00000000e7700000)
 ParOldGen       total 120832K, used 41345K [0x0000000080000000, 0x0000000087600000, 0x00000000d5580000)
  object space 120832K, 34% used [0x0000000080000000,0x0000000082860738,0x0000000087600000)
 Metaspace       used 70693K, capacity 74154K, committed 74328K, reserved 1114112K
  class space    used 9645K, capacity 10333K, committed 10368K, reserved 1048576K
Event: 42.374 GC heap after
Heap after GC invocations=17 (full 3):
 PSYoungGen      total 262144K, used 22006K [0x00000000d5580000, 0x00000000e8d80000, 0x0000000100000000)
  eden space 240128K, 0% used [0x00000000d5580000,0x00000000d5580000,0x00000000e4000000)
  from space 22016K, 99% used [0x00000000e6180000,0x00000000e76fdb58,0x00000000e7700000)
  to   space 34304K, 0% used [0x00000000e4000000,0x00000000e4000000,0x00000000e6180000)
 ParOldGen       total 120832K, used 66326K [0x0000000080000000, 0x0000000087600000, 0x00000000d5580000)
  object space 120832K, 54% used [0x0000000080000000,0x00000000840c59d8,0x0000000087600000)
 Metaspace       used 70693K, capacity 74154K, committed 74328K, reserved 1114112K
  class space    used 9645K, capacity 10333K, committed 10368K, reserved 1048576K
}

