# JRE version: OpenJDK Runtime Environment (8.0_242-b01) (build 1.8.0_242-release-1644-b01)
# Java VM: OpenJDK 64-Bit Server VM (25.242-b01 mixed mode windows-amd64 compressed oops)
Heap:
 PSYoungGen      total 194560K, used 45139K [0x00000000d5580000, 0x00000000e4600000, 0x0000000100000000)
  eden space 181248K, 17% used [0x00000000d5580000,0x00000000d7499998,0x00000000e0680000)
  from space 13312K, 99% used [0x00000000e0680000,0x00000000e137b310,0x00000000e1380000)
  to   space 18432K, 0% used [0x00000000e3400000,0x00000000e3400000,0x00000000e4600000)
 ParOldGen       total 73728K, used 27711K [0x0000000080000000, 0x0000000084800000, 0x00000000d5580000)
  object space 73728K, 37% used [0x0000000080000000,0x0000000081b0fed0,0x0000000084800000)
 Metaspace       used 54021K, capacity 56314K, committed 56408K, reserved 1097728K
  class space    used 7327K, capacity 7796K, committed 7808K, reserved 1048576K
GC Heap History (10 events):
Event: 20.221 GC heap before
{Heap before GC invocations=9 (full 1):
 PSYoungGen      total 75264K, used 64512K [0x00000000d5580000, 0x00000000de880000, 0x0000000100000000)
  eden space 64512K, 100% used [0x00000000d5580000,0x00000000d9480000,0x00000000d9480000)
  from space 10752K, 0% used [0x00000000d9480000,0x00000000d9480000,0x00000000d9f00000)
  to   space 10752K, 0% used [0x00000000dde00000,0x00000000dde00000,0x00000000de880000)
 ParOldGen       total 47104K, used 7028K [0x0000000080000000, 0x0000000082e00000, 0x00000000d5580000)
  object space 47104K, 14% used [0x0000000080000000,0x00000000806dd338,0x0000000082e00000)
 Metaspace       used 28302K, capacity 29164K, committed 29568K, reserved 1075200K
  class space    used 3901K, capacity 4140K, committed 4224K, reserved 1048576K
Event: 20.245 GC heap after
Heap after GC invocations=9 (full 1):
 PSYoungGen      total 130048K, used 8044K [0x00000000d5580000, 0x00000000de600000, 0x0000000100000000)
  eden space 121856K, 0% used [0x00000000d5580000,0x00000000d5580000,0x00000000dcc80000)
  from space 8192K, 98% used [0x00000000dde00000,0x00000000de5db2e8,0x00000000de600000)
  to   space 11264K, 0% used [0x00000000dd000000,0x00000000dd000000,0x00000000ddb00000)
 ParOldGen       total 47104K, used 7036K [0x0000000080000000, 0x0000000082e00000, 0x00000000d5580000)
  object space 47104K, 14% used [0x0000000080000000,0x00000000806df338,0x0000000082e00000)
 Metaspace       used 28302K, capacity 29164K, committed 29568K, reserved 1075200K
  class space    used 3901K, capacity 4140K, committed 4224K, reserved 1048576K
}
Event: 23.782 GC heap before
{Heap before GC invocations=10 (full 1):
 PSYoungGen      total 130048K, used 104923K [0x00000000d5580000, 0x00000000de600000, 0x0000000100000000)
  eden space 121856K, 79% used [0x00000000d5580000,0x00000000db41bd08,0x00000000dcc80000)
  from space 8192K, 98% used [0x00000000dde00000,0x00000000de5db2e8,0x00000000de600000)
  to   space 11264K, 0% used [0x00000000dd000000,0x00000000dd000000,0x00000000ddb00000)
 ParOldGen       total 47104K, used 7036K [0x0000000080000000, 0x0000000082e00000, 0x00000000d5580000)
  object space 47104K, 14% used [0x0000000080000000,0x00000000806df338,0x0000000082e00000)
 Metaspace       used 34237K, capacity 35392K, committed 35416K, reserved 1079296K
  class space    used 4715K, capacity 4973K, committed 4992K, reserved 1048576K
Event: 23.815 GC heap after
Heap after GC invocations=10 (full 1):
 PSYoungGen      total 136704K, used 11257K [0x00000000d5580000, 0x00000000e2380000, 0x0000000100000000)
  eden space 125440K, 0% used [0x00000000d5580000,0x00000000d5580000,0x00000000dd000000)
  from space 11264K, 99% used [0x00000000dd000000,0x00000000ddafe410,0x00000000ddb00000)
  to   space 12800K, 0% used [0x00000000e1700000,0x00000000e1700000,0x00000000e2380000)
 ParOldGen       total 47104K, used 7085K [0x0000000080000000, 0x0000000082e00000, 0x00000000d5580000)
  object space 47104K, 15% used [0x0000000080000000,0x00000000806eb4f8,0x0000000082e00000)
 Metaspace       used 34237K, capacity 35392K, committed 35416K, reserved 1079296K
  class space    used 4715K, capacity 4973K, committed 4992K, reserved 1048576K
}
Event: 23.815 GC heap before
{Heap before GC invocations=11 (full 2):
 PSYoungGen      total 136704K, used 11257K [0x00000000d5580000, 0x00000000e2380000, 0x0000000100000000)
  eden space 125440K, 0% used [0x00000000d5580000,0x00000000d5580000,0x00000000dd000000)
  from space 11264K, 99% used [0x00000000dd000000,0x00000000ddafe410,0x00000000ddb00000)
  to   space 12800K, 0% used [0x00000000e1700000,0x00000000e1700000,0x00000000e2380000)
 ParOldGen       total 47104K, used 7085K [0x0000000080000000, 0x0000000082e00000, 0x00000000d5580000)
  object space 47104K, 15% used [0x0000000080000000,0x00000000806eb4f8,0x0000000082e00000)
 Metaspace       used 34237K, capacity 35392K, committed 35416K, reserved 1079296K
  class space    used 4715K, capacity 4973K, committed 4992K, reserved 1048576K
Event: 24.108 GC heap after
Heap after GC invocations=11 (full 2):
 PSYoungGen      total 136704K, used 0K [0x00000000d5580000, 0x00000000e2380000, 0x0000000100000000)
  eden space 125440K, 0% used [0x00000000d5580000,0x00000000d5580000,0x00000000dd000000)
  from space 11264K, 0% used [0x00000000dd000000,0x00000000dd000000,0x00000000ddb00000)
  to   space 12800K, 0% used [0x00000000e1700000,0x00000000e1700000,0x00000000e2380000)
 ParOldGen       total 73728K, used 17688K [0x0000000080000000, 0x0000000084800000, 0x00000000d5580000)
  object space 73728K, 23% used [0x0000000080000000,0x00000000811463d0,0x0000000084800000)
 Metaspace       used 34237K, capacity 35392K, committed 35416K, reserved 1079296K
  class space    used 4715K, capacity 4973K, committed 4992K, reserved 1048576K
}
Event: 27.508 GC heap before
{Heap before GC invocations=12 (full 2):
 PSYoungGen      total 136704K, used 125440K [0x00000000d5580000, 0x00000000e2380000, 0x0000000100000000)
  eden space 125440K, 100% used [0x00000000d5580000,0x00000000dd000000,0x00000000dd000000)
  from space 11264K, 0% used [0x00000000dd000000,0x00000000dd000000,0x00000000ddb00000)
  to   space 12800K, 0% used [0x00000000e1700000,0x00000000e1700000,0x00000000e2380000)
 ParOldGen       total 73728K, used 17688K [0x0000000080000000, 0x0000000084800000, 0x00000000d5580000)
  object space 73728K, 23% used [0x0000000080000000,0x00000000811463d0,0x0000000084800000)
 Metaspace       used 38650K, capacity 40370K, committed 40536K, reserved 1083392K
  class space    used 5335K, capacity 5687K, committed 5760K, reserved 1048576K
Event: 27.537 GC heap after
Heap after GC invocations=12 (full 2):
 PSYoungGen      total 173056K, used 9434K [0x00000000d5580000, 0x00000000e2080000, 0x0000000100000000)
  eden space 163328K, 0% used [0x00000000d5580000,0x00000000d5580000,0x00000000df500000)
  from space 9728K, 96% used [0x00000000e1700000,0x00000000e2036ab0,0x00000000e2080000)
  to   space 13312K, 0% used [0x00000000e0680000,0x00000000e0680000,0x00000000e1380000)
 ParOldGen       total 73728K, used 17696K [0x0000000080000000, 0x0000000084800000, 0x00000000d5580000)
  object space 73728K, 24% used [0x0000000080000000,0x00000000811483d0,0x0000000084800000)
 Metaspace       used 38650K, capacity 40370K, committed 40536K, reserved 1083392K
  class space    used 5335K, capacity 5687K, committed 5760K, reserved 1048576K
}
Event: 33.108 GC heap before
{Heap before GC invocations=13 (full 2):
 PSYoungGen      total 173056K, used 172762K [0x00000000d5580000, 0x00000000e2080000, 0x0000000100000000)
  eden space 163328K, 100% used [0x00000000d5580000,0x00000000df500000,0x00000000df500000)
  from space 9728K, 96% used [0x00000000e1700000,0x00000000e2036ab0,0x00000000e2080000)
  to   space 13312K, 0% used [0x00000000e0680000,0x00000000e0680000,0x00000000e1380000)
 ParOldGen       total 73728K, used 17696K [0x0000000080000000, 0x0000000084800000, 0x00000000d5580000)
  object space 73728K, 24% used [0x0000000080000000,0x00000000811483d0,0x0000000084800000)
 Metaspace       used 51240K, capacity 53438K, committed 53720K, reserved 1095680K
  class space    used 6877K, capacity 7348K, committed 7424K, reserved 1048576K
Event: 33.181 GC heap after
Heap after GC invocations=13 (full 2):
 PSYoungGen      total 194560K, used 13292K [0x00000000d5580000, 0x00000000e4600000, 0x0000000100000000)
  eden space 181248K, 0% used [0x00000000d5580000,0x00000000d5580000,0x00000000e0680000)
  from space 13312K, 99% used [0x00000000e0680000,0x00000000e137b310,0x00000000e1380000)
  to   space 18432K, 0% used [0x00000000e3400000,0x00000000e3400000,0x00000000e4600000)
 ParOldGen       total 73728K, used 27711K [0x0000000080000000, 0x0000000084800000, 0x00000000d5580000)
  object space 73728K, 37% used [0x0000000080000000,0x0000000081b0fed0,0x0000000084800000)
 Metaspace       used 51240K, capacity 53438K, committed 53720K, reserved 1095680K
  class space    used 6877K, capacity 7348K, committed 7424K, reserved 1048576K
}

