# JRE version: OpenJDK Runtime Environment (8.0_242-b01) (build 1.8.0_242-release-1644-b01)
# Java VM: OpenJDK 64-Bit Server VM (25.242-b01 mixed mode windows-amd64 compressed oops)
Heap:
 PSYoungGen      total 1128448K, used 243675K [0x000000076ab00000, 0x00000007b4300000, 0x00000007c0000000)
  eden space 1051648K, 17% used [0x000000076ab00000,0x0000000775daf450,0x00000007aae00000)
  from space 76800K, 79% used [0x00000007af680000,0x00000007b31c7910,0x00000007b4180000)
  to   space 74240K, 0% used [0x00000007aae00000,0x00000007aae00000,0x00000007af680000)
 ParOldGen       total 417280K, used 334789K [0x00000006c0000000, 0x00000006d9780000, 0x000000076ab00000)
  object space 417280K, 80% used [0x00000006c0000000,0x00000006d46f1538,0x00000006d9780000)
 Metaspace       used 99041K, capacity 103994K, committed 106968K, reserved 1142784K
  class space    used 12933K, capacity 13864K, committed 14336K, reserved 1048576K
GC Heap History (10 events):
Event: 182.453 GC heap before
{Heap before GC invocations=43 (full 6):
 PSYoungGen      total 1128448K, used 1128439K [0x000000076ab00000, 0x00000007b4300000, 0x00000007c0000000)
  eden space 1051648K, 100% used [0x000000076ab00000,0x00000007aae00000,0x00000007aae00000)
  from space 76800K, 99% used [0x00000007af680000,0x00000007b417dfd0,0x00000007b4180000)
  to   space 74240K, 0% used [0x00000007aae00000,0x00000007aae00000,0x00000007af680000)
 ParOldGen       total 417280K, used 314668K [0x00000006c0000000, 0x00000006d9780000, 0x000000076ab00000)
  object space 417280K, 75% used [0x00000006c0000000,0x00000006d334b0b0,0x00000006d9780000)
 Metaspace       used 98927K, capacity 103908K, committed 106968K, reserved 1142784K
  class space    used 12917K, capacity 13861K, committed 14336K, reserved 1048576K
Event: 182.836 GC heap after
Heap after GC invocations=43 (full 6):
 PSYoungGen      total 1125888K, used 74212K [0x000000076ab00000, 0x00000007b4300000, 0x00000007c0000000)
  eden space 1051648K, 0% used [0x000000076ab00000,0x000000076ab00000,0x00000007aae00000)
  from space 74240K, 99% used [0x00000007aae00000,0x00000007af679118,0x00000007af680000)
  to   space 76800K, 0% used [0x00000007af680000,0x00000007af680000,0x00000007b4180000)
 ParOldGen       total 417280K, used 361937K [0x00000006c0000000, 0x00000006d9780000, 0x000000076ab00000)
  object space 417280K, 86% used [0x00000006c0000000,0x00000006d6174620,0x00000006d9780000)
 Metaspace       used 98927K, capacity 103908K, committed 106968K, reserved 1142784K
  class space    used 12917K, capacity 13861K, committed 14336K, reserved 1048576K
}
Event: 182.836 GC heap before
{Heap before GC invocations=44 (full 7):
 PSYoungGen      total 1125888K, used 74212K [0x000000076ab00000, 0x00000007b4300000, 0x00000007c0000000)
  eden space 1051648K, 0% used [0x000000076ab00000,0x000000076ab00000,0x00000007aae00000)
  from space 74240K, 99% used [0x00000007aae00000,0x00000007af679118,0x00000007af680000)
  to   space 76800K, 0% used [0x00000007af680000,0x00000007af680000,0x00000007b4180000)
 ParOldGen       total 417280K, used 361937K [0x00000006c0000000, 0x00000006d9780000, 0x000000076ab00000)
  object space 417280K, 86% used [0x00000006c0000000,0x00000006d6174620,0x00000006d9780000)
 Metaspace       used 98927K, capacity 103908K, committed 106968K, reserved 1142784K
  class space    used 12917K, capacity 13861K, committed 14336K, reserved 1048576K
Event: 184.704 GC heap after
Heap after GC invocations=44 (full 7):
 PSYoungGen      total 1125888K, used 0K [0x000000076ab00000, 0x00000007b4300000, 0x00000007c0000000)
  eden space 1051648K, 0% used [0x000000076ab00000,0x000000076ab00000,0x00000007aae00000)
  from space 74240K, 0% used [0x00000007aae00000,0x00000007aae00000,0x00000007af680000)
  to   space 76800K, 0% used [0x00000007af680000,0x00000007af680000,0x00000007b4180000)
 ParOldGen       total 417280K, used 274666K [0x00000006c0000000, 0x00000006d9780000, 0x000000076ab00000)
  object space 417280K, 65% used [0x00000006c0000000,0x00000006d0c3aaa0,0x00000006d9780000)
 Metaspace       used 98927K, capacity 103908K, committed 106968K, reserved 1142784K
  class space    used 12917K, capacity 13861K, committed 14336K, reserved 1048576K
}
Event: 187.921 GC heap before
{Heap before GC invocations=45 (full 7):
 PSYoungGen      total 1125888K, used 1051648K [0x000000076ab00000, 0x00000007b4300000, 0x00000007c0000000)
  eden space 1051648K, 100% used [0x000000076ab00000,0x00000007aae00000,0x00000007aae00000)
  from space 74240K, 0% used [0x00000007aae00000,0x00000007aae00000,0x00000007af680000)
  to   space 76800K, 0% used [0x00000007af680000,0x00000007af680000,0x00000007b4180000)
 ParOldGen       total 417280K, used 274666K [0x00000006c0000000, 0x00000006d9780000, 0x000000076ab00000)
  object space 417280K, 65% used [0x00000006c0000000,0x00000006d0c3aaa0,0x00000006d9780000)
 Metaspace       used 98936K, capacity 103916K, committed 106968K, reserved 1142784K
  class space    used 12918K, capacity 13863K, committed 14336K, reserved 1048576K
Event: 188.039 GC heap after
Heap after GC invocations=45 (full 7):
 PSYoungGen      total 1128448K, used 54535K [0x000000076ab00000, 0x00000007b4300000, 0x00000007c0000000)
  eden space 1051648K, 0% used [0x000000076ab00000,0x000000076ab00000,0x00000007aae00000)
  from space 76800K, 71% used [0x00000007af680000,0x00000007b2bc1ef8,0x00000007b4180000)
  to   space 74240K, 0% used [0x00000007aae00000,0x00000007aae00000,0x00000007af680000)
 ParOldGen       total 417280K, used 274674K [0x00000006c0000000, 0x00000006d9780000, 0x000000076ab00000)
  object space 417280K, 65% used [0x00000006c0000000,0x00000006d0c3caa0,0x00000006d9780000)
 Metaspace       used 98936K, capacity 103916K, committed 106968K, reserved 1142784K
  class space    used 12918K, capacity 13863K, committed 14336K, reserved 1048576K
}
Event: 190.443 GC heap before
{Heap before GC invocations=46 (full 7):
 PSYoungGen      total 1128448K, used 1106183K [0x000000076ab00000, 0x00000007b4300000, 0x00000007c0000000)
  eden space 1051648K, 100% used [0x000000076ab00000,0x00000007aae00000,0x00000007aae00000)
  from space 76800K, 71% used [0x00000007af680000,0x00000007b2bc1ef8,0x00000007b4180000)
  to   space 74240K, 0% used [0x00000007aae00000,0x00000007aae00000,0x00000007af680000)
 ParOldGen       total 417280K, used 274674K [0x00000006c0000000, 0x00000006d9780000, 0x000000076ab00000)
  object space 417280K, 65% used [0x00000006c0000000,0x00000006d0c3caa0,0x00000006d9780000)
 Metaspace       used 99016K, capacity 103990K, committed 106968K, reserved 1142784K
  class space    used 12933K, capacity 13864K, committed 14336K, reserved 1048576K
Event: 190.585 GC heap after
Heap after GC invocations=46 (full 7):
 PSYoungGen      total 1125888K, used 25189K [0x000000076ab00000, 0x00000007b4300000, 0x00000007c0000000)
  eden space 1051648K, 0% used [0x000000076ab00000,0x000000076ab00000,0x00000007aae00000)
  from space 74240K, 33% used [0x00000007aae00000,0x00000007ac6997d0,0x00000007af680000)
  to   space 76800K, 0% used [0x00000007af680000,0x00000007af680000,0x00000007b4180000)
 ParOldGen       total 417280K, used 319674K [0x00000006c0000000, 0x00000006d9780000, 0x000000076ab00000)
  object space 417280K, 76% used [0x00000006c0000000,0x00000006d382ea78,0x00000006d9780000)
 Metaspace       used 99016K, capacity 103990K, committed 106968K, reserved 1142784K
  class space    used 12933K, capacity 13864K, committed 14336K, reserved 1048576K
}
Event: 195.302 GC heap before
{Heap before GC invocations=47 (full 7):
 PSYoungGen      total 1125888K, used 1076837K [0x000000076ab00000, 0x00000007b4300000, 0x00000007c0000000)
  eden space 1051648K, 100% used [0x000000076ab00000,0x00000007aae00000,0x00000007aae00000)
  from space 74240K, 33% used [0x00000007aae00000,0x00000007ac6997d0,0x00000007af680000)
  to   space 76800K, 0% used [0x00000007af680000,0x00000007af680000,0x00000007b4180000)
 ParOldGen       total 417280K, used 319988K [0x00000006c0000000, 0x00000006d9780000, 0x000000076ab00000)
  object space 417280K, 76% used [0x00000006c0000000,0x00000006d387d388,0x00000006d9780000)
 Metaspace       used 99036K, capacity 103994K, committed 106968K, reserved 1142784K
  class space    used 12933K, capacity 13864K, committed 14336K, reserved 1048576K
Event: 195.813 GC heap after
Heap after GC invocations=47 (full 7):
 PSYoungGen      total 1128448K, used 60702K [0x000000076ab00000, 0x00000007b4300000, 0x00000007c0000000)
  eden space 1051648K, 0% used [0x000000076ab00000,0x000000076ab00000,0x00000007aae00000)
  from space 76800K, 79% used [0x00000007af680000,0x00000007b31c7910,0x00000007b4180000)
  to   space 74240K, 0% used [0x00000007aae00000,0x00000007aae00000,0x00000007af680000)
 ParOldGen       total 417280K, used 334789K [0x00000006c0000000, 0x00000006d9780000, 0x000000076ab00000)
  object space 417280K, 80% used [0x00000006c0000000,0x00000006d46f1538,0x00000006d9780000)
 Metaspace       used 99036K, capacity 103994K, committed 106968K, reserved 1142784K
  class space    used 12933K, capacity 13864K, committed 14336K, reserved 1048576K
}

