# JRE version: OpenJDK Runtime Environment (8.0_242-b01) (build 1.8.0_242-release-1644-b01)
# Java VM: OpenJDK 64-Bit Server VM (25.242-b01 mixed mode windows-amd64 compressed oops)
Heap:
 PSYoungGen      total 364032K, used 204279K [0x000000076ab00000, 0x0000000785000000, 0x00000007c0000000)
  eden space 316416K, 49% used [0x000000076ab00000,0x0000000774400a10,0x000000077e000000)
  from space 47616K, 99% used [0x000000077e000000,0x0000000780e7d510,0x0000000780e80000)
  to   space 44032K, 0% used [0x0000000780e80000,0x0000000780e80000,0x0000000783980000)
 ParOldGen       total 244736K, used 135043K [0x00000006c0000000, 0x00000006cef00000, 0x000000076ab00000)
  object space 244736K, 55% used [0x00000006c0000000,0x00000006c83e0de0,0x00000006cef00000)
 Metaspace       used 102751K, capacity 108416K, committed 108504K, reserved 1142784K
  class space    used 13439K, capacity 14573K, committed 14592K, reserved 1048576K
GC Heap History (10 events):
Event: 105.740 GC heap before
{Heap before GC invocations=19 (full 3):
 PSYoungGen      total 279040K, used 279020K [0x000000076ab00000, 0x0000000780680000, 0x00000007c0000000)
  eden space 256512K, 100% used [0x000000076ab00000,0x000000077a580000,0x000000077a580000)
  from space 22528K, 99% used [0x000000077a580000,0x000000077bb7b1e8,0x000000077bb80000)
  to   space 26112K, 0% used [0x000000077ed00000,0x000000077ed00000,0x0000000780680000)
 ParOldGen       total 116224K, used 51894K [0x00000006c0000000, 0x00000006c7180000, 0x000000076ab00000)
  object space 116224K, 44% used [0x00000006c0000000,0x00000006c32ad938,0x00000006c7180000)
 Metaspace       used 84095K, capacity 87968K, committed 88152K, reserved 1126400K
  class space    used 11126K, capacity 11857K, committed 11904K, reserved 1048576K
Event: 105.919 GC heap after
Heap after GC invocations=19 (full 3):
 PSYoungGen      total 317440K, used 26087K [0x000000076ab00000, 0x0000000781a00000, 0x00000007c0000000)
  eden space 291328K, 0% used [0x000000076ab00000,0x000000076ab00000,0x000000077c780000)
  from space 26112K, 99% used [0x000000077ed00000,0x0000000780679d48,0x0000000780680000)
  to   space 38400K, 0% used [0x000000077c780000,0x000000077c780000,0x000000077ed00000)
 ParOldGen       total 116224K, used 74003K [0x00000006c0000000, 0x00000006c7180000, 0x000000076ab00000)
  object space 116224K, 63% used [0x00000006c0000000,0x00000006c4844d80,0x00000006c7180000)
 Metaspace       used 84095K, capacity 87968K, committed 88152K, reserved 1126400K
  class space    used 11126K, capacity 11857K, committed 11904K, reserved 1048576K
}
Event: 128.550 GC heap before
{Heap before GC invocations=20 (full 3):
 PSYoungGen      total 317440K, used 317415K [0x000000076ab00000, 0x0000000781a00000, 0x00000007c0000000)
  eden space 291328K, 100% used [0x000000076ab00000,0x000000077c780000,0x000000077c780000)
  from space 26112K, 99% used [0x000000077ed00000,0x0000000780679d48,0x0000000780680000)
  to   space 38400K, 0% used [0x000000077c780000,0x000000077c780000,0x000000077ed00000)
 ParOldGen       total 116224K, used 74003K [0x00000006c0000000, 0x00000006c7180000, 0x000000076ab00000)
  object space 116224K, 63% used [0x00000006c0000000,0x00000006c4844d80,0x00000006c7180000)
 Metaspace       used 91990K, capacity 95950K, committed 96344K, reserved 1132544K
  class space    used 11791K, capacity 12546K, committed 12672K, reserved 1048576K
Event: 128.692 GC heap after
Heap after GC invocations=20 (full 3):
 PSYoungGen      total 329728K, used 37148K [0x000000076ab00000, 0x0000000783980000, 0x00000007c0000000)
  eden space 291328K, 0% used [0x000000076ab00000,0x000000076ab00000,0x000000077c780000)
  from space 38400K, 96% used [0x000000077c780000,0x000000077ebc7218,0x000000077ed00000)
  to   space 44032K, 0% used [0x0000000780e80000,0x0000000780e80000,0x0000000783980000)
 ParOldGen       total 116224K, used 98339K [0x00000006c0000000, 0x00000006c7180000, 0x000000076ab00000)
  object space 116224K, 84% used [0x00000006c0000000,0x00000006c6008e50,0x00000006c7180000)
 Metaspace       used 91990K, capacity 95950K, committed 96344K, reserved 1132544K
  class space    used 11791K, capacity 12546K, committed 12672K, reserved 1048576K
}
Event: 128.692 GC heap before
{Heap before GC invocations=21 (full 4):
 PSYoungGen      total 329728K, used 37148K [0x000000076ab00000, 0x0000000783980000, 0x00000007c0000000)
  eden space 291328K, 0% used [0x000000076ab00000,0x000000076ab00000,0x000000077c780000)
  from space 38400K, 96% used [0x000000077c780000,0x000000077ebc7218,0x000000077ed00000)
  to   space 44032K, 0% used [0x0000000780e80000,0x0000000780e80000,0x0000000783980000)
 ParOldGen       total 116224K, used 98339K [0x00000006c0000000, 0x00000006c7180000, 0x000000076ab00000)
  object space 116224K, 84% used [0x00000006c0000000,0x00000006c6008e50,0x00000006c7180000)
 Metaspace       used 91990K, capacity 95950K, committed 96344K, reserved 1132544K
  class space    used 11791K, capacity 12546K, committed 12672K, reserved 1048576K
Event: 131.371 GC heap after
Heap after GC invocations=21 (full 4):
 PSYoungGen      total 329728K, used 8465K [0x000000076ab00000, 0x0000000783980000, 0x00000007c0000000)
  eden space 291328K, 0% used [0x000000076ab00000,0x000000076ab00000,0x000000077c780000)
  from space 38400K, 22% used [0x000000077c780000,0x000000077cfc4550,0x000000077ed00000)
  to   space 44032K, 0% used [0x0000000780e80000,0x0000000780e80000,0x0000000783980000)
 ParOldGen       total 244736K, used 115753K [0x00000006c0000000, 0x00000006cef00000, 0x000000076ab00000)
  object space 244736K, 47% used [0x00000006c0000000,0x00000006c710a488,0x00000006cef00000)
 Metaspace       used 91899K, capacity 95688K, committed 96344K, reserved 1132544K
  class space    used 11762K, capacity 12495K, committed 12672K, reserved 1048576K
}
Event: 132.394 GC heap before
{Heap before GC invocations=22 (full 4):
 PSYoungGen      total 329728K, used 299793K [0x000000076ab00000, 0x0000000783980000, 0x00000007c0000000)
  eden space 291328K, 100% used [0x000000076ab00000,0x000000077c780000,0x000000077c780000)
  from space 38400K, 22% used [0x000000077c780000,0x000000077cfc4550,0x000000077ed00000)
  to   space 44032K, 0% used [0x0000000780e80000,0x0000000780e80000,0x0000000783980000)
 ParOldGen       total 244736K, used 116164K [0x00000006c0000000, 0x00000006cef00000, 0x000000076ab00000)
  object space 244736K, 47% used [0x00000006c0000000,0x00000006c7171010,0x00000006cef00000)
 Metaspace       used 91901K, capacity 95688K, committed 96344K, reserved 1132544K
  class space    used 11763K, capacity 12495K, committed 12672K, reserved 1048576K
Event: 132.583 GC heap after
Heap after GC invocations=22 (full 4):
 PSYoungGen      total 360448K, used 33780K [0x000000076ab00000, 0x0000000785000000, 0x00000007c0000000)
  eden space 316416K, 0% used [0x000000076ab00000,0x000000076ab00000,0x000000077e000000)
  from space 44032K, 76% used [0x0000000780e80000,0x0000000782f7d060,0x0000000783980000)
  to   space 47616K, 0% used [0x000000077e000000,0x000000077e000000,0x0000000780e80000)
 ParOldGen       total 244736K, used 116172K [0x00000006c0000000, 0x00000006cef00000, 0x000000076ab00000)
  object space 244736K, 47% used [0x00000006c0000000,0x00000006c7173010,0x00000006cef00000)
 Metaspace       used 91901K, capacity 95688K, committed 96344K, reserved 1132544K
  class space    used 11763K, capacity 12495K, committed 12672K, reserved 1048576K
}
Event: 139.214 GC heap before
{Heap before GC invocations=23 (full 4):
 PSYoungGen      total 360448K, used 350196K [0x000000076ab00000, 0x0000000785000000, 0x00000007c0000000)
  eden space 316416K, 100% used [0x000000076ab00000,0x000000077e000000,0x000000077e000000)
  from space 44032K, 76% used [0x0000000780e80000,0x0000000782f7d060,0x0000000783980000)
  to   space 47616K, 0% used [0x000000077e000000,0x000000077e000000,0x0000000780e80000)
 ParOldGen       total 244736K, used 116174K [0x00000006c0000000, 0x00000006cef00000, 0x000000076ab00000)
  object space 244736K, 47% used [0x00000006c0000000,0x00000006c71739b0,0x00000006cef00000)
 Metaspace       used 100281K, capacity 105510K, committed 105688K, reserved 1140736K
  class space    used 13178K, capacity 14262K, committed 14336K, reserved 1048576K
Event: 139.396 GC heap after
Heap after GC invocations=23 (full 4):
 PSYoungGen      total 364032K, used 47605K [0x000000076ab00000, 0x0000000785000000, 0x00000007c0000000)
  eden space 316416K, 0% used [0x000000076ab00000,0x000000076ab00000,0x000000077e000000)
  from space 47616K, 99% used [0x000000077e000000,0x0000000780e7d510,0x0000000780e80000)
  to   space 44032K, 0% used [0x0000000780e80000,0x0000000780e80000,0x0000000783980000)
 ParOldGen       total 244736K, used 135043K [0x00000006c0000000, 0x00000006cef00000, 0x000000076ab00000)
  object space 244736K, 55% used [0x00000006c0000000,0x00000006c83e0de0,0x00000006cef00000)
 Metaspace       used 100281K, capacity 105510K, committed 105688K, reserved 1140736K
  class space    used 13178K, capacity 14262K, committed 14336K, reserved 1048576K
}

