# JRE version: OpenJDK Runtime Environment (8.0_242-b01) (build 1.8.0_242-release-1644-b01)
# Java VM: OpenJDK 64-Bit Server VM (25.242-b01 mixed mode windows-amd64 compressed oops)
Heap:
 PSYoungGen      total 640512K, used 233872K [0x00000000d5580000, 0x0000000100000000, 0x0000000100000000)
  eden space 585216K, 33% used [0x00000000d5580000,0x00000000e17b33a8,0x00000000f9100000)
  from space 55296K, 63% used [0x00000000fc800000,0x00000000fea6dda0,0x00000000ffe00000)
  to   space 56320K, 0% used [0x00000000f9100000,0x00000000f9100000,0x00000000fc800000)
 ParOldGen       total 239616K, used 162916K [0x0000000080000000, 0x000000008ea00000, 0x00000000d5580000)
  object space 239616K, 67% used [0x0000000080000000,0x0000000089f193e0,0x000000008ea00000)
 Metaspace       used 79756K, capacity 84062K, committed 85208K, reserved 1122304K
  class space    used 10852K, capacity 11646K, committed 12032K, reserved 1048576K
GC Heap History (10 events):
Event: 60.926 GC heap before
{Heap before GC invocations=26 (full 4):
 PSYoungGen      total 484864K, used 472813K [0x00000000d5580000, 0x00000000fb900000, 0x0000000100000000)
  eden space 436224K, 100% used [0x00000000d5580000,0x00000000eff80000,0x00000000eff80000)
  from space 48640K, 75% used [0x00000000eff80000,0x00000000f233b6b0,0x00000000f2f00000)
  to   space 52224K, 0% used [0x00000000f8600000,0x00000000f8600000,0x00000000fb900000)
 ParOldGen       total 239616K, used 113321K [0x0000000080000000, 0x000000008ea00000, 0x00000000d5580000)
  object space 239616K, 47% used [0x0000000080000000,0x0000000086eaa468,0x000000008ea00000)
 Metaspace       used 79403K, capacity 83768K, committed 84952K, reserved 1122304K
  class space    used 10849K, capacity 11643K, committed 12032K, reserved 1048576K
Event: 61.067 GC heap after
Heap after GC invocations=26 (full 4):
 PSYoungGen      total 569856K, used 41068K [0x00000000d5580000, 0x00000000fc900000, 0x0000000100000000)
  eden space 517632K, 0% used [0x00000000d5580000,0x00000000d5580000,0x00000000f4f00000)
  from space 52224K, 78% used [0x00000000f8600000,0x00000000fae1b360,0x00000000fb900000)
  to   space 56320K, 0% used [0x00000000f4f00000,0x00000000f4f00000,0x00000000f8600000)
 ParOldGen       total 239616K, used 119249K [0x0000000080000000, 0x000000008ea00000, 0x00000000d5580000)
  object space 239616K, 49% used [0x0000000080000000,0x0000000087474468,0x000000008ea00000)
 Metaspace       used 79403K, capacity 83768K, committed 84952K, reserved 1122304K
  class space    used 10849K, capacity 11643K, committed 12032K, reserved 1048576K
}
Event: 63.207 GC heap before
{Heap before GC invocations=27 (full 4):
 PSYoungGen      total 569856K, used 558700K [0x00000000d5580000, 0x00000000fc900000, 0x0000000100000000)
  eden space 517632K, 100% used [0x00000000d5580000,0x00000000f4f00000,0x00000000f4f00000)
  from space 52224K, 78% used [0x00000000f8600000,0x00000000fae1b360,0x00000000fb900000)
  to   space 56320K, 0% used [0x00000000f4f00000,0x00000000f4f00000,0x00000000f8600000)
 ParOldGen       total 239616K, used 119249K [0x0000000080000000, 0x000000008ea00000, 0x00000000d5580000)
  object space 239616K, 49% used [0x0000000080000000,0x0000000087474468,0x000000008ea00000)
 Metaspace       used 79518K, capacity 83834K, committed 85208K, reserved 1122304K
  class space    used 10851K, capacity 11644K, committed 12032K, reserved 1048576K
Event: 63.325 GC heap after
Heap after GC invocations=27 (full 4):
 PSYoungGen      total 573952K, used 38335K [0x00000000d5580000, 0x0000000100000000, 0x0000000100000000)
  eden space 517632K, 0% used [0x00000000d5580000,0x00000000d5580000,0x00000000f4f00000)
  from space 56320K, 68% used [0x00000000f4f00000,0x00000000f746ffc8,0x00000000f8600000)
  to   space 58880K, 0% used [0x00000000fc680000,0x00000000fc680000,0x0000000100000000)
 ParOldGen       total 239616K, used 126621K [0x0000000080000000, 0x000000008ea00000, 0x00000000d5580000)
  object space 239616K, 52% used [0x0000000080000000,0x0000000087ba7668,0x000000008ea00000)
 Metaspace       used 79518K, capacity 83834K, committed 85208K, reserved 1122304K
  class space    used 10851K, capacity 11644K, committed 12032K, reserved 1048576K
}
Event: 65.255 GC heap before
{Heap before GC invocations=28 (full 4):
 PSYoungGen      total 573952K, used 555967K [0x00000000d5580000, 0x0000000100000000, 0x0000000100000000)
  eden space 517632K, 100% used [0x00000000d5580000,0x00000000f4f00000,0x00000000f4f00000)
  from space 56320K, 68% used [0x00000000f4f00000,0x00000000f746ffc8,0x00000000f8600000)
  to   space 58880K, 0% used [0x00000000fc680000,0x00000000fc680000,0x0000000100000000)
 ParOldGen       total 239616K, used 126621K [0x0000000080000000, 0x000000008ea00000, 0x00000000d5580000)
  object space 239616K, 52% used [0x0000000080000000,0x0000000087ba7668,0x000000008ea00000)
 Metaspace       used 79528K, capacity 83834K, committed 85208K, reserved 1122304K
  class space    used 10851K, capacity 11644K, committed 12032K, reserved 1048576K
Event: 65.367 GC heap after
Heap after GC invocations=28 (full 4):
 PSYoungGen      total 640000K, used 27455K [0x00000000d5580000, 0x00000000ffd80000, 0x0000000100000000)
  eden space 583680K, 0% used [0x00000000d5580000,0x00000000d5580000,0x00000000f8f80000)
  from space 56320K, 48% used [0x00000000fc680000,0x00000000fe14fd88,0x00000000ffd80000)
  to   space 56320K, 0% used [0x00000000f8f80000,0x00000000f8f80000,0x00000000fc680000)
 ParOldGen       total 239616K, used 141256K [0x0000000080000000, 0x000000008ea00000, 0x00000000d5580000)
  object space 239616K, 58% used [0x0000000080000000,0x00000000889f2318,0x000000008ea00000)
 Metaspace       used 79528K, capacity 83834K, committed 85208K, reserved 1122304K
  class space    used 10851K, capacity 11644K, committed 12032K, reserved 1048576K
}
Event: 68.675 GC heap before
{Heap before GC invocations=29 (full 4):
 PSYoungGen      total 640000K, used 611135K [0x00000000d5580000, 0x00000000ffd80000, 0x0000000100000000)
  eden space 583680K, 100% used [0x00000000d5580000,0x00000000f8f80000,0x00000000f8f80000)
  from space 56320K, 48% used [0x00000000fc680000,0x00000000fe14fd88,0x00000000ffd80000)
  to   space 56320K, 0% used [0x00000000f8f80000,0x00000000f8f80000,0x00000000fc680000)
 ParOldGen       total 239616K, used 141256K [0x0000000080000000, 0x000000008ea00000, 0x00000000d5580000)
  object space 239616K, 58% used [0x0000000080000000,0x00000000889f2318,0x000000008ea00000)
 Metaspace       used 79620K, capacity 83908K, committed 85208K, reserved 1122304K
  class space    used 10851K, capacity 11645K, committed 12032K, reserved 1048576K
Event: 68.774 GC heap after
Heap after GC invocations=29 (full 4):
 PSYoungGen      total 640000K, used 13650K [0x00000000d5580000, 0x00000000ffe00000, 0x0000000100000000)
  eden space 583680K, 0% used [0x00000000d5580000,0x00000000d5580000,0x00000000f8f80000)
  from space 56320K, 24% used [0x00000000f8f80000,0x00000000f9cd4818,0x00000000fc680000)
  to   space 55296K, 0% used [0x00000000fc800000,0x00000000fc800000,0x00000000ffe00000)
 ParOldGen       total 239616K, used 158410K [0x0000000080000000, 0x000000008ea00000, 0x00000000d5580000)
  object space 239616K, 66% used [0x0000000080000000,0x0000000089ab2b90,0x000000008ea00000)
 Metaspace       used 79620K, capacity 83908K, committed 85208K, reserved 1122304K
  class space    used 10851K, capacity 11645K, committed 12032K, reserved 1048576K
}
Event: 73.133 GC heap before
{Heap before GC invocations=30 (full 4):
 PSYoungGen      total 640000K, used 597330K [0x00000000d5580000, 0x00000000ffe00000, 0x0000000100000000)
  eden space 583680K, 100% used [0x00000000d5580000,0x00000000f8f80000,0x00000000f8f80000)
  from space 56320K, 24% used [0x00000000f8f80000,0x00000000f9cd4818,0x00000000fc680000)
  to   space 55296K, 0% used [0x00000000fc800000,0x00000000fc800000,0x00000000ffe00000)
 ParOldGen       total 239616K, used 158410K [0x0000000080000000, 0x000000008ea00000, 0x00000000d5580000)
  object space 239616K, 66% used [0x0000000080000000,0x0000000089ab2b90,0x000000008ea00000)
 Metaspace       used 79689K, capacity 84058K, committed 85208K, reserved 1122304K
  class space    used 10852K, capacity 11646K, committed 12032K, reserved 1048576K
Event: 73.275 GC heap after
Heap after GC invocations=30 (full 4):
 PSYoungGen      total 640512K, used 35255K [0x00000000d5580000, 0x0000000100000000, 0x0000000100000000)
  eden space 585216K, 0% used [0x00000000d5580000,0x00000000d5580000,0x00000000f9100000)
  from space 55296K, 63% used [0x00000000fc800000,0x00000000fea6dda0,0x00000000ffe00000)
  to   space 56320K, 0% used [0x00000000f9100000,0x00000000f9100000,0x00000000fc800000)
 ParOldGen       total 239616K, used 162916K [0x0000000080000000, 0x000000008ea00000, 0x00000000d5580000)
  object space 239616K, 67% used [0x0000000080000000,0x0000000089f193e0,0x000000008ea00000)
 Metaspace       used 79689K, capacity 84058K, committed 85208K, reserved 1122304K
  class space    used 10852K, capacity 11646K, committed 12032K, reserved 1048576K
}

