# JRE version: OpenJDK Runtime Environment (8.0_242-b01) (build 1.8.0_242-release-1644-b01)
# Java VM: OpenJDK 64-Bit Server VM (25.242-b01 mixed mode windows-amd64 compressed oops)
Heap:
 PSYoungGen      total 322560K, used 228069K [0x00000000d5580000, 0x00000000eac00000, 0x0000000100000000)
  eden space 298496K, 76% used [0x00000000d5580000,0x00000000e3439540,0x00000000e7900000)
  from space 24064K, 0% used [0x00000000e9400000,0x00000000e9400000,0x00000000eab80000)
  to   space 26112K, 0% used [0x00000000e7900000,0x00000000e7900000,0x00000000e9280000)
 ParOldGen       total 125440K, used 122414K [0x0000000080000000, 0x0000000087a80000, 0x00000000d5580000)
  object space 125440K, 97% used [0x0000000080000000,0x000000008778bbd8,0x0000000087a80000)
 Metaspace       used 97144K, capacity 102510K, committed 102616K, reserved 1138688K
  class space    used 12717K, capacity 13802K, committed 13824K, reserved 1048576K
GC Heap History (10 events):
Event: 137.555 GC heap before
{Heap before GC invocations=18 (full 3):
 PSYoungGen      total 274432K, used 269780K [0x00000000d5580000, 0x00000000e7c00000, 0x0000000100000000)
  eden space 258560K, 100% used [0x00000000d5580000,0x00000000e5200000,0x00000000e5200000)
  from space 15872K, 70% used [0x00000000e6c80000,0x00000000e7775150,0x00000000e7c00000)
  to   space 21504K, 0% used [0x00000000e5200000,0x00000000e5200000,0x00000000e6700000)
 ParOldGen       total 116736K, used 54158K [0x0000000080000000, 0x0000000087200000, 0x00000000d5580000)
  object space 116736K, 46% used [0x0000000080000000,0x00000000834e3ba8,0x0000000087200000)
 Metaspace       used 74858K, capacity 78484K, committed 78680K, reserved 1118208K
  class space    used 9913K, capacity 10582K, committed 10624K, reserved 1048576K
Event: 137.690 GC heap after
Heap after GC invocations=18 (full 3):
 PSYoungGen      total 280064K, used 19655K [0x00000000d5580000, 0x00000000eab80000, 0x0000000100000000)
  eden space 258560K, 0% used [0x00000000d5580000,0x00000000d5580000,0x00000000e5200000)
  from space 21504K, 91% used [0x00000000e5200000,0x00000000e6531c68,0x00000000e6700000)
  to   space 24064K, 0% used [0x00000000e9400000,0x00000000e9400000,0x00000000eab80000)
 ParOldGen       total 116736K, used 54166K [0x0000000080000000, 0x0000000087200000, 0x00000000d5580000)
  object space 116736K, 46% used [0x0000000080000000,0x00000000834e5ba8,0x0000000087200000)
 Metaspace       used 74858K, capacity 78484K, committed 78680K, reserved 1118208K
  class space    used 9913K, capacity 10582K, committed 10624K, reserved 1048576K
}
Event: 153.263 GC heap before
{Heap before GC invocations=19 (full 3):
 PSYoungGen      total 280064K, used 278215K [0x00000000d5580000, 0x00000000eab80000, 0x0000000100000000)
  eden space 258560K, 100% used [0x00000000d5580000,0x00000000e5200000,0x00000000e5200000)
  from space 21504K, 91% used [0x00000000e5200000,0x00000000e6531c68,0x00000000e6700000)
  to   space 24064K, 0% used [0x00000000e9400000,0x00000000e9400000,0x00000000eab80000)
 ParOldGen       total 116736K, used 54166K [0x0000000080000000, 0x0000000087200000, 0x00000000d5580000)
  object space 116736K, 46% used [0x0000000080000000,0x00000000834e5ba8,0x0000000087200000)
 Metaspace       used 76547K, capacity 80206K, committed 80344K, reserved 1118208K
  class space    used 10073K, capacity 10733K, committed 10752K, reserved 1048576K
Event: 153.362 GC heap after
Heap after GC invocations=19 (full 3):
 PSYoungGen      total 322560K, used 20870K [0x00000000d5580000, 0x00000000eac00000, 0x0000000100000000)
  eden space 298496K, 0% used [0x00000000d5580000,0x00000000d5580000,0x00000000e7900000)
  from space 24064K, 86% used [0x00000000e9400000,0x00000000ea861a10,0x00000000eab80000)
  to   space 26112K, 0% used [0x00000000e7900000,0x00000000e7900000,0x00000000e9280000)
 ParOldGen       total 116736K, used 54174K [0x0000000080000000, 0x0000000087200000, 0x00000000d5580000)
  object space 116736K, 46% used [0x0000000080000000,0x00000000834e7ba8,0x0000000087200000)
 Metaspace       used 76547K, capacity 80206K, committed 80344K, reserved 1118208K
  class space    used 10073K, capacity 10733K, committed 10752K, reserved 1048576K
}
Event: 167.960 GC heap before
{Heap before GC invocations=20 (full 3):
 PSYoungGen      total 322560K, used 319366K [0x00000000d5580000, 0x00000000eac00000, 0x0000000100000000)
  eden space 298496K, 100% used [0x00000000d5580000,0x00000000e7900000,0x00000000e7900000)
  from space 24064K, 86% used [0x00000000e9400000,0x00000000ea861a10,0x00000000eab80000)
  to   space 26112K, 0% used [0x00000000e7900000,0x00000000e7900000,0x00000000e9280000)
 ParOldGen       total 116736K, used 54174K [0x0000000080000000, 0x0000000087200000, 0x00000000d5580000)
  object space 116736K, 46% used [0x0000000080000000,0x00000000834e7ba8,0x0000000087200000)
 Metaspace       used 89004K, capacity 92852K, committed 93272K, reserved 1130496K
  class space    used 11314K, capacity 12053K, committed 12160K, reserved 1048576K
Event: 168.148 GC heap after
Heap after GC invocations=20 (full 3):
 PSYoungGen      total 324608K, used 26082K [0x00000000d5580000, 0x00000000eac00000, 0x0000000100000000)
  eden space 298496K, 0% used [0x00000000d5580000,0x00000000d5580000,0x00000000e7900000)
  from space 26112K, 99% used [0x00000000e7900000,0x00000000e9278b00,0x00000000e9280000)
  to   space 24064K, 0% used [0x00000000e9400000,0x00000000e9400000,0x00000000eab80000)
 ParOldGen       total 116736K, used 90227K [0x0000000080000000, 0x0000000087200000, 0x00000000d5580000)
  object space 116736K, 77% used [0x0000000080000000,0x000000008581ced8,0x0000000087200000)
 Metaspace       used 89004K, capacity 92852K, committed 93272K, reserved 1130496K
  class space    used 11314K, capacity 12053K, committed 12160K, reserved 1048576K
}
Event: 169.374 GC heap before
{Heap before GC invocations=21 (full 3):
 PSYoungGen      total 324608K, used 324575K [0x00000000d5580000, 0x00000000eac00000, 0x0000000100000000)
  eden space 298496K, 99% used [0x00000000d5580000,0x00000000e78ff178,0x00000000e7900000)
  from space 26112K, 99% used [0x00000000e7900000,0x00000000e9278b00,0x00000000e9280000)
  to   space 24064K, 0% used [0x00000000e9400000,0x00000000e9400000,0x00000000eab80000)
 ParOldGen       total 116736K, used 90227K [0x0000000080000000, 0x0000000087200000, 0x00000000d5580000)
  object space 116736K, 77% used [0x0000000080000000,0x000000008581ced8,0x0000000087200000)
 Metaspace       used 89015K, capacity 92852K, committed 93272K, reserved 1130496K
  class space    used 11314K, capacity 12053K, committed 12160K, reserved 1048576K
Event: 169.535 GC heap after
Heap after GC invocations=21 (full 3):
 PSYoungGen      total 322560K, used 24033K [0x00000000d5580000, 0x00000000eac00000, 0x0000000100000000)
  eden space 298496K, 0% used [0x00000000d5580000,0x00000000d5580000,0x00000000e7900000)
  from space 24064K, 99% used [0x00000000e9400000,0x00000000eab785a0,0x00000000eab80000)
  to   space 26112K, 0% used [0x00000000e7900000,0x00000000e7900000,0x00000000e9280000)
 ParOldGen       total 125440K, used 124946K [0x0000000080000000, 0x0000000087a80000, 0x00000000d5580000)
  object space 125440K, 99% used [0x0000000080000000,0x0000000087a048f8,0x0000000087a80000)
 Metaspace       used 89015K, capacity 92852K, committed 93272K, reserved 1130496K
  class space    used 11314K, capacity 12053K, committed 12160K, reserved 1048576K
}
Event: 169.535 GC heap before
{Heap before GC invocations=22 (full 4):
 PSYoungGen      total 322560K, used 24033K [0x00000000d5580000, 0x00000000eac00000, 0x0000000100000000)
  eden space 298496K, 0% used [0x00000000d5580000,0x00000000d5580000,0x00000000e7900000)
  from space 24064K, 99% used [0x00000000e9400000,0x00000000eab785a0,0x00000000eab80000)
  to   space 26112K, 0% used [0x00000000e7900000,0x00000000e7900000,0x00000000e9280000)
 ParOldGen       total 125440K, used 124946K [0x0000000080000000, 0x0000000087a80000, 0x00000000d5580000)
  object space 125440K, 99% used [0x0000000080000000,0x0000000087a048f8,0x0000000087a80000)
 Metaspace       used 89015K, capacity 92852K, committed 93272K, reserved 1130496K
  class space    used 11314K, capacity 12053K, committed 12160K, reserved 1048576K
Event: 170.905 GC heap after
Heap after GC invocations=22 (full 4):
 PSYoungGen      total 322560K, used 0K [0x00000000d5580000, 0x00000000eac00000, 0x0000000100000000)
  eden space 298496K, 0% used [0x00000000d5580000,0x00000000d5580000,0x00000000e7900000)
  from space 24064K, 0% used [0x00000000e9400000,0x00000000e9400000,0x00000000eab80000)
  to   space 26112K, 0% used [0x00000000e7900000,0x00000000e7900000,0x00000000e9280000)
 ParOldGen       total 125440K, used 122414K [0x0000000080000000, 0x0000000087a80000, 0x00000000d5580000)
  object space 125440K, 97% used [0x0000000080000000,0x000000008778bbd8,0x0000000087a80000)
 Metaspace       used 88971K, capacity 92716K, committed 93272K, reserved 1130496K
  class space    used 11301K, capacity 12029K, committed 12160K, reserved 1048576K
}

