# JRE version: OpenJDK Runtime Environment (8.0_242-b01) (build 1.8.0_242-release-1644-b01)
# Java VM: OpenJDK 64-Bit Server VM (25.242-b01 mixed mode windows-amd64 compressed oops)
Heap:
 PSYoungGen      total 310784K, used 114138K [0x00000000d5580000, 0x00000000f0100000, 0x0000000100000000)
  eden space 239616K, 43% used [0x00000000d5580000,0x00000000dbb91c30,0x00000000e3f80000)
  from space 71168K, 13% used [0x00000000e3f80000,0x00000000e48e4f20,0x00000000e8500000)
  to   space 84992K, 0% used [0x00000000eae00000,0x00000000eae00000,0x00000000f0100000)
 ParOldGen       total 239104K, used 134184K [0x0000000080000000, 0x000000008e980000, 0x00000000d5580000)
  object space 239104K, 56% used [0x0000000080000000,0x000000008830a088,0x000000008e980000)
 Metaspace       used 113789K, capacity 120120K, committed 121216K, reserved 1155072K
  class space    used 14733K, capacity 15891K, committed 16256K, reserved 1048576K
GC Heap History (10 events):
Event: 3449.181 GC heap before
{Heap before GC invocations=32 (full 4):
 PSYoungGen      total 310784K, used 310780K [0x00000000d5580000, 0x00000000f0100000, 0x0000000100000000)
  eden space 239616K, 100% used [0x00000000d5580000,0x00000000e3f80000,0x00000000e3f80000)
  from space 71168K, 99% used [0x00000000e3f80000,0x00000000e84ff1a8,0x00000000e8500000)
  to   space 84992K, 0% used [0x00000000eae00000,0x00000000eae00000,0x00000000f0100000)
 ParOldGen       total 239104K, used 151193K [0x0000000080000000, 0x000000008e980000, 0x00000000d5580000)
  object space 239104K, 63% used [0x0000000080000000,0x00000000893a6740,0x000000008e980000)
 Metaspace       used 113630K, capacity 120652K, committed 120960K, reserved 1155072K
  class space    used 14887K, capacity 16152K, committed 16256K, reserved 1048576K
Event: 3449.552 GC heap after
Heap after GC invocations=32 (full 4):
 PSYoungGen      total 324608K, used 68950K [0x00000000d5580000, 0x00000000f0100000, 0x0000000100000000)
  eden space 239616K, 0% used [0x00000000d5580000,0x00000000d5580000,0x00000000e3f80000)
  from space 84992K, 81% used [0x00000000eae00000,0x00000000ef1559a0,0x00000000f0100000)
  to   space 71168K, 0% used [0x00000000e3f80000,0x00000000e3f80000,0x00000000e8500000)
 ParOldGen       total 239104K, used 164249K [0x0000000080000000, 0x000000008e980000, 0x00000000d5580000)
  object space 239104K, 68% used [0x0000000080000000,0x000000008a066400,0x000000008e980000)
 Metaspace       used 113630K, capacity 120652K, committed 120960K, reserved 1155072K
  class space    used 14887K, capacity 16152K, committed 16256K, reserved 1048576K
}
Event: 3451.979 GC heap before
{Heap before GC invocations=33 (full 4):
 PSYoungGen      total 324608K, used 308566K [0x00000000d5580000, 0x00000000f0100000, 0x0000000100000000)
  eden space 239616K, 100% used [0x00000000d5580000,0x00000000e3f80000,0x00000000e3f80000)
  from space 84992K, 81% used [0x00000000eae00000,0x00000000ef1559a0,0x00000000f0100000)
  to   space 71168K, 0% used [0x00000000e3f80000,0x00000000e3f80000,0x00000000e8500000)
 ParOldGen       total 239104K, used 164249K [0x0000000080000000, 0x000000008e980000, 0x00000000d5580000)
  object space 239104K, 68% used [0x0000000080000000,0x000000008a066400,0x000000008e980000)
 Metaspace       used 113977K, capacity 120952K, committed 121216K, reserved 1155072K
  class space    used 14890K, capacity 16154K, committed 16256K, reserved 1048576K
Event: 3452.202 GC heap after
Heap after GC invocations=33 (full 4):
 PSYoungGen      total 310784K, used 27125K [0x00000000d5580000, 0x00000000f0100000, 0x0000000100000000)
  eden space 239616K, 0% used [0x00000000d5580000,0x00000000d5580000,0x00000000e3f80000)
  from space 71168K, 38% used [0x00000000e3f80000,0x00000000e59fd4b8,0x00000000e8500000)
  to   space 84992K, 0% used [0x00000000eae00000,0x00000000eae00000,0x00000000f0100000)
 ParOldGen       total 239104K, used 208950K [0x0000000080000000, 0x000000008e980000, 0x00000000d5580000)
  object space 239104K, 87% used [0x0000000080000000,0x000000008cc0d838,0x000000008e980000)
 Metaspace       used 113977K, capacity 120952K, committed 121216K, reserved 1155072K
  class space    used 14890K, capacity 16154K, committed 16256K, reserved 1048576K
}
Event: 3452.202 GC heap before
{Heap before GC invocations=34 (full 5):
 PSYoungGen      total 310784K, used 27125K [0x00000000d5580000, 0x00000000f0100000, 0x0000000100000000)
  eden space 239616K, 0% used [0x00000000d5580000,0x00000000d5580000,0x00000000e3f80000)
  from space 71168K, 38% used [0x00000000e3f80000,0x00000000e59fd4b8,0x00000000e8500000)
  to   space 84992K, 0% used [0x00000000eae00000,0x00000000eae00000,0x00000000f0100000)
 ParOldGen       total 239104K, used 208950K [0x0000000080000000, 0x000000008e980000, 0x00000000d5580000)
  object space 239104K, 87% used [0x0000000080000000,0x000000008cc0d838,0x000000008e980000)
 Metaspace       used 113977K, capacity 120952K, committed 121216K, reserved 1155072K
  class space    used 14890K, capacity 16154K, committed 16256K, reserved 1048576K
Event: 3454.063 GC heap after
Heap after GC invocations=34 (full 5):
 PSYoungGen      total 310784K, used 0K [0x00000000d5580000, 0x00000000f0100000, 0x0000000100000000)
  eden space 239616K, 0% used [0x00000000d5580000,0x00000000d5580000,0x00000000e3f80000)
  from space 71168K, 0% used [0x00000000e3f80000,0x00000000e3f80000,0x00000000e8500000)
  to   space 84992K, 0% used [0x00000000eae00000,0x00000000eae00000,0x00000000f0100000)
 ParOldGen       total 239104K, used 126963K [0x0000000080000000, 0x000000008e980000, 0x00000000d5580000)
  object space 239104K, 53% used [0x0000000080000000,0x0000000087bfcc50,0x000000008e980000)
 Metaspace       used 113231K, capacity 119410K, committed 121216K, reserved 1155072K
  class space    used 14720K, capacity 15850K, committed 16256K, reserved 1048576K
}
Event: 3455.623 GC heap before
{Heap before GC invocations=35 (full 5):
 PSYoungGen      total 310784K, used 239616K [0x00000000d5580000, 0x00000000f0100000, 0x0000000100000000)
  eden space 239616K, 100% used [0x00000000d5580000,0x00000000e3f80000,0x00000000e3f80000)
  from space 71168K, 0% used [0x00000000e3f80000,0x00000000e3f80000,0x00000000e8500000)
  to   space 84992K, 0% used [0x00000000eae00000,0x00000000eae00000,0x00000000f0100000)
 ParOldGen       total 239104K, used 126963K [0x0000000080000000, 0x000000008e980000, 0x00000000d5580000)
  object space 239104K, 53% used [0x0000000080000000,0x0000000087bfcc50,0x000000008e980000)
 Metaspace       used 113589K, capacity 119874K, committed 121216K, reserved 1155072K
  class space    used 14728K, capacity 15884K, committed 16256K, reserved 1048576K
Event: 3455.660 GC heap after
Heap after GC invocations=35 (full 5):
 PSYoungGen      total 324608K, used 9103K [0x00000000d5580000, 0x00000000f0100000, 0x0000000100000000)
  eden space 239616K, 0% used [0x00000000d5580000,0x00000000d5580000,0x00000000e3f80000)
  from space 84992K, 10% used [0x00000000eae00000,0x00000000eb6e3c48,0x00000000f0100000)
  to   space 71168K, 0% used [0x00000000e3f80000,0x00000000e3f80000,0x00000000e8500000)
 ParOldGen       total 239104K, used 126971K [0x0000000080000000, 0x000000008e980000, 0x00000000d5580000)
  object space 239104K, 53% used [0x0000000080000000,0x0000000087bfec50,0x000000008e980000)
 Metaspace       used 113589K, capacity 119874K, committed 121216K, reserved 1155072K
  class space    used 14728K, capacity 15884K, committed 16256K, reserved 1048576K
}
Event: 3457.297 GC heap before
{Heap before GC invocations=36 (full 5):
 PSYoungGen      total 324608K, used 248719K [0x00000000d5580000, 0x00000000f0100000, 0x0000000100000000)
  eden space 239616K, 100% used [0x00000000d5580000,0x00000000e3f80000,0x00000000e3f80000)
  from space 84992K, 10% used [0x00000000eae00000,0x00000000eb6e3c48,0x00000000f0100000)
  to   space 71168K, 0% used [0x00000000e3f80000,0x00000000e3f80000,0x00000000e8500000)
 ParOldGen       total 239104K, used 126971K [0x0000000080000000, 0x000000008e980000, 0x00000000d5580000)
  object space 239104K, 53% used [0x0000000080000000,0x0000000087bfec50,0x000000008e980000)
 Metaspace       used 113749K, capacity 120052K, committed 121216K, reserved 1155072K
  class space    used 14733K, capacity 15891K, committed 16256K, reserved 1048576K
Event: 3457.349 GC heap after
Heap after GC invocations=36 (full 5):
 PSYoungGen      total 310784K, used 9619K [0x00000000d5580000, 0x00000000f0100000, 0x0000000100000000)
  eden space 239616K, 0% used [0x00000000d5580000,0x00000000d5580000,0x00000000e3f80000)
  from space 71168K, 13% used [0x00000000e3f80000,0x00000000e48e4f20,0x00000000e8500000)
  to   space 84992K, 0% used [0x00000000eae00000,0x00000000eae00000,0x00000000f0100000)
 ParOldGen       total 239104K, used 134184K [0x0000000080000000, 0x000000008e980000, 0x00000000d5580000)
  object space 239104K, 56% used [0x0000000080000000,0x000000008830a088,0x000000008e980000)
 Metaspace       used 113749K, capacity 120052K, committed 121216K, reserved 1155072K
  class space    used 14733K, capacity 15891K, committed 16256K, reserved 1048576K
}

