# JRE version: OpenJDK Runtime Environment (8.0_242-b01) (build 1.8.0_242-release-1644-b01)
# Java VM: OpenJDK 64-Bit Server VM (25.242-b01 mixed mode windows-amd64 compressed oops)
Heap:
 PSYoungGen      total 492032K, used 302901K [0x000000076ab00000, 0x0000000791080000, 0x00000007c0000000)
  eden space 404480K, 54% used [0x000000076ab00000,0x00000007781f3f50,0x0000000783600000)
  from space 87552K, 94% used [0x0000000783600000,0x00000007886d97c8,0x0000000788b80000)
  to   space 99328K, 0% used [0x000000078af80000,0x000000078af80000,0x0000000791080000)
 ParOldGen       total 239104K, used 174196K [0x00000006c0000000, 0x00000006ce980000, 0x000000076ab00000)
  object space 239104K, 72% used [0x00000006c0000000,0x00000006caa1d2f8,0x00000006ce980000)
 Metaspace       used 109932K, capacity 116862K, committed 117080K, reserved 1150976K
  class space    used 13675K, capacity 14912K, committed 14976K, reserved 1048576K
GC Heap History (10 events):
Event: 431.908 GC heap before
{Heap before GC invocations=25 (full 4):
 PSYoungGen      total 392192K, used 392162K [0x000000076ab00000, 0x0000000787600000, 0x00000007c0000000)
  eden space 343040K, 100% used [0x000000076ab00000,0x000000077fa00000,0x000000077fa00000)
  from space 49152K, 99% used [0x0000000783600000,0x00000007865f8aa0,0x0000000786600000)
  to   space 61440K, 0% used [0x000000077fa00000,0x000000077fa00000,0x0000000783600000)
 ParOldGen       total 239104K, used 122252K [0x00000006c0000000, 0x00000006ce980000, 0x000000076ab00000)
  object space 239104K, 51% used [0x00000006c0000000,0x00000006c77632a0,0x00000006ce980000)
 Metaspace       used 101676K, capacity 107344K, committed 107608K, reserved 1142784K
  class space    used 13073K, capacity 14189K, committed 14208K, reserved 1048576K
Event: 432.128 GC heap after
Heap after GC invocations=25 (full 4):
 PSYoungGen      total 404480K, used 58966K [0x000000076ab00000, 0x000000078ad80000, 0x00000007c0000000)
  eden space 343040K, 0% used [0x000000076ab00000,0x000000076ab00000,0x000000077fa00000)
  from space 61440K, 95% used [0x000000077fa00000,0x0000000783395818,0x0000000783600000)
  to   space 70656K, 0% used [0x0000000786880000,0x0000000786880000,0x000000078ad80000)
 ParOldGen       total 239104K, used 127533K [0x00000006c0000000, 0x00000006ce980000, 0x000000076ab00000)
  object space 239104K, 53% used [0x00000006c0000000,0x00000006c7c8b730,0x00000006ce980000)
 Metaspace       used 101676K, capacity 107344K, committed 107608K, reserved 1142784K
  class space    used 13073K, capacity 14189K, committed 14208K, reserved 1048576K
}
Event: 440.561 GC heap before
{Heap before GC invocations=26 (full 4):
 PSYoungGen      total 404480K, used 401992K [0x000000076ab00000, 0x000000078ad80000, 0x00000007c0000000)
  eden space 343040K, 99% used [0x000000076ab00000,0x000000077f9fc838,0x000000077fa00000)
  from space 61440K, 95% used [0x000000077fa00000,0x0000000783395818,0x0000000783600000)
  to   space 70656K, 0% used [0x0000000786880000,0x0000000786880000,0x000000078ad80000)
 ParOldGen       total 239104K, used 127533K [0x00000006c0000000, 0x00000006ce980000, 0x000000076ab00000)
  object space 239104K, 53% used [0x00000006c0000000,0x00000006c7c8b730,0x00000006ce980000)
 Metaspace       used 103886K, capacity 109936K, committed 110168K, reserved 1144832K
  class space    used 13208K, capacity 14361K, committed 14464K, reserved 1048576K
Event: 440.817 GC heap after
Heap after GC invocations=26 (full 4):
 PSYoungGen      total 438272K, used 70651K [0x000000076ab00000, 0x000000078d800000, 0x00000007c0000000)
  eden space 367616K, 0% used [0x000000076ab00000,0x000000076ab00000,0x0000000781200000)
  from space 70656K, 99% used [0x0000000786880000,0x000000078ad7ec18,0x000000078ad80000)
  to   space 88576K, 0% used [0x0000000781200000,0x0000000781200000,0x0000000786880000)
 ParOldGen       total 239104K, used 145210K [0x00000006c0000000, 0x00000006ce980000, 0x000000076ab00000)
  object space 239104K, 60% used [0x00000006c0000000,0x00000006c8dcebd0,0x00000006ce980000)
 Metaspace       used 103886K, capacity 109936K, committed 110168K, reserved 1144832K
  class space    used 13208K, capacity 14361K, committed 14464K, reserved 1048576K
}
Event: 577.207 GC heap before
{Heap before GC invocations=27 (full 4):
 PSYoungGen      total 438272K, used 438267K [0x000000076ab00000, 0x000000078d800000, 0x00000007c0000000)
  eden space 367616K, 100% used [0x000000076ab00000,0x0000000781200000,0x0000000781200000)
  from space 70656K, 99% used [0x0000000786880000,0x000000078ad7ec18,0x000000078ad80000)
  to   space 88576K, 0% used [0x0000000781200000,0x0000000781200000,0x0000000786880000)
 ParOldGen       total 239104K, used 145210K [0x00000006c0000000, 0x00000006ce980000, 0x000000076ab00000)
  object space 239104K, 60% used [0x00000006c0000000,0x00000006c8dcebd0,0x00000006ce980000)
 Metaspace       used 104311K, capacity 110434K, committed 110680K, reserved 1144832K
  class space    used 13218K, capacity 14376K, committed 14464K, reserved 1048576K
Event: 577.402 GC heap after
Heap after GC invocations=27 (full 4):
 PSYoungGen      total 456192K, used 47502K [0x000000076ab00000, 0x000000078ea80000, 0x00000007c0000000)
  eden space 367616K, 0% used [0x000000076ab00000,0x000000076ab00000,0x0000000781200000)
  from space 88576K, 53% used [0x0000000781200000,0x0000000784063b90,0x0000000786880000)
  to   space 88064K, 0% used [0x0000000789480000,0x0000000789480000,0x000000078ea80000)
 ParOldGen       total 239104K, used 174180K [0x00000006c0000000, 0x00000006ce980000, 0x000000076ab00000)
  object space 239104K, 72% used [0x00000006c0000000,0x00000006caa192f8,0x00000006ce980000)
 Metaspace       used 104311K, capacity 110434K, committed 110680K, reserved 1144832K
  class space    used 13218K, capacity 14376K, committed 14464K, reserved 1048576K
}
Event: 1325.136 GC heap before
{Heap before GC invocations=28 (full 4):
 PSYoungGen      total 456192K, used 415118K [0x000000076ab00000, 0x000000078ea80000, 0x00000007c0000000)
  eden space 367616K, 100% used [0x000000076ab00000,0x0000000781200000,0x0000000781200000)
  from space 88576K, 53% used [0x0000000781200000,0x0000000784063b90,0x0000000786880000)
  to   space 88064K, 0% used [0x0000000789480000,0x0000000789480000,0x000000078ea80000)
 ParOldGen       total 239104K, used 174180K [0x00000006c0000000, 0x00000006ce980000, 0x000000076ab00000)
  object space 239104K, 72% used [0x00000006c0000000,0x00000006caa192f8,0x00000006ce980000)
 Metaspace       used 107143K, capacity 113580K, committed 113752K, reserved 1148928K
  class space    used 13491K, capacity 14667K, committed 14720K, reserved 1048576K
Event: 1325.234 GC heap after
Heap after GC invocations=28 (full 4):
 PSYoungGen      total 482816K, used 47593K [0x000000076ab00000, 0x000000078e100000, 0x00000007c0000000)
  eden space 404480K, 0% used [0x000000076ab00000,0x000000076ab00000,0x0000000783600000)
  from space 78336K, 60% used [0x0000000789480000,0x000000078c2fa5c0,0x000000078e100000)
  to   space 87552K, 0% used [0x0000000783600000,0x0000000783600000,0x0000000788b80000)
 ParOldGen       total 239104K, used 174188K [0x00000006c0000000, 0x00000006ce980000, 0x000000076ab00000)
  object space 239104K, 72% used [0x00000006c0000000,0x00000006caa1b2f8,0x00000006ce980000)
 Metaspace       used 107143K, capacity 113580K, committed 113752K, reserved 1148928K
  class space    used 13491K, capacity 14667K, committed 14720K, reserved 1048576K
}
Event: 1440.821 GC heap before
{Heap before GC invocations=29 (full 4):
 PSYoungGen      total 482816K, used 452073K [0x000000076ab00000, 0x000000078e100000, 0x00000007c0000000)
  eden space 404480K, 100% used [0x000000076ab00000,0x0000000783600000,0x0000000783600000)
  from space 78336K, 60% used [0x0000000789480000,0x000000078c2fa5c0,0x000000078e100000)
  to   space 87552K, 0% used [0x0000000783600000,0x0000000783600000,0x0000000788b80000)
 ParOldGen       total 239104K, used 174188K [0x00000006c0000000, 0x00000006ce980000, 0x000000076ab00000)
  object space 239104K, 72% used [0x00000006c0000000,0x00000006caa1b2f8,0x00000006ce980000)
 Metaspace       used 109494K, capacity 116048K, committed 116184K, reserved 1150976K
  class space    used 13611K, capacity 14797K, committed 14848K, reserved 1048576K
Event: 1440.974 GC heap after
Heap after GC invocations=29 (full 4):
 PSYoungGen      total 492032K, used 82789K [0x000000076ab00000, 0x0000000791080000, 0x00000007c0000000)
  eden space 404480K, 0% used [0x000000076ab00000,0x000000076ab00000,0x0000000783600000)
  from space 87552K, 94% used [0x0000000783600000,0x00000007886d97c8,0x0000000788b80000)
  to   space 99328K, 0% used [0x000000078af80000,0x000000078af80000,0x0000000791080000)
 ParOldGen       total 239104K, used 174196K [0x00000006c0000000, 0x00000006ce980000, 0x000000076ab00000)
  object space 239104K, 72% used [0x00000006c0000000,0x00000006caa1d2f8,0x00000006ce980000)
 Metaspace       used 109494K, capacity 116048K, committed 116184K, reserved 1150976K
  class space    used 13611K, capacity 14797K, committed 14848K, reserved 1048576K
}

