# JRE version: OpenJDK Runtime Environment (8.0_242-b01) (build 1.8.0_242-release-1644-b01)
# Java VM: OpenJDK 64-Bit Server VM (25.242-b01 mixed mode windows-amd64 compressed oops)
Heap:
 PSYoungGen      total 128512K, used 82342K [0x00000000d5580000, 0x00000000de600000, 0x0000000100000000)
  eden space 120320K, 61% used [0x00000000d5580000,0x00000000d9def738,0x00000000dcb00000)
  from space 8192K, 99% used [0x00000000dde00000,0x00000000de5fa150,0x00000000de600000)
  to   space 11264K, 0% used [0x00000000dd000000,0x00000000dd000000,0x00000000ddb00000)
 ParOldGen       total 74752K, used 18333K [0x0000000080000000, 0x0000000084900000, 0x00000000d5580000)
  object space 74752K, 24% used [0x0000000080000000,0x00000000811e7570,0x0000000084900000)
 Metaspace       used 46132K, capacity 48092K, committed 48472K, reserved 1091584K
  class space    used 6250K, capacity 6658K, committed 6784K, reserved 1048576K
GC Heap History (10 events):
Event: 15.448 GC heap before
{Heap before GC invocations=8 (full 1):
 PSYoungGen      total 75264K, used 4036K [0x00000000d5580000, 0x00000000de880000, 0x0000000100000000)
  eden space 64512K, 0% used [0x00000000d5580000,0x00000000d5580000,0x00000000d9480000)
  from space 10752K, 37% used [0x00000000d9480000,0x00000000d9871050,0x00000000d9f00000)
  to   space 10752K, 0% used [0x00000000dde00000,0x00000000dde00000,0x00000000de880000)
 ParOldGen       total 86016K, used 9020K [0x0000000080000000, 0x0000000085400000, 0x00000000d5580000)
  object space 86016K, 10% used [0x0000000080000000,0x00000000808cf0c0,0x0000000085400000)
 Metaspace       used 20527K, capacity 21204K, committed 21248K, reserved 1067008K
  class space    used 2865K, capacity 3048K, committed 3072K, reserved 1048576K
Event: 15.559 GC heap after
Heap after GC invocations=8 (full 1):
 PSYoungGen      total 75264K, used 0K [0x00000000d5580000, 0x00000000de880000, 0x0000000100000000)
  eden space 64512K, 0% used [0x00000000d5580000,0x00000000d5580000,0x00000000d9480000)
  from space 10752K, 0% used [0x00000000d9480000,0x00000000d9480000,0x00000000d9f00000)
  to   space 10752K, 0% used [0x00000000dde00000,0x00000000dde00000,0x00000000de880000)
 ParOldGen       total 48128K, used 7005K [0x0000000080000000, 0x0000000082f00000, 0x00000000d5580000)
  object space 48128K, 14% used [0x0000000080000000,0x00000000806d7648,0x0000000082f00000)
 Metaspace       used 20527K, capacity 21204K, committed 21248K, reserved 1067008K
  class space    used 2865K, capacity 3048K, committed 3072K, reserved 1048576K
}
Event: 17.551 GC heap before
{Heap before GC invocations=9 (full 1):
 PSYoungGen      total 75264K, used 64512K [0x00000000d5580000, 0x00000000de880000, 0x0000000100000000)
  eden space 64512K, 100% used [0x00000000d5580000,0x00000000d9480000,0x00000000d9480000)
  from space 10752K, 0% used [0x00000000d9480000,0x00000000d9480000,0x00000000d9f00000)
  to   space 10752K, 0% used [0x00000000dde00000,0x00000000dde00000,0x00000000de880000)
 ParOldGen       total 48128K, used 7005K [0x0000000080000000, 0x0000000082f00000, 0x00000000d5580000)
  object space 48128K, 14% used [0x0000000080000000,0x00000000806d7648,0x0000000082f00000)
 Metaspace       used 28262K, capacity 29130K, committed 29568K, reserved 1075200K
  class space    used 3896K, capacity 4133K, committed 4224K, reserved 1048576K
Event: 17.569 GC heap after
Heap after GC invocations=9 (full 1):
 PSYoungGen      total 128512K, used 8111K [0x00000000d5580000, 0x00000000de600000, 0x0000000100000000)
  eden space 120320K, 0% used [0x00000000d5580000,0x00000000d5580000,0x00000000dcb00000)
  from space 8192K, 99% used [0x00000000dde00000,0x00000000de5ebdd8,0x00000000de600000)
  to   space 11264K, 0% used [0x00000000dd000000,0x00000000dd000000,0x00000000ddb00000)
 ParOldGen       total 48128K, used 7013K [0x0000000080000000, 0x0000000082f00000, 0x00000000d5580000)
  object space 48128K, 14% used [0x0000000080000000,0x00000000806d9648,0x0000000082f00000)
 Metaspace       used 28262K, capacity 29130K, committed 29568K, reserved 1075200K
  class space    used 3896K, capacity 4133K, committed 4224K, reserved 1048576K
}
Event: 19.903 GC heap before
{Heap before GC invocations=10 (full 1):
 PSYoungGen      total 128512K, used 105749K [0x00000000d5580000, 0x00000000de600000, 0x0000000100000000)
  eden space 120320K, 81% used [0x00000000d5580000,0x00000000db4d98c0,0x00000000dcb00000)
  from space 8192K, 99% used [0x00000000dde00000,0x00000000de5ebdd8,0x00000000de600000)
  to   space 11264K, 0% used [0x00000000dd000000,0x00000000dd000000,0x00000000ddb00000)
 ParOldGen       total 48128K, used 7013K [0x0000000080000000, 0x0000000082f00000, 0x00000000d5580000)
  object space 48128K, 14% used [0x0000000080000000,0x00000000806d9648,0x0000000082f00000)
 Metaspace       used 34254K, capacity 35392K, committed 35416K, reserved 1079296K
  class space    used 4719K, capacity 4973K, committed 4992K, reserved 1048576K
Event: 19.934 GC heap after
Heap after GC invocations=10 (full 1):
 PSYoungGen      total 131584K, used 11235K [0x00000000d5580000, 0x00000000de600000, 0x0000000100000000)
  eden space 120320K, 0% used [0x00000000d5580000,0x00000000d5580000,0x00000000dcb00000)
  from space 11264K, 99% used [0x00000000dd000000,0x00000000ddaf8db8,0x00000000ddb00000)
  to   space 8192K, 0% used [0x00000000dde00000,0x00000000dde00000,0x00000000de600000)
 ParOldGen       total 48128K, used 7135K [0x0000000080000000, 0x0000000082f00000, 0x00000000d5580000)
  object space 48128K, 14% used [0x0000000080000000,0x00000000806f7fd0,0x0000000082f00000)
 Metaspace       used 34254K, capacity 35392K, committed 35416K, reserved 1079296K
  class space    used 4719K, capacity 4973K, committed 4992K, reserved 1048576K
}
Event: 19.934 GC heap before
{Heap before GC invocations=11 (full 2):
 PSYoungGen      total 131584K, used 11235K [0x00000000d5580000, 0x00000000de600000, 0x0000000100000000)
  eden space 120320K, 0% used [0x00000000d5580000,0x00000000d5580000,0x00000000dcb00000)
  from space 11264K, 99% used [0x00000000dd000000,0x00000000ddaf8db8,0x00000000ddb00000)
  to   space 8192K, 0% used [0x00000000dde00000,0x00000000dde00000,0x00000000de600000)
 ParOldGen       total 48128K, used 7135K [0x0000000080000000, 0x0000000082f00000, 0x00000000d5580000)
  object space 48128K, 14% used [0x0000000080000000,0x00000000806f7fd0,0x0000000082f00000)
 Metaspace       used 34254K, capacity 35392K, committed 35416K, reserved 1079296K
  class space    used 4719K, capacity 4973K, committed 4992K, reserved 1048576K
Event: 20.154 GC heap after
Heap after GC invocations=11 (full 2):
 PSYoungGen      total 131584K, used 0K [0x00000000d5580000, 0x00000000de600000, 0x0000000100000000)
  eden space 120320K, 0% used [0x00000000d5580000,0x00000000d5580000,0x00000000dcb00000)
  from space 11264K, 0% used [0x00000000dd000000,0x00000000dd000000,0x00000000ddb00000)
  to   space 8192K, 0% used [0x00000000dde00000,0x00000000dde00000,0x00000000de600000)
 ParOldGen       total 74752K, used 17738K [0x0000000080000000, 0x0000000084900000, 0x00000000d5580000)
  object space 74752K, 23% used [0x0000000080000000,0x0000000081152a70,0x0000000084900000)
 Metaspace       used 34254K, capacity 35392K, committed 35416K, reserved 1079296K
  class space    used 4719K, capacity 4973K, committed 4992K, reserved 1048576K
}
Event: 22.950 GC heap before
{Heap before GC invocations=12 (full 2):
 PSYoungGen      total 131584K, used 120320K [0x00000000d5580000, 0x00000000de600000, 0x0000000100000000)
  eden space 120320K, 100% used [0x00000000d5580000,0x00000000dcb00000,0x00000000dcb00000)
  from space 11264K, 0% used [0x00000000dd000000,0x00000000dd000000,0x00000000ddb00000)
  to   space 8192K, 0% used [0x00000000dde00000,0x00000000dde00000,0x00000000de600000)
 ParOldGen       total 74752K, used 17738K [0x0000000080000000, 0x0000000084900000, 0x00000000d5580000)
  object space 74752K, 23% used [0x0000000080000000,0x0000000081152a70,0x0000000084900000)
 Metaspace       used 38203K, capacity 39904K, committed 40152K, reserved 1083392K
  class space    used 5275K, capacity 5622K, committed 5632K, reserved 1048576K
Event: 22.968 GC heap after
Heap after GC invocations=12 (full 2):
 PSYoungGen      total 128512K, used 8168K [0x00000000d5580000, 0x00000000de600000, 0x0000000100000000)
  eden space 120320K, 0% used [0x00000000d5580000,0x00000000d5580000,0x00000000dcb00000)
  from space 8192K, 99% used [0x00000000dde00000,0x00000000de5fa150,0x00000000de600000)
  to   space 11264K, 0% used [0x00000000dd000000,0x00000000dd000000,0x00000000ddb00000)
 ParOldGen       total 74752K, used 18333K [0x0000000080000000, 0x0000000084900000, 0x00000000d5580000)
  object space 74752K, 24% used [0x0000000080000000,0x00000000811e7570,0x0000000084900000)
 Metaspace       used 38203K, capacity 39904K, committed 40152K, reserved 1083392K
  class space    used 5275K, capacity 5622K, committed 5632K, reserved 1048576K
}

