# JRE version: OpenJDK Runtime Environment (8.0_242-b01) (build 1.8.0_242-release-1644-b01)
# Java VM: OpenJDK 64-Bit Server VM (25.242-b01 mixed mode windows-amd64 compressed oops)
Heap:
 PSYoungGen      total 269824K, used 81456K [0x00000000d5580000, 0x00000000ebd80000, 0x0000000100000000)
  eden space 250368K, 24% used [0x00000000d5580000,0x00000000d9212858,0x00000000e4a00000)
  from space 19456K, 99% used [0x00000000e4a00000,0x00000000e5cf98b0,0x00000000e5d00000)
  to   space 24064K, 0% used [0x00000000ea600000,0x00000000ea600000,0x00000000ebd80000)
 ParOldGen       total 103424K, used 40774K [0x0000000080000000, 0x0000000086500000, 0x00000000d5580000)
  object space 103424K, 39% used [0x0000000080000000,0x00000000827d1b58,0x0000000086500000)
 Metaspace       used 67658K, capacity 71182K, committed 71512K, reserved 1112064K
  class space    used 9345K, capacity 10037K, committed 10112K, reserved 1048576K
GC Heap History (10 events):
Event: 27.533 GC heap before
{Heap before GC invocations=12 (full 2):
 PSYoungGen      total 136192K, used 124928K [0x00000000d5580000, 0x00000000e2b80000, 0x0000000100000000)
  eden space 124928K, 100% used [0x00000000d5580000,0x00000000dcf80000,0x00000000dcf80000)
  from space 11264K, 0% used [0x00000000dcf80000,0x00000000dcf80000,0x00000000dda80000)
  to   space 12800K, 0% used [0x00000000e1f00000,0x00000000e1f00000,0x00000000e2b80000)
 ParOldGen       total 65536K, used 17949K [0x0000000080000000, 0x0000000084000000, 0x00000000d5580000)
  object space 65536K, 27% used [0x0000000080000000,0x0000000081187408,0x0000000084000000)
 Metaspace       used 39021K, capacity 40824K, committed 41048K, reserved 1085440K
  class space    used 5384K, capacity 5746K, committed 5760K, reserved 1048576K
Event: 27.564 GC heap after
Heap after GC invocations=12 (full 2):
 PSYoungGen      total 188928K, used 10034K [0x00000000d5580000, 0x00000000e2900000, 0x0000000100000000)
  eden space 178688K, 0% used [0x00000000d5580000,0x00000000d5580000,0x00000000e0400000)
  from space 10240K, 97% used [0x00000000e1f00000,0x00000000e28cc848,0x00000000e2900000)
  to   space 13312K, 0% used [0x00000000e0f00000,0x00000000e0f00000,0x00000000e1c00000)
 ParOldGen       total 65536K, used 17957K [0x0000000080000000, 0x0000000084000000, 0x00000000d5580000)
  object space 65536K, 27% used [0x0000000080000000,0x0000000081189408,0x0000000084000000)
 Metaspace       used 39021K, capacity 40824K, committed 41048K, reserved 1085440K
  class space    used 5384K, capacity 5746K, committed 5760K, reserved 1048576K
}
Event: 34.790 GC heap before
{Heap before GC invocations=13 (full 2):
 PSYoungGen      total 188928K, used 188722K [0x00000000d5580000, 0x00000000e2900000, 0x0000000100000000)
  eden space 178688K, 100% used [0x00000000d5580000,0x00000000e0400000,0x00000000e0400000)
  from space 10240K, 97% used [0x00000000e1f00000,0x00000000e28cc848,0x00000000e2900000)
  to   space 13312K, 0% used [0x00000000e0f00000,0x00000000e0f00000,0x00000000e1c00000)
 ParOldGen       total 65536K, used 17957K [0x0000000080000000, 0x0000000084000000, 0x00000000d5580000)
  object space 65536K, 27% used [0x0000000080000000,0x0000000081189408,0x0000000084000000)
 Metaspace       used 52682K, capacity 54748K, committed 55128K, reserved 1097728K
  class space    used 7056K, capacity 7455K, committed 7552K, reserved 1048576K
Event: 34.859 GC heap after
Heap after GC invocations=13 (full 2):
 PSYoungGen      total 203264K, used 13293K [0x00000000d5580000, 0x00000000e7080000, 0x0000000100000000)
  eden space 189952K, 0% used [0x00000000d5580000,0x00000000d5580000,0x00000000e0f00000)
  from space 13312K, 99% used [0x00000000e0f00000,0x00000000e1bfb5c0,0x00000000e1c00000)
  to   space 19968K, 0% used [0x00000000e5d00000,0x00000000e5d00000,0x00000000e7080000)
 ParOldGen       total 65536K, used 30705K [0x0000000080000000, 0x0000000084000000, 0x00000000d5580000)
  object space 65536K, 46% used [0x0000000080000000,0x0000000081dfc570,0x0000000084000000)
 Metaspace       used 52682K, capacity 54748K, committed 55128K, reserved 1097728K
  class space    used 7056K, capacity 7455K, committed 7552K, reserved 1048576K
}
Event: 37.475 GC heap before
{Heap before GC invocations=14 (full 2):
 PSYoungGen      total 203264K, used 69588K [0x00000000d5580000, 0x00000000e7080000, 0x0000000100000000)
  eden space 189952K, 29% used [0x00000000d5580000,0x00000000d8c79a90,0x00000000e0f00000)
  from space 13312K, 99% used [0x00000000e0f00000,0x00000000e1bfb5c0,0x00000000e1c00000)
  to   space 19968K, 0% used [0x00000000e5d00000,0x00000000e5d00000,0x00000000e7080000)
 ParOldGen       total 65536K, used 30705K [0x0000000080000000, 0x0000000084000000, 0x00000000d5580000)
  object space 65536K, 46% used [0x0000000080000000,0x0000000081dfc570,0x0000000084000000)
 Metaspace       used 56403K, capacity 58828K, committed 58968K, reserved 1099776K
  class space    used 7690K, capacity 8226K, committed 8320K, reserved 1048576K
Event: 37.531 GC heap after
Heap after GC invocations=14 (full 2):
 PSYoungGen      total 270336K, used 6723K [0x00000000d5580000, 0x00000000e7b00000, 0x0000000100000000)
  eden space 250368K, 0% used [0x00000000d5580000,0x00000000d5580000,0x00000000e4a00000)
  from space 19968K, 33% used [0x00000000e5d00000,0x00000000e6390c88,0x00000000e7080000)
  to   space 19456K, 0% used [0x00000000e4a00000,0x00000000e4a00000,0x00000000e5d00000)
 ParOldGen       total 65536K, used 42386K [0x0000000080000000, 0x0000000084000000, 0x00000000d5580000)
  object space 65536K, 64% used [0x0000000080000000,0x0000000082964a38,0x0000000084000000)
 Metaspace       used 56403K, capacity 58828K, committed 58968K, reserved 1099776K
  class space    used 7690K, capacity 8226K, committed 8320K, reserved 1048576K
}
Event: 37.531 GC heap before
{Heap before GC invocations=15 (full 3):
 PSYoungGen      total 270336K, used 6723K [0x00000000d5580000, 0x00000000e7b00000, 0x0000000100000000)
  eden space 250368K, 0% used [0x00000000d5580000,0x00000000d5580000,0x00000000e4a00000)
  from space 19968K, 33% used [0x00000000e5d00000,0x00000000e6390c88,0x00000000e7080000)
  to   space 19456K, 0% used [0x00000000e4a00000,0x00000000e4a00000,0x00000000e5d00000)
 ParOldGen       total 65536K, used 42386K [0x0000000080000000, 0x0000000084000000, 0x00000000d5580000)
  object space 65536K, 64% used [0x0000000080000000,0x0000000082964a38,0x0000000084000000)
 Metaspace       used 56403K, capacity 58828K, committed 58968K, reserved 1099776K
  class space    used 7690K, capacity 8226K, committed 8320K, reserved 1048576K
Event: 38.434 GC heap after
Heap after GC invocations=15 (full 3):
 PSYoungGen      total 270336K, used 0K [0x00000000d5580000, 0x00000000e7b00000, 0x0000000100000000)
  eden space 250368K, 0% used [0x00000000d5580000,0x00000000d5580000,0x00000000e4a00000)
  from space 19968K, 0% used [0x00000000e5d00000,0x00000000e5d00000,0x00000000e7080000)
  to   space 19456K, 0% used [0x00000000e4a00000,0x00000000e4a00000,0x00000000e5d00000)
 ParOldGen       total 103424K, used 36047K [0x0000000080000000, 0x0000000086500000, 0x00000000d5580000)
  object space 103424K, 34% used [0x0000000080000000,0x0000000082333e50,0x0000000086500000)
 Metaspace       used 56373K, capacity 58726K, committed 58968K, reserved 1099776K
  class space    used 7681K, capacity 8209K, committed 8320K, reserved 1048576K
}
Event: 48.795 GC heap before
{Heap before GC invocations=16 (full 3):
 PSYoungGen      total 270336K, used 250364K [0x00000000d5580000, 0x00000000e7b00000, 0x0000000100000000)
  eden space 250368K, 99% used [0x00000000d5580000,0x00000000e49ff1f8,0x00000000e4a00000)
  from space 19968K, 0% used [0x00000000e5d00000,0x00000000e5d00000,0x00000000e7080000)
  to   space 19456K, 0% used [0x00000000e4a00000,0x00000000e4a00000,0x00000000e5d00000)
 ParOldGen       total 103424K, used 36047K [0x0000000080000000, 0x0000000086500000, 0x00000000d5580000)
  object space 103424K, 34% used [0x0000000080000000,0x0000000082333e50,0x0000000086500000)
 Metaspace       used 66621K, capacity 70042K, committed 70360K, reserved 1110016K
  class space    used 9242K, capacity 9895K, committed 9984K, reserved 1048576K
Event: 48.852 GC heap after
Heap after GC invocations=16 (full 3):
 PSYoungGen      total 269824K, used 19430K [0x00000000d5580000, 0x00000000ebd80000, 0x0000000100000000)
  eden space 250368K, 0% used [0x00000000d5580000,0x00000000d5580000,0x00000000e4a00000)
  from space 19456K, 99% used [0x00000000e4a00000,0x00000000e5cf98b0,0x00000000e5d00000)
  to   space 24064K, 0% used [0x00000000ea600000,0x00000000ea600000,0x00000000ebd80000)
 ParOldGen       total 103424K, used 40774K [0x0000000080000000, 0x0000000086500000, 0x00000000d5580000)
  object space 103424K, 39% used [0x0000000080000000,0x00000000827d1b58,0x0000000086500000)
 Metaspace       used 66621K, capacity 70042K, committed 70360K, reserved 1110016K
  class space    used 9242K, capacity 9895K, committed 9984K, reserved 1048576K
}

