# JRE version: OpenJDK Runtime Environment (8.0_242-b01) (build 1.8.0_242-release-1644-b01)
# Java VM: OpenJDK 64-Bit Server VM (25.242-b01 mixed mode windows-amd64 compressed oops)
Heap:
 PSYoungGen      total 837632K, used 102327K [0x000000076ab00000, 0x00000007b5600000, 0x00000007c0000000)
  eden space 451584K, 11% used [0x000000076ab00000,0x000000076df69158,0x0000000786400000)
  from space 386048K, 12% used [0x000000079dd00000,0x00000007a0c84ba8,0x00000007b5600000)
  to   space 344064K, 0% used [0x0000000787780000,0x0000000787780000,0x000000079c780000)
 ParOldGen       total 336896K, used 208046K [0x00000006c0000000, 0x00000006d4900000, 0x000000076ab00000)
  object space 336896K, 61% used [0x00000006c0000000,0x00000006ccb2b920,0x00000006d4900000)
 Metaspace       used 109992K, capacity 117270K, committed 136152K, reserved 1169408K
  class space    used 13516K, capacity 14728K, committed 15872K, reserved 1048576K
GC Heap History (10 events):
Event: 4144.623 GC heap before
{Heap before GC invocations=36 (full 5):
 PSYoungGen      total 837632K, used 769706K [0x000000076ab00000, 0x00000007b5600000, 0x00000007c0000000)
  eden space 451584K, 100% used [0x000000076ab00000,0x0000000786400000,0x0000000786400000)
  from space 386048K, 82% used [0x000000079dd00000,0x00000007b13aab08,0x00000007b5600000)
  to   space 344064K, 0% used [0x0000000787780000,0x0000000787780000,0x000000079c780000)
 ParOldGen       total 336896K, used 238995K [0x00000006c0000000, 0x00000006d4900000, 0x000000076ab00000)
  object space 336896K, 70% used [0x00000006c0000000,0x00000006ce964d48,0x00000006d4900000)
 Metaspace       used 124339K, capacity 132132K, committed 132440K, reserved 1165312K
  class space    used 14316K, capacity 15621K, committed 15744K, reserved 1048576K
Event: 4145.036 GC heap after
Heap after GC invocations=36 (full 5):
 PSYoungGen      total 795648K, used 336886K [0x000000076ab00000, 0x00000007b5600000, 0x00000007c0000000)
  eden space 451584K, 0% used [0x000000076ab00000,0x000000076ab00000,0x0000000786400000)
  from space 344064K, 97% used [0x0000000787780000,0x000000079c07d9c8,0x000000079c780000)
  to   space 386048K, 0% used [0x000000079dd00000,0x000000079dd00000,0x00000007b5600000)
 ParOldGen       total 336896K, used 239003K [0x00000006c0000000, 0x00000006d4900000, 0x000000076ab00000)
  object space 336896K, 70% used [0x00000006c0000000,0x00000006ce966d48,0x00000006d4900000)
 Metaspace       used 124339K, capacity 132132K, committed 132440K, reserved 1165312K
  class space    used 14316K, capacity 15621K, committed 15744K, reserved 1048576K
}
Event: 4243.000 GC heap before
{Heap before GC invocations=37 (full 5):
 PSYoungGen      total 795648K, used 788470K [0x000000076ab00000, 0x00000007b5600000, 0x00000007c0000000)
  eden space 451584K, 100% used [0x000000076ab00000,0x0000000786400000,0x0000000786400000)
  from space 344064K, 97% used [0x0000000787780000,0x000000079c07d9c8,0x000000079c780000)
  to   space 386048K, 0% used [0x000000079dd00000,0x000000079dd00000,0x00000007b5600000)
 ParOldGen       total 336896K, used 239003K [0x00000006c0000000, 0x00000006d4900000, 0x000000076ab00000)
  object space 336896K, 70% used [0x00000006c0000000,0x00000006ce966d48,0x00000006d4900000)
 Metaspace       used 126232K, capacity 134066K, committed 134232K, reserved 1167360K
  class space    used 14417K, capacity 15728K, committed 15744K, reserved 1048576K
Event: 4243.482 GC heap after
Heap after GC invocations=37 (full 5):
 PSYoungGen      total 837632K, used 357894K [0x000000076ab00000, 0x00000007b5600000, 0x00000007c0000000)
  eden space 451584K, 0% used [0x000000076ab00000,0x000000076ab00000,0x0000000786400000)
  from space 386048K, 92% used [0x000000079dd00000,0x00000007b3a81bf0,0x00000007b5600000)
  to   space 344064K, 0% used [0x0000000787780000,0x0000000787780000,0x000000079c780000)
 ParOldGen       total 336896K, used 239011K [0x00000006c0000000, 0x00000006d4900000, 0x000000076ab00000)
  object space 336896K, 70% used [0x00000006c0000000,0x00000006ce968d48,0x00000006d4900000)
 Metaspace       used 126232K, capacity 134066K, committed 134232K, reserved 1167360K
  class space    used 14417K, capacity 15728K, committed 15744K, reserved 1048576K
}
Event: 4253.321 GC heap before
{Heap before GC invocations=38 (full 5):
 PSYoungGen      total 837632K, used 809478K [0x000000076ab00000, 0x00000007b5600000, 0x00000007c0000000)
  eden space 451584K, 100% used [0x000000076ab00000,0x0000000786400000,0x0000000786400000)
  from space 386048K, 92% used [0x000000079dd00000,0x00000007b3a81bf0,0x00000007b5600000)
  to   space 344064K, 0% used [0x0000000787780000,0x0000000787780000,0x000000079c780000)
 ParOldGen       total 336896K, used 239011K [0x00000006c0000000, 0x00000006d4900000, 0x000000076ab00000)
  object space 336896K, 70% used [0x00000006c0000000,0x00000006ce968d48,0x00000006d4900000)
 Metaspace       used 128089K, capacity 135924K, committed 136152K, reserved 1169408K
  class space    used 14515K, capacity 15833K, committed 15872K, reserved 1048576K
Event: 4253.900 GC heap after
Heap after GC invocations=38 (full 5):
 PSYoungGen      total 795648K, used 344041K [0x000000076ab00000, 0x00000007b5600000, 0x00000007c0000000)
  eden space 451584K, 0% used [0x000000076ab00000,0x000000076ab00000,0x0000000786400000)
  from space 344064K, 99% used [0x0000000787780000,0x000000079c77a6b0,0x000000079c780000)
  to   space 386048K, 0% used [0x000000079dd00000,0x000000079dd00000,0x00000007b5600000)
 ParOldGen       total 336896K, used 298333K [0x00000006c0000000, 0x00000006d4900000, 0x000000076ab00000)
  object space 336896K, 88% used [0x00000006c0000000,0x00000006d23576f0,0x00000006d4900000)
 Metaspace       used 128089K, capacity 135924K, committed 136152K, reserved 1169408K
  class space    used 14515K, capacity 15833K, committed 15872K, reserved 1048576K
}
Event: 4253.900 GC heap before
{Heap before GC invocations=39 (full 6):
 PSYoungGen      total 795648K, used 344041K [0x000000076ab00000, 0x00000007b5600000, 0x00000007c0000000)
  eden space 451584K, 0% used [0x000000076ab00000,0x000000076ab00000,0x0000000786400000)
  from space 344064K, 99% used [0x0000000787780000,0x000000079c77a6b0,0x000000079c780000)
  to   space 386048K, 0% used [0x000000079dd00000,0x000000079dd00000,0x00000007b5600000)
 ParOldGen       total 336896K, used 298333K [0x00000006c0000000, 0x00000006d4900000, 0x000000076ab00000)
  object space 336896K, 88% used [0x00000006c0000000,0x00000006d23576f0,0x00000006d4900000)
 Metaspace       used 128089K, capacity 135924K, committed 136152K, reserved 1169408K
  class space    used 14515K, capacity 15833K, committed 15872K, reserved 1048576K
Event: 4255.612 GC heap after
Heap after GC invocations=39 (full 6):
 PSYoungGen      total 795648K, used 0K [0x000000076ab00000, 0x00000007b5600000, 0x00000007c0000000)
  eden space 451584K, 0% used [0x000000076ab00000,0x000000076ab00000,0x0000000786400000)
  from space 344064K, 0% used [0x0000000787780000,0x0000000787780000,0x000000079c780000)
  to   space 386048K, 0% used [0x000000079dd00000,0x000000079dd00000,0x00000007b5600000)
 ParOldGen       total 336896K, used 208038K [0x00000006c0000000, 0x00000006d4900000, 0x000000076ab00000)
  object space 336896K, 61% used [0x00000006c0000000,0x00000006ccb29920,0x00000006d4900000)
 Metaspace       used 108103K, capacity 115264K, committed 136152K, reserved 1169408K
  class space    used 13418K, capacity 14621K, committed 15872K, reserved 1048576K
}
Event: 4428.317 GC heap before
{Heap before GC invocations=40 (full 6):
 PSYoungGen      total 795648K, used 451584K [0x000000076ab00000, 0x00000007b5600000, 0x00000007c0000000)
  eden space 451584K, 100% used [0x000000076ab00000,0x0000000786400000,0x0000000786400000)
  from space 344064K, 0% used [0x0000000787780000,0x0000000787780000,0x000000079c780000)
  to   space 386048K, 0% used [0x000000079dd00000,0x000000079dd00000,0x00000007b5600000)
 ParOldGen       total 336896K, used 208038K [0x00000006c0000000, 0x00000006d4900000, 0x000000076ab00000)
  object space 336896K, 61% used [0x00000006c0000000,0x00000006ccb29920,0x00000006d4900000)
 Metaspace       used 109986K, capacity 117266K, committed 136152K, reserved 1169408K
  class space    used 13516K, capacity 14728K, committed 15872K, reserved 1048576K
Event: 4428.391 GC heap after
Heap after GC invocations=40 (full 6):
 PSYoungGen      total 837632K, used 48658K [0x000000076ab00000, 0x00000007b5600000, 0x00000007c0000000)
  eden space 451584K, 0% used [0x000000076ab00000,0x000000076ab00000,0x0000000786400000)
  from space 386048K, 12% used [0x000000079dd00000,0x00000007a0c84ba8,0x00000007b5600000)
  to   space 344064K, 0% used [0x0000000787780000,0x0000000787780000,0x000000079c780000)
 ParOldGen       total 336896K, used 208046K [0x00000006c0000000, 0x00000006d4900000, 0x000000076ab00000)
  object space 336896K, 61% used [0x00000006c0000000,0x00000006ccb2b920,0x00000006d4900000)
 Metaspace       used 109986K, capacity 117266K, committed 136152K, reserved 1169408K
  class space    used 13516K, capacity 14728K, committed 15872K, reserved 1048576K
}

