# JRE version: OpenJDK Runtime Environment (8.0_242-b01) (build 1.8.0_242-release-1644-b01)
# Java VM: OpenJDK 64-Bit Server VM (25.242-b01 mixed mode windows-amd64 compressed oops)
Heap:
 PSYoungGen      total 331776K, used 7765K [0x000000076ab00000, 0x0000000782b80000, 0x00000007c0000000)
  eden space 295936K, 2% used [0x000000076ab00000,0x000000076b295748,0x000000077cc00000)
  from space 35840K, 0% used [0x0000000780880000,0x0000000780880000,0x0000000782b80000)
  to   space 29696K, 0% used [0x000000077cc00000,0x000000077cc00000,0x000000077e900000)
 ParOldGen       total 129536K, used 121071K [0x00000006c0000000, 0x00000006c7e80000, 0x000000076ab00000)
  object space 129536K, 93% used [0x00000006c0000000,0x00000006c763bd90,0x00000006c7e80000)
 Metaspace       used 93946K, capacity 98014K, committed 98520K, reserved 1134592K
  class space    used 11885K, capacity 12690K, committed 12800K, reserved 1048576K
GC Heap History (10 events):
Event: 836.026 GC heap before
{Heap before GC invocations=18 (full 3):
 PSYoungGen      total 271872K, used 268155K [0x000000076ab00000, 0x000000077d080000, 0x00000007c0000000)
  eden space 258560K, 100% used [0x000000076ab00000,0x000000077a780000,0x000000077a780000)
  from space 13312K, 72% used [0x000000077c380000,0x000000077ccded78,0x000000077d080000)
  to   space 20992K, 0% used [0x000000077a780000,0x000000077a780000,0x000000077bc00000)
 ParOldGen       total 118272K, used 55993K [0x00000006c0000000, 0x00000006c7380000, 0x000000076ab00000)
  object space 118272K, 47% used [0x00000006c0000000,0x00000006c36ae670,0x00000006c7380000)
 Metaspace       used 74658K, capacity 78534K, committed 78808K, reserved 1118208K
  class space    used 9916K, capacity 10683K, committed 10752K, reserved 1048576K
Event: 836.122 GC heap after
Heap after GC invocations=18 (full 3):
 PSYoungGen      total 279552K, used 20976K [0x000000076ab00000, 0x0000000780780000, 0x00000007c0000000)
  eden space 258560K, 0% used [0x000000076ab00000,0x000000076ab00000,0x000000077a780000)
  from space 20992K, 99% used [0x000000077a780000,0x000000077bbfc168,0x000000077bc00000)
  to   space 29696K, 0% used [0x000000077ea80000,0x000000077ea80000,0x0000000780780000)
 ParOldGen       total 118272K, used 71495K [0x00000006c0000000, 0x00000006c7380000, 0x000000076ab00000)
  object space 118272K, 60% used [0x00000006c0000000,0x00000006c45d1da0,0x00000006c7380000)
 Metaspace       used 74658K, capacity 78534K, committed 78808K, reserved 1118208K
  class space    used 9916K, capacity 10683K, committed 10752K, reserved 1048576K
}
Event: 848.970 GC heap before
{Heap before GC invocations=19 (full 3):
 PSYoungGen      total 279552K, used 279536K [0x000000076ab00000, 0x0000000780780000, 0x00000007c0000000)
  eden space 258560K, 100% used [0x000000076ab00000,0x000000077a780000,0x000000077a780000)
  from space 20992K, 99% used [0x000000077a780000,0x000000077bbfc168,0x000000077bc00000)
  to   space 29696K, 0% used [0x000000077ea80000,0x000000077ea80000,0x0000000780780000)
 ParOldGen       total 118272K, used 71495K [0x00000006c0000000, 0x00000006c7380000, 0x000000076ab00000)
  object space 118272K, 60% used [0x00000006c0000000,0x00000006c45d1da0,0x00000006c7380000)
 Metaspace       used 80360K, capacity 84410K, committed 84568K, reserved 1122304K
  class space    used 10559K, capacity 11321K, committed 11392K, reserved 1048576K
Event: 849.090 GC heap after
Heap after GC invocations=19 (full 3):
 PSYoungGen      total 324096K, used 17197K [0x000000076ab00000, 0x0000000780600000, 0x00000007c0000000)
  eden space 295936K, 0% used [0x000000076ab00000,0x000000076ab00000,0x000000077cc00000)
  from space 28160K, 61% used [0x000000077ea80000,0x000000077fb4b4f8,0x0000000780600000)
  to   space 29696K, 0% used [0x000000077cc00000,0x000000077cc00000,0x000000077e900000)
 ParOldGen       total 118272K, used 91756K [0x00000006c0000000, 0x00000006c7380000, 0x000000076ab00000)
  object space 118272K, 77% used [0x00000006c0000000,0x00000006c599b290,0x00000006c7380000)
 Metaspace       used 80360K, capacity 84410K, committed 84568K, reserved 1122304K
  class space    used 10559K, capacity 11321K, committed 11392K, reserved 1048576K
}
Event: 866.564 GC heap before
{Heap before GC invocations=20 (full 3):
 PSYoungGen      total 324096K, used 313133K [0x000000076ab00000, 0x0000000780600000, 0x00000007c0000000)
  eden space 295936K, 100% used [0x000000076ab00000,0x000000077cc00000,0x000000077cc00000)
  from space 28160K, 61% used [0x000000077ea80000,0x000000077fb4b4f8,0x0000000780600000)
  to   space 29696K, 0% used [0x000000077cc00000,0x000000077cc00000,0x000000077e900000)
 ParOldGen       total 118272K, used 91756K [0x00000006c0000000, 0x00000006c7380000, 0x000000076ab00000)
  object space 118272K, 77% used [0x00000006c0000000,0x00000006c599b290,0x00000006c7380000)
 Metaspace       used 86900K, capacity 91206K, committed 91224K, reserved 1128448K
  class space    used 11327K, capacity 12154K, committed 12160K, reserved 1048576K
Event: 866.664 GC heap after
Heap after GC invocations=20 (full 3):
 PSYoungGen      total 325632K, used 29682K [0x000000076ab00000, 0x0000000782b80000, 0x00000007c0000000)
  eden space 295936K, 0% used [0x000000076ab00000,0x000000076ab00000,0x000000077cc00000)
  from space 29696K, 99% used [0x000000077cc00000,0x000000077e8fcbd8,0x000000077e900000)
  to   space 35840K, 0% used [0x0000000780880000,0x0000000780880000,0x0000000782b80000)
 ParOldGen       total 118272K, used 95882K [0x00000006c0000000, 0x00000006c7380000, 0x000000076ab00000)
  object space 118272K, 81% used [0x00000006c0000000,0x00000006c5da28f8,0x00000006c7380000)
 Metaspace       used 86900K, capacity 91206K, committed 91224K, reserved 1128448K
  class space    used 11327K, capacity 12154K, committed 12160K, reserved 1048576K
}
Event: 884.356 GC heap before
{Heap before GC invocations=21 (full 3):
 PSYoungGen      total 325632K, used 235389K [0x000000076ab00000, 0x0000000782b80000, 0x00000007c0000000)
  eden space 295936K, 69% used [0x000000076ab00000,0x00000007773e28e8,0x000000077cc00000)
  from space 29696K, 99% used [0x000000077cc00000,0x000000077e8fcbd8,0x000000077e900000)
  to   space 35840K, 0% used [0x0000000780880000,0x0000000780880000,0x0000000782b80000)
 ParOldGen       total 118272K, used 95882K [0x00000006c0000000, 0x00000006c7380000, 0x000000076ab00000)
  object space 118272K, 81% used [0x00000006c0000000,0x00000006c5da28f8,0x00000006c7380000)
 Metaspace       used 93873K, capacity 98142K, committed 98264K, reserved 1134592K
  class space    used 11882K, capacity 12724K, committed 12800K, reserved 1048576K
Event: 884.897 GC heap after
Heap after GC invocations=21 (full 3):
 PSYoungGen      total 331776K, used 35818K [0x000000076ab00000, 0x0000000782b80000, 0x00000007c0000000)
  eden space 295936K, 0% used [0x000000076ab00000,0x000000076ab00000,0x000000077cc00000)
  from space 35840K, 99% used [0x0000000780880000,0x0000000782b7ab10,0x0000000782b80000)
  to   space 29696K, 0% used [0x000000077cc00000,0x000000077cc00000,0x000000077e900000)
 ParOldGen       total 129536K, used 129356K [0x00000006c0000000, 0x00000006c7e80000, 0x000000076ab00000)
  object space 129536K, 99% used [0x00000006c0000000,0x00000006c7e532d0,0x00000006c7e80000)
 Metaspace       used 93873K, capacity 98142K, committed 98264K, reserved 1134592K
  class space    used 11882K, capacity 12724K, committed 12800K, reserved 1048576K
}
Event: 884.898 GC heap before
{Heap before GC invocations=22 (full 4):
 PSYoungGen      total 331776K, used 35818K [0x000000076ab00000, 0x0000000782b80000, 0x00000007c0000000)
  eden space 295936K, 0% used [0x000000076ab00000,0x000000076ab00000,0x000000077cc00000)
  from space 35840K, 99% used [0x0000000780880000,0x0000000782b7ab10,0x0000000782b80000)
  to   space 29696K, 0% used [0x000000077cc00000,0x000000077cc00000,0x000000077e900000)
 ParOldGen       total 129536K, used 129356K [0x00000006c0000000, 0x00000006c7e80000, 0x000000076ab00000)
  object space 129536K, 99% used [0x00000006c0000000,0x00000006c7e532d0,0x00000006c7e80000)
 Metaspace       used 93873K, capacity 98142K, committed 98264K, reserved 1134592K
  class space    used 11882K, capacity 12724K, committed 12800K, reserved 1048576K
Event: 886.921 GC heap after
Heap after GC invocations=22 (full 4):
 PSYoungGen      total 331776K, used 0K [0x000000076ab00000, 0x0000000782b80000, 0x00000007c0000000)
  eden space 295936K, 0% used [0x000000076ab00000,0x000000076ab00000,0x000000077cc00000)
  from space 35840K, 0% used [0x0000000780880000,0x0000000780880000,0x0000000782b80000)
  to   space 29696K, 0% used [0x000000077cc00000,0x000000077cc00000,0x000000077e900000)
 ParOldGen       total 129536K, used 121071K [0x00000006c0000000, 0x00000006c7e80000, 0x000000076ab00000)
  object space 129536K, 93% used [0x00000006c0000000,0x00000006c763bd90,0x00000006c7e80000)
 Metaspace       used 93797K, capacity 97916K, committed 98264K, reserved 1134592K
  class space    used 11858K, capacity 12681K, committed 12800K, reserved 1048576K
}

