# JRE version: OpenJDK Runtime Environment (8.0_242-b01) (build 1.8.0_242-release-1644-b01)
# Java VM: OpenJDK 64-Bit Server VM (25.242-b01 mixed mode windows-amd64 compressed oops)
Heap:
 PSYoungGen      total 231936K, used 178323K [0x00000000d5580000, 0x00000000e7780000, 0x0000000100000000)
  eden space 214016K, 74% used [0x00000000d5580000,0x00000000df2284e0,0x00000000e2680000)
  from space 17920K, 99% used [0x00000000e2680000,0x00000000e37fc9c8,0x00000000e3800000)
  to   space 20480K, 0% used [0x00000000e6380000,0x00000000e6380000,0x00000000e7780000)
 ParOldGen       total 120832K, used 37816K [0x0000000080000000, 0x0000000087600000, 0x00000000d5580000)
  object space 120832K, 31% used [0x0000000080000000,0x00000000824ee2b0,0x0000000087600000)
 Metaspace       used 65927K, capacity 69200K, committed 69336K, reserved 1110016K
  class space    used 9045K, capacity 9656K, committed 9728K, reserved 1048576K
GC Heap History (10 events):
Event: 29.262 GC heap before
{Heap before GC invocations=12 (full 2):
 PSYoungGen      total 136704K, used 125440K [0x00000000d5580000, 0x00000000e1b80000, 0x0000000100000000)
  eden space 125440K, 100% used [0x00000000d5580000,0x00000000dd000000,0x00000000dd000000)
  from space 11264K, 0% used [0x00000000dd000000,0x00000000dd000000,0x00000000ddb00000)
  to   space 12800K, 0% used [0x00000000e0f00000,0x00000000e0f00000,0x00000000e1b80000)
 ParOldGen       total 75264K, used 17689K [0x0000000080000000, 0x0000000084980000, 0x00000000d5580000)
  object space 75264K, 23% used [0x0000000080000000,0x00000000811467a8,0x0000000084980000)
 Metaspace       used 38610K, capacity 40334K, committed 40536K, reserved 1083392K
  class space    used 5317K, capacity 5653K, committed 5760K, reserved 1048576K
Event: 29.284 GC heap after
Heap after GC invocations=12 (full 2):
 PSYoungGen      total 175104K, used 9308K [0x00000000d5580000, 0x00000000e1880000, 0x0000000100000000)
  eden space 165376K, 0% used [0x00000000d5580000,0x00000000d5580000,0x00000000df700000)
  from space 9728K, 95% used [0x00000000e0f00000,0x00000000e18173e0,0x00000000e1880000)
  to   space 12800K, 0% used [0x00000000dff80000,0x00000000dff80000,0x00000000e0c00000)
 ParOldGen       total 75264K, used 17697K [0x0000000080000000, 0x0000000084980000, 0x00000000d5580000)
  object space 75264K, 23% used [0x0000000080000000,0x00000000811487a8,0x0000000084980000)
 Metaspace       used 38610K, capacity 40334K, committed 40536K, reserved 1083392K
  class space    used 5317K, capacity 5653K, committed 5760K, reserved 1048576K
}
Event: 36.234 GC heap before
{Heap before GC invocations=13 (full 2):
 PSYoungGen      total 175104K, used 174684K [0x00000000d5580000, 0x00000000e1880000, 0x0000000100000000)
  eden space 165376K, 100% used [0x00000000d5580000,0x00000000df700000,0x00000000df700000)
  from space 9728K, 95% used [0x00000000e0f00000,0x00000000e18173e0,0x00000000e1880000)
  to   space 12800K, 0% used [0x00000000dff80000,0x00000000dff80000,0x00000000e0c00000)
 ParOldGen       total 75264K, used 17697K [0x0000000080000000, 0x0000000084980000, 0x00000000d5580000)
  object space 75264K, 23% used [0x0000000080000000,0x00000000811487a8,0x0000000084980000)
 Metaspace       used 51241K, capacity 53406K, committed 53720K, reserved 1095680K
  class space    used 6864K, capacity 7314K, committed 7424K, reserved 1048576K
Event: 36.299 GC heap after
Heap after GC invocations=13 (full 2):
 PSYoungGen      total 186880K, used 12771K [0x00000000d5580000, 0x00000000e4a00000, 0x0000000100000000)
  eden space 174080K, 0% used [0x00000000d5580000,0x00000000d5580000,0x00000000dff80000)
  from space 12800K, 99% used [0x00000000dff80000,0x00000000e0bf8c60,0x00000000e0c00000)
  to   space 18432K, 0% used [0x00000000e3800000,0x00000000e3800000,0x00000000e4a00000)
 ParOldGen       total 75264K, used 28705K [0x0000000080000000, 0x0000000084980000, 0x00000000d5580000)
  object space 75264K, 38% used [0x0000000080000000,0x0000000081c087b8,0x0000000084980000)
 Metaspace       used 51241K, capacity 53406K, committed 53720K, reserved 1095680K
  class space    used 6864K, capacity 7314K, committed 7424K, reserved 1048576K
}
Event: 39.553 GC heap before
{Heap before GC invocations=14 (full 2):
 PSYoungGen      total 186880K, used 87486K [0x00000000d5580000, 0x00000000e4a00000, 0x0000000100000000)
  eden space 174080K, 42% used [0x00000000d5580000,0x00000000d9e76d18,0x00000000dff80000)
  from space 12800K, 99% used [0x00000000dff80000,0x00000000e0bf8c60,0x00000000e0c00000)
  to   space 18432K, 0% used [0x00000000e3800000,0x00000000e3800000,0x00000000e4a00000)
 ParOldGen       total 75264K, used 28705K [0x0000000080000000, 0x0000000084980000, 0x00000000d5580000)
  object space 75264K, 38% used [0x0000000080000000,0x0000000081c087b8,0x0000000084980000)
 Metaspace       used 56401K, capacity 58814K, committed 58968K, reserved 1099776K
  class space    used 7683K, capacity 8195K, committed 8320K, reserved 1048576K
Event: 39.621 GC heap after
Heap after GC invocations=14 (full 2):
 PSYoungGen      total 232448K, used 9207K [0x00000000d5580000, 0x00000000e5280000, 0x0000000100000000)
  eden space 214016K, 0% used [0x00000000d5580000,0x00000000d5580000,0x00000000e2680000)
  from space 18432K, 49% used [0x00000000e3800000,0x00000000e40fdd80,0x00000000e4a00000)
  to   space 17920K, 0% used [0x00000000e2680000,0x00000000e2680000,0x00000000e3800000)
 ParOldGen       total 75264K, used 39272K [0x0000000080000000, 0x0000000084980000, 0x00000000d5580000)
  object space 75264K, 52% used [0x0000000080000000,0x000000008265a188,0x0000000084980000)
 Metaspace       used 56401K, capacity 58814K, committed 58968K, reserved 1099776K
  class space    used 7683K, capacity 8195K, committed 8320K, reserved 1048576K
}
Event: 39.621 GC heap before
{Heap before GC invocations=15 (full 3):
 PSYoungGen      total 232448K, used 9207K [0x00000000d5580000, 0x00000000e5280000, 0x0000000100000000)
  eden space 214016K, 0% used [0x00000000d5580000,0x00000000d5580000,0x00000000e2680000)
  from space 18432K, 49% used [0x00000000e3800000,0x00000000e40fdd80,0x00000000e4a00000)
  to   space 17920K, 0% used [0x00000000e2680000,0x00000000e2680000,0x00000000e3800000)
 ParOldGen       total 75264K, used 39272K [0x0000000080000000, 0x0000000084980000, 0x00000000d5580000)
  object space 75264K, 52% used [0x0000000080000000,0x000000008265a188,0x0000000084980000)
 Metaspace       used 56401K, capacity 58814K, committed 58968K, reserved 1099776K
  class space    used 7683K, capacity 8195K, committed 8320K, reserved 1048576K
Event: 40.591 GC heap after
Heap after GC invocations=15 (full 3):
 PSYoungGen      total 232448K, used 0K [0x00000000d5580000, 0x00000000e5280000, 0x0000000100000000)
  eden space 214016K, 0% used [0x00000000d5580000,0x00000000d5580000,0x00000000e2680000)
  from space 18432K, 0% used [0x00000000e3800000,0x00000000e3800000,0x00000000e4a00000)
  to   space 17920K, 0% used [0x00000000e2680000,0x00000000e2680000,0x00000000e3800000)
 ParOldGen       total 120832K, used 37025K [0x0000000080000000, 0x0000000087600000, 0x00000000d5580000)
  object space 120832K, 30% used [0x0000000080000000,0x00000000824287b8,0x0000000087600000)
 Metaspace       used 56369K, capacity 58706K, committed 58968K, reserved 1099776K
  class space    used 7673K, capacity 8177K, committed 8320K, reserved 1048576K
}
Event: 53.710 GC heap before
{Heap before GC invocations=16 (full 3):
 PSYoungGen      total 232448K, used 214016K [0x00000000d5580000, 0x00000000e5280000, 0x0000000100000000)
  eden space 214016K, 100% used [0x00000000d5580000,0x00000000e2680000,0x00000000e2680000)
  from space 18432K, 0% used [0x00000000e3800000,0x00000000e3800000,0x00000000e4a00000)
  to   space 17920K, 0% used [0x00000000e2680000,0x00000000e2680000,0x00000000e3800000)
 ParOldGen       total 120832K, used 37025K [0x0000000080000000, 0x0000000087600000, 0x00000000d5580000)
  object space 120832K, 30% used [0x0000000080000000,0x00000000824287b8,0x0000000087600000)
 Metaspace       used 64646K, capacity 67742K, committed 67928K, reserved 1107968K
  class space    used 8892K, capacity 9505K, committed 9600K, reserved 1048576K
Event: 53.777 GC heap after
Heap after GC invocations=16 (full 3):
 PSYoungGen      total 231936K, used 17906K [0x00000000d5580000, 0x00000000e7780000, 0x0000000100000000)
  eden space 214016K, 0% used [0x00000000d5580000,0x00000000d5580000,0x00000000e2680000)
  from space 17920K, 99% used [0x00000000e2680000,0x00000000e37fc9c8,0x00000000e3800000)
  to   space 20480K, 0% used [0x00000000e6380000,0x00000000e6380000,0x00000000e7780000)
 ParOldGen       total 120832K, used 37816K [0x0000000080000000, 0x0000000087600000, 0x00000000d5580000)
  object space 120832K, 31% used [0x0000000080000000,0x00000000824ee2b0,0x0000000087600000)
 Metaspace       used 64646K, capacity 67742K, committed 67928K, reserved 1107968K
  class space    used 8892K, capacity 9505K, committed 9600K, reserved 1048576K
}

