# JRE version: OpenJDK Runtime Environment (8.0_242-b01) (build 1.8.0_242-release-1644-b01)
# Java VM: OpenJDK 64-Bit Server VM (25.242-b01 mixed mode windows-amd64 compressed oops)
Heap:
 PSYoungGen      total 532480K, used 101960K [0x00000000d5580000, 0x00000000f7b80000, 0x0000000100000000)
  eden space 508416K, 16% used [0x00000000d5580000,0x00000000da53fa18,0x00000000f4600000)
  from space 24064K, 84% used [0x00000000f6000000,0x00000000f73d2648,0x00000000f7780000)
  to   space 26624K, 0% used [0x00000000f4600000,0x00000000f4600000,0x00000000f6000000)
 ParOldGen       total 214528K, used 118486K [0x0000000080000000, 0x000000008d180000, 0x00000000d5580000)
  object space 214528K, 55% used [0x0000000080000000,0x00000000873b5b58,0x000000008d180000)
 Metaspace       used 75306K, capacity 79390K, committed 80384K, reserved 1118208K
  class space    used 10235K, capacity 10990K, committed 11264K, reserved 1048576K
GC Heap History (10 events):
Event: 99.005 GC heap before
{Heap before GC invocations=32 (full 4):
 PSYoungGen      total 388608K, used 365952K [0x00000000d5580000, 0x00000000f1c00000, 0x0000000100000000)
  eden space 361984K, 100% used [0x00000000d5580000,0x00000000eb700000,0x00000000eb700000)
  from space 26624K, 14% used [0x00000000eb700000,0x00000000ebae0000,0x00000000ed100000)
  to   space 25600K, 0% used [0x00000000f0300000,0x00000000f0300000,0x00000000f1c00000)
 ParOldGen       total 214528K, used 115405K [0x0000000080000000, 0x000000008d180000, 0x00000000d5580000)
  object space 214528K, 53% used [0x0000000080000000,0x00000000870b34a8,0x000000008d180000)
 Metaspace       used 75124K, capacity 79172K, committed 80128K, reserved 1118208K
  class space    used 10233K, capacity 10987K, committed 11264K, reserved 1048576K
Event: 99.048 GC heap after
Heap after GC invocations=32 (full 4):
 PSYoungGen      total 429568K, used 5440K [0x00000000d5580000, 0x00000000f1600000, 0x0000000100000000)
  eden space 410112K, 0% used [0x00000000d5580000,0x00000000d5580000,0x00000000ee600000)
  from space 19456K, 27% used [0x00000000f0300000,0x00000000f0850000,0x00000000f1600000)
  to   space 24576K, 0% used [0x00000000ee600000,0x00000000ee600000,0x00000000efe00000)
 ParOldGen       total 214528K, used 118478K [0x0000000080000000, 0x000000008d180000, 0x00000000d5580000)
  object space 214528K, 55% used [0x0000000080000000,0x00000000873b3b58,0x000000008d180000)
 Metaspace       used 75124K, capacity 79172K, committed 80128K, reserved 1118208K
  class space    used 10233K, capacity 10987K, committed 11264K, reserved 1048576K
}
Event: 102.694 GC heap before
{Heap before GC invocations=33 (full 4):
 PSYoungGen      total 429568K, used 415552K [0x00000000d5580000, 0x00000000f1600000, 0x0000000100000000)
  eden space 410112K, 100% used [0x00000000d5580000,0x00000000ee600000,0x00000000ee600000)
  from space 19456K, 27% used [0x00000000f0300000,0x00000000f0850000,0x00000000f1600000)
  to   space 24576K, 0% used [0x00000000ee600000,0x00000000ee600000,0x00000000efe00000)
 ParOldGen       total 214528K, used 118478K [0x0000000080000000, 0x000000008d180000, 0x00000000d5580000)
  object space 214528K, 55% used [0x0000000080000000,0x00000000873b3b58,0x000000008d180000)
 Metaspace       used 75168K, capacity 79176K, committed 80128K, reserved 1118208K
  class space    used 10233K, capacity 10987K, committed 11264K, reserved 1048576K
Event: 102.797 GC heap after
Heap after GC invocations=33 (full 4):
 PSYoungGen      total 434688K, used 7904K [0x00000000d5580000, 0x00000000f4780000, 0x0000000100000000)
  eden space 410112K, 0% used [0x00000000d5580000,0x00000000d5580000,0x00000000ee600000)
  from space 24576K, 32% used [0x00000000ee600000,0x00000000eedb8000,0x00000000efe00000)
  to   space 23552K, 0% used [0x00000000f3080000,0x00000000f3080000,0x00000000f4780000)
 ParOldGen       total 214528K, used 118478K [0x0000000080000000, 0x000000008d180000, 0x00000000d5580000)
  object space 214528K, 55% used [0x0000000080000000,0x00000000873b3b58,0x000000008d180000)
 Metaspace       used 75168K, capacity 79176K, committed 80128K, reserved 1118208K
  class space    used 10233K, capacity 10987K, committed 11264K, reserved 1048576K
}
Event: 107.525 GC heap before
{Heap before GC invocations=34 (full 4):
 PSYoungGen      total 434688K, used 418016K [0x00000000d5580000, 0x00000000f4780000, 0x0000000100000000)
  eden space 410112K, 100% used [0x00000000d5580000,0x00000000ee600000,0x00000000ee600000)
  from space 24576K, 32% used [0x00000000ee600000,0x00000000eedb8000,0x00000000efe00000)
  to   space 23552K, 0% used [0x00000000f3080000,0x00000000f3080000,0x00000000f4780000)
 ParOldGen       total 214528K, used 118478K [0x0000000080000000, 0x000000008d180000, 0x00000000d5580000)
  object space 214528K, 55% used [0x0000000080000000,0x00000000873b3b58,0x000000008d180000)
 Metaspace       used 75174K, capacity 79176K, committed 80128K, reserved 1118208K
  class space    used 10233K, capacity 10987K, committed 11264K, reserved 1048576K
Event: 107.592 GC heap after
Heap after GC invocations=34 (full 4):
 PSYoungGen      total 476160K, used 11894K [0x00000000d5580000, 0x00000000f4200000, 0x0000000100000000)
  eden space 458240K, 0% used [0x00000000d5580000,0x00000000d5580000,0x00000000f1500000)
  from space 17920K, 66% used [0x00000000f3080000,0x00000000f3c1d810,0x00000000f4200000)
  to   space 23040K, 0% used [0x00000000f1500000,0x00000000f1500000,0x00000000f2b80000)
 ParOldGen       total 214528K, used 118478K [0x0000000080000000, 0x000000008d180000, 0x00000000d5580000)
  object space 214528K, 55% used [0x0000000080000000,0x00000000873b3b58,0x000000008d180000)
 Metaspace       used 75174K, capacity 79176K, committed 80128K, reserved 1118208K
  class space    used 10233K, capacity 10987K, committed 11264K, reserved 1048576K
}
Event: 113.252 GC heap before
{Heap before GC invocations=35 (full 4):
 PSYoungGen      total 476160K, used 470134K [0x00000000d5580000, 0x00000000f4200000, 0x0000000100000000)
  eden space 458240K, 100% used [0x00000000d5580000,0x00000000f1500000,0x00000000f1500000)
  from space 17920K, 66% used [0x00000000f3080000,0x00000000f3c1d810,0x00000000f4200000)
  to   space 23040K, 0% used [0x00000000f1500000,0x00000000f1500000,0x00000000f2b80000)
 ParOldGen       total 214528K, used 118478K [0x0000000080000000, 0x000000008d180000, 0x00000000d5580000)
  object space 214528K, 55% used [0x0000000080000000,0x00000000873b3b58,0x000000008d180000)
 Metaspace       used 75210K, capacity 79306K, committed 80128K, reserved 1118208K
  class space    used 10234K, capacity 10988K, committed 11264K, reserved 1048576K
Event: 113.389 GC heap after
Heap after GC invocations=35 (full 4):
 PSYoungGen      total 481280K, used 15180K [0x00000000d5580000, 0x00000000f7780000, 0x0000000100000000)
  eden space 458240K, 0% used [0x00000000d5580000,0x00000000d5580000,0x00000000f1500000)
  from space 23040K, 65% used [0x00000000f1500000,0x00000000f23d32b0,0x00000000f2b80000)
  to   space 24064K, 0% used [0x00000000f6000000,0x00000000f6000000,0x00000000f7780000)
 ParOldGen       total 214528K, used 118478K [0x0000000080000000, 0x000000008d180000, 0x00000000d5580000)
  object space 214528K, 55% used [0x0000000080000000,0x00000000873b3b58,0x000000008d180000)
 Metaspace       used 75210K, capacity 79306K, committed 80128K, reserved 1118208K
  class space    used 10234K, capacity 10988K, committed 11264K, reserved 1048576K
}
Event: 118.526 GC heap before
{Heap before GC invocations=36 (full 4):
 PSYoungGen      total 481280K, used 473420K [0x00000000d5580000, 0x00000000f7780000, 0x0000000100000000)
  eden space 458240K, 100% used [0x00000000d5580000,0x00000000f1500000,0x00000000f1500000)
  from space 23040K, 65% used [0x00000000f1500000,0x00000000f23d32b0,0x00000000f2b80000)
  to   space 24064K, 0% used [0x00000000f6000000,0x00000000f6000000,0x00000000f7780000)
 ParOldGen       total 214528K, used 118478K [0x0000000080000000, 0x000000008d180000, 0x00000000d5580000)
  object space 214528K, 55% used [0x0000000080000000,0x00000000873b3b58,0x000000008d180000)
 Metaspace       used 75305K, capacity 79390K, committed 80384K, reserved 1118208K
  class space    used 10235K, capacity 10990K, committed 11264K, reserved 1048576K
Event: 118.655 GC heap after
Heap after GC invocations=36 (full 4):
 PSYoungGen      total 532480K, used 20297K [0x00000000d5580000, 0x00000000f7b80000, 0x0000000100000000)
  eden space 508416K, 0% used [0x00000000d5580000,0x00000000d5580000,0x00000000f4600000)
  from space 24064K, 84% used [0x00000000f6000000,0x00000000f73d2648,0x00000000f7780000)
  to   space 26624K, 0% used [0x00000000f4600000,0x00000000f4600000,0x00000000f6000000)
 ParOldGen       total 214528K, used 118486K [0x0000000080000000, 0x000000008d180000, 0x00000000d5580000)
  object space 214528K, 55% used [0x0000000080000000,0x00000000873b5b58,0x000000008d180000)
 Metaspace       used 75305K, capacity 79390K, committed 80384K, reserved 1118208K
  class space    used 10235K, capacity 10990K, committed 11264K, reserved 1048576K
}

