# JRE version: OpenJDK Runtime Environment (8.0_242-b01) (build 1.8.0_242-release-1644-b01)
# Java VM: OpenJDK 64-Bit Server VM (25.242-b01 mixed mode windows-amd64 compressed oops)
Heap:
 PSYoungGen      total 345600K, used 123410K [0x00000000d5580000, 0x00000000ef780000, 0x0000000100000000)
  eden space 312832K, 33% used [0x00000000d5580000,0x00000000dbab3ae0,0x00000000e8700000)
  from space 32768K, 60% used [0x00000000e8700000,0x00000000e9a50e98,0x00000000ea700000)
  to   space 32768K, 0% used [0x00000000ed780000,0x00000000ed780000,0x00000000ef780000)
 ParOldGen       total 120320K, used 82642K [0x0000000080000000, 0x0000000087580000, 0x00000000d5580000)
  object space 120320K, 68% used [0x0000000080000000,0x00000000850b48e8,0x0000000087580000)
 Metaspace       used 78543K, capacity 82252K, committed 82520K, reserved 1120256K
  class space    used 10432K, capacity 11104K, committed 11136K, reserved 1048576K
GC Heap History (10 events):
Event: 74.920 GC heap before
{Heap before GC invocations=18 (full 3):
 PSYoungGen      total 257536K, used 257525K [0x00000000d5580000, 0x00000000e8600000, 0x0000000100000000)
  eden space 237056K, 100% used [0x00000000d5580000,0x00000000e3d00000,0x00000000e3d00000)
  from space 20480K, 99% used [0x00000000e5d00000,0x00000000e70fd618,0x00000000e7100000)
  to   space 32768K, 0% used [0x00000000e3d00000,0x00000000e3d00000,0x00000000e5d00000)
 ParOldGen       total 120320K, used 62325K [0x0000000080000000, 0x0000000087580000, 0x00000000d5580000)
  object space 120320K, 51% used [0x0000000080000000,0x0000000083cdd540,0x0000000087580000)
 Metaspace       used 75627K, capacity 79278K, committed 79448K, reserved 1118208K
  class space    used 10160K, capacity 10849K, committed 10880K, reserved 1048576K
Event: 75.027 GC heap after
Heap after GC invocations=18 (full 3):
 PSYoungGen      total 269824K, used 17740K [0x00000000d5580000, 0x00000000ea200000, 0x0000000100000000)
  eden space 237056K, 0% used [0x00000000d5580000,0x00000000d5580000,0x00000000e3d00000)
  from space 32768K, 54% used [0x00000000e3d00000,0x00000000e4e533c0,0x00000000e5d00000)
  to   space 32256K, 0% used [0x00000000e8280000,0x00000000e8280000,0x00000000ea200000)
 ParOldGen       total 120320K, used 82265K [0x0000000080000000, 0x0000000087580000, 0x00000000d5580000)
  object space 120320K, 68% used [0x0000000080000000,0x0000000085056770,0x0000000087580000)
 Metaspace       used 75627K, capacity 79278K, committed 79448K, reserved 1118208K
  class space    used 10160K, capacity 10849K, committed 10880K, reserved 1048576K
}
Event: 80.838 GC heap before
{Heap before GC invocations=19 (full 3):
 PSYoungGen      total 269824K, used 254796K [0x00000000d5580000, 0x00000000ea200000, 0x0000000100000000)
  eden space 237056K, 100% used [0x00000000d5580000,0x00000000e3d00000,0x00000000e3d00000)
  from space 32768K, 54% used [0x00000000e3d00000,0x00000000e4e533c0,0x00000000e5d00000)
  to   space 32256K, 0% used [0x00000000e8280000,0x00000000e8280000,0x00000000ea200000)
 ParOldGen       total 120320K, used 82542K [0x0000000080000000, 0x0000000087580000, 0x00000000d5580000)
  object space 120320K, 68% used [0x0000000080000000,0x000000008509bb10,0x0000000087580000)
 Metaspace       used 78284K, capacity 81902K, committed 82008K, reserved 1120256K
  class space    used 10420K, capacity 11099K, committed 11136K, reserved 1048576K
Event: 80.883 GC heap after
Heap after GC invocations=19 (full 3):
 PSYoungGen      total 300032K, used 17672K [0x00000000d5580000, 0x00000000e9d80000, 0x0000000100000000)
  eden space 272384K, 0% used [0x00000000d5580000,0x00000000d5580000,0x00000000e5f80000)
  from space 27648K, 63% used [0x00000000e8280000,0x00000000e93c2008,0x00000000e9d80000)
  to   space 31744K, 0% used [0x00000000e5f80000,0x00000000e5f80000,0x00000000e7e80000)
 ParOldGen       total 120320K, used 82558K [0x0000000080000000, 0x0000000087580000, 0x00000000d5580000)
  object space 120320K, 68% used [0x0000000080000000,0x000000008509fb10,0x0000000087580000)
 Metaspace       used 78284K, capacity 81902K, committed 82008K, reserved 1120256K
  class space    used 10420K, capacity 11099K, committed 11136K, reserved 1048576K
}
Event: 81.927 GC heap before
{Heap before GC invocations=20 (full 3):
 PSYoungGen      total 300032K, used 290056K [0x00000000d5580000, 0x00000000e9d80000, 0x0000000100000000)
  eden space 272384K, 100% used [0x00000000d5580000,0x00000000e5f80000,0x00000000e5f80000)
  from space 27648K, 63% used [0x00000000e8280000,0x00000000e93c2008,0x00000000e9d80000)
  to   space 31744K, 0% used [0x00000000e5f80000,0x00000000e5f80000,0x00000000e7e80000)
 ParOldGen       total 120320K, used 82562K [0x0000000080000000, 0x0000000087580000, 0x00000000d5580000)
  object space 120320K, 68% used [0x0000000080000000,0x00000000850a08d8,0x0000000087580000)
 Metaspace       used 78393K, capacity 82104K, committed 82264K, reserved 1120256K
  class space    used 10421K, capacity 11100K, committed 11136K, reserved 1048576K
Event: 81.990 GC heap after
Heap after GC invocations=20 (full 3):
 PSYoungGen      total 304128K, used 18702K [0x00000000d5580000, 0x00000000ec600000, 0x0000000100000000)
  eden space 272384K, 0% used [0x00000000d5580000,0x00000000d5580000,0x00000000e5f80000)
  from space 31744K, 58% used [0x00000000e5f80000,0x00000000e71c3808,0x00000000e7e80000)
  to   space 31744K, 0% used [0x00000000ea700000,0x00000000ea700000,0x00000000ec600000)
 ParOldGen       total 120320K, used 82570K [0x0000000080000000, 0x0000000087580000, 0x00000000d5580000)
  object space 120320K, 68% used [0x0000000080000000,0x00000000850a28d8,0x0000000087580000)
 Metaspace       used 78393K, capacity 82104K, committed 82264K, reserved 1120256K
  class space    used 10421K, capacity 11100K, committed 11136K, reserved 1048576K
}
Event: 83.246 GC heap before
{Heap before GC invocations=21 (full 3):
 PSYoungGen      total 304128K, used 291086K [0x00000000d5580000, 0x00000000ec600000, 0x0000000100000000)
  eden space 272384K, 100% used [0x00000000d5580000,0x00000000e5f80000,0x00000000e5f80000)
  from space 31744K, 58% used [0x00000000e5f80000,0x00000000e71c3808,0x00000000e7e80000)
  to   space 31744K, 0% used [0x00000000ea700000,0x00000000ea700000,0x00000000ec600000)
 ParOldGen       total 120320K, used 82570K [0x0000000080000000, 0x0000000087580000, 0x00000000d5580000)
  object space 120320K, 68% used [0x0000000080000000,0x00000000850a28d8,0x0000000087580000)
 Metaspace       used 78426K, capacity 82104K, committed 82264K, reserved 1120256K
  class space    used 10421K, capacity 11100K, committed 11136K, reserved 1048576K
Event: 83.309 GC heap after
Heap after GC invocations=21 (full 3):
 PSYoungGen      total 344576K, used 21778K [0x00000000d5580000, 0x00000000ece00000, 0x0000000100000000)
  eden space 312832K, 0% used [0x00000000d5580000,0x00000000d5580000,0x00000000e8700000)
  from space 31744K, 68% used [0x00000000ea700000,0x00000000ebc44ad0,0x00000000ec600000)
  to   space 32768K, 0% used [0x00000000e8700000,0x00000000e8700000,0x00000000ea700000)
 ParOldGen       total 120320K, used 82570K [0x0000000080000000, 0x0000000087580000, 0x00000000d5580000)
  object space 120320K, 68% used [0x0000000080000000,0x00000000850a28d8,0x0000000087580000)
 Metaspace       used 78426K, capacity 82104K, committed 82264K, reserved 1120256K
  class space    used 10421K, capacity 11100K, committed 11136K, reserved 1048576K
}
Event: 87.157 GC heap before
{Heap before GC invocations=22 (full 3):
 PSYoungGen      total 344576K, used 334610K [0x00000000d5580000, 0x00000000ece00000, 0x0000000100000000)
  eden space 312832K, 100% used [0x00000000d5580000,0x00000000e8700000,0x00000000e8700000)
  from space 31744K, 68% used [0x00000000ea700000,0x00000000ebc44ad0,0x00000000ec600000)
  to   space 32768K, 0% used [0x00000000e8700000,0x00000000e8700000,0x00000000ea700000)
 ParOldGen       total 120320K, used 82570K [0x0000000080000000, 0x0000000087580000, 0x00000000d5580000)
  object space 120320K, 68% used [0x0000000080000000,0x00000000850a28d8,0x0000000087580000)
 Metaspace       used 78429K, capacity 82104K, committed 82264K, reserved 1120256K
  class space    used 10421K, capacity 11100K, committed 11136K, reserved 1048576K
Event: 87.206 GC heap after
Heap after GC invocations=22 (full 3):
 PSYoungGen      total 345600K, used 19779K [0x00000000d5580000, 0x00000000ef780000, 0x0000000100000000)
  eden space 312832K, 0% used [0x00000000d5580000,0x00000000d5580000,0x00000000e8700000)
  from space 32768K, 60% used [0x00000000e8700000,0x00000000e9a50e98,0x00000000ea700000)
  to   space 32768K, 0% used [0x00000000ed780000,0x00000000ed780000,0x00000000ef780000)
 ParOldGen       total 120320K, used 82642K [0x0000000080000000, 0x0000000087580000, 0x00000000d5580000)
  object space 120320K, 68% used [0x0000000080000000,0x00000000850b48e8,0x0000000087580000)
 Metaspace       used 78429K, capacity 82104K, committed 82264K, reserved 1120256K
  class space    used 10421K, capacity 11100K, committed 11136K, reserved 1048576K
}

