# JRE version: OpenJDK Runtime Environment (8.0_242-b01) (build 1.8.0_242-release-1644-b01)
# Java VM: OpenJDK 64-Bit Server VM (25.242-b01 mixed mode windows-amd64 compressed oops)
Heap:
 PSYoungGen      total 224256K, used 55147K [0x00000000d5580000, 0x00000000e5200000, 0x0000000100000000)
  eden space 205824K, 26% used [0x00000000d5580000,0x00000000d8b5ac28,0x00000000e1e80000)
  from space 18432K, 0% used [0x00000000e3000000,0x00000000e3000000,0x00000000e4200000)
  to   space 17920K, 0% used [0x00000000e1e80000,0x00000000e1e80000,0x00000000e3000000)
 ParOldGen       total 124416K, used 36892K [0x0000000080000000, 0x0000000087980000, 0x00000000d5580000)
  object space 124416K, 29% used [0x0000000080000000,0x0000000082407020,0x0000000087980000)
 Metaspace       used 59998K, capacity 62476K, committed 62552K, reserved 1103872K
  class space    used 8285K, capacity 8808K, committed 8832K, reserved 1048576K
GC Heap History (10 events):
Event: 20.046 GC heap before
{Heap before GC invocations=11 (full 2):
 PSYoungGen      total 136704K, used 11262K [0x00000000d5580000, 0x00000000e1b80000, 0x0000000100000000)
  eden space 125440K, 0% used [0x00000000d5580000,0x00000000d5580000,0x00000000dd000000)
  from space 11264K, 99% used [0x00000000dd000000,0x00000000ddaffaf0,0x00000000ddb00000)
  to   space 12800K, 0% used [0x00000000e0f00000,0x00000000e0f00000,0x00000000e1b80000)
 ParOldGen       total 48640K, used 7097K [0x0000000080000000, 0x0000000082f80000, 0x00000000d5580000)
  object space 48640K, 14% used [0x0000000080000000,0x00000000806ee658,0x0000000082f80000)
 Metaspace       used 34250K, capacity 35392K, committed 35416K, reserved 1079296K
  class space    used 4709K, capacity 4973K, committed 4992K, reserved 1048576K
Event: 20.276 GC heap after
Heap after GC invocations=11 (full 2):
 PSYoungGen      total 136704K, used 0K [0x00000000d5580000, 0x00000000e1b80000, 0x0000000100000000)
  eden space 125440K, 0% used [0x00000000d5580000,0x00000000d5580000,0x00000000dd000000)
  from space 11264K, 0% used [0x00000000dd000000,0x00000000dd000000,0x00000000ddb00000)
  to   space 12800K, 0% used [0x00000000e0f00000,0x00000000e0f00000,0x00000000e1b80000)
 ParOldGen       total 77312K, used 17713K [0x0000000080000000, 0x0000000084b80000, 0x00000000d5580000)
  object space 77312K, 22% used [0x0000000080000000,0x000000008114c5e0,0x0000000084b80000)
 Metaspace       used 34250K, capacity 35392K, committed 35416K, reserved 1079296K
  class space    used 4709K, capacity 4973K, committed 4992K, reserved 1048576K
}
Event: 23.074 GC heap before
{Heap before GC invocations=12 (full 2):
 PSYoungGen      total 136704K, used 125440K [0x00000000d5580000, 0x00000000e1b80000, 0x0000000100000000)
  eden space 125440K, 100% used [0x00000000d5580000,0x00000000dd000000,0x00000000dd000000)
  from space 11264K, 0% used [0x00000000dd000000,0x00000000dd000000,0x00000000ddb00000)
  to   space 12800K, 0% used [0x00000000e0f00000,0x00000000e0f00000,0x00000000e1b80000)
 ParOldGen       total 77312K, used 17713K [0x0000000080000000, 0x0000000084b80000, 0x00000000d5580000)
  object space 77312K, 22% used [0x0000000080000000,0x000000008114c5e0,0x0000000084b80000)
 Metaspace       used 38737K, capacity 40510K, committed 40792K, reserved 1085440K
  class space    used 5341K, capacity 5689K, committed 5760K, reserved 1048576K
Event: 23.097 GC heap after
Heap after GC invocations=12 (full 2):
 PSYoungGen      total 171520K, used 9355K [0x00000000d5580000, 0x00000000e1880000, 0x0000000100000000)
  eden space 161792K, 0% used [0x00000000d5580000,0x00000000d5580000,0x00000000df380000)
  from space 9728K, 96% used [0x00000000e0f00000,0x00000000e1822d08,0x00000000e1880000)
  to   space 12800K, 0% used [0x00000000dff80000,0x00000000dff80000,0x00000000e0c00000)
 ParOldGen       total 77312K, used 17721K [0x0000000080000000, 0x0000000084b80000, 0x00000000d5580000)
  object space 77312K, 22% used [0x0000000080000000,0x000000008114e5e0,0x0000000084b80000)
 Metaspace       used 38737K, capacity 40510K, committed 40792K, reserved 1085440K
  class space    used 5341K, capacity 5689K, committed 5760K, reserved 1048576K
}
Event: 27.651 GC heap before
{Heap before GC invocations=13 (full 2):
 PSYoungGen      total 171520K, used 171147K [0x00000000d5580000, 0x00000000e1880000, 0x0000000100000000)
  eden space 161792K, 100% used [0x00000000d5580000,0x00000000df380000,0x00000000df380000)
  from space 9728K, 96% used [0x00000000e0f00000,0x00000000e1822d08,0x00000000e1880000)
  to   space 12800K, 0% used [0x00000000dff80000,0x00000000dff80000,0x00000000e0c00000)
 ParOldGen       total 77312K, used 17721K [0x0000000080000000, 0x0000000084b80000, 0x00000000d5580000)
  object space 77312K, 22% used [0x0000000080000000,0x000000008114e5e0,0x0000000084b80000)
 Metaspace       used 51230K, capacity 53410K, committed 53720K, reserved 1095680K
  class space    used 6869K, capacity 7316K, committed 7424K, reserved 1048576K
Event: 27.709 GC heap after
Heap after GC invocations=13 (full 2):
 PSYoungGen      total 186880K, used 12796K [0x00000000d5580000, 0x00000000e4200000, 0x0000000100000000)
  eden space 174080K, 0% used [0x00000000d5580000,0x00000000d5580000,0x00000000dff80000)
  from space 12800K, 99% used [0x00000000dff80000,0x00000000e0bff320,0x00000000e0c00000)
  to   space 18432K, 0% used [0x00000000e3000000,0x00000000e3000000,0x00000000e4200000)
 ParOldGen       total 77312K, used 28220K [0x0000000080000000, 0x0000000084b80000, 0x00000000d5580000)
  object space 77312K, 36% used [0x0000000080000000,0x0000000081b8f128,0x0000000084b80000)
 Metaspace       used 51230K, capacity 53410K, committed 53720K, reserved 1095680K
  class space    used 6869K, capacity 7316K, committed 7424K, reserved 1048576K
}
Event: 30.294 GC heap before
{Heap before GC invocations=14 (full 2):
 PSYoungGen      total 186880K, used 91584K [0x00000000d5580000, 0x00000000e4200000, 0x0000000100000000)
  eden space 174080K, 45% used [0x00000000d5580000,0x00000000da270e00,0x00000000dff80000)
  from space 12800K, 99% used [0x00000000dff80000,0x00000000e0bff320,0x00000000e0c00000)
  to   space 18432K, 0% used [0x00000000e3000000,0x00000000e3000000,0x00000000e4200000)
 ParOldGen       total 77312K, used 28220K [0x0000000080000000, 0x0000000084b80000, 0x00000000d5580000)
  object space 77312K, 36% used [0x0000000080000000,0x0000000081b8f128,0x0000000084b80000)
 Metaspace       used 56427K, capacity 58814K, committed 58968K, reserved 1099776K
  class space    used 7689K, capacity 8197K, committed 8320K, reserved 1048576K
Event: 30.375 GC heap after
Heap after GC invocations=14 (full 2):
 PSYoungGen      total 224256K, used 9239K [0x00000000d5580000, 0x00000000e5200000, 0x0000000100000000)
  eden space 205824K, 0% used [0x00000000d5580000,0x00000000d5580000,0x00000000e1e80000)
  from space 18432K, 50% used [0x00000000e3000000,0x00000000e3905ce8,0x00000000e4200000)
  to   space 17920K, 0% used [0x00000000e1e80000,0x00000000e1e80000,0x00000000e3000000)
 ParOldGen       total 77312K, used 40968K [0x0000000080000000, 0x0000000084b80000, 0x00000000d5580000)
  object space 77312K, 52% used [0x0000000080000000,0x0000000082802340,0x0000000084b80000)
 Metaspace       used 56427K, capacity 58814K, committed 58968K, reserved 1099776K
  class space    used 7689K, capacity 8197K, committed 8320K, reserved 1048576K
}
Event: 30.375 GC heap before
{Heap before GC invocations=15 (full 3):
 PSYoungGen      total 224256K, used 9239K [0x00000000d5580000, 0x00000000e5200000, 0x0000000100000000)
  eden space 205824K, 0% used [0x00000000d5580000,0x00000000d5580000,0x00000000e1e80000)
  from space 18432K, 50% used [0x00000000e3000000,0x00000000e3905ce8,0x00000000e4200000)
  to   space 17920K, 0% used [0x00000000e1e80000,0x00000000e1e80000,0x00000000e3000000)
 ParOldGen       total 77312K, used 40968K [0x0000000080000000, 0x0000000084b80000, 0x00000000d5580000)
  object space 77312K, 52% used [0x0000000080000000,0x0000000082802340,0x0000000084b80000)
 Metaspace       used 56427K, capacity 58814K, committed 58968K, reserved 1099776K
  class space    used 7689K, capacity 8197K, committed 8320K, reserved 1048576K
Event: 31.139 GC heap after
Heap after GC invocations=15 (full 3):
 PSYoungGen      total 224256K, used 0K [0x00000000d5580000, 0x00000000e5200000, 0x0000000100000000)
  eden space 205824K, 0% used [0x00000000d5580000,0x00000000d5580000,0x00000000e1e80000)
  from space 18432K, 0% used [0x00000000e3000000,0x00000000e3000000,0x00000000e4200000)
  to   space 17920K, 0% used [0x00000000e1e80000,0x00000000e1e80000,0x00000000e3000000)
 ParOldGen       total 124416K, used 36892K [0x0000000080000000, 0x0000000087980000, 0x00000000d5580000)
  object space 124416K, 29% used [0x0000000080000000,0x0000000082407020,0x0000000087980000)
 Metaspace       used 56391K, capacity 58694K, committed 58968K, reserved 1099776K
  class space    used 7678K, capacity 8177K, committed 8320K, reserved 1048576K
}

