# JRE version: OpenJDK Runtime Environment (8.0_242-b01) (build 1.8.0_242-release-1644-b01)
# Java VM: OpenJDK 64-Bit Server VM (25.242-b01 mixed mode windows-amd64 compressed oops)
Heap:
 PSYoungGen      total 393728K, used 318194K [0x000000076ab00000, 0x0000000786600000, 0x00000007c0000000)
  eden space 345088K, 79% used [0x000000076ab00000,0x000000077b7f00c8,0x000000077fc00000)
  from space 48640K, 87% used [0x0000000783380000,0x0000000785d4c920,0x0000000786300000)
  to   space 54272K, 0% used [0x000000077fc00000,0x000000077fc00000,0x0000000783100000)
 ParOldGen       total 222720K, used 92312K [0x00000006c0000000, 0x00000006cd980000, 0x000000076ab00000)
  object space 222720K, 41% used [0x00000006c0000000,0x00000006c5a261b8,0x00000006cd980000)
 Metaspace       used 96559K, capacity 101480K, committed 101848K, reserved 1136640K
  class space    used 12744K, capacity 13705K, committed 13824K, reserved 1048576K
GC Heap History (10 events):
Event: 71.224 GC heap before
{Heap before GC invocations=18 (full 3):
 PSYoungGen      total 273408K, used 273400K [0x000000076ab00000, 0x000000077e480000, 0x00000007c0000000)
  eden space 251904K, 100% used [0x000000076ab00000,0x000000077a100000,0x000000077a100000)
  from space 21504K, 99% used [0x000000077bf00000,0x000000077d3fe348,0x000000077d400000)
  to   space 30720K, 0% used [0x000000077a100000,0x000000077a100000,0x000000077bf00000)
 ParOldGen       total 119296K, used 57217K [0x00000006c0000000, 0x00000006c7480000, 0x000000076ab00000)
  object space 119296K, 47% used [0x00000006c0000000,0x00000006c37e0578,0x00000006c7480000)
 Metaspace       used 79129K, capacity 82878K, committed 83160K, reserved 1122304K
  class space    used 10445K, capacity 11170K, committed 11264K, reserved 1048576K
Event: 71.528 GC heap after
Heap after GC invocations=18 (full 3):
 PSYoungGen      total 282624K, used 30712K [0x000000076ab00000, 0x0000000782d80000, 0x00000007c0000000)
  eden space 251904K, 0% used [0x000000076ab00000,0x000000076ab00000,0x000000077a100000)
  from space 30720K, 99% used [0x000000077a100000,0x000000077befe078,0x000000077bf00000)
  to   space 47616K, 0% used [0x000000077ff00000,0x000000077ff00000,0x0000000782d80000)
 ParOldGen       total 119296K, used 89755K [0x00000006c0000000, 0x00000006c7480000, 0x000000076ab00000)
  object space 119296K, 75% used [0x00000006c0000000,0x00000006c57a6e48,0x00000006c7480000)
 Metaspace       used 79129K, capacity 82878K, committed 83160K, reserved 1122304K
  class space    used 10445K, capacity 11170K, committed 11264K, reserved 1048576K
}
Event: 79.102 GC heap before
{Heap before GC invocations=19 (full 3):
 PSYoungGen      total 282624K, used 282616K [0x000000076ab00000, 0x0000000782d80000, 0x00000007c0000000)
  eden space 251904K, 100% used [0x000000076ab00000,0x000000077a100000,0x000000077a100000)
  from space 30720K, 99% used [0x000000077a100000,0x000000077befe078,0x000000077bf00000)
  to   space 47616K, 0% used [0x000000077ff00000,0x000000077ff00000,0x0000000782d80000)
 ParOldGen       total 119296K, used 89755K [0x00000006c0000000, 0x00000006c7480000, 0x000000076ab00000)
  object space 119296K, 75% used [0x00000006c0000000,0x00000006c57a6e48,0x00000006c7480000)
 Metaspace       used 81016K, capacity 84834K, committed 85080K, reserved 1122304K
  class space    used 10624K, capacity 11382K, committed 11392K, reserved 1048576K
Event: 79.273 GC heap after
Heap after GC invocations=19 (full 3):
 PSYoungGen      total 347136K, used 19105K [0x000000076ab00000, 0x0000000782a80000, 0x00000007c0000000)
  eden space 302592K, 0% used [0x000000076ab00000,0x000000076ab00000,0x000000077d280000)
  from space 44544K, 42% used [0x000000077ff00000,0x00000007811a85f0,0x0000000782a80000)
  to   space 45056K, 0% used [0x000000077d280000,0x000000077d280000,0x000000077fe80000)
 ParOldGen       total 121344K, used 120002K [0x00000006c0000000, 0x00000006c7680000, 0x000000076ab00000)
  object space 121344K, 98% used [0x00000006c0000000,0x00000006c7530968,0x00000006c7680000)
 Metaspace       used 81016K, capacity 84834K, committed 85080K, reserved 1122304K
  class space    used 10624K, capacity 11382K, committed 11392K, reserved 1048576K
}
Event: 79.273 GC heap before
{Heap before GC invocations=20 (full 4):
 PSYoungGen      total 347136K, used 19105K [0x000000076ab00000, 0x0000000782a80000, 0x00000007c0000000)
  eden space 302592K, 0% used [0x000000076ab00000,0x000000076ab00000,0x000000077d280000)
  from space 44544K, 42% used [0x000000077ff00000,0x00000007811a85f0,0x0000000782a80000)
  to   space 45056K, 0% used [0x000000077d280000,0x000000077d280000,0x000000077fe80000)
 ParOldGen       total 121344K, used 120002K [0x00000006c0000000, 0x00000006c7680000, 0x000000076ab00000)
  object space 121344K, 98% used [0x00000006c0000000,0x00000006c7530968,0x00000006c7680000)
 Metaspace       used 81016K, capacity 84834K, committed 85080K, reserved 1122304K
  class space    used 10624K, capacity 11382K, committed 11392K, reserved 1048576K
Event: 80.382 GC heap after
Heap after GC invocations=20 (full 4):
 PSYoungGen      total 347136K, used 0K [0x000000076ab00000, 0x0000000782a80000, 0x00000007c0000000)
  eden space 302592K, 0% used [0x000000076ab00000,0x000000076ab00000,0x000000077d280000)
  from space 44544K, 0% used [0x000000077ff00000,0x000000077ff00000,0x0000000782a80000)
  to   space 45056K, 0% used [0x000000077d280000,0x000000077d280000,0x000000077fe80000)
 ParOldGen       total 222720K, used 92304K [0x00000006c0000000, 0x00000006cd980000, 0x000000076ab00000)
  object space 222720K, 41% used [0x00000006c0000000,0x00000006c5a241b8,0x00000006cd980000)
 Metaspace       used 79096K, capacity 82628K, committed 85080K, reserved 1122304K
  class space    used 10489K, capacity 11209K, committed 11392K, reserved 1048576K
}
Event: 82.176 GC heap before
{Heap before GC invocations=21 (full 4):
 PSYoungGen      total 347136K, used 302592K [0x000000076ab00000, 0x0000000782a80000, 0x00000007c0000000)
  eden space 302592K, 100% used [0x000000076ab00000,0x000000077d280000,0x000000077d280000)
  from space 44544K, 0% used [0x000000077ff00000,0x000000077ff00000,0x0000000782a80000)
  to   space 45056K, 0% used [0x000000077d280000,0x000000077d280000,0x000000077fe80000)
 ParOldGen       total 222720K, used 92304K [0x00000006c0000000, 0x00000006cd980000, 0x000000076ab00000)
  object space 222720K, 41% used [0x00000006c0000000,0x00000006c5a241b8,0x00000006cd980000)
 Metaspace       used 79096K, capacity 82628K, committed 85080K, reserved 1122304K
  class space    used 10489K, capacity 11209K, committed 11392K, reserved 1048576K
Event: 82.300 GC heap after
Heap after GC invocations=21 (full 4):
 PSYoungGen      total 347648K, used 34221K [0x000000076ab00000, 0x0000000786300000, 0x00000007c0000000)
  eden space 302592K, 0% used [0x000000076ab00000,0x000000076ab00000,0x000000077d280000)
  from space 45056K, 75% used [0x000000077d280000,0x000000077f3eb588,0x000000077fe80000)
  to   space 48640K, 0% used [0x0000000783380000,0x0000000783380000,0x0000000786300000)
 ParOldGen       total 222720K, used 92304K [0x00000006c0000000, 0x00000006cd980000, 0x000000076ab00000)
  object space 222720K, 41% used [0x00000006c0000000,0x00000006c5a241b8,0x00000006cd980000)
 Metaspace       used 79096K, capacity 82628K, committed 85080K, reserved 1122304K
  class space    used 10489K, capacity 11209K, committed 11392K, reserved 1048576K
}
Event: 269.600 GC heap before
{Heap before GC invocations=22 (full 4):
 PSYoungGen      total 347648K, used 336813K [0x000000076ab00000, 0x0000000786300000, 0x00000007c0000000)
  eden space 302592K, 100% used [0x000000076ab00000,0x000000077d280000,0x000000077d280000)
  from space 45056K, 75% used [0x000000077d280000,0x000000077f3eb588,0x000000077fe80000)
  to   space 48640K, 0% used [0x0000000783380000,0x0000000783380000,0x0000000786300000)
 ParOldGen       total 222720K, used 92304K [0x00000006c0000000, 0x00000006cd980000, 0x000000076ab00000)
  object space 222720K, 41% used [0x00000006c0000000,0x00000006c5a241b8,0x00000006cd980000)
 Metaspace       used 95845K, capacity 100600K, committed 100696K, reserved 1136640K
  class space    used 12711K, capacity 13649K, committed 13696K, reserved 1048576K
Event: 269.730 GC heap after
Heap after GC invocations=22 (full 4):
 PSYoungGen      total 393728K, used 42802K [0x000000076ab00000, 0x0000000786600000, 0x00000007c0000000)
  eden space 345088K, 0% used [0x000000076ab00000,0x000000076ab00000,0x000000077fc00000)
  from space 48640K, 87% used [0x0000000783380000,0x0000000785d4c920,0x0000000786300000)
  to   space 54272K, 0% used [0x000000077fc00000,0x000000077fc00000,0x0000000783100000)
 ParOldGen       total 222720K, used 92312K [0x00000006c0000000, 0x00000006cd980000, 0x000000076ab00000)
  object space 222720K, 41% used [0x00000006c0000000,0x00000006c5a261b8,0x00000006cd980000)
 Metaspace       used 95845K, capacity 100600K, committed 100696K, reserved 1136640K
  class space    used 12711K, capacity 13649K, committed 13696K, reserved 1048576K
}

