# JRE version: OpenJDK Runtime Environment (8.0_242-b01) (build 1.8.0_242-release-1644-b01)
# Java VM: OpenJDK 64-Bit Server VM (25.242-b01 mixed mode windows-amd64 compressed oops)
Heap:
 PSYoungGen      total 380928K, used 198516K [0x000000076ab00000, 0x0000000788c80000, 0x00000007c0000000)
  eden space 328192K, 44% used [0x000000076ab00000,0x000000077395d688,0x000000077eb80000)
  from space 52736K, 99% used [0x000000077eb80000,0x0000000781effb48,0x0000000781f00000)
  to   space 61440K, 0% used [0x0000000785080000,0x0000000785080000,0x0000000788c80000)
 ParOldGen       total 226816K, used 92559K [0x00000006c0000000, 0x00000006cdd80000, 0x000000076ab00000)
  object space 226816K, 40% used [0x00000006c0000000,0x00000006c5a63e48,0x00000006cdd80000)
 Metaspace       used 98412K, capacity 103538K, committed 103768K, reserved 1138688K
  class space    used 12858K, capacity 13862K, committed 13952K, reserved 1048576K
GC Heap History (10 events):
Event: 64.876 GC heap before
{Heap before GC invocations=19 (full 3):
 PSYoungGen      total 274432K, used 274421K [0x000000076ab00000, 0x0000000781c00000, 0x00000007c0000000)
  eden space 243712K, 100% used [0x000000076ab00000,0x0000000779900000,0x0000000779900000)
  from space 30720K, 99% used [0x0000000779900000,0x000000077b6fd438,0x000000077b700000)
  to   space 46592K, 0% used [0x000000077ee80000,0x000000077ee80000,0x0000000781c00000)
 ParOldGen       total 123392K, used 86857K [0x00000006c0000000, 0x00000006c7880000, 0x000000076ab00000)
  object space 123392K, 70% used [0x00000006c0000000,0x00000006c54d2780,0x00000006c7880000)
 Metaspace       used 80768K, capacity 84678K, committed 84824K, reserved 1122304K
  class space    used 10602K, capacity 11376K, committed 11392K, reserved 1048576K
Event: 64.997 GC heap after
Heap after GC invocations=19 (full 3):
 PSYoungGen      total 332800K, used 17582K [0x000000076ab00000, 0x0000000781b00000, 0x00000007c0000000)
  eden space 287232K, 0% used [0x000000076ab00000,0x000000076ab00000,0x000000077c380000)
  from space 45568K, 38% used [0x000000077ee80000,0x000000077ffab970,0x0000000781b00000)
  to   space 44032K, 0% used [0x000000077c380000,0x000000077c380000,0x000000077ee80000)
 ParOldGen       total 123392K, used 117290K [0x00000006c0000000, 0x00000006c7880000, 0x000000076ab00000)
  object space 123392K, 95% used [0x00000006c0000000,0x00000006c728a8d8,0x00000006c7880000)
 Metaspace       used 80768K, capacity 84678K, committed 84824K, reserved 1122304K
  class space    used 10602K, capacity 11376K, committed 11392K, reserved 1048576K
}
Event: 64.997 GC heap before
{Heap before GC invocations=20 (full 4):
 PSYoungGen      total 332800K, used 17582K [0x000000076ab00000, 0x0000000781b00000, 0x00000007c0000000)
  eden space 287232K, 0% used [0x000000076ab00000,0x000000076ab00000,0x000000077c380000)
  from space 45568K, 38% used [0x000000077ee80000,0x000000077ffab970,0x0000000781b00000)
  to   space 44032K, 0% used [0x000000077c380000,0x000000077c380000,0x000000077ee80000)
 ParOldGen       total 123392K, used 117290K [0x00000006c0000000, 0x00000006c7880000, 0x000000076ab00000)
  object space 123392K, 95% used [0x00000006c0000000,0x00000006c728a8d8,0x00000006c7880000)
 Metaspace       used 80768K, capacity 84678K, committed 84824K, reserved 1122304K
  class space    used 10602K, capacity 11376K, committed 11392K, reserved 1048576K
Event: 65.760 GC heap after
Heap after GC invocations=20 (full 4):
 PSYoungGen      total 332800K, used 0K [0x000000076ab00000, 0x0000000781b00000, 0x00000007c0000000)
  eden space 287232K, 0% used [0x000000076ab00000,0x000000076ab00000,0x000000077c380000)
  from space 45568K, 0% used [0x000000077ee80000,0x000000077ee80000,0x0000000781b00000)
  to   space 44032K, 0% used [0x000000077c380000,0x000000077c380000,0x000000077ee80000)
 ParOldGen       total 226816K, used 90920K [0x00000006c0000000, 0x00000006cdd80000, 0x000000076ab00000)
  object space 226816K, 40% used [0x00000006c0000000,0x00000006c58ca350,0x00000006cdd80000)
 Metaspace       used 78846K, capacity 82462K, committed 84824K, reserved 1122304K
  class space    used 10468K, capacity 11204K, committed 11392K, reserved 1048576K
}
Event: 66.756 GC heap before
{Heap before GC invocations=21 (full 4):
 PSYoungGen      total 332800K, used 287232K [0x000000076ab00000, 0x0000000781b00000, 0x00000007c0000000)
  eden space 287232K, 100% used [0x000000076ab00000,0x000000077c380000,0x000000077c380000)
  from space 45568K, 0% used [0x000000077ee80000,0x000000077ee80000,0x0000000781b00000)
  to   space 44032K, 0% used [0x000000077c380000,0x000000077c380000,0x000000077ee80000)
 ParOldGen       total 226816K, used 90952K [0x00000006c0000000, 0x00000006cdd80000, 0x000000076ab00000)
  object space 226816K, 40% used [0x00000006c0000000,0x00000006c58d2360,0x00000006cdd80000)
 Metaspace       used 78850K, capacity 82468K, committed 84824K, reserved 1122304K
  class space    used 10469K, capacity 11205K, committed 11392K, reserved 1048576K
Event: 66.840 GC heap after
Heap after GC invocations=21 (full 4):
 PSYoungGen      total 331264K, used 31400K [0x000000076ab00000, 0x0000000784c00000, 0x00000007c0000000)
  eden space 287232K, 0% used [0x000000076ab00000,0x000000076ab00000,0x000000077c380000)
  from space 44032K, 71% used [0x000000077c380000,0x000000077e22a2d8,0x000000077ee80000)
  to   space 46080K, 0% used [0x0000000781f00000,0x0000000781f00000,0x0000000784c00000)
 ParOldGen       total 226816K, used 90952K [0x00000006c0000000, 0x00000006cdd80000, 0x000000076ab00000)
  object space 226816K, 40% used [0x00000006c0000000,0x00000006c58d2360,0x00000006cdd80000)
 Metaspace       used 78850K, capacity 82468K, committed 84824K, reserved 1122304K
  class space    used 10469K, capacity 11205K, committed 11392K, reserved 1048576K
}
Event: 75.666 GC heap before
{Heap before GC invocations=22 (full 4):
 PSYoungGen      total 331264K, used 318632K [0x000000076ab00000, 0x0000000784c00000, 0x00000007c0000000)
  eden space 287232K, 100% used [0x000000076ab00000,0x000000077c380000,0x000000077c380000)
  from space 44032K, 71% used [0x000000077c380000,0x000000077e22a2d8,0x000000077ee80000)
  to   space 46080K, 0% used [0x0000000781f00000,0x0000000781f00000,0x0000000784c00000)
 ParOldGen       total 226816K, used 90990K [0x00000006c0000000, 0x00000006cdd80000, 0x000000076ab00000)
  object space 226816K, 40% used [0x00000006c0000000,0x00000006c58dbb60,0x00000006cdd80000)
 Metaspace       used 92098K, capacity 96856K, committed 97112K, reserved 1132544K
  class space    used 12445K, capacity 13353K, committed 13440K, reserved 1048576K
Event: 75.770 GC heap after
Heap after GC invocations=22 (full 4):
 PSYoungGen      total 374272K, used 43358K [0x000000076ab00000, 0x0000000785580000, 0x00000007c0000000)
  eden space 328192K, 0% used [0x000000076ab00000,0x000000076ab00000,0x000000077eb80000)
  from space 46080K, 94% used [0x0000000781f00000,0x0000000784957a08,0x0000000784c00000)
  to   space 52736K, 0% used [0x000000077eb80000,0x000000077eb80000,0x0000000781f00000)
 ParOldGen       total 226816K, used 91006K [0x00000006c0000000, 0x00000006cdd80000, 0x000000076ab00000)
  object space 226816K, 40% used [0x00000006c0000000,0x00000006c58dfb60,0x00000006cdd80000)
 Metaspace       used 92098K, capacity 96856K, committed 97112K, reserved 1132544K
  class space    used 12445K, capacity 13353K, committed 13440K, reserved 1048576K
}
Event: 243.182 GC heap before
{Heap before GC invocations=23 (full 4):
 PSYoungGen      total 374272K, used 371550K [0x000000076ab00000, 0x0000000785580000, 0x00000007c0000000)
  eden space 328192K, 100% used [0x000000076ab00000,0x000000077eb80000,0x000000077eb80000)
  from space 46080K, 94% used [0x0000000781f00000,0x0000000784957a08,0x0000000784c00000)
  to   space 52736K, 0% used [0x000000077eb80000,0x000000077eb80000,0x0000000781f00000)
 ParOldGen       total 226816K, used 91006K [0x00000006c0000000, 0x00000006cdd80000, 0x000000076ab00000)
  object space 226816K, 40% used [0x00000006c0000000,0x00000006c58dfb60,0x00000006cdd80000)
 Metaspace       used 98266K, capacity 103372K, committed 103512K, reserved 1138688K
  class space    used 12854K, capacity 13857K, committed 13952K, reserved 1048576K
Event: 243.294 GC heap after
Heap after GC invocations=23 (full 4):
 PSYoungGen      total 380928K, used 52734K [0x000000076ab00000, 0x0000000788c80000, 0x00000007c0000000)
  eden space 328192K, 0% used [0x000000076ab00000,0x000000076ab00000,0x000000077eb80000)
  from space 52736K, 99% used [0x000000077eb80000,0x0000000781effb48,0x0000000781f00000)
  to   space 61440K, 0% used [0x0000000785080000,0x0000000785080000,0x0000000788c80000)
 ParOldGen       total 226816K, used 92559K [0x00000006c0000000, 0x00000006cdd80000, 0x000000076ab00000)
  object space 226816K, 40% used [0x00000006c0000000,0x00000006c5a63e48,0x00000006cdd80000)
 Metaspace       used 98266K, capacity 103372K, committed 103512K, reserved 1138688K
  class space    used 12854K, capacity 13857K, committed 13952K, reserved 1048576K
}

