# JRE version: OpenJDK Runtime Environment (8.0_242-b01) (build 1.8.0_242-release-1644-b01)
# Java VM: OpenJDK 64-Bit Server VM (25.242-b01 mixed mode windows-amd64 compressed oops)
Heap:
 PSYoungGen      total 275456K, used 192282K [0x00000000d5580000, 0x00000000e9880000, 0x0000000100000000)
  eden space 225280K, 63% used [0x00000000d5580000,0x00000000de0c6988,0x00000000e3180000)
  from space 50176K, 98% used [0x00000000e3180000,0x00000000e61ffed8,0x00000000e6280000)
  to   space 52736K, 0% used [0x00000000e6280000,0x00000000e6280000,0x00000000e9600000)
 ParOldGen       total 218624K, used 92881K [0x0000000080000000, 0x000000008d580000, 0x00000000d5580000)
  object space 218624K, 42% used [0x0000000080000000,0x0000000085ab4728,0x000000008d580000)
 Metaspace       used 97166K, capacity 102888K, committed 103000K, reserved 1138688K
  class space    used 12990K, capacity 14105K, committed 14208K, reserved 1048576K
GC Heap History (10 events):
Event: 134.568 GC heap before
{Heap before GC invocations=23 (full 3):
 PSYoungGen      total 227840K, used 214121K [0x00000000d5580000, 0x00000000e6c80000, 0x0000000100000000)
  eden space 191488K, 100% used [0x00000000d5580000,0x00000000e1080000,0x00000000e1080000)
  from space 36352K, 62% used [0x00000000e1080000,0x00000000e269a478,0x00000000e3400000)
  to   space 37376K, 0% used [0x00000000e4800000,0x00000000e4800000,0x00000000e6c80000)
 ParOldGen       total 115712K, used 73619K [0x0000000080000000, 0x0000000087100000, 0x00000000d5580000)
  object space 115712K, 63% used [0x0000000080000000,0x00000000847e4d90,0x0000000087100000)
 Metaspace       used 86116K, capacity 89912K, committed 90072K, reserved 1128448K
  class space    used 11276K, capacity 12021K, committed 12032K, reserved 1048576K
Event: 134.712 GC heap after
Heap after GC invocations=23 (full 3):
 PSYoungGen      total 235008K, used 37345K [0x00000000d5580000, 0x00000000e8580000, 0x0000000100000000)
  eden space 197632K, 0% used [0x00000000d5580000,0x00000000d5580000,0x00000000e1680000)
  from space 37376K, 99% used [0x00000000e4800000,0x00000000e6c785b0,0x00000000e6c80000)
  to   space 50688K, 0% used [0x00000000e1680000,0x00000000e1680000,0x00000000e4800000)
 ParOldGen       total 115712K, used 93068K [0x0000000080000000, 0x0000000087100000, 0x00000000d5580000)
  object space 115712K, 80% used [0x0000000080000000,0x0000000085ae32a8,0x0000000087100000)
 Metaspace       used 86116K, capacity 89912K, committed 90072K, reserved 1128448K
  class space    used 11276K, capacity 12021K, committed 12032K, reserved 1048576K
}
Event: 146.151 GC heap before
{Heap before GC invocations=24 (full 3):
 PSYoungGen      total 235008K, used 234977K [0x00000000d5580000, 0x00000000e8580000, 0x0000000100000000)
  eden space 197632K, 100% used [0x00000000d5580000,0x00000000e1680000,0x00000000e1680000)
  from space 37376K, 99% used [0x00000000e4800000,0x00000000e6c785b0,0x00000000e6c80000)
  to   space 50688K, 0% used [0x00000000e1680000,0x00000000e1680000,0x00000000e4800000)
 ParOldGen       total 115712K, used 93068K [0x0000000080000000, 0x0000000087100000, 0x00000000d5580000)
  object space 115712K, 80% used [0x0000000080000000,0x0000000085ae32a8,0x0000000087100000)
 Metaspace       used 87991K, capacity 91928K, committed 92120K, reserved 1128448K
  class space    used 11457K, capacity 12271K, committed 12288K, reserved 1048576K
Event: 146.546 GC heap after
Heap after GC invocations=24 (full 3):
 PSYoungGen      total 248320K, used 33249K [0x00000000d5580000, 0x00000000e9600000, 0x0000000100000000)
  eden space 197632K, 0% used [0x00000000d5580000,0x00000000d5580000,0x00000000e1680000)
  from space 50688K, 65% used [0x00000000e1680000,0x00000000e36f8790,0x00000000e4800000)
  to   space 52736K, 0% used [0x00000000e6280000,0x00000000e6280000,0x00000000e9600000)
 ParOldGen       total 115712K, used 111576K [0x0000000080000000, 0x0000000087100000, 0x00000000d5580000)
  object space 115712K, 96% used [0x0000000080000000,0x0000000086cf62a8,0x0000000087100000)
 Metaspace       used 87991K, capacity 91928K, committed 92120K, reserved 1128448K
  class space    used 11457K, capacity 12271K, committed 12288K, reserved 1048576K
}
Event: 146.547 GC heap before
{Heap before GC invocations=25 (full 4):
 PSYoungGen      total 248320K, used 33249K [0x00000000d5580000, 0x00000000e9600000, 0x0000000100000000)
  eden space 197632K, 0% used [0x00000000d5580000,0x00000000d5580000,0x00000000e1680000)
  from space 50688K, 65% used [0x00000000e1680000,0x00000000e36f8790,0x00000000e4800000)
  to   space 52736K, 0% used [0x00000000e6280000,0x00000000e6280000,0x00000000e9600000)
 ParOldGen       total 115712K, used 111576K [0x0000000080000000, 0x0000000087100000, 0x00000000d5580000)
  object space 115712K, 96% used [0x0000000080000000,0x0000000086cf62a8,0x0000000087100000)
 Metaspace       used 87991K, capacity 91928K, committed 92120K, reserved 1128448K
  class space    used 11457K, capacity 12271K, committed 12288K, reserved 1048576K
Event: 147.745 GC heap after
Heap after GC invocations=25 (full 4):
 PSYoungGen      total 248320K, used 0K [0x00000000d5580000, 0x00000000e9600000, 0x0000000100000000)
  eden space 197632K, 0% used [0x00000000d5580000,0x00000000d5580000,0x00000000e1680000)
  from space 50688K, 0% used [0x00000000e1680000,0x00000000e1680000,0x00000000e4800000)
  to   space 52736K, 0% used [0x00000000e6280000,0x00000000e6280000,0x00000000e9600000)
 ParOldGen       total 218624K, used 92873K [0x0000000080000000, 0x000000008d580000, 0x00000000d5580000)
  object space 218624K, 42% used [0x0000000080000000,0x0000000085ab2728,0x000000008d580000)
 Metaspace       used 86423K, capacity 90236K, committed 92120K, reserved 1128448K
  class space    used 11370K, capacity 12147K, committed 12288K, reserved 1048576K
}
Event: 148.721 GC heap before
{Heap before GC invocations=26 (full 4):
 PSYoungGen      total 248320K, used 197632K [0x00000000d5580000, 0x00000000e9600000, 0x0000000100000000)
  eden space 197632K, 100% used [0x00000000d5580000,0x00000000e1680000,0x00000000e1680000)
  from space 50688K, 0% used [0x00000000e1680000,0x00000000e1680000,0x00000000e4800000)
  to   space 52736K, 0% used [0x00000000e6280000,0x00000000e6280000,0x00000000e9600000)
 ParOldGen       total 218624K, used 92873K [0x0000000080000000, 0x000000008d580000, 0x00000000d5580000)
  object space 218624K, 42% used [0x0000000080000000,0x0000000085ab2728,0x000000008d580000)
 Metaspace       used 86424K, capacity 90236K, committed 92120K, reserved 1128448K
  class space    used 11370K, capacity 12147K, committed 12288K, reserved 1048576K
Event: 148.807 GC heap after
Heap after GC invocations=26 (full 4):
 PSYoungGen      total 278016K, used 22705K [0x00000000d5580000, 0x00000000e9880000, 0x0000000100000000)
  eden space 225280K, 0% used [0x00000000d5580000,0x00000000d5580000,0x00000000e3180000)
  from space 52736K, 43% used [0x00000000e6280000,0x00000000e78ac4c0,0x00000000e9600000)
  to   space 50176K, 0% used [0x00000000e3180000,0x00000000e3180000,0x00000000e6280000)
 ParOldGen       total 218624K, used 92873K [0x0000000080000000, 0x000000008d580000, 0x00000000d5580000)
  object space 218624K, 42% used [0x0000000080000000,0x0000000085ab2728,0x000000008d580000)
 Metaspace       used 86424K, capacity 90236K, committed 92120K, reserved 1128448K
  class space    used 11370K, capacity 12147K, committed 12288K, reserved 1048576K
}
Event: 154.427 GC heap before
{Heap before GC invocations=27 (full 4):
 PSYoungGen      total 278016K, used 247985K [0x00000000d5580000, 0x00000000e9880000, 0x0000000100000000)
  eden space 225280K, 100% used [0x00000000d5580000,0x00000000e3180000,0x00000000e3180000)
  from space 52736K, 43% used [0x00000000e6280000,0x00000000e78ac4c0,0x00000000e9600000)
  to   space 50176K, 0% used [0x00000000e3180000,0x00000000e3180000,0x00000000e6280000)
 ParOldGen       total 218624K, used 92873K [0x0000000080000000, 0x000000008d580000, 0x00000000d5580000)
  object space 218624K, 42% used [0x0000000080000000,0x0000000085ab2728,0x000000008d580000)
 Metaspace       used 91671K, capacity 96464K, committed 96728K, reserved 1132544K
  class space    used 12233K, capacity 13239K, committed 13312K, reserved 1048576K
Event: 154.529 GC heap after
Heap after GC invocations=27 (full 4):
 PSYoungGen      total 275456K, used 49663K [0x00000000d5580000, 0x00000000e9880000, 0x0000000100000000)
  eden space 225280K, 0% used [0x00000000d5580000,0x00000000d5580000,0x00000000e3180000)
  from space 50176K, 98% used [0x00000000e3180000,0x00000000e61ffed8,0x00000000e6280000)
  to   space 52736K, 0% used [0x00000000e6280000,0x00000000e6280000,0x00000000e9600000)
 ParOldGen       total 218624K, used 92881K [0x0000000080000000, 0x000000008d580000, 0x00000000d5580000)
  object space 218624K, 42% used [0x0000000080000000,0x0000000085ab4728,0x000000008d580000)
 Metaspace       used 91671K, capacity 96464K, committed 96728K, reserved 1132544K
  class space    used 12233K, capacity 13239K, committed 13312K, reserved 1048576K
}

