# JRE version: OpenJDK Runtime Environment (8.0_242-b01) (build 1.8.0_242-release-1644-b01)
# Java VM: OpenJDK 64-Bit Server VM (25.242-b01 mixed mode windows-amd64 compressed oops)
Heap:
 PSYoungGen      total 258560K, used 126786K [0x00000000d5580000, 0x00000000e7900000, 0x0000000100000000)
  eden space 218624K, 53% used [0x00000000d5580000,0x00000000dc7c1a00,0x00000000e2b00000)
  from space 39936K, 24% used [0x00000000e2b00000,0x00000000e348ee28,0x00000000e5200000)
  to   space 37888K, 0% used [0x00000000e5400000,0x00000000e5400000,0x00000000e7900000)
 ParOldGen       total 204800K, used 85551K [0x0000000080000000, 0x000000008c800000, 0x00000000d5580000)
  object space 204800K, 41% used [0x0000000080000000,0x000000008538bcc8,0x000000008c800000)
 Metaspace       used 76856K, capacity 80990K, committed 81920K, reserved 1120256K
  class space    used 10459K, capacity 11222K, committed 11520K, reserved 1048576K
GC Heap History (10 events):
Event: 93.455 GC heap before
{Heap before GC invocations=21 (full 3):
 PSYoungGen      total 195072K, used 195058K [0x00000000d5580000, 0x00000000e5b80000, 0x0000000100000000)
  eden space 166912K, 100% used [0x00000000d5580000,0x00000000df880000,0x00000000df880000)
  from space 28160K, 99% used [0x00000000df880000,0x00000000e13fc8d8,0x00000000e1400000)
  to   space 40448K, 0% used [0x00000000e3400000,0x00000000e3400000,0x00000000e5b80000)
 ParOldGen       total 114688K, used 72222K [0x0000000080000000, 0x0000000087000000, 0x00000000d5580000)
  object space 114688K, 62% used [0x0000000080000000,0x0000000084687be8,0x0000000087000000)
 Metaspace       used 74910K, capacity 79474K, committed 79616K, reserved 1118208K
  class space    used 10404K, capacity 11226K, committed 11264K, reserved 1048576K
Event: 93.833 GC heap after
Heap after GC invocations=21 (full 3):
 PSYoungGen      total 227328K, used 23752K [0x00000000d5580000, 0x00000000e6880000, 0x0000000100000000)
  eden space 186880K, 0% used [0x00000000d5580000,0x00000000d5580000,0x00000000e0c00000)
  from space 40448K, 58% used [0x00000000e3400000,0x00000000e4b323f0,0x00000000e5b80000)
  to   space 40960K, 0% used [0x00000000e0c00000,0x00000000e0c00000,0x00000000e3400000)
 ParOldGen       total 114688K, used 99517K [0x0000000080000000, 0x0000000087000000, 0x00000000d5580000)
  object space 114688K, 86% used [0x0000000080000000,0x000000008612f5e8,0x0000000087000000)
 Metaspace       used 74910K, capacity 79474K, committed 79616K, reserved 1118208K
  class space    used 10404K, capacity 11226K, committed 11264K, reserved 1048576K
}
Event: 93.833 GC heap before
{Heap before GC invocations=22 (full 4):
 PSYoungGen      total 227328K, used 23752K [0x00000000d5580000, 0x00000000e6880000, 0x0000000100000000)
  eden space 186880K, 0% used [0x00000000d5580000,0x00000000d5580000,0x00000000e0c00000)
  from space 40448K, 58% used [0x00000000e3400000,0x00000000e4b323f0,0x00000000e5b80000)
  to   space 40960K, 0% used [0x00000000e0c00000,0x00000000e0c00000,0x00000000e3400000)
 ParOldGen       total 114688K, used 99517K [0x0000000080000000, 0x0000000087000000, 0x00000000d5580000)
  object space 114688K, 86% used [0x0000000080000000,0x000000008612f5e8,0x0000000087000000)
 Metaspace       used 74910K, capacity 79474K, committed 79616K, reserved 1118208K
  class space    used 10404K, capacity 11226K, committed 11264K, reserved 1048576K
Event: 94.965 GC heap after
Heap after GC invocations=22 (full 4):
 PSYoungGen      total 227328K, used 0K [0x00000000d5580000, 0x00000000e6880000, 0x0000000100000000)
  eden space 186880K, 0% used [0x00000000d5580000,0x00000000d5580000,0x00000000e0c00000)
  from space 40448K, 0% used [0x00000000e3400000,0x00000000e3400000,0x00000000e5b80000)
  to   space 40960K, 0% used [0x00000000e0c00000,0x00000000e0c00000,0x00000000e3400000)
 ParOldGen       total 204800K, used 85535K [0x0000000080000000, 0x000000008c800000, 0x00000000d5580000)
  object space 204800K, 41% used [0x0000000080000000,0x0000000085387cc8,0x000000008c800000)
 Metaspace       used 74318K, capacity 77946K, committed 79616K, reserved 1118208K
  class space    used 10201K, capacity 10868K, committed 11264K, reserved 1048576K
}
Event: 99.186 GC heap before
{Heap before GC invocations=23 (full 4):
 PSYoungGen      total 227328K, used 186880K [0x00000000d5580000, 0x00000000e6880000, 0x0000000100000000)
  eden space 186880K, 100% used [0x00000000d5580000,0x00000000e0c00000,0x00000000e0c00000)
  from space 40448K, 0% used [0x00000000e3400000,0x00000000e3400000,0x00000000e5b80000)
  to   space 40960K, 0% used [0x00000000e0c00000,0x00000000e0c00000,0x00000000e3400000)
 ParOldGen       total 204800K, used 85535K [0x0000000080000000, 0x000000008c800000, 0x00000000d5580000)
  object space 204800K, 41% used [0x0000000080000000,0x0000000085387cc8,0x000000008c800000)
 Metaspace       used 76020K, capacity 80122K, committed 81152K, reserved 1118208K
  class space    used 10434K, capacity 11184K, committed 11520K, reserved 1048576K
Event: 99.208 GC heap after
Heap after GC invocations=23 (full 4):
 PSYoungGen      total 227840K, used 3738K [0x00000000d5580000, 0x00000000e7c00000, 0x0000000100000000)
  eden space 186880K, 0% used [0x00000000d5580000,0x00000000d5580000,0x00000000e0c00000)
  from space 40960K, 9% used [0x00000000e0c00000,0x00000000e0fa6a58,0x00000000e3400000)
  to   space 40960K, 0% used [0x00000000e5400000,0x00000000e5400000,0x00000000e7c00000)
 ParOldGen       total 204800K, used 85535K [0x0000000080000000, 0x000000008c800000, 0x00000000d5580000)
  object space 204800K, 41% used [0x0000000080000000,0x0000000085387cc8,0x000000008c800000)
 Metaspace       used 76020K, capacity 80122K, committed 81152K, reserved 1118208K
  class space    used 10434K, capacity 11184K, committed 11520K, reserved 1048576K
}
Event: 101.169 GC heap before
{Heap before GC invocations=24 (full 4):
 PSYoungGen      total 227840K, used 190618K [0x00000000d5580000, 0x00000000e7c00000, 0x0000000100000000)
  eden space 186880K, 100% used [0x00000000d5580000,0x00000000e0c00000,0x00000000e0c00000)
  from space 40960K, 9% used [0x00000000e0c00000,0x00000000e0fa6a58,0x00000000e3400000)
  to   space 40960K, 0% used [0x00000000e5400000,0x00000000e5400000,0x00000000e7c00000)
 ParOldGen       total 204800K, used 85535K [0x0000000080000000, 0x000000008c800000, 0x00000000d5580000)
  object space 204800K, 41% used [0x0000000080000000,0x0000000085387cc8,0x000000008c800000)
 Metaspace       used 76636K, capacity 80766K, committed 81664K, reserved 1120256K
  class space    used 10457K, capacity 11222K, committed 11520K, reserved 1048576K
Event: 101.218 GC heap after
Heap after GC invocations=24 (full 4):
 PSYoungGen      total 256512K, used 4068K [0x00000000d5580000, 0x00000000e7900000, 0x0000000100000000)
  eden space 218624K, 0% used [0x00000000d5580000,0x00000000d5580000,0x00000000e2b00000)
  from space 37888K, 10% used [0x00000000e5400000,0x00000000e57f9128,0x00000000e7900000)
  to   space 39936K, 0% used [0x00000000e2b00000,0x00000000e2b00000,0x00000000e5200000)
 ParOldGen       total 204800K, used 85543K [0x0000000080000000, 0x000000008c800000, 0x00000000d5580000)
  object space 204800K, 41% used [0x0000000080000000,0x0000000085389cc8,0x000000008c800000)
 Metaspace       used 76636K, capacity 80766K, committed 81664K, reserved 1120256K
  class space    used 10457K, capacity 11222K, committed 11520K, reserved 1048576K
}
Event: 103.190 GC heap before
{Heap before GC invocations=25 (full 4):
 PSYoungGen      total 256512K, used 222692K [0x00000000d5580000, 0x00000000e7900000, 0x0000000100000000)
  eden space 218624K, 100% used [0x00000000d5580000,0x00000000e2b00000,0x00000000e2b00000)
  from space 37888K, 10% used [0x00000000e5400000,0x00000000e57f9128,0x00000000e7900000)
  to   space 39936K, 0% used [0x00000000e2b00000,0x00000000e2b00000,0x00000000e5200000)
 ParOldGen       total 204800K, used 85543K [0x0000000080000000, 0x000000008c800000, 0x00000000d5580000)
  object space 204800K, 41% used [0x0000000080000000,0x0000000085389cc8,0x000000008c800000)
 Metaspace       used 76809K, capacity 80982K, committed 81920K, reserved 1120256K
  class space    used 10459K, capacity 11222K, committed 11520K, reserved 1048576K
Event: 103.256 GC heap after
Heap after GC invocations=25 (full 4):
 PSYoungGen      total 258560K, used 9787K [0x00000000d5580000, 0x00000000e7900000, 0x0000000100000000)
  eden space 218624K, 0% used [0x00000000d5580000,0x00000000d5580000,0x00000000e2b00000)
  from space 39936K, 24% used [0x00000000e2b00000,0x00000000e348ee28,0x00000000e5200000)
  to   space 37888K, 0% used [0x00000000e5400000,0x00000000e5400000,0x00000000e7900000)
 ParOldGen       total 204800K, used 85551K [0x0000000080000000, 0x000000008c800000, 0x00000000d5580000)
  object space 204800K, 41% used [0x0000000080000000,0x000000008538bcc8,0x000000008c800000)
 Metaspace       used 76809K, capacity 80982K, committed 81920K, reserved 1120256K
  class space    used 10459K, capacity 11222K, committed 11520K, reserved 1048576K
}

