# JRE version: OpenJDK Runtime Environment (8.0_242-b01) (build 1.8.0_242-release-1644-b01)
# Java VM: OpenJDK 64-Bit Server VM (25.242-b01 mixed mode windows-amd64 compressed oops)
Heap:
 PSYoungGen      total 440320K, used 94003K [0x00000000d5580000, 0x00000000f8300000, 0x0000000100000000)
  eden space 406528K, 14% used [0x00000000d5580000,0x00000000d904e400,0x00000000ee280000)
  from space 33792K, 99% used [0x00000000ee280000,0x00000000f037eb18,0x00000000f0380000)
  to   space 44544K, 0% used [0x00000000f5780000,0x00000000f5780000,0x00000000f8300000)
 ParOldGen       total 176128K, used 95754K [0x0000000080000000, 0x000000008ac00000, 0x00000000d5580000)
  object space 176128K, 54% used [0x0000000080000000,0x0000000085d82818,0x000000008ac00000)
 Metaspace       used 105796K, capacity 112002K, committed 112192K, reserved 1146880K
  class space    used 13931K, capacity 15152K, committed 15208K, reserved 1048576K
GC Heap History (10 events):
Event: 172.732 GC heap before
{Heap before GC invocations=17 (full 3):
 PSYoungGen      total 254464K, used 254452K [0x00000000d5580000, 0x00000000eb880000, 0x0000000100000000)
  eden space 235520K, 100% used [0x00000000d5580000,0x00000000e3b80000,0x00000000e3b80000)
  from space 18944K, 99% used [0x00000000e3b80000,0x00000000e4dfd1d0,0x00000000e4e00000)
  to   space 22528K, 0% used [0x00000000ea280000,0x00000000ea280000,0x00000000eb880000)
 ParOldGen       total 97792K, used 35533K [0x0000000080000000, 0x0000000085f80000, 0x00000000d5580000)
  object space 97792K, 36% used [0x0000000080000000,0x00000000822b3638,0x0000000085f80000)
 Metaspace       used 78073K, capacity 82330K, committed 82648K, reserved 1120256K
  class space    used 10639K, capacity 11433K, committed 11520K, reserved 1048576K
Event: 172.808 GC heap after
Heap after GC invocations=17 (full 3):
 PSYoungGen      total 334848K, used 20306K [0x00000000d5580000, 0x00000000eb800000, 0x0000000100000000)
  eden space 312832K, 0% used [0x00000000d5580000,0x00000000d5580000,0x00000000e8700000)
  from space 22016K, 92% used [0x00000000ea280000,0x00000000eb6548e8,0x00000000eb800000)
  to   space 25088K, 0% used [0x00000000e8700000,0x00000000e8700000,0x00000000e9f80000)
 ParOldGen       total 97792K, used 48617K [0x0000000080000000, 0x0000000085f80000, 0x00000000d5580000)
  object space 97792K, 49% used [0x0000000080000000,0x0000000082f7a448,0x0000000085f80000)
 Metaspace       used 78073K, capacity 82330K, committed 82648K, reserved 1120256K
  class space    used 10639K, capacity 11433K, committed 11520K, reserved 1048576K
}
Event: 191.898 GC heap before
{Heap before GC invocations=18 (full 3):
 PSYoungGen      total 334848K, used 333138K [0x00000000d5580000, 0x00000000eb800000, 0x0000000100000000)
  eden space 312832K, 100% used [0x00000000d5580000,0x00000000e8700000,0x00000000e8700000)
  from space 22016K, 92% used [0x00000000ea280000,0x00000000eb6548e8,0x00000000eb800000)
  to   space 25088K, 0% used [0x00000000e8700000,0x00000000e8700000,0x00000000e9f80000)
 ParOldGen       total 97792K, used 48617K [0x0000000080000000, 0x0000000085f80000, 0x00000000d5580000)
  object space 97792K, 49% used [0x0000000080000000,0x0000000082f7a448,0x0000000085f80000)
 Metaspace       used 89768K, capacity 94846K, committed 94936K, reserved 1130496K
  class space    used 12050K, capacity 13015K, committed 13056K, reserved 1048576K
Event: 191.989 GC heap after
Heap after GC invocations=18 (full 3):
 PSYoungGen      total 337920K, used 25076K [0x00000000d5580000, 0x00000000f2600000, 0x0000000100000000)
  eden space 312832K, 0% used [0x00000000d5580000,0x00000000d5580000,0x00000000e8700000)
  from space 25088K, 99% used [0x00000000e8700000,0x00000000e9f7d2f8,0x00000000e9f80000)
  to   space 35328K, 0% used [0x00000000f0380000,0x00000000f0380000,0x00000000f2600000)
 ParOldGen       total 97792K, used 66336K [0x0000000080000000, 0x0000000085f80000, 0x00000000d5580000)
  object space 97792K, 67% used [0x0000000080000000,0x00000000840c8260,0x0000000085f80000)
 Metaspace       used 89768K, capacity 94846K, committed 94936K, reserved 1130496K
  class space    used 12050K, capacity 13015K, committed 13056K, reserved 1048576K
}
Event: 195.304 GC heap before
{Heap before GC invocations=19 (full 3):
 PSYoungGen      total 337920K, used 77581K [0x00000000d5580000, 0x00000000f2600000, 0x0000000100000000)
  eden space 312832K, 16% used [0x00000000d5580000,0x00000000d88c61e0,0x00000000e8700000)
  from space 25088K, 99% used [0x00000000e8700000,0x00000000e9f7d2f8,0x00000000e9f80000)
  to   space 35328K, 0% used [0x00000000f0380000,0x00000000f0380000,0x00000000f2600000)
 ParOldGen       total 97792K, used 66336K [0x0000000080000000, 0x0000000085f80000, 0x00000000d5580000)
  object space 97792K, 67% used [0x0000000080000000,0x00000000840c8260,0x0000000085f80000)
 Metaspace       used 93204K, capacity 98292K, committed 98496K, reserved 1134592K
  class space    used 12396K, capacity 13451K, committed 13544K, reserved 1048576K
Event: 195.383 GC heap after
Heap after GC invocations=19 (full 3):
 PSYoungGen      total 441344K, used 11352K [0x00000000d5580000, 0x00000000f2580000, 0x0000000100000000)
  eden space 406528K, 0% used [0x00000000d5580000,0x00000000d5580000,0x00000000ee280000)
  from space 34816K, 32% used [0x00000000f0380000,0x00000000f0e96088,0x00000000f2580000)
  to   space 33792K, 0% used [0x00000000ee280000,0x00000000ee280000,0x00000000f0380000)
 ParOldGen       total 97792K, used 90214K [0x0000000080000000, 0x0000000085f80000, 0x00000000d5580000)
  object space 97792K, 92% used [0x0000000080000000,0x0000000085819900,0x0000000085f80000)
 Metaspace       used 93204K, capacity 98292K, committed 98496K, reserved 1134592K
  class space    used 12396K, capacity 13451K, committed 13544K, reserved 1048576K
}
Event: 195.383 GC heap before
{Heap before GC invocations=20 (full 4):
 PSYoungGen      total 441344K, used 11352K [0x00000000d5580000, 0x00000000f2580000, 0x0000000100000000)
  eden space 406528K, 0% used [0x00000000d5580000,0x00000000d5580000,0x00000000ee280000)
  from space 34816K, 32% used [0x00000000f0380000,0x00000000f0e96088,0x00000000f2580000)
  to   space 33792K, 0% used [0x00000000ee280000,0x00000000ee280000,0x00000000f0380000)
 ParOldGen       total 97792K, used 90214K [0x0000000080000000, 0x0000000085f80000, 0x00000000d5580000)
  object space 97792K, 92% used [0x0000000080000000,0x0000000085819900,0x0000000085f80000)
 Metaspace       used 93204K, capacity 98292K, committed 98496K, reserved 1134592K
  class space    used 12396K, capacity 13451K, committed 13544K, reserved 1048576K
Event: 196.237 GC heap after
Heap after GC invocations=20 (full 4):
 PSYoungGen      total 441344K, used 0K [0x00000000d5580000, 0x00000000f2580000, 0x0000000100000000)
  eden space 406528K, 0% used [0x00000000d5580000,0x00000000d5580000,0x00000000ee280000)
  from space 34816K, 0% used [0x00000000f0380000,0x00000000f0380000,0x00000000f2580000)
  to   space 33792K, 0% used [0x00000000ee280000,0x00000000ee280000,0x00000000f0380000)
 ParOldGen       total 176128K, used 81185K [0x0000000080000000, 0x000000008ac00000, 0x00000000d5580000)
  object space 176128K, 46% used [0x0000000080000000,0x0000000084f484a8,0x000000008ac00000)
 Metaspace       used 92873K, capacity 97302K, committed 98496K, reserved 1134592K
  class space    used 12289K, capacity 13260K, committed 13544K, reserved 1048576K
}
Event: 210.134 GC heap before
{Heap before GC invocations=21 (full 4):
 PSYoungGen      total 441344K, used 406528K [0x00000000d5580000, 0x00000000f2580000, 0x0000000100000000)
  eden space 406528K, 100% used [0x00000000d5580000,0x00000000ee280000,0x00000000ee280000)
  from space 34816K, 0% used [0x00000000f0380000,0x00000000f0380000,0x00000000f2580000)
  to   space 33792K, 0% used [0x00000000ee280000,0x00000000ee280000,0x00000000f0380000)
 ParOldGen       total 176128K, used 81185K [0x0000000080000000, 0x000000008ac00000, 0x00000000d5580000)
  object space 176128K, 46% used [0x0000000080000000,0x0000000084f484a8,0x000000008ac00000)
 Metaspace       used 104625K, capacity 110602K, committed 110784K, reserved 1144832K
  class space    used 13806K, capacity 15002K, committed 15080K, reserved 1048576K
Event: 210.286 GC heap after
Heap after GC invocations=21 (full 4):
 PSYoungGen      total 440320K, used 33786K [0x00000000d5580000, 0x00000000f8300000, 0x0000000100000000)
  eden space 406528K, 0% used [0x00000000d5580000,0x00000000d5580000,0x00000000ee280000)
  from space 33792K, 99% used [0x00000000ee280000,0x00000000f037eb18,0x00000000f0380000)
  to   space 44544K, 0% used [0x00000000f5780000,0x00000000f5780000,0x00000000f8300000)
 ParOldGen       total 176128K, used 95754K [0x0000000080000000, 0x000000008ac00000, 0x00000000d5580000)
  object space 176128K, 54% used [0x0000000080000000,0x0000000085d82818,0x000000008ac00000)
 Metaspace       used 104625K, capacity 110602K, committed 110784K, reserved 1144832K
  class space    used 13806K, capacity 15002K, committed 15080K, reserved 1048576K
}

