# JRE version: OpenJDK Runtime Environment (8.0_242-b01) (build 1.8.0_242-release-1644-b01)
# Java VM: OpenJDK 64-Bit Server VM (25.242-b01 mixed mode windows-amd64 compressed oops)
Heap:
 PSYoungGen      total 563200K, used 200148K [0x000000076ab00000, 0x0000000797b00000, 0x00000007c0000000)
  eden space 416768K, 24% used [0x000000076ab00000,0x0000000770f2e250,0x0000000784200000)
  from space 146432K, 66% used [0x0000000784200000,0x000000078a146e50,0x000000078d100000)
  to   space 122368K, 0% used [0x000000078d100000,0x000000078d100000,0x0000000794880000)
 ParOldGen       total 415744K, used 292305K [0x00000006c0000000, 0x00000006d9600000, 0x000000076ab00000)
  object space 415744K, 70% used [0x00000006c0000000,0x00000006d1d746d0,0x00000006d9600000)
 Metaspace       used 110650K, capacity 116748K, committed 116952K, reserved 1150976K
  class space    used 13657K, capacity 14705K, committed 14848K, reserved 1048576K
GC Heap History (10 events):
Event: 1519.397 GC heap before
{Heap before GC invocations=28 (full 5):
 PSYoungGen      total 486912K, used 443938K [0x000000076ab00000, 0x000000078f480000, 0x00000007c0000000)
  eden space 398848K, 100% used [0x000000076ab00000,0x0000000783080000,0x0000000783080000)
  from space 88064K, 51% used [0x0000000789e80000,0x000000078ca88910,0x000000078f480000)
  to   space 100352K, 0% used [0x0000000783080000,0x0000000783080000,0x0000000789280000)
 ParOldGen       total 415744K, used 255977K [0x00000006c0000000, 0x00000006d9600000, 0x000000076ab00000)
  object space 415744K, 61% used [0x00000006c0000000,0x00000006cf9fa4d0,0x00000006d9600000)
 Metaspace       used 105582K, capacity 110870K, committed 111576K, reserved 1146880K
  class space    used 13360K, capacity 14314K, committed 14592K, reserved 1048576K
Event: 1519.520 GC heap after
Heap after GC invocations=28 (full 5):
 PSYoungGen      total 499200K, used 49845K [0x000000076ab00000, 0x0000000791300000, 0x00000007c0000000)
  eden space 398848K, 0% used [0x000000076ab00000,0x000000076ab00000,0x0000000783080000)
  from space 100352K, 49% used [0x0000000783080000,0x000000078612d648,0x0000000789280000)
  to   space 98816K, 0% used [0x000000078b280000,0x000000078b280000,0x0000000791300000)
 ParOldGen       total 415744K, used 255985K [0x00000006c0000000, 0x00000006d9600000, 0x000000076ab00000)
  object space 415744K, 61% used [0x00000006c0000000,0x00000006cf9fc4d0,0x00000006d9600000)
 Metaspace       used 105582K, capacity 110870K, committed 111576K, reserved 1146880K
  class space    used 13360K, capacity 14314K, committed 14592K, reserved 1048576K
}
Event: 1532.292 GC heap before
{Heap before GC invocations=29 (full 5):
 PSYoungGen      total 499200K, used 448693K [0x000000076ab00000, 0x0000000791300000, 0x00000007c0000000)
  eden space 398848K, 100% used [0x000000076ab00000,0x0000000783080000,0x0000000783080000)
  from space 100352K, 49% used [0x0000000783080000,0x000000078612d648,0x0000000789280000)
  to   space 98816K, 0% used [0x000000078b280000,0x000000078b280000,0x0000000791300000)
 ParOldGen       total 415744K, used 255985K [0x00000006c0000000, 0x00000006d9600000, 0x000000076ab00000)
  object space 415744K, 61% used [0x00000006c0000000,0x00000006cf9fc4d0,0x00000006d9600000)
 Metaspace       used 107788K, capacity 113222K, committed 113752K, reserved 1148928K
  class space    used 13474K, capacity 14446K, committed 14720K, reserved 1048576K
Event: 1532.498 GC heap after
Heap after GC invocations=29 (full 5):
 PSYoungGen      total 518144K, used 93574K [0x000000076ab00000, 0x0000000792e00000, 0x00000007c0000000)
  eden space 419328K, 0% used [0x000000076ab00000,0x000000076ab00000,0x0000000784480000)
  from space 98816K, 94% used [0x000000078b280000,0x0000000790de1838,0x0000000791300000)
  to   space 112640K, 0% used [0x0000000784480000,0x0000000784480000,0x000000078b280000)
 ParOldGen       total 415744K, used 255993K [0x00000006c0000000, 0x00000006d9600000, 0x000000076ab00000)
  object space 415744K, 61% used [0x00000006c0000000,0x00000006cf9fe4d0,0x00000006d9600000)
 Metaspace       used 107788K, capacity 113222K, committed 113752K, reserved 1148928K
  class space    used 13474K, capacity 14446K, committed 14720K, reserved 1048576K
}
Event: 3092.817 GC heap before
{Heap before GC invocations=30 (full 5):
 PSYoungGen      total 518144K, used 512902K [0x000000076ab00000, 0x0000000792e00000, 0x00000007c0000000)
  eden space 419328K, 100% used [0x000000076ab00000,0x0000000784480000,0x0000000784480000)
  from space 98816K, 94% used [0x000000078b280000,0x0000000790de1838,0x0000000791300000)
  to   space 112640K, 0% used [0x0000000784480000,0x0000000784480000,0x000000078b280000)
 ParOldGen       total 415744K, used 255993K [0x00000006c0000000, 0x00000006d9600000, 0x000000076ab00000)
  object space 415744K, 61% used [0x00000006c0000000,0x00000006cf9fe4d0,0x00000006d9600000)
 Metaspace       used 108445K, capacity 114364K, committed 114776K, reserved 1148928K
  class space    used 13545K, capacity 14573K, committed 14720K, reserved 1048576K
Event: 3092.937 GC heap after
Heap after GC invocations=30 (full 5):
 PSYoungGen      total 531968K, used 89189K [0x000000076ab00000, 0x0000000794880000, 0x00000007c0000000)
  eden space 419328K, 0% used [0x000000076ab00000,0x000000076ab00000,0x0000000784480000)
  from space 112640K, 79% used [0x0000000784480000,0x0000000789b996b8,0x000000078b280000)
  to   space 122368K, 0% used [0x000000078d100000,0x000000078d100000,0x0000000794880000)
 ParOldGen       total 415744K, used 256001K [0x00000006c0000000, 0x00000006d9600000, 0x000000076ab00000)
  object space 415744K, 61% used [0x00000006c0000000,0x00000006cfa004d0,0x00000006d9600000)
 Metaspace       used 108445K, capacity 114364K, committed 114776K, reserved 1148928K
  class space    used 13545K, capacity 14573K, committed 14720K, reserved 1048576K
}
Event: 3103.401 GC heap before
{Heap before GC invocations=31 (full 5):
 PSYoungGen      total 531968K, used 508517K [0x000000076ab00000, 0x0000000794880000, 0x00000007c0000000)
  eden space 419328K, 100% used [0x000000076ab00000,0x0000000784480000,0x0000000784480000)
  from space 112640K, 79% used [0x0000000784480000,0x0000000789b996b8,0x000000078b280000)
  to   space 122368K, 0% used [0x000000078d100000,0x000000078d100000,0x0000000794880000)
 ParOldGen       total 415744K, used 256001K [0x00000006c0000000, 0x00000006d9600000, 0x000000076ab00000)
  object space 415744K, 61% used [0x00000006c0000000,0x00000006cfa004d0,0x00000006d9600000)
 Metaspace       used 110486K, capacity 116542K, committed 116952K, reserved 1150976K
  class space    used 13652K, capacity 14696K, committed 14848K, reserved 1048576K
Event: 3103.646 GC heap after
Heap after GC invocations=31 (full 5):
 PSYoungGen      total 539136K, used 122338K [0x000000076ab00000, 0x0000000797b00000, 0x00000007c0000000)
  eden space 416768K, 0% used [0x000000076ab00000,0x000000076ab00000,0x0000000784200000)
  from space 122368K, 99% used [0x000000078d100000,0x0000000794878a28,0x0000000794880000)
  to   space 146432K, 0% used [0x0000000784200000,0x0000000784200000,0x000000078d100000)
 ParOldGen       total 415744K, used 266897K [0x00000006c0000000, 0x00000006d9600000, 0x000000076ab00000)
  object space 415744K, 64% used [0x00000006c0000000,0x00000006d04a47c8,0x00000006d9600000)
 Metaspace       used 110486K, capacity 116542K, committed 116952K, reserved 1150976K
  class space    used 13652K, capacity 14696K, committed 14848K, reserved 1048576K
}
Event: 3107.300 GC heap before
{Heap before GC invocations=32 (full 5):
 PSYoungGen      total 539136K, used 539106K [0x000000076ab00000, 0x0000000797b00000, 0x00000007c0000000)
  eden space 416768K, 100% used [0x000000076ab00000,0x0000000784200000,0x0000000784200000)
  from space 122368K, 99% used [0x000000078d100000,0x0000000794878a28,0x0000000794880000)
  to   space 146432K, 0% used [0x0000000784200000,0x0000000784200000,0x000000078d100000)
 ParOldGen       total 415744K, used 266897K [0x00000006c0000000, 0x00000006d9600000, 0x000000076ab00000)
  object space 415744K, 64% used [0x00000006c0000000,0x00000006d04a47c8,0x00000006d9600000)
 Metaspace       used 110626K, capacity 116694K, committed 116952K, reserved 1150976K
  class space    used 13652K, capacity 14696K, committed 14848K, reserved 1048576K
Event: 3107.517 GC heap after
Heap after GC invocations=32 (full 5):
 PSYoungGen      total 563200K, used 97563K [0x000000076ab00000, 0x0000000797b00000, 0x00000007c0000000)
  eden space 416768K, 0% used [0x000000076ab00000,0x000000076ab00000,0x0000000784200000)
  from space 146432K, 66% used [0x0000000784200000,0x000000078a146e50,0x000000078d100000)
  to   space 122368K, 0% used [0x000000078d100000,0x000000078d100000,0x0000000794880000)
 ParOldGen       total 415744K, used 292305K [0x00000006c0000000, 0x00000006d9600000, 0x000000076ab00000)
  object space 415744K, 70% used [0x00000006c0000000,0x00000006d1d746d0,0x00000006d9600000)
 Metaspace       used 110626K, capacity 116694K, committed 116952K, reserved 1150976K
  class space    used 13652K, capacity 14696K, committed 14848K, reserved 1048576K
}

