# JRE version: OpenJDK Runtime Environment (8.0_242-b01) (build 1.8.0_242-release-1644-b01)
# Java VM: OpenJDK 64-Bit Server VM (25.242-b01 mixed mode windows-amd64 compressed oops)
Heap:
 PSYoungGen      total 325120K, used 168980K [0x00000000d5580000, 0x00000000ede00000, 0x0000000100000000)
  eden space 298496K, 47% used [0x00000000d5580000,0x00000000de085e68,0x00000000e7900000)
  from space 26624K, 99% used [0x00000000e7900000,0x00000000e92ff3a8,0x00000000e9300000)
  to   space 35840K, 0% used [0x00000000ebb00000,0x00000000ebb00000,0x00000000ede00000)
 ParOldGen       total 121856K, used 69877K [0x0000000080000000, 0x0000000087700000, 0x00000000d5580000)
  object space 121856K, 57% used [0x0000000080000000,0x000000008443d438,0x0000000087700000)
 Metaspace       used 78851K, capacity 82406K, committed 82648K, reserved 1120256K
  class space    used 10453K, capacity 11151K, committed 11264K, reserved 1048576K
GC Heap History (10 events):
Event: 61.942 GC heap before
{Heap before GC invocations=18 (full 3):
 PSYoungGen      total 257536K, used 255286K [0x00000000d5580000, 0x00000000e6900000, 0x0000000100000000)
  eden space 242176K, 100% used [0x00000000d5580000,0x00000000e4200000,0x00000000e4200000)
  from space 15360K, 85% used [0x00000000e5a00000,0x00000000e66cd860,0x00000000e6900000)
  to   space 19968K, 0% used [0x00000000e4200000,0x00000000e4200000,0x00000000e5580000)
 ParOldGen       total 121856K, used 37317K [0x0000000080000000, 0x0000000087700000, 0x00000000d5580000)
  object space 121856K, 30% used [0x0000000080000000,0x00000000824714b8,0x0000000087700000)
 Metaspace       used 70365K, capacity 73722K, committed 73944K, reserved 1114112K
  class space    used 9550K, capacity 10185K, committed 10240K, reserved 1048576K
Event: 62.010 GC heap after
Heap after GC invocations=18 (full 3):
 PSYoungGen      total 262144K, used 19943K [0x00000000d5580000, 0x00000000e9180000, 0x0000000100000000)
  eden space 242176K, 0% used [0x00000000d5580000,0x00000000d5580000,0x00000000e4200000)
  from space 19968K, 99% used [0x00000000e4200000,0x00000000e5579ee0,0x00000000e5580000)
  to   space 23040K, 0% used [0x00000000e7b00000,0x00000000e7b00000,0x00000000e9180000)
 ParOldGen       total 121856K, used 37835K [0x0000000080000000, 0x0000000087700000, 0x00000000d5580000)
  object space 121856K, 31% used [0x0000000080000000,0x00000000824f2e38,0x0000000087700000)
 Metaspace       used 70365K, capacity 73722K, committed 73944K, reserved 1114112K
  class space    used 9550K, capacity 10185K, committed 10240K, reserved 1048576K
}
Event: 65.566 GC heap before
{Heap before GC invocations=19 (full 3):
 PSYoungGen      total 262144K, used 262119K [0x00000000d5580000, 0x00000000e9180000, 0x0000000100000000)
  eden space 242176K, 100% used [0x00000000d5580000,0x00000000e4200000,0x00000000e4200000)
  from space 19968K, 99% used [0x00000000e4200000,0x00000000e5579ee0,0x00000000e5580000)
  to   space 23040K, 0% used [0x00000000e7b00000,0x00000000e7b00000,0x00000000e9180000)
 ParOldGen       total 121856K, used 37896K [0x0000000080000000, 0x0000000087700000, 0x00000000d5580000)
  object space 121856K, 31% used [0x0000000080000000,0x0000000082502138,0x0000000087700000)
 Metaspace       used 70469K, capacity 73826K, committed 73944K, reserved 1114112K
  class space    used 9552K, capacity 10189K, committed 10240K, reserved 1048576K
Event: 65.609 GC heap after
Heap after GC invocations=19 (full 3):
 PSYoungGen      total 298496K, used 7652K [0x00000000d5580000, 0x00000000e9000000, 0x0000000100000000)
  eden space 276992K, 0% used [0x00000000d5580000,0x00000000d5580000,0x00000000e6400000)
  from space 21504K, 35% used [0x00000000e7b00000,0x00000000e8279398,0x00000000e9000000)
  to   space 22528K, 0% used [0x00000000e6400000,0x00000000e6400000,0x00000000e7a00000)
 ParOldGen       total 121856K, used 45311K [0x0000000080000000, 0x0000000087700000, 0x00000000d5580000)
  object space 121856K, 37% used [0x0000000080000000,0x0000000082c3ff68,0x0000000087700000)
 Metaspace       used 70469K, capacity 73826K, committed 73944K, reserved 1114112K
  class space    used 9552K, capacity 10189K, committed 10240K, reserved 1048576K
}
Event: 71.448 GC heap before
{Heap before GC invocations=20 (full 3):
 PSYoungGen      total 298496K, used 284644K [0x00000000d5580000, 0x00000000e9000000, 0x0000000100000000)
  eden space 276992K, 100% used [0x00000000d5580000,0x00000000e6400000,0x00000000e6400000)
  from space 21504K, 35% used [0x00000000e7b00000,0x00000000e8279398,0x00000000e9000000)
  to   space 22528K, 0% used [0x00000000e6400000,0x00000000e6400000,0x00000000e7a00000)
 ParOldGen       total 121856K, used 45315K [0x0000000080000000, 0x0000000087700000, 0x00000000d5580000)
  object space 121856K, 37% used [0x0000000080000000,0x0000000082c40df0,0x0000000087700000)
 Metaspace       used 70693K, capacity 74066K, committed 74200K, reserved 1114112K
  class space    used 9554K, capacity 10189K, committed 10240K, reserved 1048576K
Event: 71.484 GC heap after
Heap after GC invocations=20 (full 3):
 PSYoungGen      total 299520K, used 17807K [0x00000000d5580000, 0x00000000eaa80000, 0x0000000100000000)
  eden space 276992K, 0% used [0x00000000d5580000,0x00000000d5580000,0x00000000e6400000)
  from space 22528K, 79% used [0x00000000e6400000,0x00000000e7563dc0,0x00000000e7a00000)
  to   space 24064K, 0% used [0x00000000e9300000,0x00000000e9300000,0x00000000eaa80000)
 ParOldGen       total 121856K, used 45323K [0x0000000080000000, 0x0000000087700000, 0x00000000d5580000)
  object space 121856K, 37% used [0x0000000080000000,0x0000000082c42df0,0x0000000087700000)
 Metaspace       used 70693K, capacity 74066K, committed 74200K, reserved 1114112K
  class space    used 9554K, capacity 10189K, committed 10240K, reserved 1048576K
}
Event: 72.705 GC heap before
{Heap before GC invocations=21 (full 3):
 PSYoungGen      total 299520K, used 294799K [0x00000000d5580000, 0x00000000eaa80000, 0x0000000100000000)
  eden space 276992K, 100% used [0x00000000d5580000,0x00000000e6400000,0x00000000e6400000)
  from space 22528K, 79% used [0x00000000e6400000,0x00000000e7563dc0,0x00000000e7a00000)
  to   space 24064K, 0% used [0x00000000e9300000,0x00000000e9300000,0x00000000eaa80000)
 ParOldGen       total 121856K, used 45326K [0x0000000080000000, 0x0000000087700000, 0x00000000d5580000)
  object space 121856K, 37% used [0x0000000080000000,0x0000000082c439b0,0x0000000087700000)
 Metaspace       used 70696K, capacity 74066K, committed 74200K, reserved 1114112K
  class space    used 9554K, capacity 10189K, committed 10240K, reserved 1048576K
Event: 72.746 GC heap after
Heap after GC invocations=21 (full 3):
 PSYoungGen      total 322560K, used 22136K [0x00000000d5580000, 0x00000000eb800000, 0x0000000100000000)
  eden space 298496K, 0% used [0x00000000d5580000,0x00000000d5580000,0x00000000e7900000)
  from space 24064K, 91% used [0x00000000e9300000,0x00000000ea89e1d0,0x00000000eaa80000)
  to   space 26624K, 0% used [0x00000000e7900000,0x00000000e7900000,0x00000000e9300000)
 ParOldGen       total 121856K, used 55577K [0x0000000080000000, 0x0000000087700000, 0x00000000d5580000)
  object space 121856K, 45% used [0x0000000080000000,0x00000000836464d0,0x0000000087700000)
 Metaspace       used 70696K, capacity 74066K, committed 74200K, reserved 1114112K
  class space    used 9554K, capacity 10189K, committed 10240K, reserved 1048576K
}
Event: 88.101 GC heap before
{Heap before GC invocations=22 (full 3):
 PSYoungGen      total 322560K, used 320632K [0x00000000d5580000, 0x00000000eb800000, 0x0000000100000000)
  eden space 298496K, 100% used [0x00000000d5580000,0x00000000e7900000,0x00000000e7900000)
  from space 24064K, 91% used [0x00000000e9300000,0x00000000ea89e1d0,0x00000000eaa80000)
  to   space 26624K, 0% used [0x00000000e7900000,0x00000000e7900000,0x00000000e9300000)
 ParOldGen       total 121856K, used 55577K [0x0000000080000000, 0x0000000087700000, 0x00000000d5580000)
  object space 121856K, 45% used [0x0000000080000000,0x00000000836464d0,0x0000000087700000)
 Metaspace       used 75079K, capacity 78630K, committed 78808K, reserved 1118208K
  class space    used 9996K, capacity 10695K, committed 10752K, reserved 1048576K
Event: 88.225 GC heap after
Heap after GC invocations=22 (full 3):
 PSYoungGen      total 325120K, used 26620K [0x00000000d5580000, 0x00000000ede00000, 0x0000000100000000)
  eden space 298496K, 0% used [0x00000000d5580000,0x00000000d5580000,0x00000000e7900000)
  from space 26624K, 99% used [0x00000000e7900000,0x00000000e92ff3a8,0x00000000e9300000)
  to   space 35840K, 0% used [0x00000000ebb00000,0x00000000ebb00000,0x00000000ede00000)
 ParOldGen       total 121856K, used 69877K [0x0000000080000000, 0x0000000087700000, 0x00000000d5580000)
  object space 121856K, 57% used [0x0000000080000000,0x000000008443d438,0x0000000087700000)
 Metaspace       used 75079K, capacity 78630K, committed 78808K, reserved 1118208K
  class space    used 9996K, capacity 10695K, committed 10752K, reserved 1048576K
}

