# JRE version: OpenJDK Runtime Environment (8.0_242-b01) (build 1.8.0_242-release-1644-b01)
# Java VM: OpenJDK 64-Bit Server VM (25.242-b01 mixed mode windows-amd64 compressed oops)
Heap:
 PSYoungGen      total 619008K, used 136732K [0x00000000d5580000, 0x0000000100000000, 0x0000000100000000)
  eden space 544768K, 23% used [0x00000000d5580000,0x00000000dd13dec0,0x00000000f6980000)
  from space 74240K, 13% used [0x00000000f6980000,0x00000000f7349158,0x00000000fb200000)
  to   space 74240K, 0% used [0x00000000fb780000,0x00000000fb780000,0x0000000100000000)
 ParOldGen       total 411136K, used 291210K [0x0000000080000000, 0x0000000099180000, 0x00000000d5580000)
  object space 411136K, 70% used [0x0000000080000000,0x0000000091c62bd8,0x0000000099180000)
 Metaspace       used 111117K, capacity 116574K, committed 118488K, reserved 1153024K
  class space    used 14231K, capacity 15276K, committed 15872K, reserved 1048576K
GC Heap History (10 events):
Event: 253.028 GC heap before
{Heap before GC invocations=52 (full 6):
 PSYoungGen      total 626176K, used 594005K [0x00000000d5580000, 0x0000000100000000, 0x0000000100000000)
  eden space 553472K, 100% used [0x00000000d5580000,0x00000000f7200000,0x00000000f7200000)
  from space 72704K, 55% used [0x00000000f7200000,0x00000000f9995740,0x00000000fb900000)
  to   space 71680K, 0% used [0x00000000fba00000,0x00000000fba00000,0x0000000100000000)
 ParOldGen       total 411136K, used 333430K [0x0000000080000000, 0x0000000099180000, 0x00000000d5580000)
  object space 411136K, 81% used [0x0000000080000000,0x000000009459db00,0x0000000099180000)
 Metaspace       used 111098K, capacity 116566K, committed 118488K, reserved 1153024K
  class space    used 14230K, capacity 15274K, committed 15872K, reserved 1048576K
Event: 253.335 GC heap after
Heap after GC invocations=52 (full 6):
 PSYoungGen      total 612864K, used 63066K [0x00000000d5580000, 0x0000000100000000, 0x0000000100000000)
  eden space 541184K, 0% used [0x00000000d5580000,0x00000000d5580000,0x00000000f6600000)
  from space 71680K, 87% used [0x00000000fba00000,0x00000000ff796998,0x0000000100000000)
  to   space 78848K, 0% used [0x00000000f6600000,0x00000000f6600000,0x00000000fb300000)
 ParOldGen       total 411136K, used 350562K [0x0000000080000000, 0x0000000099180000, 0x00000000d5580000)
  object space 411136K, 85% used [0x0000000080000000,0x0000000095658bb8,0x0000000099180000)
 Metaspace       used 111098K, capacity 116566K, committed 118488K, reserved 1153024K
  class space    used 14230K, capacity 15274K, committed 15872K, reserved 1048576K
}
Event: 256.412 GC heap before
{Heap before GC invocations=53 (full 6):
 PSYoungGen      total 612864K, used 604250K [0x00000000d5580000, 0x0000000100000000, 0x0000000100000000)
  eden space 541184K, 100% used [0x00000000d5580000,0x00000000f6600000,0x00000000f6600000)
  from space 71680K, 87% used [0x00000000fba00000,0x00000000ff796998,0x0000000100000000)
  to   space 78848K, 0% used [0x00000000f6600000,0x00000000f6600000,0x00000000fb300000)
 ParOldGen       total 411136K, used 350562K [0x0000000080000000, 0x0000000099180000, 0x00000000d5580000)
  object space 411136K, 85% used [0x0000000080000000,0x0000000095658bb8,0x0000000099180000)
 Metaspace       used 111102K, capacity 116566K, committed 118488K, reserved 1153024K
  class space    used 14230K, capacity 15274K, committed 15872K, reserved 1048576K
Event: 256.597 GC heap after
Heap after GC invocations=53 (full 6):
 PSYoungGen      total 620032K, used 33234K [0x00000000d5580000, 0x0000000100000000, 0x0000000100000000)
  eden space 541184K, 0% used [0x00000000d5580000,0x00000000d5580000,0x00000000f6600000)
  from space 78848K, 42% used [0x00000000f6600000,0x00000000f8674878,0x00000000fb300000)
  to   space 75264K, 0% used [0x00000000fb680000,0x00000000fb680000,0x0000000100000000)
 ParOldGen       total 411136K, used 393318K [0x0000000080000000, 0x0000000099180000, 0x00000000d5580000)
  object space 411136K, 95% used [0x0000000080000000,0x0000000098019990,0x0000000099180000)
 Metaspace       used 111102K, capacity 116566K, committed 118488K, reserved 1153024K
  class space    used 14230K, capacity 15274K, committed 15872K, reserved 1048576K
}
Event: 256.597 GC heap before
{Heap before GC invocations=54 (full 7):
 PSYoungGen      total 620032K, used 33234K [0x00000000d5580000, 0x0000000100000000, 0x0000000100000000)
  eden space 541184K, 0% used [0x00000000d5580000,0x00000000d5580000,0x00000000f6600000)
  from space 78848K, 42% used [0x00000000f6600000,0x00000000f8674878,0x00000000fb300000)
  to   space 75264K, 0% used [0x00000000fb680000,0x00000000fb680000,0x0000000100000000)
 ParOldGen       total 411136K, used 393318K [0x0000000080000000, 0x0000000099180000, 0x00000000d5580000)
  object space 411136K, 95% used [0x0000000080000000,0x0000000098019990,0x0000000099180000)
 Metaspace       used 111102K, capacity 116566K, committed 118488K, reserved 1153024K
  class space    used 14230K, capacity 15274K, committed 15872K, reserved 1048576K
Event: 259.218 GC heap after
Heap after GC invocations=54 (full 7):
 PSYoungGen      total 620032K, used 0K [0x00000000d5580000, 0x0000000100000000, 0x0000000100000000)
  eden space 541184K, 0% used [0x00000000d5580000,0x00000000d5580000,0x00000000f6600000)
  from space 78848K, 0% used [0x00000000f6600000,0x00000000f6600000,0x00000000fb300000)
  to   space 75264K, 0% used [0x00000000fb680000,0x00000000fb680000,0x0000000100000000)
 ParOldGen       total 411136K, used 276503K [0x0000000080000000, 0x0000000099180000, 0x00000000d5580000)
  object space 411136K, 67% used [0x0000000080000000,0x0000000090e05df0,0x0000000099180000)
 Metaspace       used 111102K, capacity 116566K, committed 118488K, reserved 1153024K
  class space    used 14230K, capacity 15274K, committed 15872K, reserved 1048576K
}
Event: 261.770 GC heap before
{Heap before GC invocations=55 (full 7):
 PSYoungGen      total 620032K, used 541184K [0x00000000d5580000, 0x0000000100000000, 0x0000000100000000)
  eden space 541184K, 100% used [0x00000000d5580000,0x00000000f6600000,0x00000000f6600000)
  from space 78848K, 0% used [0x00000000f6600000,0x00000000f6600000,0x00000000fb300000)
  to   space 75264K, 0% used [0x00000000fb680000,0x00000000fb680000,0x0000000100000000)
 ParOldGen       total 411136K, used 276503K [0x0000000080000000, 0x0000000099180000, 0x00000000d5580000)
  object space 411136K, 67% used [0x0000000080000000,0x0000000090e05df0,0x0000000099180000)
 Metaspace       used 111111K, capacity 116574K, committed 118488K, reserved 1153024K
  class space    used 14231K, capacity 15276K, committed 15872K, reserved 1048576K
Event: 261.832 GC heap after
Heap after GC invocations=55 (full 7):
 PSYoungGen      total 614400K, used 17309K [0x00000000d5580000, 0x00000000ffa80000, 0x0000000100000000)
  eden space 544768K, 0% used [0x00000000d5580000,0x00000000d5580000,0x00000000f6980000)
  from space 69632K, 24% used [0x00000000fb680000,0x00000000fc767608,0x00000000ffa80000)
  to   space 74240K, 0% used [0x00000000f6980000,0x00000000f6980000,0x00000000fb200000)
 ParOldGen       total 411136K, used 276511K [0x0000000080000000, 0x0000000099180000, 0x00000000d5580000)
  object space 411136K, 67% used [0x0000000080000000,0x0000000090e07df0,0x0000000099180000)
 Metaspace       used 111111K, capacity 116574K, committed 118488K, reserved 1153024K
  class space    used 14231K, capacity 15276K, committed 15872K, reserved 1048576K
}
Event: 263.710 GC heap before
{Heap before GC invocations=56 (full 7):
 PSYoungGen      total 614400K, used 562077K [0x00000000d5580000, 0x00000000ffa80000, 0x0000000100000000)
  eden space 544768K, 100% used [0x00000000d5580000,0x00000000f6980000,0x00000000f6980000)
  from space 69632K, 24% used [0x00000000fb680000,0x00000000fc767608,0x00000000ffa80000)
  to   space 74240K, 0% used [0x00000000f6980000,0x00000000f6980000,0x00000000fb200000)
 ParOldGen       total 411136K, used 276511K [0x0000000080000000, 0x0000000099180000, 0x00000000d5580000)
  object space 411136K, 67% used [0x0000000080000000,0x0000000090e07df0,0x0000000099180000)
 Metaspace       used 111115K, capacity 116574K, committed 118488K, reserved 1153024K
  class space    used 14231K, capacity 15276K, committed 15872K, reserved 1048576K
Event: 263.809 GC heap after
Heap after GC invocations=56 (full 7):
 PSYoungGen      total 619008K, used 10020K [0x00000000d5580000, 0x0000000100000000, 0x0000000100000000)
  eden space 544768K, 0% used [0x00000000d5580000,0x00000000d5580000,0x00000000f6980000)
  from space 74240K, 13% used [0x00000000f6980000,0x00000000f7349158,0x00000000fb200000)
  to   space 74240K, 0% used [0x00000000fb780000,0x00000000fb780000,0x0000000100000000)
 ParOldGen       total 411136K, used 291210K [0x0000000080000000, 0x0000000099180000, 0x00000000d5580000)
  object space 411136K, 70% used [0x0000000080000000,0x0000000091c62bd8,0x0000000099180000)
 Metaspace       used 111115K, capacity 116574K, committed 118488K, reserved 1153024K
  class space    used 14231K, capacity 15276K, committed 15872K, reserved 1048576K
}

