# JRE version: OpenJDK Runtime Environment (8.0_242-b01) (build 1.8.0_242-release-1644-b01)
# Java VM: OpenJDK 64-Bit Server VM (25.242-b01 mixed mode windows-amd64 compressed oops)
Heap:
 PSYoungGen      total 293888K, used 77193K [0x00000000d5580000, 0x00000000ed780000, 0x0000000100000000)
  eden space 270848K, 20% used [0x00000000d5580000,0x00000000d8a69140,0x00000000e5e00000)
  from space 23040K, 99% used [0x00000000e5e00000,0x00000000e7479320,0x00000000e7480000)
  to   space 35840K, 0% used [0x00000000eb480000,0x00000000eb480000,0x00000000ed780000)
 ParOldGen       total 110592K, used 83193K [0x0000000080000000, 0x0000000086c00000, 0x00000000d5580000)
  object space 110592K, 75% used [0x0000000080000000,0x000000008513e5e0,0x0000000086c00000)
 Metaspace       used 80071K, capacity 83814K, committed 84056K, reserved 1122304K
  class space    used 10570K, capacity 11309K, committed 11392K, reserved 1048576K
GC Heap History (10 events):
Event: 36.476 GC heap before
{Heap before GC invocations=14 (full 2):
 PSYoungGen      total 193024K, used 83900K [0x00000000d5580000, 0x00000000e5400000, 0x0000000100000000)
  eden space 180736K, 39% used [0x00000000d5580000,0x00000000d9b750d0,0x00000000e0600000)
  from space 12288K, 99% used [0x00000000e0600000,0x00000000e11fa328,0x00000000e1200000)
  to   space 18432K, 0% used [0x00000000e4200000,0x00000000e4200000,0x00000000e5400000)
 ParOldGen       total 71168K, used 28827K [0x0000000080000000, 0x0000000084580000, 0x00000000d5580000)
  object space 71168K, 40% used [0x0000000080000000,0x0000000081c26e90,0x0000000084580000)
 Metaspace       used 56638K, capacity 58968K, committed 59028K, reserved 1099776K
  class space    used 7461K, capacity 7905K, committed 7936K, reserved 1048576K
Event: 36.540 GC heap after
Heap after GC invocations=14 (full 2):
 PSYoungGen      total 242688K, used 6979K [0x00000000d5580000, 0x00000000e6080000, 0x0000000100000000)
  eden space 224256K, 0% used [0x00000000d5580000,0x00000000d5580000,0x00000000e3080000)
  from space 18432K, 37% used [0x00000000e4200000,0x00000000e48d0ee0,0x00000000e5400000)
  to   space 17920K, 0% used [0x00000000e3080000,0x00000000e3080000,0x00000000e4200000)
 ParOldGen       total 71168K, used 38630K [0x0000000080000000, 0x0000000084580000, 0x00000000d5580000)
  object space 71168K, 54% used [0x0000000080000000,0x00000000825b99c8,0x0000000084580000)
 Metaspace       used 56638K, capacity 58968K, committed 59028K, reserved 1099776K
  class space    used 7461K, capacity 7905K, committed 7936K, reserved 1048576K
}
Event: 36.540 GC heap before
{Heap before GC invocations=15 (full 3):
 PSYoungGen      total 242688K, used 6979K [0x00000000d5580000, 0x00000000e6080000, 0x0000000100000000)
  eden space 224256K, 0% used [0x00000000d5580000,0x00000000d5580000,0x00000000e3080000)
  from space 18432K, 37% used [0x00000000e4200000,0x00000000e48d0ee0,0x00000000e5400000)
  to   space 17920K, 0% used [0x00000000e3080000,0x00000000e3080000,0x00000000e4200000)
 ParOldGen       total 71168K, used 38630K [0x0000000080000000, 0x0000000084580000, 0x00000000d5580000)
  object space 71168K, 54% used [0x0000000080000000,0x00000000825b99c8,0x0000000084580000)
 Metaspace       used 56638K, capacity 58968K, committed 59028K, reserved 1099776K
  class space    used 7461K, capacity 7905K, committed 7936K, reserved 1048576K
Event: 37.382 GC heap after
Heap after GC invocations=15 (full 3):
 PSYoungGen      total 242688K, used 0K [0x00000000d5580000, 0x00000000e6080000, 0x0000000100000000)
  eden space 224256K, 0% used [0x00000000d5580000,0x00000000d5580000,0x00000000e3080000)
  from space 18432K, 0% used [0x00000000e4200000,0x00000000e4200000,0x00000000e5400000)
  to   space 17920K, 0% used [0x00000000e3080000,0x00000000e3080000,0x00000000e4200000)
 ParOldGen       total 110592K, used 33111K [0x0000000080000000, 0x0000000086c00000, 0x00000000d5580000)
  object space 110592K, 29% used [0x0000000080000000,0x0000000082055ff8,0x0000000086c00000)
 Metaspace       used 56533K, capacity 58712K, committed 59028K, reserved 1099776K
  class space    used 7429K, capacity 7861K, committed 7936K, reserved 1048576K
}
Event: 54.804 GC heap before
{Heap before GC invocations=16 (full 3):
 PSYoungGen      total 242688K, used 224256K [0x00000000d5580000, 0x00000000e6080000, 0x0000000100000000)
  eden space 224256K, 100% used [0x00000000d5580000,0x00000000e3080000,0x00000000e3080000)
  from space 18432K, 0% used [0x00000000e4200000,0x00000000e4200000,0x00000000e5400000)
  to   space 17920K, 0% used [0x00000000e3080000,0x00000000e3080000,0x00000000e4200000)
 ParOldGen       total 110592K, used 33111K [0x0000000080000000, 0x0000000086c00000, 0x00000000d5580000)
  object space 110592K, 29% used [0x0000000080000000,0x0000000082055ff8,0x0000000086c00000)
 Metaspace       used 69916K, capacity 73060K, committed 73176K, reserved 1112064K
  class space    used 9509K, capacity 10172K, committed 10240K, reserved 1048576K
Event: 54.870 GC heap after
Heap after GC invocations=16 (full 3):
 PSYoungGen      total 242176K, used 17915K [0x00000000d5580000, 0x00000000e9080000, 0x0000000100000000)
  eden space 224256K, 0% used [0x00000000d5580000,0x00000000d5580000,0x00000000e3080000)
  from space 17920K, 99% used [0x00000000e3080000,0x00000000e41fefb0,0x00000000e4200000)
  to   space 23040K, 0% used [0x00000000e7a00000,0x00000000e7a00000,0x00000000e9080000)
 ParOldGen       total 110592K, used 40635K [0x0000000080000000, 0x0000000086c00000, 0x00000000d5580000)
  object space 110592K, 36% used [0x0000000080000000,0x00000000827aee20,0x0000000086c00000)
 Metaspace       used 69916K, capacity 73060K, committed 73176K, reserved 1112064K
  class space    used 9509K, capacity 10172K, committed 10240K, reserved 1048576K
}
Event: 67.627 GC heap before
{Heap before GC invocations=17 (full 3):
 PSYoungGen      total 242176K, used 242171K [0x00000000d5580000, 0x00000000e9080000, 0x0000000100000000)
  eden space 224256K, 100% used [0x00000000d5580000,0x00000000e3080000,0x00000000e3080000)
  from space 17920K, 99% used [0x00000000e3080000,0x00000000e41fefb0,0x00000000e4200000)
  to   space 23040K, 0% used [0x00000000e7a00000,0x00000000e7a00000,0x00000000e9080000)
 ParOldGen       total 110592K, used 40635K [0x0000000080000000, 0x0000000086c00000, 0x00000000d5580000)
  object space 110592K, 36% used [0x0000000080000000,0x00000000827aee20,0x0000000086c00000)
 Metaspace       used 75449K, capacity 79058K, committed 79192K, reserved 1118208K
  class space    used 10102K, capacity 10795K, committed 10880K, reserved 1048576K
Event: 67.720 GC heap after
Heap after GC invocations=17 (full 3):
 PSYoungGen      total 288256K, used 13341K [0x00000000d5580000, 0x00000000e8b00000, 0x0000000100000000)
  eden space 270848K, 0% used [0x00000000d5580000,0x00000000d5580000,0x00000000e5e00000)
  from space 17408K, 76% used [0x00000000e7a00000,0x00000000e8707598,0x00000000e8b00000)
  to   space 23040K, 0% used [0x00000000e5e00000,0x00000000e5e00000,0x00000000e7480000)
 ParOldGen       total 110592K, used 57096K [0x0000000080000000, 0x0000000086c00000, 0x00000000d5580000)
  object space 110592K, 51% used [0x0000000080000000,0x00000000837c2020,0x0000000086c00000)
 Metaspace       used 75449K, capacity 79058K, committed 79192K, reserved 1118208K
  class space    used 10102K, capacity 10795K, committed 10880K, reserved 1048576K
}
Event: 80.697 GC heap before
{Heap before GC invocations=18 (full 3):
 PSYoungGen      total 288256K, used 284189K [0x00000000d5580000, 0x00000000e8b00000, 0x0000000100000000)
  eden space 270848K, 100% used [0x00000000d5580000,0x00000000e5e00000,0x00000000e5e00000)
  from space 17408K, 76% used [0x00000000e7a00000,0x00000000e8707598,0x00000000e8b00000)
  to   space 23040K, 0% used [0x00000000e5e00000,0x00000000e5e00000,0x00000000e7480000)
 ParOldGen       total 110592K, used 57096K [0x0000000080000000, 0x0000000086c00000, 0x00000000d5580000)
  object space 110592K, 51% used [0x0000000080000000,0x00000000837c2020,0x0000000086c00000)
 Metaspace       used 77493K, capacity 81252K, committed 81496K, reserved 1120256K
  class space    used 10308K, capacity 11030K, committed 11136K, reserved 1048576K
Event: 80.830 GC heap after
Heap after GC invocations=18 (full 3):
 PSYoungGen      total 293888K, used 23012K [0x00000000d5580000, 0x00000000ed780000, 0x0000000100000000)
  eden space 270848K, 0% used [0x00000000d5580000,0x00000000d5580000,0x00000000e5e00000)
  from space 23040K, 99% used [0x00000000e5e00000,0x00000000e7479320,0x00000000e7480000)
  to   space 35840K, 0% used [0x00000000eb480000,0x00000000eb480000,0x00000000ed780000)
 ParOldGen       total 110592K, used 83193K [0x0000000080000000, 0x0000000086c00000, 0x00000000d5580000)
  object space 110592K, 75% used [0x0000000080000000,0x000000008513e5e0,0x0000000086c00000)
 Metaspace       used 77493K, capacity 81252K, committed 81496K, reserved 1120256K
  class space    used 10308K, capacity 11030K, committed 11136K, reserved 1048576K
}

