# JRE version: OpenJDK Runtime Environment (8.0_242-b01) (build 1.8.0_242-release-1644-b01)
# Java VM: OpenJDK 64-Bit Server VM (25.242-b01 mixed mode windows-amd64 compressed oops)
Heap:
 PSYoungGen      total 353280K, used 97123K [0x00000000d5580000, 0x00000000ee980000, 0x0000000100000000)
  eden space 327168K, 21% used [0x00000000d5580000,0x00000000d9adb1c0,0x00000000e9500000)
  from space 26112K, 99% used [0x00000000eb880000,0x00000000ed1fda60,0x00000000ed200000)
  to   space 36352K, 0% used [0x00000000e9500000,0x00000000e9500000,0x00000000eb880000)
 ParOldGen       total 102400K, used 65252K [0x0000000080000000, 0x0000000086400000, 0x00000000d5580000)
  object space 102400K, 63% used [0x0000000080000000,0x0000000083fb9308,0x0000000086400000)
 Metaspace       used 80892K, capacity 85500K, committed 85592K, reserved 1124352K
  class space    used 10787K, capacity 11637K, committed 11648K, reserved 1048576K
GC Heap History (10 events):
Event: 44.976 GC heap before
{Heap before GC invocations=15 (full 3):
 PSYoungGen      total 247808K, used 960K [0x00000000d5580000, 0x00000000e7880000, 0x0000000100000000)
  eden space 227328K, 0% used [0x00000000d5580000,0x00000000d5580000,0x00000000e3380000)
  from space 20480K, 4% used [0x00000000e4780000,0x00000000e4870000,0x00000000e5b80000)
  to   space 20480K, 0% used [0x00000000e3380000,0x00000000e3380000,0x00000000e4780000)
 ParOldGen       total 69632K, used 42821K [0x0000000080000000, 0x0000000084400000, 0x00000000d5580000)
  object space 69632K, 61% used [0x0000000080000000,0x00000000829d1548,0x0000000084400000)
 Metaspace       used 56438K, capacity 58844K, committed 58968K, reserved 1099776K
  class space    used 7717K, capacity 8211K, committed 8320K, reserved 1048576K
Event: 46.097 GC heap after
Heap after GC invocations=15 (full 3):
 PSYoungGen      total 247808K, used 0K [0x00000000d5580000, 0x00000000e7880000, 0x0000000100000000)
  eden space 227328K, 0% used [0x00000000d5580000,0x00000000d5580000,0x00000000e3380000)
  from space 20480K, 0% used [0x00000000e4780000,0x00000000e4780000,0x00000000e5b80000)
  to   space 20480K, 0% used [0x00000000e3380000,0x00000000e3380000,0x00000000e4780000)
 ParOldGen       total 102400K, used 29460K [0x0000000080000000, 0x0000000086400000, 0x00000000d5580000)
  object space 102400K, 28% used [0x0000000080000000,0x0000000081cc5308,0x0000000086400000)
 Metaspace       used 56402K, capacity 58724K, committed 58968K, reserved 1099776K
  class space    used 7706K, capacity 8191K, committed 8320K, reserved 1048576K
}
Event: 60.118 GC heap before
{Heap before GC invocations=16 (full 3):
 PSYoungGen      total 247808K, used 227328K [0x00000000d5580000, 0x00000000e7880000, 0x0000000100000000)
  eden space 227328K, 100% used [0x00000000d5580000,0x00000000e3380000,0x00000000e3380000)
  from space 20480K, 0% used [0x00000000e4780000,0x00000000e4780000,0x00000000e5b80000)
  to   space 20480K, 0% used [0x00000000e3380000,0x00000000e3380000,0x00000000e4780000)
 ParOldGen       total 102400K, used 29460K [0x0000000080000000, 0x0000000086400000, 0x00000000d5580000)
  object space 102400K, 28% used [0x0000000080000000,0x0000000081cc5308,0x0000000086400000)
 Metaspace       used 65218K, capacity 68332K, committed 68440K, reserved 1107968K
  class space    used 8991K, capacity 9577K, committed 9600K, reserved 1048576K
Event: 60.177 GC heap after
Heap after GC invocations=16 (full 3):
 PSYoungGen      total 247808K, used 16024K [0x00000000d5580000, 0x00000000e9b80000, 0x0000000100000000)
  eden space 227328K, 0% used [0x00000000d5580000,0x00000000d5580000,0x00000000e3380000)
  from space 20480K, 78% used [0x00000000e3380000,0x00000000e4326360,0x00000000e4780000)
  to   space 22016K, 0% used [0x00000000e8600000,0x00000000e8600000,0x00000000e9b80000)
 ParOldGen       total 102400K, used 29468K [0x0000000080000000, 0x0000000086400000, 0x00000000d5580000)
  object space 102400K, 28% used [0x0000000080000000,0x0000000081cc7308,0x0000000086400000)
 Metaspace       used 65218K, capacity 68332K, committed 68440K, reserved 1107968K
  class space    used 8991K, capacity 9577K, committed 9600K, reserved 1048576K
}
Event: 77.232 GC heap before
{Heap before GC invocations=17 (full 3):
 PSYoungGen      total 247808K, used 243352K [0x00000000d5580000, 0x00000000e9b80000, 0x0000000100000000)
  eden space 227328K, 100% used [0x00000000d5580000,0x00000000e3380000,0x00000000e3380000)
  from space 20480K, 78% used [0x00000000e3380000,0x00000000e4326360,0x00000000e4780000)
  to   space 22016K, 0% used [0x00000000e8600000,0x00000000e8600000,0x00000000e9b80000)
 ParOldGen       total 102400K, used 29468K [0x0000000080000000, 0x0000000086400000, 0x00000000d5580000)
  object space 102400K, 28% used [0x0000000080000000,0x0000000081cc7308,0x0000000086400000)
 Metaspace       used 71911K, capacity 75420K, committed 75736K, reserved 1114112K
  class space    used 9769K, capacity 10421K, committed 10496K, reserved 1048576K
Event: 77.305 GC heap after
Heap after GC invocations=17 (full 3):
 PSYoungGen      total 303616K, used 21998K [0x00000000d5580000, 0x00000000e9b80000, 0x0000000100000000)
  eden space 281600K, 0% used [0x00000000d5580000,0x00000000d5580000,0x00000000e6880000)
  from space 22016K, 99% used [0x00000000e8600000,0x00000000e9b7b978,0x00000000e9b80000)
  to   space 26112K, 0% used [0x00000000e6880000,0x00000000e6880000,0x00000000e8200000)
 ParOldGen       total 102400K, used 31340K [0x0000000080000000, 0x0000000086400000, 0x00000000d5580000)
  object space 102400K, 30% used [0x0000000080000000,0x0000000081e9b000,0x0000000086400000)
 Metaspace       used 71911K, capacity 75420K, committed 75736K, reserved 1114112K
  class space    used 9769K, capacity 10421K, committed 10496K, reserved 1048576K
}
Event: 523.319 GC heap before
{Heap before GC invocations=18 (full 3):
 PSYoungGen      total 303616K, used 303598K [0x00000000d5580000, 0x00000000e9b80000, 0x0000000100000000)
  eden space 281600K, 100% used [0x00000000d5580000,0x00000000e6880000,0x00000000e6880000)
  from space 22016K, 99% used [0x00000000e8600000,0x00000000e9b7b978,0x00000000e9b80000)
  to   space 26112K, 0% used [0x00000000e6880000,0x00000000e6880000,0x00000000e8200000)
 ParOldGen       total 102400K, used 31340K [0x0000000080000000, 0x0000000086400000, 0x00000000d5580000)
  object space 102400K, 30% used [0x0000000080000000,0x0000000081e9b000,0x0000000086400000)
 Metaspace       used 75244K, capacity 78884K, committed 78936K, reserved 1118208K
  class space    used 9934K, capacity 10613K, committed 10624K, reserved 1048576K
Event: 523.380 GC heap after
Heap after GC invocations=18 (full 3):
 PSYoungGen      total 307712K, used 4085K [0x00000000d5580000, 0x00000000ed200000, 0x0000000100000000)
  eden space 281600K, 0% used [0x00000000d5580000,0x00000000d5580000,0x00000000e6880000)
  from space 26112K, 15% used [0x00000000e6880000,0x00000000e6c7d5f8,0x00000000e8200000)
  to   space 26112K, 0% used [0x00000000eb880000,0x00000000eb880000,0x00000000ed200000)
 ParOldGen       total 102400K, used 48551K [0x0000000080000000, 0x0000000086400000, 0x00000000d5580000)
  object space 102400K, 47% used [0x0000000080000000,0x0000000082f69c40,0x0000000086400000)
 Metaspace       used 75244K, capacity 78884K, committed 78936K, reserved 1118208K
  class space    used 9934K, capacity 10613K, committed 10624K, reserved 1048576K
}
Event: 530.904 GC heap before
{Heap before GC invocations=19 (full 3):
 PSYoungGen      total 307712K, used 285685K [0x00000000d5580000, 0x00000000ed200000, 0x0000000100000000)
  eden space 281600K, 100% used [0x00000000d5580000,0x00000000e6880000,0x00000000e6880000)
  from space 26112K, 15% used [0x00000000e6880000,0x00000000e6c7d5f8,0x00000000e8200000)
  to   space 26112K, 0% used [0x00000000eb880000,0x00000000eb880000,0x00000000ed200000)
 ParOldGen       total 102400K, used 48551K [0x0000000080000000, 0x0000000086400000, 0x00000000d5580000)
  object space 102400K, 47% used [0x0000000080000000,0x0000000082f69c40,0x0000000086400000)
 Metaspace       used 79876K, capacity 84292K, committed 84568K, reserved 1122304K
  class space    used 10609K, capacity 11371K, committed 11392K, reserved 1048576K
Event: 531.090 GC heap after
Heap after GC invocations=19 (full 3):
 PSYoungGen      total 353280K, used 26102K [0x00000000d5580000, 0x00000000ee980000, 0x0000000100000000)
  eden space 327168K, 0% used [0x00000000d5580000,0x00000000d5580000,0x00000000e9500000)
  from space 26112K, 99% used [0x00000000eb880000,0x00000000ed1fda60,0x00000000ed200000)
  to   space 36352K, 0% used [0x00000000e9500000,0x00000000e9500000,0x00000000eb880000)
 ParOldGen       total 102400K, used 65252K [0x0000000080000000, 0x0000000086400000, 0x00000000d5580000)
  object space 102400K, 63% used [0x0000000080000000,0x0000000083fb9308,0x0000000086400000)
 Metaspace       used 79876K, capacity 84292K, committed 84568K, reserved 1122304K
  class space    used 10609K, capacity 11371K, committed 11392K, reserved 1048576K
}

