# JRE version: OpenJDK Runtime Environment (8.0_242-b01) (build 1.8.0_242-release-1644-b01)
# Java VM: OpenJDK 64-Bit Server VM (25.242-b01 mixed mode windows-amd64 compressed oops)
Heap:
 PSYoungGen      total 454656K, used 122960K [0x000000076ab00000, 0x0000000790b80000, 0x00000007c0000000)
  eden space 344576K, 3% used [0x000000076ab00000,0x000000076b7990b0,0x000000077fb80000)
  from space 110080K, 99% used [0x0000000787880000,0x000000078e3fb180,0x000000078e400000)
  to   space 128000K, 0% used [0x000000077fb80000,0x000000077fb80000,0x0000000787880000)
 ParOldGen       total 224256K, used 117485K [0x00000006c0000000, 0x00000006cdb00000, 0x000000076ab00000)
  object space 224256K, 52% used [0x00000006c0000000,0x00000006c72bb438,0x00000006cdb00000)
 Metaspace       used 111907K, capacity 119616K, committed 119768K, reserved 1153024K
  class space    used 13923K, capacity 15239K, committed 15360K, reserved 1048576K
GC Heap History (10 events):
Event: 9685.560 GC heap before
{Heap before GC invocations=32 (full 4):
 PSYoungGen      total 398848K, used 350991K [0x000000076ab00000, 0x000000078ac00000, 0x00000007c0000000)
  eden space 299008K, 100% used [0x000000076ab00000,0x000000077cf00000,0x000000077cf00000)
  from space 99840K, 52% used [0x000000077cf00000,0x00000007801c3c28,0x0000000783080000)
  to   space 97792K, 0% used [0x0000000784c80000,0x0000000784c80000,0x000000078ac00000)
 ParOldGen       total 224256K, used 110662K [0x00000006c0000000, 0x00000006cdb00000, 0x000000076ab00000)
  object space 224256K, 49% used [0x00000006c0000000,0x00000006c6c118e0,0x00000006cdb00000)
 Metaspace       used 107363K, capacity 114212K, committed 114392K, reserved 1148928K
  class space    used 13624K, capacity 14847K, committed 14848K, reserved 1048576K
Event: 9685.669 GC heap after
Heap after GC invocations=32 (full 4):
 PSYoungGen      total 412160K, used 51155K [0x000000076ab00000, 0x000000078a200000, 0x00000007c0000000)
  eden space 324608K, 0% used [0x000000076ab00000,0x000000076ab00000,0x000000077e800000)
  from space 87552K, 58% used [0x0000000784c80000,0x0000000787e74e88,0x000000078a200000)
  to   space 95232K, 0% used [0x000000077e800000,0x000000077e800000,0x0000000784500000)
 ParOldGen       total 224256K, used 110670K [0x00000006c0000000, 0x00000006cdb00000, 0x000000076ab00000)
  object space 224256K, 49% used [0x00000006c0000000,0x00000006c6c138e0,0x00000006cdb00000)
 Metaspace       used 107363K, capacity 114212K, committed 114392K, reserved 1148928K
  class space    used 13624K, capacity 14847K, committed 14848K, reserved 1048576K
}
Event: 10146.502 GC heap before
{Heap before GC invocations=33 (full 4):
 PSYoungGen      total 412160K, used 375763K [0x000000076ab00000, 0x000000078a200000, 0x00000007c0000000)
  eden space 324608K, 100% used [0x000000076ab00000,0x000000077e800000,0x000000077e800000)
  from space 87552K, 58% used [0x0000000784c80000,0x0000000787e74e88,0x000000078a200000)
  to   space 95232K, 0% used [0x000000077e800000,0x000000077e800000,0x0000000784500000)
 ParOldGen       total 224256K, used 110670K [0x00000006c0000000, 0x00000006cdb00000, 0x000000076ab00000)
  object space 224256K, 49% used [0x00000006c0000000,0x00000006c6c138e0,0x00000006cdb00000)
 Metaspace       used 109441K, capacity 116820K, committed 116952K, reserved 1150976K
  class space    used 13768K, capacity 15035K, committed 15104K, reserved 1048576K
Event: 10146.614 GC heap after
Heap after GC invocations=33 (full 4):
 PSYoungGen      total 419840K, used 65097K [0x000000076ab00000, 0x000000078bd00000, 0x00000007c0000000)
  eden space 324608K, 0% used [0x000000076ab00000,0x000000076ab00000,0x000000077e800000)
  from space 95232K, 68% used [0x000000077e800000,0x00000007827924a0,0x0000000784500000)
  to   space 97792K, 0% used [0x0000000785d80000,0x0000000785d80000,0x000000078bd00000)
 ParOldGen       total 224256K, used 110678K [0x00000006c0000000, 0x00000006cdb00000, 0x000000076ab00000)
  object space 224256K, 49% used [0x00000006c0000000,0x00000006c6c158e0,0x00000006cdb00000)
 Metaspace       used 109441K, capacity 116820K, committed 116952K, reserved 1150976K
  class space    used 13768K, capacity 15035K, committed 15104K, reserved 1048576K
}
Event: 10152.190 GC heap before
{Heap before GC invocations=34 (full 4):
 PSYoungGen      total 419840K, used 389705K [0x000000076ab00000, 0x000000078bd00000, 0x00000007c0000000)
  eden space 324608K, 100% used [0x000000076ab00000,0x000000077e800000,0x000000077e800000)
  from space 95232K, 68% used [0x000000077e800000,0x00000007827924a0,0x0000000784500000)
  to   space 97792K, 0% used [0x0000000785d80000,0x0000000785d80000,0x000000078bd00000)
 ParOldGen       total 224256K, used 110678K [0x00000006c0000000, 0x00000006cdb00000, 0x000000076ab00000)
  object space 224256K, 49% used [0x00000006c0000000,0x00000006c6c158e0,0x00000006cdb00000)
 Metaspace       used 109644K, capacity 117148K, committed 117208K, reserved 1150976K
  class space    used 13788K, capacity 15067K, committed 15104K, reserved 1048576K
Event: 10152.386 GC heap after
Heap after GC invocations=34 (full 4):
 PSYoungGen      total 434176K, used 89334K [0x000000076ab00000, 0x000000078da00000, 0x00000007c0000000)
  eden space 336384K, 0% used [0x000000076ab00000,0x000000076ab00000,0x000000077f380000)
  from space 97792K, 91% used [0x0000000785d80000,0x000000078b4bdb58,0x000000078bd00000)
  to   space 108544K, 0% used [0x000000077f380000,0x000000077f380000,0x0000000785d80000)
 ParOldGen       total 224256K, used 110686K [0x00000006c0000000, 0x00000006cdb00000, 0x000000076ab00000)
  object space 224256K, 49% used [0x00000006c0000000,0x00000006c6c178e0,0x00000006cdb00000)
 Metaspace       used 109644K, capacity 117148K, committed 117208K, reserved 1150976K
  class space    used 13788K, capacity 15067K, committed 15104K, reserved 1048576K
}
Event: 10442.973 GC heap before
{Heap before GC invocations=35 (full 4):
 PSYoungGen      total 434176K, used 425718K [0x000000076ab00000, 0x000000078da00000, 0x00000007c0000000)
  eden space 336384K, 100% used [0x000000076ab00000,0x000000077f380000,0x000000077f380000)
  from space 97792K, 91% used [0x0000000785d80000,0x000000078b4bdb58,0x000000078bd00000)
  to   space 108544K, 0% used [0x000000077f380000,0x000000077f380000,0x0000000785d80000)
 ParOldGen       total 224256K, used 110686K [0x00000006c0000000, 0x00000006cdb00000, 0x000000076ab00000)
  object space 224256K, 49% used [0x00000006c0000000,0x00000006c6c178e0,0x00000006cdb00000)
 Metaspace       used 109957K, capacity 117584K, committed 117848K, reserved 1153024K
  class space    used 13816K, capacity 15117K, committed 15232K, reserved 1048576K
Event: 10443.119 GC heap after
Heap after GC invocations=35 (full 4):
 PSYoungGen      total 444928K, used 71013K [0x000000076ab00000, 0x000000078e400000, 0x00000007c0000000)
  eden space 336384K, 0% used [0x000000076ab00000,0x000000076ab00000,0x000000077f380000)
  from space 108544K, 65% used [0x000000077f380000,0x00000007838d9688,0x0000000785d80000)
  to   space 110080K, 0% used [0x0000000787880000,0x0000000787880000,0x000000078e400000)
 ParOldGen       total 224256K, used 110694K [0x00000006c0000000, 0x00000006cdb00000, 0x000000076ab00000)
  object space 224256K, 49% used [0x00000006c0000000,0x00000006c6c198e0,0x00000006cdb00000)
 Metaspace       used 109957K, capacity 117584K, committed 117848K, reserved 1153024K
  class space    used 13816K, capacity 15117K, committed 15232K, reserved 1048576K
}
Event: 10452.274 GC heap before
{Heap before GC invocations=36 (full 4):
 PSYoungGen      total 444928K, used 407397K [0x000000076ab00000, 0x000000078e400000, 0x00000007c0000000)
  eden space 336384K, 100% used [0x000000076ab00000,0x000000077f380000,0x000000077f380000)
  from space 108544K, 65% used [0x000000077f380000,0x00000007838d9688,0x0000000785d80000)
  to   space 110080K, 0% used [0x0000000787880000,0x0000000787880000,0x000000078e400000)
 ParOldGen       total 224256K, used 110694K [0x00000006c0000000, 0x00000006cdb00000, 0x000000076ab00000)
  object space 224256K, 49% used [0x00000006c0000000,0x00000006c6c198e0,0x00000006cdb00000)
 Metaspace       used 111906K, capacity 119616K, committed 119768K, reserved 1153024K
  class space    used 13923K, capacity 15239K, committed 15360K, reserved 1048576K
Event: 10452.515 GC heap after
Heap after GC invocations=36 (full 4):
 PSYoungGen      total 454656K, used 110060K [0x000000076ab00000, 0x0000000790b80000, 0x00000007c0000000)
  eden space 344576K, 0% used [0x000000076ab00000,0x000000076ab00000,0x000000077fb80000)
  from space 110080K, 99% used [0x0000000787880000,0x000000078e3fb180,0x000000078e400000)
  to   space 128000K, 0% used [0x000000077fb80000,0x000000077fb80000,0x0000000787880000)
 ParOldGen       total 224256K, used 117485K [0x00000006c0000000, 0x00000006cdb00000, 0x000000076ab00000)
  object space 224256K, 52% used [0x00000006c0000000,0x00000006c72bb438,0x00000006cdb00000)
 Metaspace       used 111906K, capacity 119616K, committed 119768K, reserved 1153024K
  class space    used 13923K, capacity 15239K, committed 15360K, reserved 1048576K
}

