# JRE version: OpenJDK Runtime Environment (8.0_242-b01) (build 1.8.0_242-release-1644-b01)
# Java VM: OpenJDK 64-Bit Server VM (25.242-b01 mixed mode windows-amd64 compressed oops)
Heap:
 PSYoungGen      total 620544K, used 511759K [0x000000076ab00000, 0x0000000796300000, 0x00000007c0000000)
  eden space 548864K, 82% used [0x000000076ab00000,0x00000007867dd1e0,0x000000078c300000)
  from space 71680K, 78% used [0x0000000790e80000,0x0000000794566d70,0x0000000795480000)
  to   space 77312K, 0% used [0x000000078c300000,0x000000078c300000,0x0000000790e80000)
 ParOldGen       total 219136K, used 120492K [0x00000006c0000000, 0x00000006cd600000, 0x000000076ab00000)
  object space 219136K, 54% used [0x00000006c0000000,0x00000006c75ab2c0,0x00000006cd600000)
 Metaspace       used 80160K, capacity 84864K, committed 85080K, reserved 1122304K
  class space    used 10970K, capacity 11900K, committed 11904K, reserved 1048576K
GC Heap History (10 events):
Event: 68.569 GC heap before
{Heap before GC invocations=22 (full 4):
 PSYoungGen      total 416256K, used 408191K [0x000000076ab00000, 0x000000078b600000, 0x00000007c0000000)
  eden space 365568K, 100% used [0x000000076ab00000,0x0000000781000000,0x0000000781000000)
  from space 50688K, 84% used [0x0000000781000000,0x000000078399ff68,0x0000000784180000)
  to   space 56320K, 0% used [0x0000000787f00000,0x0000000787f00000,0x000000078b600000)
 ParOldGen       total 219136K, used 120452K [0x00000006c0000000, 0x00000006cd600000, 0x000000076ab00000)
  object space 219136K, 54% used [0x00000006c0000000,0x00000006c75a12c0,0x00000006cd600000)
 Metaspace       used 79344K, capacity 83808K, committed 84056K, reserved 1122304K
  class space    used 10897K, capacity 11802K, committed 11904K, reserved 1048576K
Event: 68.679 GC heap after
Heap after GC invocations=22 (full 4):
 PSYoungGen      total 475648K, used 40464K [0x000000076ab00000, 0x000000078bf00000, 0x00000007c0000000)
  eden space 419328K, 0% used [0x000000076ab00000,0x000000076ab00000,0x0000000784480000)
  from space 56320K, 71% used [0x0000000787f00000,0x000000078a6843b8,0x000000078b600000)
  to   space 59904K, 0% used [0x0000000784480000,0x0000000784480000,0x0000000787f00000)
 ParOldGen       total 219136K, used 120460K [0x00000006c0000000, 0x00000006cd600000, 0x000000076ab00000)
  object space 219136K, 54% used [0x00000006c0000000,0x00000006c75a32c0,0x00000006cd600000)
 Metaspace       used 79344K, capacity 83808K, committed 84056K, reserved 1122304K
  class space    used 10897K, capacity 11802K, committed 11904K, reserved 1048576K
}
Event: 73.410 GC heap before
{Heap before GC invocations=23 (full 4):
 PSYoungGen      total 475648K, used 459792K [0x000000076ab00000, 0x000000078bf00000, 0x00000007c0000000)
  eden space 419328K, 100% used [0x000000076ab00000,0x0000000784480000,0x0000000784480000)
  from space 56320K, 71% used [0x0000000787f00000,0x000000078a6843b8,0x000000078b600000)
  to   space 59904K, 0% used [0x0000000784480000,0x0000000784480000,0x0000000787f00000)
 ParOldGen       total 219136K, used 120460K [0x00000006c0000000, 0x00000006cd600000, 0x000000076ab00000)
  object space 219136K, 54% used [0x00000006c0000000,0x00000006c75a32c0,0x00000006cd600000)
 Metaspace       used 79824K, capacity 84570K, committed 84824K, reserved 1122304K
  class space    used 10961K, capacity 11895K, committed 11904K, reserved 1048576K
Event: 73.557 GC heap after
Heap after GC invocations=23 (full 4):
 PSYoungGen      total 479232K, used 42237K [0x000000076ab00000, 0x0000000790080000, 0x00000007c0000000)
  eden space 419328K, 0% used [0x000000076ab00000,0x000000076ab00000,0x0000000784480000)
  from space 59904K, 70% used [0x0000000784480000,0x0000000786dbf708,0x0000000787f00000)
  to   space 62976K, 0% used [0x000000078c300000,0x000000078c300000,0x0000000790080000)
 ParOldGen       total 219136K, used 120468K [0x00000006c0000000, 0x00000006cd600000, 0x000000076ab00000)
  object space 219136K, 54% used [0x00000006c0000000,0x00000006c75a52c0,0x00000006cd600000)
 Metaspace       used 79824K, capacity 84570K, committed 84824K, reserved 1122304K
  class space    used 10961K, capacity 11895K, committed 11904K, reserved 1048576K
}
Event: 80.228 GC heap before
{Heap before GC invocations=24 (full 4):
 PSYoungGen      total 479232K, used 461565K [0x000000076ab00000, 0x0000000790080000, 0x00000007c0000000)
  eden space 419328K, 100% used [0x000000076ab00000,0x0000000784480000,0x0000000784480000)
  from space 59904K, 70% used [0x0000000784480000,0x0000000786dbf708,0x0000000787f00000)
  to   space 62976K, 0% used [0x000000078c300000,0x000000078c300000,0x0000000790080000)
 ParOldGen       total 219136K, used 120468K [0x00000006c0000000, 0x00000006cd600000, 0x000000076ab00000)
  object space 219136K, 54% used [0x00000006c0000000,0x00000006c75a52c0,0x00000006cd600000)
 Metaspace       used 79843K, capacity 84576K, committed 84824K, reserved 1122304K
  class space    used 10962K, capacity 11896K, committed 11904K, reserved 1048576K
Event: 80.476 GC heap after
Heap after GC invocations=24 (full 4):
 PSYoungGen      total 544768K, used 46219K [0x000000076ab00000, 0x0000000790880000, 0x00000007c0000000)
  eden space 481792K, 0% used [0x000000076ab00000,0x000000076ab00000,0x0000000788180000)
  from space 62976K, 73% used [0x000000078c300000,0x000000078f022d80,0x0000000790080000)
  to   space 67072K, 0% used [0x0000000788180000,0x0000000788180000,0x000000078c300000)
 ParOldGen       total 219136K, used 120476K [0x00000006c0000000, 0x00000006cd600000, 0x000000076ab00000)
  object space 219136K, 54% used [0x00000006c0000000,0x00000006c75a72c0,0x00000006cd600000)
 Metaspace       used 79843K, capacity 84576K, committed 84824K, reserved 1122304K
  class space    used 10962K, capacity 11896K, committed 11904K, reserved 1048576K
}
Event: 86.651 GC heap before
{Heap before GC invocations=25 (full 4):
 PSYoungGen      total 544768K, used 528011K [0x000000076ab00000, 0x0000000790880000, 0x00000007c0000000)
  eden space 481792K, 100% used [0x000000076ab00000,0x0000000788180000,0x0000000788180000)
  from space 62976K, 73% used [0x000000078c300000,0x000000078f022d80,0x0000000790080000)
  to   space 67072K, 0% used [0x0000000788180000,0x0000000788180000,0x000000078c300000)
 ParOldGen       total 219136K, used 120476K [0x00000006c0000000, 0x00000006cd600000, 0x000000076ab00000)
  object space 219136K, 54% used [0x00000006c0000000,0x00000006c75a72c0,0x00000006cd600000)
 Metaspace       used 79909K, capacity 84660K, committed 84824K, reserved 1122304K
  class space    used 10969K, capacity 11900K, committed 11904K, reserved 1048576K
Event: 86.799 GC heap after
Heap after GC invocations=25 (full 4):
 PSYoungGen      total 548864K, used 50703K [0x000000076ab00000, 0x0000000795480000, 0x00000007c0000000)
  eden space 481792K, 0% used [0x000000076ab00000,0x000000076ab00000,0x0000000788180000)
  from space 67072K, 75% used [0x0000000788180000,0x000000078b303fb0,0x000000078c300000)
  to   space 71680K, 0% used [0x0000000790e80000,0x0000000790e80000,0x0000000795480000)
 ParOldGen       total 219136K, used 120484K [0x00000006c0000000, 0x00000006cd600000, 0x000000076ab00000)
  object space 219136K, 54% used [0x00000006c0000000,0x00000006c75a92c0,0x00000006cd600000)
 Metaspace       used 79909K, capacity 84660K, committed 84824K, reserved 1122304K
  class space    used 10969K, capacity 11900K, committed 11904K, reserved 1048576K
}
Event: 92.013 GC heap before
{Heap before GC invocations=26 (full 4):
 PSYoungGen      total 548864K, used 532495K [0x000000076ab00000, 0x0000000795480000, 0x00000007c0000000)
  eden space 481792K, 100% used [0x000000076ab00000,0x0000000788180000,0x0000000788180000)
  from space 67072K, 75% used [0x0000000788180000,0x000000078b303fb0,0x000000078c300000)
  to   space 71680K, 0% used [0x0000000790e80000,0x0000000790e80000,0x0000000795480000)
 ParOldGen       total 219136K, used 120484K [0x00000006c0000000, 0x00000006cd600000, 0x000000076ab00000)
  object space 219136K, 54% used [0x00000006c0000000,0x00000006c75a92c0,0x00000006cd600000)
 Metaspace       used 80132K, capacity 84800K, committed 84824K, reserved 1122304K
  class space    used 10970K, capacity 11900K, committed 11904K, reserved 1048576K
Event: 92.246 GC heap after
Heap after GC invocations=26 (full 4):
 PSYoungGen      total 620544K, used 56219K [0x000000076ab00000, 0x0000000796300000, 0x00000007c0000000)
  eden space 548864K, 0% used [0x000000076ab00000,0x000000076ab00000,0x000000078c300000)
  from space 71680K, 78% used [0x0000000790e80000,0x0000000794566d70,0x0000000795480000)
  to   space 77312K, 0% used [0x000000078c300000,0x000000078c300000,0x0000000790e80000)
 ParOldGen       total 219136K, used 120492K [0x00000006c0000000, 0x00000006cd600000, 0x000000076ab00000)
  object space 219136K, 54% used [0x00000006c0000000,0x00000006c75ab2c0,0x00000006cd600000)
 Metaspace       used 80132K, capacity 84800K, committed 84824K, reserved 1122304K
  class space    used 10970K, capacity 11900K, committed 11904K, reserved 1048576K
}

