# JRE version: OpenJDK Runtime Environment (8.0_242-b01) (build 1.8.0_242-release-1644-b01)
# Java VM: OpenJDK 64-Bit Server VM (25.242-b01 mixed mode windows-amd64 compressed oops)
Heap:
 PSYoungGen      total 239616K, used 168309K [0x00000000d5580000, 0x00000000e8700000, 0x0000000100000000)
  eden space 221184K, 67% used [0x00000000d5580000,0x00000000de7e2b18,0x00000000e2d80000)
  from space 18432K, 99% used [0x00000000e2d80000,0x00000000e3f7aa38,0x00000000e3f80000)
  to   space 22016K, 0% used [0x00000000e7180000,0x00000000e7180000,0x00000000e8700000)
 ParOldGen       total 116224K, used 38572K [0x0000000080000000, 0x0000000087180000, 0x00000000d5580000)
  object space 116224K, 33% used [0x0000000080000000,0x00000000825ab068,0x0000000087180000)
 Metaspace       used 69203K, capacity 72340K, committed 72536K, reserved 1112064K
  class space    used 9488K, capacity 10084K, committed 10112K, reserved 1048576K
GC Heap History (10 events):
Event: 28.073 GC heap before
{Heap before GC invocations=12 (full 2):
 PSYoungGen      total 136704K, used 125440K [0x00000000d5580000, 0x00000000e1e80000, 0x0000000100000000)
  eden space 125440K, 100% used [0x00000000d5580000,0x00000000dd000000,0x00000000dd000000)
  from space 11264K, 0% used [0x00000000dd000000,0x00000000dd000000,0x00000000ddb00000)
  to   space 12800K, 0% used [0x00000000e1200000,0x00000000e1200000,0x00000000e1e80000)
 ParOldGen       total 73216K, used 17951K [0x0000000080000000, 0x0000000084780000, 0x00000000d5580000)
  object space 73216K, 24% used [0x0000000080000000,0x0000000081187e60,0x0000000084780000)
 Metaspace       used 39194K, capacity 41066K, committed 41304K, reserved 1085440K
  class space    used 5419K, capacity 5755K, committed 5760K, reserved 1048576K
Event: 28.099 GC heap after
Heap after GC invocations=12 (full 2):
 PSYoungGen      total 178176K, used 9743K [0x00000000d5580000, 0x00000000e1c00000, 0x0000000100000000)
  eden space 167936K, 0% used [0x00000000d5580000,0x00000000d5580000,0x00000000df980000)
  from space 10240K, 95% used [0x00000000e1200000,0x00000000e1b83f50,0x00000000e1c00000)
  to   space 13312K, 0% used [0x00000000e0200000,0x00000000e0200000,0x00000000e0f00000)
 ParOldGen       total 73216K, used 17959K [0x0000000080000000, 0x0000000084780000, 0x00000000d5580000)
  object space 73216K, 24% used [0x0000000080000000,0x0000000081189e60,0x0000000084780000)
 Metaspace       used 39194K, capacity 41066K, committed 41304K, reserved 1085440K
  class space    used 5419K, capacity 5755K, committed 5760K, reserved 1048576K
}
Event: 33.024 GC heap before
{Heap before GC invocations=13 (full 2):
 PSYoungGen      total 178176K, used 177679K [0x00000000d5580000, 0x00000000e1c00000, 0x0000000100000000)
  eden space 167936K, 100% used [0x00000000d5580000,0x00000000df980000,0x00000000df980000)
  from space 10240K, 95% used [0x00000000e1200000,0x00000000e1b83f50,0x00000000e1c00000)
  to   space 13312K, 0% used [0x00000000e0200000,0x00000000e0200000,0x00000000e0f00000)
 ParOldGen       total 73216K, used 17959K [0x0000000080000000, 0x0000000084780000, 0x00000000d5580000)
  object space 73216K, 24% used [0x0000000080000000,0x0000000081189e60,0x0000000084780000)
 Metaspace       used 51943K, capacity 54168K, committed 54360K, reserved 1095680K
  class space    used 6969K, capacity 7429K, committed 7552K, reserved 1048576K
Event: 33.081 GC heap after
Heap after GC invocations=13 (full 2):
 PSYoungGen      total 189952K, used 13292K [0x00000000d5580000, 0x00000000e5280000, 0x0000000100000000)
  eden space 176640K, 0% used [0x00000000d5580000,0x00000000d5580000,0x00000000e0200000)
  from space 13312K, 99% used [0x00000000e0200000,0x00000000e0efb3e8,0x00000000e0f00000)
  to   space 19456K, 0% used [0x00000000e3f80000,0x00000000e3f80000,0x00000000e5280000)
 ParOldGen       total 73216K, used 29431K [0x0000000080000000, 0x0000000084780000, 0x00000000d5580000)
  object space 73216K, 40% used [0x0000000080000000,0x0000000081cbdfa0,0x0000000084780000)
 Metaspace       used 51943K, capacity 54168K, committed 54360K, reserved 1095680K
  class space    used 6969K, capacity 7429K, committed 7552K, reserved 1048576K
}
Event: 35.204 GC heap before
{Heap before GC invocations=14 (full 2):
 PSYoungGen      total 189952K, used 82436K [0x00000000d5580000, 0x00000000e5280000, 0x0000000100000000)
  eden space 176640K, 39% used [0x00000000d5580000,0x00000000d9905c60,0x00000000e0200000)
  from space 13312K, 99% used [0x00000000e0200000,0x00000000e0efb3e8,0x00000000e0f00000)
  to   space 19456K, 0% used [0x00000000e3f80000,0x00000000e3f80000,0x00000000e5280000)
 ParOldGen       total 73216K, used 29431K [0x0000000080000000, 0x0000000084780000, 0x00000000d5580000)
  object space 73216K, 40% used [0x0000000080000000,0x0000000081cbdfa0,0x0000000084780000)
 Metaspace       used 56428K, capacity 58840K, committed 58968K, reserved 1099776K
  class space    used 7701K, capacity 8202K, committed 8320K, reserved 1048576K
Event: 35.256 GC heap after
Heap after GC invocations=14 (full 2):
 PSYoungGen      total 240640K, used 7788K [0x00000000d5580000, 0x00000000e5a80000, 0x0000000100000000)
  eden space 221184K, 0% used [0x00000000d5580000,0x00000000d5580000,0x00000000e2d80000)
  from space 19456K, 40% used [0x00000000e3f80000,0x00000000e471b2b8,0x00000000e5280000)
  to   space 18432K, 0% used [0x00000000e2d80000,0x00000000e2d80000,0x00000000e3f80000)
 ParOldGen       total 73216K, used 40571K [0x0000000080000000, 0x0000000084780000, 0x00000000d5580000)
  object space 73216K, 55% used [0x0000000080000000,0x000000008279ec38,0x0000000084780000)
 Metaspace       used 56428K, capacity 58840K, committed 58968K, reserved 1099776K
  class space    used 7701K, capacity 8202K, committed 8320K, reserved 1048576K
}
Event: 35.256 GC heap before
{Heap before GC invocations=15 (full 3):
 PSYoungGen      total 240640K, used 7788K [0x00000000d5580000, 0x00000000e5a80000, 0x0000000100000000)
  eden space 221184K, 0% used [0x00000000d5580000,0x00000000d5580000,0x00000000e2d80000)
  from space 19456K, 40% used [0x00000000e3f80000,0x00000000e471b2b8,0x00000000e5280000)
  to   space 18432K, 0% used [0x00000000e2d80000,0x00000000e2d80000,0x00000000e3f80000)
 ParOldGen       total 73216K, used 40571K [0x0000000080000000, 0x0000000084780000, 0x00000000d5580000)
  object space 73216K, 55% used [0x0000000080000000,0x000000008279ec38,0x0000000084780000)
 Metaspace       used 56428K, capacity 58840K, committed 58968K, reserved 1099776K
  class space    used 7701K, capacity 8202K, committed 8320K, reserved 1048576K
Event: 35.995 GC heap after
Heap after GC invocations=15 (full 3):
 PSYoungGen      total 240640K, used 0K [0x00000000d5580000, 0x00000000e5a80000, 0x0000000100000000)
  eden space 221184K, 0% used [0x00000000d5580000,0x00000000d5580000,0x00000000e2d80000)
  from space 19456K, 0% used [0x00000000e3f80000,0x00000000e3f80000,0x00000000e5280000)
  to   space 18432K, 0% used [0x00000000e2d80000,0x00000000e2d80000,0x00000000e3f80000)
 ParOldGen       total 116224K, used 36261K [0x0000000080000000, 0x0000000087180000, 0x00000000d5580000)
  object space 116224K, 31% used [0x0000000080000000,0x0000000082369580,0x0000000087180000)
 Metaspace       used 56383K, capacity 58690K, committed 58968K, reserved 1099776K
  class space    used 7688K, capacity 8177K, committed 8320K, reserved 1048576K
}
Event: 44.219 GC heap before
{Heap before GC invocations=16 (full 3):
 PSYoungGen      total 240640K, used 221184K [0x00000000d5580000, 0x00000000e5a80000, 0x0000000100000000)
  eden space 221184K, 100% used [0x00000000d5580000,0x00000000e2d80000,0x00000000e2d80000)
  from space 19456K, 0% used [0x00000000e3f80000,0x00000000e3f80000,0x00000000e5280000)
  to   space 18432K, 0% used [0x00000000e2d80000,0x00000000e2d80000,0x00000000e3f80000)
 ParOldGen       total 116224K, used 36261K [0x0000000080000000, 0x0000000087180000, 0x00000000d5580000)
  object space 116224K, 31% used [0x0000000080000000,0x0000000082369580,0x0000000087180000)
 Metaspace       used 69091K, capacity 72212K, committed 72280K, reserved 1112064K
  class space    used 9488K, capacity 10084K, committed 10112K, reserved 1048576K
Event: 44.279 GC heap after
Heap after GC invocations=16 (full 3):
 PSYoungGen      total 239616K, used 18410K [0x00000000d5580000, 0x00000000e8700000, 0x0000000100000000)
  eden space 221184K, 0% used [0x00000000d5580000,0x00000000d5580000,0x00000000e2d80000)
  from space 18432K, 99% used [0x00000000e2d80000,0x00000000e3f7aa38,0x00000000e3f80000)
  to   space 22016K, 0% used [0x00000000e7180000,0x00000000e7180000,0x00000000e8700000)
 ParOldGen       total 116224K, used 38572K [0x0000000080000000, 0x0000000087180000, 0x00000000d5580000)
  object space 116224K, 33% used [0x0000000080000000,0x00000000825ab068,0x0000000087180000)
 Metaspace       used 69091K, capacity 72212K, committed 72280K, reserved 1112064K
  class space    used 9488K, capacity 10084K, committed 10112K, reserved 1048576K
}

