# JRE version: OpenJDK Runtime Environment (8.0_242-b01) (build 1.8.0_242-release-1644-b01)
# Java VM: OpenJDK 64-Bit Server VM (25.242-b01 mixed mode windows-amd64 compressed oops)
Heap:
 PSYoungGen      total 481280K, used 299616K [0x000000076ab00000, 0x000000078d700000, 0x00000007c0000000)
  eden space 418816K, 57% used [0x000000076ab00000,0x00000007794f4968,0x0000000784400000)
  from space 62464K, 96% used [0x0000000789a00000,0x000000078d4a39a0,0x000000078d700000)
  to   space 75264K, 0% used [0x0000000784400000,0x0000000784400000,0x0000000788d80000)
 ParOldGen       total 267776K, used 104996K [0x00000006c0000000, 0x00000006d0580000, 0x000000076ab00000)
  object space 267776K, 39% used [0x00000006c0000000,0x00000006c66891e0,0x00000006d0580000)
 Metaspace       used 103632K, capacity 110513K, committed 111832K, reserved 1146880K
  class space    used 13203K, capacity 14447K, committed 14592K, reserved 1048576K
GC Heap History (10 events):
Event: 6789.716 GC heap before
{Heap before GC invocations=27 (full 4):
 PSYoungGen      total 435200K, used 419291K [0x000000076ab00000, 0x0000000789800000, 0x00000007c0000000)
  eden space 378880K, 100% used [0x000000076ab00000,0x0000000781d00000,0x0000000781d00000)
  from space 56320K, 71% used [0x0000000786100000,0x0000000788876cb0,0x0000000789800000)
  to   space 62976K, 0% used [0x0000000781d00000,0x0000000781d00000,0x0000000785a80000)
 ParOldGen       total 246784K, used 135304K [0x00000006c0000000, 0x00000006cf100000, 0x000000076ab00000)
  object space 246784K, 54% used [0x00000006c0000000,0x00000006c84221e8,0x00000006cf100000)
 Metaspace       used 103990K, capacity 109964K, committed 110040K, reserved 1144832K
  class space    used 13167K, capacity 14313K, committed 14336K, reserved 1048576K
Event: 6789.907 GC heap after
Heap after GC invocations=27 (full 4):
 PSYoungGen      total 441856K, used 62950K [0x000000076ab00000, 0x000000078e800000, 0x00000007c0000000)
  eden space 378880K, 0% used [0x000000076ab00000,0x000000076ab00000,0x0000000781d00000)
  from space 62976K, 99% used [0x0000000781d00000,0x0000000785a79a40,0x0000000785a80000)
  to   space 79872K, 0% used [0x0000000789a00000,0x0000000789a00000,0x000000078e800000)
 ParOldGen       total 246784K, used 153656K [0x00000006c0000000, 0x00000006cf100000, 0x000000076ab00000)
  object space 246784K, 62% used [0x00000006c0000000,0x00000006c960e020,0x00000006cf100000)
 Metaspace       used 103990K, capacity 109964K, committed 110040K, reserved 1144832K
  class space    used 13167K, capacity 14313K, committed 14336K, reserved 1048576K
}
Event: 6927.115 GC heap before
{Heap before GC invocations=28 (full 4):
 PSYoungGen      total 441856K, used 167804K [0x000000076ab00000, 0x000000078e800000, 0x00000007c0000000)
  eden space 378880K, 27% used [0x000000076ab00000,0x00000007711657b8,0x0000000781d00000)
  from space 62976K, 99% used [0x0000000781d00000,0x0000000785a79a40,0x0000000785a80000)
  to   space 79872K, 0% used [0x0000000789a00000,0x0000000789a00000,0x000000078e800000)
 ParOldGen       total 246784K, used 153656K [0x00000006c0000000, 0x00000006cf100000, 0x000000076ab00000)
  object space 246784K, 62% used [0x00000006c0000000,0x00000006c960e020,0x00000006cf100000)
 Metaspace       used 104254K, capacity 110309K, committed 110424K, reserved 1148928K
  class space    used 13187K, capacity 14350K, committed 14464K, reserved 1048576K
Event: 6927.266 GC heap after
Heap after GC invocations=28 (full 4):
 PSYoungGen      total 481280K, used 32647K [0x000000076ab00000, 0x000000078d700000, 0x00000007c0000000)
  eden space 418816K, 0% used [0x000000076ab00000,0x000000076ab00000,0x0000000784400000)
  from space 62464K, 52% used [0x0000000789a00000,0x000000078b9e1e88,0x000000078d700000)
  to   space 75264K, 0% used [0x0000000784400000,0x0000000784400000,0x0000000788d80000)
 ParOldGen       total 246784K, used 174785K [0x00000006c0000000, 0x00000006cf100000, 0x000000076ab00000)
  object space 246784K, 70% used [0x00000006c0000000,0x00000006caab05a8,0x00000006cf100000)
 Metaspace       used 104254K, capacity 110309K, committed 110424K, reserved 1148928K
  class space    used 13187K, capacity 14350K, committed 14464K, reserved 1048576K
}
Event: 6927.266 GC heap before
{Heap before GC invocations=29 (full 5):
 PSYoungGen      total 481280K, used 32647K [0x000000076ab00000, 0x000000078d700000, 0x00000007c0000000)
  eden space 418816K, 0% used [0x000000076ab00000,0x000000076ab00000,0x0000000784400000)
  from space 62464K, 52% used [0x0000000789a00000,0x000000078b9e1e88,0x000000078d700000)
  to   space 75264K, 0% used [0x0000000784400000,0x0000000784400000,0x0000000788d80000)
 ParOldGen       total 246784K, used 174785K [0x00000006c0000000, 0x00000006cf100000, 0x000000076ab00000)
  object space 246784K, 70% used [0x00000006c0000000,0x00000006caab05a8,0x00000006cf100000)
 Metaspace       used 104254K, capacity 110309K, committed 110424K, reserved 1148928K
  class space    used 13187K, capacity 14350K, committed 14464K, reserved 1048576K
Event: 6928.597 GC heap after
Heap after GC invocations=29 (full 5):
 PSYoungGen      total 481280K, used 0K [0x000000076ab00000, 0x000000078d700000, 0x00000007c0000000)
  eden space 418816K, 0% used [0x000000076ab00000,0x000000076ab00000,0x0000000784400000)
  from space 62464K, 0% used [0x0000000789a00000,0x0000000789a00000,0x000000078d700000)
  to   space 75264K, 0% used [0x0000000784400000,0x0000000784400000,0x0000000788d80000)
 ParOldGen       total 267776K, used 104980K [0x00000006c0000000, 0x00000006d0580000, 0x000000076ab00000)
  object space 267776K, 39% used [0x00000006c0000000,0x00000006c66851e0,0x00000006d0580000)
 Metaspace       used 100289K, capacity 105935K, committed 110424K, reserved 1146880K
  class space    used 12890K, capacity 13971K, committed 14464K, reserved 1048576K
}
Event: 6936.533 GC heap before
{Heap before GC invocations=30 (full 5):
 PSYoungGen      total 481280K, used 418816K [0x000000076ab00000, 0x000000078d700000, 0x00000007c0000000)
  eden space 418816K, 100% used [0x000000076ab00000,0x0000000784400000,0x0000000784400000)
  from space 62464K, 0% used [0x0000000789a00000,0x0000000789a00000,0x000000078d700000)
  to   space 75264K, 0% used [0x0000000784400000,0x0000000784400000,0x0000000788d80000)
 ParOldGen       total 267776K, used 104980K [0x00000006c0000000, 0x00000006d0580000, 0x000000076ab00000)
  object space 267776K, 39% used [0x00000006c0000000,0x00000006c66851e0,0x00000006d0580000)
 Metaspace       used 102546K, capacity 108579K, committed 110424K, reserved 1146880K
  class space    used 13069K, capacity 14202K, committed 14464K, reserved 1048576K
Event: 6936.619 GC heap after
Heap after GC invocations=30 (full 5):
 PSYoungGen      total 494080K, used 42762K [0x000000076ab00000, 0x000000078d700000, 0x00000007c0000000)
  eden space 418816K, 0% used [0x000000076ab00000,0x000000076ab00000,0x0000000784400000)
  from space 75264K, 56% used [0x0000000784400000,0x0000000786dc28c0,0x0000000788d80000)
  to   space 62464K, 0% used [0x0000000789a00000,0x0000000789a00000,0x000000078d700000)
 ParOldGen       total 267776K, used 104988K [0x00000006c0000000, 0x00000006d0580000, 0x000000076ab00000)
  object space 267776K, 39% used [0x00000006c0000000,0x00000006c66871e0,0x00000006d0580000)
 Metaspace       used 102546K, capacity 108579K, committed 110424K, reserved 1146880K
  class space    used 13069K, capacity 14202K, committed 14464K, reserved 1048576K
}
Event: 6961.653 GC heap before
{Heap before GC invocations=31 (full 5):
 PSYoungGen      total 494080K, used 461578K [0x000000076ab00000, 0x000000078d700000, 0x00000007c0000000)
  eden space 418816K, 100% used [0x000000076ab00000,0x0000000784400000,0x0000000784400000)
  from space 75264K, 56% used [0x0000000784400000,0x0000000786dc28c0,0x0000000788d80000)
  to   space 62464K, 0% used [0x0000000789a00000,0x0000000789a00000,0x000000078d700000)
 ParOldGen       total 267776K, used 104988K [0x00000006c0000000, 0x00000006d0580000, 0x000000076ab00000)
  object space 267776K, 39% used [0x00000006c0000000,0x00000006c66871e0,0x00000006d0580000)
 Metaspace       used 102949K, capacity 109039K, committed 110680K, reserved 1146880K
  class space    used 13088K, capacity 14234K, committed 14464K, reserved 1048576K
Event: 6961.772 GC heap after
Heap after GC invocations=31 (full 5):
 PSYoungGen      total 481280K, used 60046K [0x000000076ab00000, 0x000000078d700000, 0x00000007c0000000)
  eden space 418816K, 0% used [0x000000076ab00000,0x000000076ab00000,0x0000000784400000)
  from space 62464K, 96% used [0x0000000789a00000,0x000000078d4a39a0,0x000000078d700000)
  to   space 75264K, 0% used [0x0000000784400000,0x0000000784400000,0x0000000788d80000)
 ParOldGen       total 267776K, used 104996K [0x00000006c0000000, 0x00000006d0580000, 0x000000076ab00000)
  object space 267776K, 39% used [0x00000006c0000000,0x00000006c66891e0,0x00000006d0580000)
 Metaspace       used 102949K, capacity 109039K, committed 110680K, reserved 1146880K
  class space    used 13088K, capacity 14234K, committed 14464K, reserved 1048576K
}

