# JRE version: OpenJDK Runtime Environment (8.0_242-b01) (build 1.8.0_242-release-1644-b01)
# Java VM: OpenJDK 64-Bit Server VM (25.242-b01 mixed mode windows-amd64 compressed oops)
Heap:
 PSYoungGen      total 444928K, used 121307K [0x00000000d5580000, 0x00000000f6300000, 0x0000000100000000)
  eden space 406528K, 23% used [0x00000000d5580000,0x00000000db14a230,0x00000000ee280000)
  from space 38400K, 71% used [0x00000000ee280000,0x00000000efd2cd38,0x00000000f0800000)
  to   space 40448K, 0% used [0x00000000f3b80000,0x00000000f3b80000,0x00000000f6300000)
 ParOldGen       total 191488K, used 99939K [0x0000000080000000, 0x000000008bb00000, 0x00000000d5580000)
  object space 191488K, 52% used [0x0000000080000000,0x0000000086198f80,0x000000008bb00000)
 Metaspace       used 87538K, capacity 91546K, committed 91608K, reserved 1128448K
  class space    used 11466K, capacity 12245K, committed 12288K, reserved 1048576K
GC Heap History (10 events):
Event: 51.390 GC heap before
{Heap before GC invocations=17 (full 3):
 PSYoungGen      total 283136K, used 283121K [0x00000000d5580000, 0x00000000edc00000, 0x0000000100000000)
  eden space 263168K, 100% used [0x00000000d5580000,0x00000000e5680000,0x00000000e5680000)
  from space 19968K, 99% used [0x00000000e5680000,0x00000000e69fc780,0x00000000e6a00000)
  to   space 27136K, 0% used [0x00000000ec180000,0x00000000ec180000,0x00000000edc00000)
 ParOldGen       total 96256K, used 42903K [0x0000000080000000, 0x0000000085e00000, 0x00000000d5580000)
  object space 96256K, 44% used [0x0000000080000000,0x00000000829e5c98,0x0000000085e00000)
 Metaspace       used 74821K, capacity 78296K, committed 78552K, reserved 1118208K
  class space    used 10064K, capacity 10720K, committed 10752K, reserved 1048576K
Event: 51.474 GC heap after
Heap after GC invocations=17 (full 3):
 PSYoungGen      total 354304K, used 8617K [0x00000000d5580000, 0x00000000ed180000, 0x0000000100000000)
  eden space 337920K, 0% used [0x00000000d5580000,0x00000000d5580000,0x00000000e9f80000)
  from space 16384K, 52% used [0x00000000ec180000,0x00000000ec9ea440,0x00000000ed180000)
  to   space 25600K, 0% used [0x00000000e9f80000,0x00000000e9f80000,0x00000000eb880000)
 ParOldGen       total 96256K, used 62057K [0x0000000080000000, 0x0000000085e00000, 0x00000000d5580000)
  object space 96256K, 64% used [0x0000000080000000,0x0000000083c9a720,0x0000000085e00000)
 Metaspace       used 74821K, capacity 78296K, committed 78552K, reserved 1118208K
  class space    used 10064K, capacity 10720K, committed 10752K, reserved 1048576K
}
Event: 60.328 GC heap before
{Heap before GC invocations=18 (full 3):
 PSYoungGen      total 354304K, used 346537K [0x00000000d5580000, 0x00000000ed180000, 0x0000000100000000)
  eden space 337920K, 100% used [0x00000000d5580000,0x00000000e9f80000,0x00000000e9f80000)
  from space 16384K, 52% used [0x00000000ec180000,0x00000000ec9ea440,0x00000000ed180000)
  to   space 25600K, 0% used [0x00000000e9f80000,0x00000000e9f80000,0x00000000eb880000)
 ParOldGen       total 96256K, used 62057K [0x0000000080000000, 0x0000000085e00000, 0x00000000d5580000)
  object space 96256K, 64% used [0x0000000080000000,0x0000000083c9a720,0x0000000085e00000)
 Metaspace       used 78997K, capacity 82760K, committed 82904K, reserved 1120256K
  class space    used 10494K, capacity 11248K, committed 11264K, reserved 1048576K
Event: 60.434 GC heap after
Heap after GC invocations=18 (full 3):
 PSYoungGen      total 363520K, used 25583K [0x00000000d5580000, 0x00000000f4000000, 0x0000000100000000)
  eden space 337920K, 0% used [0x00000000d5580000,0x00000000d5580000,0x00000000e9f80000)
  from space 25600K, 99% used [0x00000000e9f80000,0x00000000eb87bd70,0x00000000eb880000)
  to   space 38912K, 0% used [0x00000000f1a00000,0x00000000f1a00000,0x00000000f4000000)
 ParOldGen       total 96256K, used 87306K [0x0000000080000000, 0x0000000085e00000, 0x00000000d5580000)
  object space 96256K, 90% used [0x0000000080000000,0x0000000085542a30,0x0000000085e00000)
 Metaspace       used 78997K, capacity 82760K, committed 82904K, reserved 1120256K
  class space    used 10494K, capacity 11248K, committed 11264K, reserved 1048576K
}
Event: 60.434 GC heap before
{Heap before GC invocations=19 (full 4):
 PSYoungGen      total 363520K, used 25583K [0x00000000d5580000, 0x00000000f4000000, 0x0000000100000000)
  eden space 337920K, 0% used [0x00000000d5580000,0x00000000d5580000,0x00000000e9f80000)
  from space 25600K, 99% used [0x00000000e9f80000,0x00000000eb87bd70,0x00000000eb880000)
  to   space 38912K, 0% used [0x00000000f1a00000,0x00000000f1a00000,0x00000000f4000000)
 ParOldGen       total 96256K, used 87306K [0x0000000080000000, 0x0000000085e00000, 0x00000000d5580000)
  object space 96256K, 90% used [0x0000000080000000,0x0000000085542a30,0x0000000085e00000)
 Metaspace       used 78997K, capacity 82760K, committed 82904K, reserved 1120256K
  class space    used 10494K, capacity 11248K, committed 11264K, reserved 1048576K
Event: 62.351 GC heap after
Heap after GC invocations=19 (full 4):
 PSYoungGen      total 363520K, used 4026K [0x00000000d5580000, 0x00000000f4000000, 0x0000000100000000)
  eden space 337920K, 0% used [0x00000000d5580000,0x00000000d5580000,0x00000000e9f80000)
  from space 25600K, 15% used [0x00000000e9f80000,0x00000000ea36ea38,0x00000000eb880000)
  to   space 38912K, 0% used [0x00000000f1a00000,0x00000000f1a00000,0x00000000f4000000)
 ParOldGen       total 191488K, used 95847K [0x0000000080000000, 0x000000008bb00000, 0x00000000d5580000)
  object space 191488K, 50% used [0x0000000080000000,0x0000000085d99f40,0x000000008bb00000)
 Metaspace       used 78901K, capacity 82470K, committed 82904K, reserved 1120256K
  class space    used 10464K, capacity 11195K, committed 11264K, reserved 1048576K
}
Event: 73.380 GC heap before
{Heap before GC invocations=20 (full 4):
 PSYoungGen      total 363520K, used 341946K [0x00000000d5580000, 0x00000000f4000000, 0x0000000100000000)
  eden space 337920K, 100% used [0x00000000d5580000,0x00000000e9f80000,0x00000000e9f80000)
  from space 25600K, 15% used [0x00000000e9f80000,0x00000000ea36ea38,0x00000000eb880000)
  to   space 38912K, 0% used [0x00000000f1a00000,0x00000000f1a00000,0x00000000f4000000)
 ParOldGen       total 191488K, used 95847K [0x0000000080000000, 0x000000008bb00000, 0x00000000d5580000)
  object space 191488K, 50% used [0x0000000080000000,0x0000000085d99f40,0x000000008bb00000)
 Metaspace       used 84368K, capacity 88136K, committed 88152K, reserved 1126400K
  class space    used 11118K, capacity 11890K, committed 11904K, reserved 1048576K
Event: 73.486 GC heap after
Heap after GC invocations=20 (full 4):
 PSYoungGen      total 426496K, used 19269K [0x00000000d5580000, 0x00000000f2d80000, 0x0000000100000000)
  eden space 406528K, 0% used [0x00000000d5580000,0x00000000d5580000,0x00000000ee280000)
  from space 19968K, 96% used [0x00000000f1a00000,0x00000000f2cd1670,0x00000000f2d80000)
  to   space 38400K, 0% used [0x00000000ee280000,0x00000000ee280000,0x00000000f0800000)
 ParOldGen       total 191488K, used 99931K [0x0000000080000000, 0x000000008bb00000, 0x00000000d5580000)
  object space 191488K, 52% used [0x0000000080000000,0x0000000086196f80,0x000000008bb00000)
 Metaspace       used 84368K, capacity 88136K, committed 88152K, reserved 1126400K
  class space    used 11118K, capacity 11890K, committed 11904K, reserved 1048576K
}
Event: 88.126 GC heap before
{Heap before GC invocations=21 (full 4):
 PSYoungGen      total 426496K, used 425797K [0x00000000d5580000, 0x00000000f2d80000, 0x0000000100000000)
  eden space 406528K, 100% used [0x00000000d5580000,0x00000000ee280000,0x00000000ee280000)
  from space 19968K, 96% used [0x00000000f1a00000,0x00000000f2cd1670,0x00000000f2d80000)
  to   space 38400K, 0% used [0x00000000ee280000,0x00000000ee280000,0x00000000f0800000)
 ParOldGen       total 191488K, used 99931K [0x0000000080000000, 0x000000008bb00000, 0x00000000d5580000)
  object space 191488K, 52% used [0x0000000080000000,0x0000000086196f80,0x000000008bb00000)
 Metaspace       used 87431K, capacity 91408K, committed 91608K, reserved 1128448K
  class space    used 11462K, capacity 12244K, committed 12288K, reserved 1048576K
Event: 88.296 GC heap after
Heap after GC invocations=21 (full 4):
 PSYoungGen      total 444928K, used 27315K [0x00000000d5580000, 0x00000000f6300000, 0x0000000100000000)
  eden space 406528K, 0% used [0x00000000d5580000,0x00000000d5580000,0x00000000ee280000)
  from space 38400K, 71% used [0x00000000ee280000,0x00000000efd2cd38,0x00000000f0800000)
  to   space 40448K, 0% used [0x00000000f3b80000,0x00000000f3b80000,0x00000000f6300000)
 ParOldGen       total 191488K, used 99939K [0x0000000080000000, 0x000000008bb00000, 0x00000000d5580000)
  object space 191488K, 52% used [0x0000000080000000,0x0000000086198f80,0x000000008bb00000)
 Metaspace       used 87431K, capacity 91408K, committed 91608K, reserved 1128448K
  class space    used 11462K, capacity 12244K, committed 12288K, reserved 1048576K
}

