# JRE version: OpenJDK Runtime Environment (8.0_242-b01) (build 1.8.0_242-release-1644-b01)
# Java VM: OpenJDK 64-Bit Server VM (25.242-b01 mixed mode windows-amd64 compressed oops)
Heap:
 PSYoungGen      total 629760K, used 123006K [0x00000000d5580000, 0x0000000100000000, 0x0000000100000000)
  eden space 567296K, 10% used [0x00000000d5580000,0x00000000d90a1530,0x00000000f7f80000)
  from space 62464K, 99% used [0x00000000f7f80000,0x00000000fbc7e500,0x00000000fbc80000)
  to   space 69120K, 0% used [0x00000000fbc80000,0x00000000fbc80000,0x0000000100000000)
 ParOldGen       total 581632K, used 443343K [0x0000000080000000, 0x00000000a3800000, 0x00000000d5580000)
  object space 581632K, 76% used [0x0000000080000000,0x000000009b0f3ef8,0x00000000a3800000)
 Metaspace       used 104191K, capacity 109718K, committed 109912K, reserved 1144832K
  class space    used 13304K, capacity 14338K, committed 14464K, reserved 1048576K
GC Heap History (10 events):
Event: 390.607 GC heap before
{Heap before GC invocations=100 (full 9):
 PSYoungGen      total 620544K, used 586239K [0x00000000d5580000, 0x00000000ff980000, 0x0000000100000000)
  eden space 551424K, 100% used [0x00000000d5580000,0x00000000f7000000,0x00000000f7000000)
  from space 69120K, 50% used [0x00000000fb280000,0x00000000fd47fdc0,0x00000000ff600000)
  to   space 68096K, 0% used [0x00000000f7000000,0x00000000f7000000,0x00000000fb280000)
 ParOldGen       total 581632K, used 349265K [0x0000000080000000, 0x00000000a3800000, 0x00000000d5580000)
  object space 581632K, 60% used [0x0000000080000000,0x00000000955145e8,0x00000000a3800000)
 Metaspace       used 104052K, capacity 109474K, committed 109656K, reserved 1144832K
  class space    used 13291K, capacity 14330K, committed 14464K, reserved 1048576K
Event: 390.695 GC heap after
Heap after GC invocations=100 (full 9):
 PSYoungGen      total 619520K, used 8720K [0x00000000d5580000, 0x00000000ffd00000, 0x0000000100000000)
  eden space 551424K, 0% used [0x00000000d5580000,0x00000000d5580000,0x00000000f7000000)
  from space 68096K, 12% used [0x00000000f7000000,0x00000000f7884020,0x00000000fb280000)
  to   space 67072K, 0% used [0x00000000fbb80000,0x00000000fbb80000,0x00000000ffd00000)
 ParOldGen       total 581632K, used 368501K [0x0000000080000000, 0x00000000a3800000, 0x00000000d5580000)
  object space 581632K, 63% used [0x0000000080000000,0x00000000967dd708,0x00000000a3800000)
 Metaspace       used 104052K, capacity 109474K, committed 109656K, reserved 1144832K
  class space    used 13291K, capacity 14330K, committed 14464K, reserved 1048576K
}
Event: 392.738 GC heap before
{Heap before GC invocations=101 (full 9):
 PSYoungGen      total 619520K, used 560144K [0x00000000d5580000, 0x00000000ffd00000, 0x0000000100000000)
  eden space 551424K, 100% used [0x00000000d5580000,0x00000000f7000000,0x00000000f7000000)
  from space 68096K, 12% used [0x00000000f7000000,0x00000000f7884020,0x00000000fb280000)
  to   space 67072K, 0% used [0x00000000fbb80000,0x00000000fbb80000,0x00000000ffd00000)
 ParOldGen       total 581632K, used 368501K [0x0000000080000000, 0x00000000a3800000, 0x00000000d5580000)
  object space 581632K, 63% used [0x0000000080000000,0x00000000967dd708,0x00000000a3800000)
 Metaspace       used 104053K, capacity 109474K, committed 109656K, reserved 1144832K
  class space    used 13291K, capacity 14330K, committed 14464K, reserved 1048576K
Event: 392.811 GC heap after
Heap after GC invocations=101 (full 9):
 PSYoungGen      total 629760K, used 7776K [0x00000000d5580000, 0x00000000ffd00000, 0x0000000100000000)
  eden space 562688K, 0% used [0x00000000d5580000,0x00000000d5580000,0x00000000f7b00000)
  from space 67072K, 11% used [0x00000000fbb80000,0x00000000fc3183e0,0x00000000ffd00000)
  to   space 66048K, 0% used [0x00000000f7b00000,0x00000000f7b00000,0x00000000fbb80000)
 ParOldGen       total 581632K, used 374967K [0x0000000080000000, 0x00000000a3800000, 0x00000000d5580000)
  object space 581632K, 64% used [0x0000000080000000,0x0000000096e2deb0,0x00000000a3800000)
 Metaspace       used 104053K, capacity 109474K, committed 109656K, reserved 1144832K
  class space    used 13291K, capacity 14330K, committed 14464K, reserved 1048576K
}
Event: 397.116 GC heap before
{Heap before GC invocations=102 (full 9):
 PSYoungGen      total 629760K, used 570464K [0x00000000d5580000, 0x00000000ffd00000, 0x0000000100000000)
  eden space 562688K, 100% used [0x00000000d5580000,0x00000000f7b00000,0x00000000f7b00000)
  from space 67072K, 11% used [0x00000000fbb80000,0x00000000fc3183e0,0x00000000ffd00000)
  to   space 66048K, 0% used [0x00000000f7b00000,0x00000000f7b00000,0x00000000fbb80000)
 ParOldGen       total 581632K, used 374967K [0x0000000080000000, 0x00000000a3800000, 0x00000000d5580000)
  object space 581632K, 64% used [0x0000000080000000,0x0000000096e2deb0,0x00000000a3800000)
 Metaspace       used 104060K, capacity 109538K, committed 109912K, reserved 1144832K
  class space    used 13291K, capacity 14330K, committed 14464K, reserved 1048576K
Event: 397.179 GC heap after
Heap after GC invocations=102 (full 9):
 PSYoungGen      total 628736K, used 9664K [0x00000000d5580000, 0x00000000ffb00000, 0x0000000100000000)
  eden space 562688K, 0% used [0x00000000d5580000,0x00000000d5580000,0x00000000f7b00000)
  from space 66048K, 14% used [0x00000000f7b00000,0x00000000f8470010,0x00000000fbb80000)
  to   space 64000K, 0% used [0x00000000fbc80000,0x00000000fbc80000,0x00000000ffb00000)
 ParOldGen       total 581632K, used 380476K [0x0000000080000000, 0x00000000a3800000, 0x00000000d5580000)
  object space 581632K, 65% used [0x0000000080000000,0x000000009738f2a0,0x00000000a3800000)
 Metaspace       used 104060K, capacity 109538K, committed 109912K, reserved 1144832K
  class space    used 13291K, capacity 14330K, committed 14464K, reserved 1048576K
}
Event: 402.910 GC heap before
{Heap before GC invocations=103 (full 9):
 PSYoungGen      total 628736K, used 572352K [0x00000000d5580000, 0x00000000ffb00000, 0x0000000100000000)
  eden space 562688K, 100% used [0x00000000d5580000,0x00000000f7b00000,0x00000000f7b00000)
  from space 66048K, 14% used [0x00000000f7b00000,0x00000000f8470010,0x00000000fbb80000)
  to   space 64000K, 0% used [0x00000000fbc80000,0x00000000fbc80000,0x00000000ffb00000)
 ParOldGen       total 581632K, used 380476K [0x0000000080000000, 0x00000000a3800000, 0x00000000d5580000)
  object space 581632K, 65% used [0x0000000080000000,0x000000009738f2a0,0x00000000a3800000)
 Metaspace       used 104111K, capacity 109574K, committed 109912K, reserved 1144832K
  class space    used 13299K, capacity 14336K, committed 14464K, reserved 1048576K
Event: 402.954 GC heap after
Heap after GC invocations=103 (full 9):
 PSYoungGen      total 631296K, used 8543K [0x00000000d5580000, 0x00000000ffb00000, 0x0000000100000000)
  eden space 567296K, 0% used [0x00000000d5580000,0x00000000d5580000,0x00000000f7f80000)
  from space 64000K, 13% used [0x00000000fbc80000,0x00000000fc4d7f68,0x00000000ffb00000)
  to   space 62464K, 0% used [0x00000000f7f80000,0x00000000f7f80000,0x00000000fbc80000)
 ParOldGen       total 581632K, used 386316K [0x0000000080000000, 0x00000000a3800000, 0x00000000d5580000)
  object space 581632K, 66% used [0x0000000080000000,0x0000000097943100,0x00000000a3800000)
 Metaspace       used 104111K, capacity 109574K, committed 109912K, reserved 1144832K
  class space    used 13299K, capacity 14336K, committed 14464K, reserved 1048576K
}
Event: 407.871 GC heap before
{Heap before GC invocations=104 (full 9):
 PSYoungGen      total 631296K, used 575839K [0x00000000d5580000, 0x00000000ffb00000, 0x0000000100000000)
  eden space 567296K, 100% used [0x00000000d5580000,0x00000000f7f80000,0x00000000f7f80000)
  from space 64000K, 13% used [0x00000000fbc80000,0x00000000fc4d7f68,0x00000000ffb00000)
  to   space 62464K, 0% used [0x00000000f7f80000,0x00000000f7f80000,0x00000000fbc80000)
 ParOldGen       total 581632K, used 386316K [0x0000000080000000, 0x00000000a3800000, 0x00000000d5580000)
  object space 581632K, 66% used [0x0000000080000000,0x0000000097943100,0x00000000a3800000)
 Metaspace       used 104189K, capacity 109718K, committed 109912K, reserved 1144832K
  class space    used 13304K, capacity 14338K, committed 14464K, reserved 1048576K
Event: 408.166 GC heap after
Heap after GC invocations=104 (full 9):
 PSYoungGen      total 629760K, used 62457K [0x00000000d5580000, 0x0000000100000000, 0x0000000100000000)
  eden space 567296K, 0% used [0x00000000d5580000,0x00000000d5580000,0x00000000f7f80000)
  from space 62464K, 99% used [0x00000000f7f80000,0x00000000fbc7e500,0x00000000fbc80000)
  to   space 69120K, 0% used [0x00000000fbc80000,0x00000000fbc80000,0x0000000100000000)
 ParOldGen       total 581632K, used 443343K [0x0000000080000000, 0x00000000a3800000, 0x00000000d5580000)
  object space 581632K, 76% used [0x0000000080000000,0x000000009b0f3ef8,0x00000000a3800000)
 Metaspace       used 104189K, capacity 109718K, committed 109912K, reserved 1144832K
  class space    used 13304K, capacity 14338K, committed 14464K, reserved 1048576K
}

