# JRE version: OpenJDK Runtime Environment (8.0_242-b01) (build 1.8.0_242-release-1644-b01)
# Java VM: OpenJDK 64-Bit Server VM (25.242-b01 mixed mode windows-amd64 compressed oops)
Heap:
 PSYoungGen      total 342016K, used 103944K [0x00000000d5580000, 0x00000000ef680000, 0x0000000100000000)
  eden space 299520K, 27% used [0x00000000d5580000,0x00000000da70cbc8,0x00000000e7a00000)
  from space 42496K, 48% used [0x00000000e7a00000,0x00000000e8df5600,0x00000000ea380000)
  to   space 41472K, 79% used [0x00000000ece00000,0x00000000eee28cb8,0x00000000ef680000)
 ParOldGen       total 228352K, used 96955K [0x0000000080000000, 0x000000008df00000, 0x00000000d5580000)
  object space 228352K, 42% used [0x0000000080000000,0x0000000085eaee28,0x000000008df00000)
 Metaspace       used 82566K, capacity 86442K, committed 87000K, reserved 1124352K
  class space    used 10977K, capacity 11738K, committed 11776K, reserved 1048576K
GC Heap History (10 events):
Event: 43.128 GC heap before
{Heap before GC invocations=17 (full 3):
 PSYoungGen      total 227840K, used 227839K [0x00000000d5580000, 0x00000000e7680000, 0x0000000100000000)
  eden space 209920K, 100% used [0x00000000d5580000,0x00000000e2280000,0x00000000e2280000)
  from space 17920K, 99% used [0x00000000e2280000,0x00000000e33ffe70,0x00000000e3400000)
  to   space 22016K, 0% used [0x00000000e6100000,0x00000000e6100000,0x00000000e7680000)
 ParOldGen       total 121856K, used 41494K [0x0000000080000000, 0x0000000087700000, 0x00000000d5580000)
  object space 121856K, 34% used [0x0000000080000000,0x0000000082885ad8,0x0000000087700000)
 Metaspace       used 72022K, capacity 75686K, committed 75864K, reserved 1114112K
  class space    used 9857K, capacity 10542K, committed 10624K, reserved 1048576K
Event: 43.281 GC heap after
Heap after GC invocations=17 (full 3):
 PSYoungGen      total 270848K, used 21640K [0x00000000d5580000, 0x00000000e7c80000, 0x0000000100000000)
  eden space 248832K, 0% used [0x00000000d5580000,0x00000000d5580000,0x00000000e4880000)
  from space 22016K, 98% used [0x00000000e6100000,0x00000000e76222a0,0x00000000e7680000)
  to   space 25088K, 0% used [0x00000000e4880000,0x00000000e4880000,0x00000000e6100000)
 ParOldGen       total 121856K, used 56320K [0x0000000080000000, 0x0000000087700000, 0x00000000d5580000)
  object space 121856K, 46% used [0x0000000080000000,0x0000000083700010,0x0000000087700000)
 Metaspace       used 72022K, capacity 75686K, committed 75864K, reserved 1114112K
  class space    used 9857K, capacity 10542K, committed 10624K, reserved 1048576K
}
Event: 54.809 GC heap before
{Heap before GC invocations=18 (full 3):
 PSYoungGen      total 270848K, used 270472K [0x00000000d5580000, 0x00000000e7c80000, 0x0000000100000000)
  eden space 248832K, 100% used [0x00000000d5580000,0x00000000e4880000,0x00000000e4880000)
  from space 22016K, 98% used [0x00000000e6100000,0x00000000e76222a0,0x00000000e7680000)
  to   space 25088K, 0% used [0x00000000e4880000,0x00000000e4880000,0x00000000e6100000)
 ParOldGen       total 121856K, used 56320K [0x0000000080000000, 0x0000000087700000, 0x00000000d5580000)
  object space 121856K, 46% used [0x0000000080000000,0x0000000083700010,0x0000000087700000)
 Metaspace       used 79456K, capacity 83134K, committed 83416K, reserved 1122304K
  class space    used 10465K, capacity 11166K, committed 11264K, reserved 1048576K
Event: 55.084 GC heap after
Heap after GC invocations=18 (full 3):
 PSYoungGen      total 273920K, used 25076K [0x00000000d5580000, 0x00000000ecd00000, 0x0000000100000000)
  eden space 248832K, 0% used [0x00000000d5580000,0x00000000d5580000,0x00000000e4880000)
  from space 25088K, 99% used [0x00000000e4880000,0x00000000e60fd380,0x00000000e6100000)
  to   space 42496K, 0% used [0x00000000ea380000,0x00000000ea380000,0x00000000ecd00000)
 ParOldGen       total 121856K, used 93855K [0x0000000080000000, 0x0000000087700000, 0x00000000d5580000)
  object space 121856K, 77% used [0x0000000080000000,0x0000000085ba7f20,0x0000000087700000)
 Metaspace       used 79456K, capacity 83134K, committed 83416K, reserved 1122304K
  class space    used 10465K, capacity 11166K, committed 11264K, reserved 1048576K
}
Event: 61.529 GC heap before
{Heap before GC invocations=19 (full 3):
 PSYoungGen      total 273920K, used 273908K [0x00000000d5580000, 0x00000000ecd00000, 0x0000000100000000)
  eden space 248832K, 100% used [0x00000000d5580000,0x00000000e4880000,0x00000000e4880000)
  from space 25088K, 99% used [0x00000000e4880000,0x00000000e60fd380,0x00000000e6100000)
  to   space 42496K, 0% used [0x00000000ea380000,0x00000000ea380000,0x00000000ecd00000)
 ParOldGen       total 121856K, used 93855K [0x0000000080000000, 0x0000000087700000, 0x00000000d5580000)
  object space 121856K, 77% used [0x0000000080000000,0x0000000085ba7f20,0x0000000087700000)
 Metaspace       used 82837K, capacity 86736K, committed 86872K, reserved 1124352K
  class space    used 10840K, capacity 11615K, committed 11648K, reserved 1048576K
Event: 61.741 GC heap after
Heap after GC invocations=19 (full 3):
 PSYoungGen      total 342016K, used 23747K [0x00000000d5580000, 0x00000000ed100000, 0x0000000100000000)
  eden space 299520K, 0% used [0x00000000d5580000,0x00000000d5580000,0x00000000e7a00000)
  from space 42496K, 55% used [0x00000000ea380000,0x00000000ebab0e78,0x00000000ecd00000)
  to   space 42496K, 0% used [0x00000000e7a00000,0x00000000e7a00000,0x00000000ea380000)
 ParOldGen       total 121856K, used 118329K [0x0000000080000000, 0x0000000087700000, 0x00000000d5580000)
  object space 121856K, 97% used [0x0000000080000000,0x000000008738e450,0x0000000087700000)
 Metaspace       used 82837K, capacity 86736K, committed 86872K, reserved 1124352K
  class space    used 10840K, capacity 11615K, committed 11648K, reserved 1048576K
}
Event: 61.742 GC heap before
{Heap before GC invocations=20 (full 4):
 PSYoungGen      total 342016K, used 23747K [0x00000000d5580000, 0x00000000ed100000, 0x0000000100000000)
  eden space 299520K, 0% used [0x00000000d5580000,0x00000000d5580000,0x00000000e7a00000)
  from space 42496K, 55% used [0x00000000ea380000,0x00000000ebab0e78,0x00000000ecd00000)
  to   space 42496K, 0% used [0x00000000e7a00000,0x00000000e7a00000,0x00000000ea380000)
 ParOldGen       total 121856K, used 118329K [0x0000000080000000, 0x0000000087700000, 0x00000000d5580000)
  object space 121856K, 97% used [0x0000000080000000,0x000000008738e450,0x0000000087700000)
 Metaspace       used 82837K, capacity 86736K, committed 86872K, reserved 1124352K
  class space    used 10840K, capacity 11615K, committed 11648K, reserved 1048576K
Event: 62.672 GC heap after
Heap after GC invocations=20 (full 4):
 PSYoungGen      total 342016K, used 0K [0x00000000d5580000, 0x00000000ed100000, 0x0000000100000000)
  eden space 299520K, 0% used [0x00000000d5580000,0x00000000d5580000,0x00000000e7a00000)
  from space 42496K, 0% used [0x00000000ea380000,0x00000000ea380000,0x00000000ecd00000)
  to   space 42496K, 0% used [0x00000000e7a00000,0x00000000e7a00000,0x00000000ea380000)
 ParOldGen       total 228352K, used 96939K [0x0000000080000000, 0x000000008df00000, 0x00000000d5580000)
  object space 228352K, 42% used [0x0000000080000000,0x0000000085eaae28,0x000000008df00000)
 Metaspace       used 80936K, capacity 84592K, committed 86872K, reserved 1124352K
  class space    used 10711K, capacity 11453K, committed 11648K, reserved 1048576K
}
Event: 64.419 GC heap before
{Heap before GC invocations=21 (full 4):
 PSYoungGen      total 342016K, used 299520K [0x00000000d5580000, 0x00000000ed100000, 0x0000000100000000)
  eden space 299520K, 100% used [0x00000000d5580000,0x00000000e7a00000,0x00000000e7a00000)
  from space 42496K, 0% used [0x00000000ea380000,0x00000000ea380000,0x00000000ecd00000)
  to   space 42496K, 0% used [0x00000000e7a00000,0x00000000e7a00000,0x00000000ea380000)
 ParOldGen       total 228352K, used 96939K [0x0000000080000000, 0x000000008df00000, 0x00000000d5580000)
  object space 228352K, 42% used [0x0000000080000000,0x0000000085eaae28,0x000000008df00000)
 Metaspace       used 81699K, capacity 85504K, committed 86872K, reserved 1124352K
  class space    used 10857K, capacity 11615K, committed 11648K, reserved 1048576K
Event: 64.467 GC heap after
Heap after GC invocations=21 (full 4):
 PSYoungGen      total 342016K, used 20437K [0x00000000d5580000, 0x00000000ef680000, 0x0000000100000000)
  eden space 299520K, 0% used [0x00000000d5580000,0x00000000d5580000,0x00000000e7a00000)
  from space 42496K, 48% used [0x00000000e7a00000,0x00000000e8df5600,0x00000000ea380000)
  to   space 41472K, 0% used [0x00000000ece00000,0x00000000ece00000,0x00000000ef680000)
 ParOldGen       total 228352K, used 96947K [0x0000000080000000, 0x000000008df00000, 0x00000000d5580000)
  object space 228352K, 42% used [0x0000000080000000,0x0000000085eace28,0x000000008df00000)
 Metaspace       used 81699K, capacity 85504K, committed 86872K, reserved 1124352K
  class space    used 10857K, capacity 11615K, committed 11648K, reserved 1048576K
}

