# JRE version: OpenJDK Runtime Environment (8.0_242-b01) (build 1.8.0_242-release-1644-b01)
# Java VM: OpenJDK 64-Bit Server VM (25.242-b01 mixed mode windows-amd64 compressed oops)
Heap:
 PSYoungGen      total 273920K, used 116346K [0x00000000d5580000, 0x00000000e8780000, 0x0000000100000000)
  eden space 241664K, 39% used [0x00000000d5580000,0x00000000db377820,0x00000000e4180000)
  from space 32256K, 62% used [0x00000000e4180000,0x00000000e55270c0,0x00000000e6100000)
  to   space 21504K, 0% used [0x00000000e6100000,0x00000000e6100000,0x00000000e7600000)
 ParOldGen       total 120832K, used 81974K [0x0000000080000000, 0x0000000087600000, 0x00000000d5580000)
  object space 120832K, 67% used [0x0000000080000000,0x000000008500db28,0x0000000087600000)
 Metaspace       used 79487K, capacity 83374K, committed 83672K, reserved 1122304K
  class space    used 10698K, capacity 11425K, committed 11520K, reserved 1048576K
GC Heap History (10 events):
Event: 28.399 GC heap before
{Heap before GC invocations=14 (full 2):
 PSYoungGen      total 192000K, used 92179K [0x00000000d5580000, 0x00000000e4580000, 0x0000000100000000)
  eden space 179200K, 44% used [0x00000000d5580000,0x00000000da307bb0,0x00000000e0480000)
  from space 12800K, 99% used [0x00000000e0480000,0x00000000e10fd300,0x00000000e1100000)
  to   space 18432K, 0% used [0x00000000e3380000,0x00000000e3380000,0x00000000e4580000)
 ParOldGen       total 74752K, used 28660K [0x0000000080000000, 0x0000000084900000, 0x00000000d5580000)
  object space 74752K, 38% used [0x0000000080000000,0x0000000081bfd0c0,0x0000000084900000)
 Metaspace       used 56413K, capacity 58830K, committed 58968K, reserved 1099776K
  class space    used 7688K, capacity 8225K, committed 8320K, reserved 1048576K
Event: 28.479 GC heap after
Heap after GC invocations=14 (full 2):
 PSYoungGen      total 227840K, used 9454K [0x00000000d5580000, 0x00000000e5900000, 0x0000000100000000)
  eden space 209408K, 0% used [0x00000000d5580000,0x00000000d5580000,0x00000000e2200000)
  from space 18432K, 51% used [0x00000000e3380000,0x00000000e3cbba78,0x00000000e4580000)
  to   space 17920K, 0% used [0x00000000e2200000,0x00000000e2200000,0x00000000e3380000)
 ParOldGen       total 74752K, used 41355K [0x0000000080000000, 0x0000000084900000, 0x00000000d5580000)
  object space 74752K, 55% used [0x0000000080000000,0x0000000082862f20,0x0000000084900000)
 Metaspace       used 56413K, capacity 58830K, committed 58968K, reserved 1099776K
  class space    used 7688K, capacity 8225K, committed 8320K, reserved 1048576K
}
Event: 28.479 GC heap before
{Heap before GC invocations=15 (full 3):
 PSYoungGen      total 227840K, used 9454K [0x00000000d5580000, 0x00000000e5900000, 0x0000000100000000)
  eden space 209408K, 0% used [0x00000000d5580000,0x00000000d5580000,0x00000000e2200000)
  from space 18432K, 51% used [0x00000000e3380000,0x00000000e3cbba78,0x00000000e4580000)
  to   space 17920K, 0% used [0x00000000e2200000,0x00000000e2200000,0x00000000e3380000)
 ParOldGen       total 74752K, used 41355K [0x0000000080000000, 0x0000000084900000, 0x00000000d5580000)
  object space 74752K, 55% used [0x0000000080000000,0x0000000082862f20,0x0000000084900000)
 Metaspace       used 56413K, capacity 58830K, committed 58968K, reserved 1099776K
  class space    used 7688K, capacity 8225K, committed 8320K, reserved 1048576K
Event: 29.302 GC heap after
Heap after GC invocations=15 (full 3):
 PSYoungGen      total 227840K, used 0K [0x00000000d5580000, 0x00000000e5900000, 0x0000000100000000)
  eden space 209408K, 0% used [0x00000000d5580000,0x00000000d5580000,0x00000000e2200000)
  from space 18432K, 0% used [0x00000000e3380000,0x00000000e3380000,0x00000000e4580000)
  to   space 17920K, 0% used [0x00000000e2200000,0x00000000e2200000,0x00000000e3380000)
 ParOldGen       total 120832K, used 37283K [0x0000000080000000, 0x0000000087600000, 0x00000000d5580000)
  object space 120832K, 30% used [0x0000000080000000,0x0000000082468c60,0x0000000087600000)
 Metaspace       used 56385K, capacity 58734K, committed 58968K, reserved 1099776K
  class space    used 7679K, capacity 8209K, committed 8320K, reserved 1048576K
}
Event: 36.995 GC heap before
{Heap before GC invocations=16 (full 3):
 PSYoungGen      total 227840K, used 209408K [0x00000000d5580000, 0x00000000e5900000, 0x0000000100000000)
  eden space 209408K, 100% used [0x00000000d5580000,0x00000000e2200000,0x00000000e2200000)
  from space 18432K, 0% used [0x00000000e3380000,0x00000000e3380000,0x00000000e4580000)
  to   space 17920K, 0% used [0x00000000e2200000,0x00000000e2200000,0x00000000e3380000)
 ParOldGen       total 120832K, used 37283K [0x0000000080000000, 0x0000000087600000, 0x00000000d5580000)
  object space 120832K, 30% used [0x0000000080000000,0x0000000082468c60,0x0000000087600000)
 Metaspace       used 66336K, capacity 69754K, committed 70104K, reserved 1110016K
  class space    used 9220K, capacity 9867K, committed 9984K, reserved 1048576K
Event: 37.063 GC heap after
Heap after GC invocations=16 (full 3):
 PSYoungGen      total 227328K, used 17900K [0x00000000d5580000, 0x00000000e7600000, 0x0000000100000000)
  eden space 209408K, 0% used [0x00000000d5580000,0x00000000d5580000,0x00000000e2200000)
  from space 17920K, 99% used [0x00000000e2200000,0x00000000e337b208,0x00000000e3380000)
  to   space 21504K, 0% used [0x00000000e6100000,0x00000000e6100000,0x00000000e7600000)
 ParOldGen       total 120832K, used 41076K [0x0000000080000000, 0x0000000087600000, 0x00000000d5580000)
  object space 120832K, 33% used [0x0000000080000000,0x000000008281d140,0x0000000087600000)
 Metaspace       used 66336K, capacity 69754K, committed 70104K, reserved 1110016K
  class space    used 9220K, capacity 9867K, committed 9984K, reserved 1048576K
}
Event: 43.411 GC heap before
{Heap before GC invocations=17 (full 3):
 PSYoungGen      total 227328K, used 227308K [0x00000000d5580000, 0x00000000e7600000, 0x0000000100000000)
  eden space 209408K, 100% used [0x00000000d5580000,0x00000000e2200000,0x00000000e2200000)
  from space 17920K, 99% used [0x00000000e2200000,0x00000000e337b208,0x00000000e3380000)
  to   space 21504K, 0% used [0x00000000e6100000,0x00000000e6100000,0x00000000e7600000)
 ParOldGen       total 120832K, used 41076K [0x0000000080000000, 0x0000000087600000, 0x00000000d5580000)
  object space 120832K, 33% used [0x0000000080000000,0x000000008281d140,0x0000000087600000)
 Metaspace       used 68140K, capacity 71624K, committed 71768K, reserved 1112064K
  class space    used 9362K, capacity 10048K, committed 10112K, reserved 1048576K
Event: 43.496 GC heap after
Heap after GC invocations=17 (full 3):
 PSYoungGen      total 263168K, used 21478K [0x00000000d5580000, 0x00000000e8780000, 0x0000000100000000)
  eden space 241664K, 0% used [0x00000000d5580000,0x00000000d5580000,0x00000000e4180000)
  from space 21504K, 99% used [0x00000000e6100000,0x00000000e75f9a90,0x00000000e7600000)
  to   space 32256K, 0% used [0x00000000e4180000,0x00000000e4180000,0x00000000e6100000)
 ParOldGen       total 120832K, used 61825K [0x0000000080000000, 0x0000000087600000, 0x00000000d5580000)
  object space 120832K, 51% used [0x0000000080000000,0x0000000083c60768,0x0000000087600000)
 Metaspace       used 68140K, capacity 71624K, committed 71768K, reserved 1112064K
  class space    used 9362K, capacity 10048K, committed 10112K, reserved 1048576K
}
Event: 54.261 GC heap before
{Heap before GC invocations=18 (full 3):
 PSYoungGen      total 263168K, used 263142K [0x00000000d5580000, 0x00000000e8780000, 0x0000000100000000)
  eden space 241664K, 100% used [0x00000000d5580000,0x00000000e4180000,0x00000000e4180000)
  from space 21504K, 99% used [0x00000000e6100000,0x00000000e75f9a90,0x00000000e7600000)
  to   space 32256K, 0% used [0x00000000e4180000,0x00000000e4180000,0x00000000e6100000)
 ParOldGen       total 120832K, used 61825K [0x0000000080000000, 0x0000000087600000, 0x00000000d5580000)
  object space 120832K, 51% used [0x0000000080000000,0x0000000083c60768,0x0000000087600000)
 Metaspace       used 77519K, capacity 81416K, committed 81624K, reserved 1120256K
  class space    used 10450K, capacity 11200K, committed 11264K, reserved 1048576K
Event: 54.354 GC heap after
Heap after GC invocations=18 (full 3):
 PSYoungGen      total 273920K, used 20124K [0x00000000d5580000, 0x00000000e8780000, 0x0000000100000000)
  eden space 241664K, 0% used [0x00000000d5580000,0x00000000d5580000,0x00000000e4180000)
  from space 32256K, 62% used [0x00000000e4180000,0x00000000e55270c0,0x00000000e6100000)
  to   space 21504K, 0% used [0x00000000e6100000,0x00000000e6100000,0x00000000e7600000)
 ParOldGen       total 120832K, used 81974K [0x0000000080000000, 0x0000000087600000, 0x00000000d5580000)
  object space 120832K, 67% used [0x0000000080000000,0x000000008500db28,0x0000000087600000)
 Metaspace       used 77519K, capacity 81416K, committed 81624K, reserved 1120256K
  class space    used 10450K, capacity 11200K, committed 11264K, reserved 1048576K
}

