# JRE version: OpenJDK Runtime Environment (8.0_242-b01) (build 1.8.0_242-release-1644-b01)
# Java VM: OpenJDK 64-Bit Server VM (25.242-b01 mixed mode windows-amd64 compressed oops)
Heap:
 PSYoungGen      total 357376K, used 220964K [0x000000076ab00000, 0x0000000783700000, 0x00000007c0000000)
  eden space 326656K, 67% used [0x000000076ab00000,0x00000007782c90b0,0x000000077ea00000)
  from space 30720K, 0% used [0x0000000781900000,0x0000000781900000,0x0000000783700000)
  to   space 39424K, 0% used [0x000000077ea00000,0x000000077ea00000,0x0000000781080000)
 ParOldGen       total 211456K, used 89705K [0x00000006c0000000, 0x00000006cce80000, 0x000000076ab00000)
  object space 211456K, 42% used [0x00000006c0000000,0x00000006c579a760,0x00000006cce80000)
 Metaspace       used 97716K, capacity 102466K, committed 102872K, reserved 1138688K
  class space    used 12807K, capacity 13706K, committed 13824K, reserved 1048576K
GC Heap History (10 events):
Event: 49.947 GC heap before
{Heap before GC invocations=18 (full 3):
 PSYoungGen      total 261632K, used 255856K [0x000000076ab00000, 0x000000077c180000, 0x00000007c0000000)
  eden space 242176K, 100% used [0x000000076ab00000,0x0000000779780000,0x0000000779780000)
  from space 19456K, 70% used [0x000000077ae80000,0x000000077bbdc060,0x000000077c180000)
  to   space 21504K, 0% used [0x0000000779780000,0x0000000779780000,0x000000077ac80000)
 ParOldGen       total 124928K, used 53384K [0x00000006c0000000, 0x00000006c7a00000, 0x000000076ab00000)
  object space 124928K, 42% used [0x00000006c0000000,0x00000006c34220e8,0x00000006c7a00000)
 Metaspace       used 71454K, capacity 75076K, committed 75224K, reserved 1114112K
  class space    used 9695K, capacity 10400K, committed 10496K, reserved 1048576K
Event: 50.034 GC heap after
Heap after GC invocations=18 (full 3):
 PSYoungGen      total 263680K, used 21482K [0x000000076ab00000, 0x000000077f780000, 0x00000007c0000000)
  eden space 242176K, 0% used [0x000000076ab00000,0x000000076ab00000,0x0000000779780000)
  from space 21504K, 99% used [0x0000000779780000,0x000000077ac7aa70,0x000000077ac80000)
  to   space 28672K, 0% used [0x000000077db80000,0x000000077db80000,0x000000077f780000)
 ParOldGen       total 124928K, used 64377K [0x00000006c0000000, 0x00000006c7a00000, 0x000000076ab00000)
  object space 124928K, 51% used [0x00000006c0000000,0x00000006c3ede620,0x00000006c7a00000)
 Metaspace       used 71454K, capacity 75076K, committed 75224K, reserved 1114112K
  class space    used 9695K, capacity 10400K, committed 10496K, reserved 1048576K
}
Event: 50.832 GC heap before
{Heap before GC invocations=19 (full 3):
 PSYoungGen      total 263680K, used 263658K [0x000000076ab00000, 0x000000077f780000, 0x00000007c0000000)
  eden space 242176K, 100% used [0x000000076ab00000,0x0000000779780000,0x0000000779780000)
  from space 21504K, 99% used [0x0000000779780000,0x000000077ac7aa70,0x000000077ac80000)
  to   space 28672K, 0% used [0x000000077db80000,0x000000077db80000,0x000000077f780000)
 ParOldGen       total 124928K, used 64389K [0x00000006c0000000, 0x00000006c7a00000, 0x000000076ab00000)
  object space 124928K, 51% used [0x00000006c0000000,0x00000006c3ee16b0,0x00000006c7a00000)
 Metaspace       used 71478K, capacity 75236K, committed 75480K, reserved 1114112K
  class space    used 9697K, capacity 10432K, committed 10496K, reserved 1048576K
Event: 50.971 GC heap after
Heap after GC invocations=19 (full 3):
 PSYoungGen      total 308224K, used 26637K [0x000000076ab00000, 0x0000000782300000, 0x00000007c0000000)
  eden space 279552K, 0% used [0x000000076ab00000,0x000000076ab00000,0x000000077bc00000)
  from space 28672K, 92% used [0x000000077db80000,0x000000077f583760,0x000000077f780000)
  to   space 32256K, 0% used [0x000000077bc00000,0x000000077bc00000,0x000000077db80000)
 ParOldGen       total 124928K, used 84493K [0x00000006c0000000, 0x00000006c7a00000, 0x000000076ab00000)
  object space 124928K, 67% used [0x00000006c0000000,0x00000006c52836c0,0x00000006c7a00000)
 Metaspace       used 71478K, capacity 75236K, committed 75480K, reserved 1114112K
  class space    used 9697K, capacity 10432K, committed 10496K, reserved 1048576K
}
Event: 58.081 GC heap before
{Heap before GC invocations=20 (full 3):
 PSYoungGen      total 308224K, used 306189K [0x000000076ab00000, 0x0000000782300000, 0x00000007c0000000)
  eden space 279552K, 100% used [0x000000076ab00000,0x000000077bc00000,0x000000077bc00000)
  from space 28672K, 92% used [0x000000077db80000,0x000000077f583760,0x000000077f780000)
  to   space 32256K, 0% used [0x000000077bc00000,0x000000077bc00000,0x000000077db80000)
 ParOldGen       total 124928K, used 84503K [0x00000006c0000000, 0x00000006c7a00000, 0x000000076ab00000)
  object space 124928K, 67% used [0x00000006c0000000,0x00000006c5285fc8,0x00000006c7a00000)
 Metaspace       used 81960K, capacity 86704K, committed 87000K, reserved 1124352K
  class space    used 11319K, capacity 12192K, committed 12288K, reserved 1048576K
Event: 58.180 GC heap after
Heap after GC invocations=20 (full 3):
 PSYoungGen      total 311808K, used 32253K [0x000000076ab00000, 0x0000000784080000, 0x00000007c0000000)
  eden space 279552K, 0% used [0x000000076ab00000,0x000000076ab00000,0x000000077bc00000)
  from space 32256K, 99% used [0x000000077bc00000,0x000000077db7f450,0x000000077db80000)
  to   space 40448K, 0% used [0x0000000781900000,0x0000000781900000,0x0000000784080000)
 ParOldGen       total 124928K, used 92907K [0x00000006c0000000, 0x00000006c7a00000, 0x000000076ab00000)
  object space 124928K, 74% used [0x00000006c0000000,0x00000006c5abaf70,0x00000006c7a00000)
 Metaspace       used 81960K, capacity 86704K, committed 87000K, reserved 1124352K
  class space    used 11319K, capacity 12192K, committed 12288K, reserved 1048576K
}
Event: 366.176 GC heap before
{Heap before GC invocations=21 (full 3):
 PSYoungGen      total 311808K, used 311805K [0x000000076ab00000, 0x0000000784080000, 0x00000007c0000000)
  eden space 279552K, 100% used [0x000000076ab00000,0x000000077bc00000,0x000000077bc00000)
  from space 32256K, 99% used [0x000000077bc00000,0x000000077db7f450,0x000000077db80000)
  to   space 40448K, 0% used [0x0000000781900000,0x0000000781900000,0x0000000784080000)
 ParOldGen       total 124928K, used 92907K [0x00000006c0000000, 0x00000006c7a00000, 0x000000076ab00000)
  object space 124928K, 74% used [0x00000006c0000000,0x00000006c5abaf70,0x00000006c7a00000)
 Metaspace       used 89182K, capacity 94214K, committed 94424K, reserved 1130496K
  class space    used 11983K, capacity 12937K, committed 13056K, reserved 1048576K
Event: 366.272 GC heap after
Heap after GC invocations=21 (full 3):
 PSYoungGen      total 357376K, used 19959K [0x000000076ab00000, 0x0000000783700000, 0x00000007c0000000)
  eden space 326656K, 0% used [0x000000076ab00000,0x000000076ab00000,0x000000077ea00000)
  from space 30720K, 64% used [0x0000000781900000,0x0000000782c7dc38,0x0000000783700000)
  to   space 39424K, 0% used [0x000000077ea00000,0x000000077ea00000,0x0000000781080000)
 ParOldGen       total 124928K, used 107517K [0x00000006c0000000, 0x00000006c7a00000, 0x000000076ab00000)
  object space 124928K, 86% used [0x00000006c0000000,0x00000006c68ff7b8,0x00000006c7a00000)
 Metaspace       used 89182K, capacity 94214K, committed 94424K, reserved 1130496K
  class space    used 11983K, capacity 12937K, committed 13056K, reserved 1048576K
}
Event: 366.273 GC heap before
{Heap before GC invocations=22 (full 4):
 PSYoungGen      total 357376K, used 19959K [0x000000076ab00000, 0x0000000783700000, 0x00000007c0000000)
  eden space 326656K, 0% used [0x000000076ab00000,0x000000076ab00000,0x000000077ea00000)
  from space 30720K, 64% used [0x0000000781900000,0x0000000782c7dc38,0x0000000783700000)
  to   space 39424K, 0% used [0x000000077ea00000,0x000000077ea00000,0x0000000781080000)
 ParOldGen       total 124928K, used 107517K [0x00000006c0000000, 0x00000006c7a00000, 0x000000076ab00000)
  object space 124928K, 86% used [0x00000006c0000000,0x00000006c68ff7b8,0x00000006c7a00000)
 Metaspace       used 89182K, capacity 94214K, committed 94424K, reserved 1130496K
  class space    used 11983K, capacity 12937K, committed 13056K, reserved 1048576K
Event: 367.043 GC heap after
Heap after GC invocations=22 (full 4):
 PSYoungGen      total 357376K, used 0K [0x000000076ab00000, 0x0000000783700000, 0x00000007c0000000)
  eden space 326656K, 0% used [0x000000076ab00000,0x000000076ab00000,0x000000077ea00000)
  from space 30720K, 0% used [0x0000000781900000,0x0000000781900000,0x0000000783700000)
  to   space 39424K, 0% used [0x000000077ea00000,0x000000077ea00000,0x0000000781080000)
 ParOldGen       total 211456K, used 89705K [0x00000006c0000000, 0x00000006cce80000, 0x000000076ab00000)
  object space 211456K, 42% used [0x00000006c0000000,0x00000006c579a760,0x00000006cce80000)
 Metaspace       used 88981K, capacity 93674K, committed 94424K, reserved 1130496K
  class space    used 11920K, capacity 12827K, committed 13056K, reserved 1048576K
}

