# JRE version: OpenJDK Runtime Environment (8.0_242-b01) (build 1.8.0_242-release-1644-b01)
# Java VM: OpenJDK 64-Bit Server VM (25.242-b01 mixed mode windows-amd64 compressed oops)
Heap:
 PSYoungGen      total 218112K, used 51009K [0x00000000d5580000, 0x00000000e6a00000, 0x0000000100000000)
  eden space 197632K, 25% used [0x00000000d5580000,0x00000000d8750660,0x00000000e1680000)
  from space 20480K, 0% used [0x00000000e2d80000,0x00000000e2d80000,0x00000000e4180000)
  to   space 23552K, 0% used [0x00000000e1680000,0x00000000e1680000,0x00000000e2d80000)
 ParOldGen       total 140800K, used 36328K [0x0000000080000000, 0x0000000088980000, 0x00000000d5580000)
  object space 140800K, 25% used [0x0000000080000000,0x000000008237a398,0x0000000088980000)
 Metaspace       used 59990K, capacity 62540K, committed 62808K, reserved 1103872K
  class space    used 8291K, capacity 8808K, committed 8832K, reserved 1048576K
GC Heap History (10 events):
Event: 20.736 GC heap before
{Heap before GC invocations=9 (full 2):
 PSYoungGen      total 139776K, used 11253K [0x00000000d5580000, 0x00000000e3380000, 0x0000000100000000)
  eden space 126976K, 0% used [0x00000000d5580000,0x00000000d5580000,0x00000000dd180000)
  from space 12800K, 87% used [0x00000000dd180000,0x00000000ddc7d698,0x00000000dde00000)
  to   space 14336K, 0% used [0x00000000e2580000,0x00000000e2580000,0x00000000e3380000)
 ParOldGen       total 55296K, used 7277K [0x0000000080000000, 0x0000000083600000, 0x00000000d5580000)
  object space 55296K, 13% used [0x0000000080000000,0x000000008071b6a0,0x0000000083600000)
 Metaspace       used 34242K, capacity 35392K, committed 35416K, reserved 1079296K
  class space    used 4712K, capacity 4973K, committed 4992K, reserved 1048576K
Event: 21.002 GC heap after
Heap after GC invocations=9 (full 2):
 PSYoungGen      total 139776K, used 0K [0x00000000d5580000, 0x00000000e3380000, 0x0000000100000000)
  eden space 126976K, 0% used [0x00000000d5580000,0x00000000d5580000,0x00000000dd180000)
  from space 12800K, 0% used [0x00000000dd180000,0x00000000dd180000,0x00000000dde00000)
  to   space 14336K, 0% used [0x00000000e2580000,0x00000000e2580000,0x00000000e3380000)
 ParOldGen       total 91136K, used 17662K [0x0000000080000000, 0x0000000085900000, 0x00000000d5580000)
  object space 91136K, 19% used [0x0000000080000000,0x000000008113fb70,0x0000000085900000)
 Metaspace       used 34242K, capacity 35392K, committed 35416K, reserved 1079296K
  class space    used 4712K, capacity 4973K, committed 4992K, reserved 1048576K
}
Event: 24.060 GC heap before
{Heap before GC invocations=10 (full 2):
 PSYoungGen      total 139776K, used 126976K [0x00000000d5580000, 0x00000000e3380000, 0x0000000100000000)
  eden space 126976K, 100% used [0x00000000d5580000,0x00000000dd180000,0x00000000dd180000)
  from space 12800K, 0% used [0x00000000dd180000,0x00000000dd180000,0x00000000dde00000)
  to   space 14336K, 0% used [0x00000000e2580000,0x00000000e2580000,0x00000000e3380000)
 ParOldGen       total 91136K, used 17662K [0x0000000080000000, 0x0000000085900000, 0x00000000d5580000)
  object space 91136K, 19% used [0x0000000080000000,0x000000008113fb70,0x0000000085900000)
 Metaspace       used 39483K, capacity 41338K, committed 41432K, reserved 1085440K
  class space    used 5452K, capacity 5827K, committed 5888K, reserved 1048576K
Event: 24.084 GC heap after
Heap after GC invocations=10 (full 2):
 PSYoungGen      total 178688K, used 10032K [0x00000000d5580000, 0x00000000e2f80000, 0x0000000100000000)
  eden space 168448K, 0% used [0x00000000d5580000,0x00000000d5580000,0x00000000dfa00000)
  from space 10240K, 97% used [0x00000000e2580000,0x00000000e2f4c268,0x00000000e2f80000)
  to   space 14336K, 0% used [0x00000000e1380000,0x00000000e1380000,0x00000000e2180000)
 ParOldGen       total 91136K, used 17670K [0x0000000080000000, 0x0000000085900000, 0x00000000d5580000)
  object space 91136K, 19% used [0x0000000080000000,0x0000000081141b70,0x0000000085900000)
 Metaspace       used 39483K, capacity 41338K, committed 41432K, reserved 1085440K
  class space    used 5452K, capacity 5827K, committed 5888K, reserved 1048576K
}
Event: 28.669 GC heap before
{Heap before GC invocations=11 (full 2):
 PSYoungGen      total 178688K, used 178480K [0x00000000d5580000, 0x00000000e2f80000, 0x0000000100000000)
  eden space 168448K, 100% used [0x00000000d5580000,0x00000000dfa00000,0x00000000dfa00000)
  from space 10240K, 97% used [0x00000000e2580000,0x00000000e2f4c268,0x00000000e2f80000)
  to   space 14336K, 0% used [0x00000000e1380000,0x00000000e1380000,0x00000000e2180000)
 ParOldGen       total 91136K, used 17670K [0x0000000080000000, 0x0000000085900000, 0x00000000d5580000)
  object space 91136K, 19% used [0x0000000080000000,0x0000000081141b70,0x0000000085900000)
 Metaspace       used 51865K, capacity 54038K, committed 54232K, reserved 1095680K
  class space    used 6948K, capacity 7392K, committed 7424K, reserved 1048576K
Event: 28.726 GC heap after
Heap after GC invocations=11 (full 2):
 PSYoungGen      total 208896K, used 14332K [0x00000000d5580000, 0x00000000e4180000, 0x0000000100000000)
  eden space 194560K, 0% used [0x00000000d5580000,0x00000000d5580000,0x00000000e1380000)
  from space 14336K, 99% used [0x00000000e1380000,0x00000000e217f300,0x00000000e2180000)
  to   space 20480K, 0% used [0x00000000e2d80000,0x00000000e2d80000,0x00000000e4180000)
 ParOldGen       total 91136K, used 27626K [0x0000000080000000, 0x0000000085900000, 0x00000000d5580000)
  object space 91136K, 30% used [0x0000000080000000,0x0000000081afab48,0x0000000085900000)
 Metaspace       used 51865K, capacity 54038K, committed 54232K, reserved 1095680K
  class space    used 6948K, capacity 7392K, committed 7424K, reserved 1048576K
}
Event: 30.937 GC heap before
{Heap before GC invocations=12 (full 2):
 PSYoungGen      total 208896K, used 81741K [0x00000000d5580000, 0x00000000e4180000, 0x0000000100000000)
  eden space 194560K, 34% used [0x00000000d5580000,0x00000000d97541f0,0x00000000e1380000)
  from space 14336K, 99% used [0x00000000e1380000,0x00000000e217f300,0x00000000e2180000)
  to   space 20480K, 0% used [0x00000000e2d80000,0x00000000e2d80000,0x00000000e4180000)
 ParOldGen       total 91136K, used 27626K [0x0000000080000000, 0x0000000085900000, 0x00000000d5580000)
  object space 91136K, 30% used [0x0000000080000000,0x0000000081afab48,0x0000000085900000)
 Metaspace       used 56426K, capacity 58814K, committed 58968K, reserved 1099776K
  class space    used 7692K, capacity 8197K, committed 8320K, reserved 1048576K
Event: 30.997 GC heap after
Heap after GC invocations=12 (full 2):
 PSYoungGen      total 218112K, used 20471K [0x00000000d5580000, 0x00000000e6a00000, 0x0000000100000000)
  eden space 197632K, 0% used [0x00000000d5580000,0x00000000d5580000,0x00000000e1680000)
  from space 20480K, 99% used [0x00000000e2d80000,0x00000000e417dd30,0x00000000e4180000)
  to   space 23552K, 0% used [0x00000000e1680000,0x00000000e1680000,0x00000000e2d80000)
 ParOldGen       total 91136K, used 29227K [0x0000000080000000, 0x0000000085900000, 0x00000000d5580000)
  object space 91136K, 32% used [0x0000000080000000,0x0000000081c8aed8,0x0000000085900000)
 Metaspace       used 56426K, capacity 58814K, committed 58968K, reserved 1099776K
  class space    used 7692K, capacity 8197K, committed 8320K, reserved 1048576K
}
Event: 30.997 GC heap before
{Heap before GC invocations=13 (full 3):
 PSYoungGen      total 218112K, used 20471K [0x00000000d5580000, 0x00000000e6a00000, 0x0000000100000000)
  eden space 197632K, 0% used [0x00000000d5580000,0x00000000d5580000,0x00000000e1680000)
  from space 20480K, 99% used [0x00000000e2d80000,0x00000000e417dd30,0x00000000e4180000)
  to   space 23552K, 0% used [0x00000000e1680000,0x00000000e1680000,0x00000000e2d80000)
 ParOldGen       total 91136K, used 29227K [0x0000000080000000, 0x0000000085900000, 0x00000000d5580000)
  object space 91136K, 32% used [0x0000000080000000,0x0000000081c8aed8,0x0000000085900000)
 Metaspace       used 56426K, capacity 58814K, committed 58968K, reserved 1099776K
  class space    used 7692K, capacity 8197K, committed 8320K, reserved 1048576K
Event: 31.738 GC heap after
Heap after GC invocations=13 (full 3):
 PSYoungGen      total 218112K, used 0K [0x00000000d5580000, 0x00000000e6a00000, 0x0000000100000000)
  eden space 197632K, 0% used [0x00000000d5580000,0x00000000d5580000,0x00000000e1680000)
  from space 20480K, 0% used [0x00000000e2d80000,0x00000000e2d80000,0x00000000e4180000)
  to   space 23552K, 0% used [0x00000000e1680000,0x00000000e1680000,0x00000000e2d80000)
 ParOldGen       total 140800K, used 36328K [0x0000000080000000, 0x0000000088980000, 0x00000000d5580000)
  object space 140800K, 25% used [0x0000000080000000,0x000000008237a398,0x0000000088980000)
 Metaspace       used 56390K, capacity 58694K, committed 58968K, reserved 1099776K
  class space    used 7681K, capacity 8177K, committed 8320K, reserved 1048576K
}

