# JRE version: OpenJDK Runtime Environment (8.0_242-b01) (build 1.8.0_242-release-1644-b01)
# Java VM: OpenJDK 64-Bit Server VM (25.242-b01 mixed mode windows-amd64 compressed oops)
Heap:
 PSYoungGen      total 108032K, used 102335K [0x00000000d5580000, 0x00000000dcb80000, 0x0000000100000000)
  eden space 96256K, 100% used [0x00000000d5580000,0x00000000db380000,0x00000000db380000)
  from space 11776K, 51% used [0x00000000dbf80000,0x00000000dc56fe70,0x00000000dcb00000)
  to   space 12288K, 84% used [0x00000000db380000,0x00000000dbda65a8,0x00000000dbf80000)
 ParOldGen       total 66048K, used 17363K [0x0000000080000000, 0x0000000084080000, 0x00000000d5580000)
  object space 66048K, 26% used [0x0000000080000000,0x00000000810f4d50,0x0000000084080000)
 Metaspace       used 46231K, capacity 48086K, committed 48344K, reserved 1091584K
  class space    used 6252K, capacity 6627K, committed 6656K, reserved 1048576K
GC Heap History (10 events):
Event: 24.145 GC heap before
{Heap before GC invocations=10 (full 1):
 PSYoungGen      total 72704K, used 65602K [0x00000000d5580000, 0x00000000da900000, 0x0000000100000000)
  eden space 62976K, 100% used [0x00000000d5580000,0x00000000d9300000,0x00000000d9300000)
  from space 9728K, 27% used [0x00000000d9f00000,0x00000000da190b50,0x00000000da880000)
  to   space 11264K, 0% used [0x00000000d9300000,0x00000000d9300000,0x00000000d9e00000)
 ParOldGen       total 46592K, used 6918K [0x0000000080000000, 0x0000000082d80000, 0x00000000d5580000)
  object space 46592K, 14% used [0x0000000080000000,0x00000000806c1bf0,0x0000000082d80000)
 Metaspace       used 30870K, capacity 31822K, committed 32128K, reserved 1077248K
  class space    used 4163K, capacity 4372K, committed 4480K, reserved 1048576K
Event: 24.170 GC heap after
Heap after GC invocations=10 (full 1):
 PSYoungGen      total 74240K, used 9211K [0x00000000d5580000, 0x00000000dcb00000, 0x0000000100000000)
  eden space 62976K, 0% used [0x00000000d5580000,0x00000000d5580000,0x00000000d9300000)
  from space 11264K, 81% used [0x00000000d9300000,0x00000000d9bfed68,0x00000000d9e00000)
  to   space 11776K, 0% used [0x00000000dbf80000,0x00000000dbf80000,0x00000000dcb00000)
 ParOldGen       total 46592K, used 6926K [0x0000000080000000, 0x0000000082d80000, 0x00000000d5580000)
  object space 46592K, 14% used [0x0000000080000000,0x00000000806c3bf0,0x0000000082d80000)
 Metaspace       used 30870K, capacity 31822K, committed 32128K, reserved 1077248K
  class space    used 4163K, capacity 4372K, committed 4480K, reserved 1048576K
}
Event: 25.655 GC heap before
{Heap before GC invocations=11 (full 1):
 PSYoungGen      total 74240K, used 72187K [0x00000000d5580000, 0x00000000dcb00000, 0x0000000100000000)
  eden space 62976K, 100% used [0x00000000d5580000,0x00000000d9300000,0x00000000d9300000)
  from space 11264K, 81% used [0x00000000d9300000,0x00000000d9bfed68,0x00000000d9e00000)
  to   space 11776K, 0% used [0x00000000dbf80000,0x00000000dbf80000,0x00000000dcb00000)
 ParOldGen       total 46592K, used 6926K [0x0000000080000000, 0x0000000082d80000, 0x00000000d5580000)
  object space 46592K, 14% used [0x0000000080000000,0x00000000806c3bf0,0x0000000082d80000)
 Metaspace       used 34115K, capacity 35328K, committed 35416K, reserved 1079296K
  class space    used 4679K, capacity 4973K, committed 4992K, reserved 1048576K
Event: 25.683 GC heap after
Heap after GC invocations=11 (full 1):
 PSYoungGen      total 108032K, used 9028K [0x00000000d5580000, 0x00000000dcb80000, 0x0000000100000000)
  eden space 96256K, 0% used [0x00000000d5580000,0x00000000d5580000,0x00000000db380000)
  from space 11776K, 76% used [0x00000000dbf80000,0x00000000dc851268,0x00000000dcb00000)
  to   space 12288K, 0% used [0x00000000db380000,0x00000000db380000,0x00000000dbf80000)
 ParOldGen       total 46592K, used 7618K [0x0000000080000000, 0x0000000082d80000, 0x00000000d5580000)
  object space 46592K, 16% used [0x0000000080000000,0x0000000080770bb0,0x0000000082d80000)
 Metaspace       used 34115K, capacity 35328K, committed 35416K, reserved 1079296K
  class space    used 4679K, capacity 4973K, committed 4992K, reserved 1048576K
}
Event: 25.752 GC heap before
{Heap before GC invocations=12 (full 1):
 PSYoungGen      total 108032K, used 12721K [0x00000000d5580000, 0x00000000dcb80000, 0x0000000100000000)
  eden space 96256K, 3% used [0x00000000d5580000,0x00000000d591b328,0x00000000db380000)
  from space 11776K, 76% used [0x00000000dbf80000,0x00000000dc851268,0x00000000dcb00000)
  to   space 12288K, 0% used [0x00000000db380000,0x00000000db380000,0x00000000dbf80000)
 ParOldGen       total 46592K, used 7618K [0x0000000080000000, 0x0000000082d80000, 0x00000000d5580000)
  object space 46592K, 16% used [0x0000000080000000,0x0000000080770bb0,0x0000000082d80000)
 Metaspace       used 34241K, capacity 35392K, committed 35416K, reserved 1079296K
  class space    used 4706K, capacity 4973K, committed 4992K, reserved 1048576K
Event: 25.770 GC heap after
Heap after GC invocations=12 (full 1):
 PSYoungGen      total 108544K, used 352K [0x00000000d5580000, 0x00000000dcb80000, 0x0000000100000000)
  eden space 96256K, 0% used [0x00000000d5580000,0x00000000d5580000,0x00000000db380000)
  from space 12288K, 2% used [0x00000000db380000,0x00000000db3d8000,0x00000000dbf80000)
  to   space 11776K, 0% used [0x00000000dbf80000,0x00000000dbf80000,0x00000000dcb00000)
 ParOldGen       total 46592K, used 13666K [0x0000000080000000, 0x0000000082d80000, 0x00000000d5580000)
  object space 46592K, 29% used [0x0000000080000000,0x0000000080d58960,0x0000000082d80000)
 Metaspace       used 34241K, capacity 35392K, committed 35416K, reserved 1079296K
  class space    used 4706K, capacity 4973K, committed 4992K, reserved 1048576K
}
Event: 25.770 GC heap before
{Heap before GC invocations=13 (full 2):
 PSYoungGen      total 108544K, used 352K [0x00000000d5580000, 0x00000000dcb80000, 0x0000000100000000)
  eden space 96256K, 0% used [0x00000000d5580000,0x00000000d5580000,0x00000000db380000)
  from space 12288K, 2% used [0x00000000db380000,0x00000000db3d8000,0x00000000dbf80000)
  to   space 11776K, 0% used [0x00000000dbf80000,0x00000000dbf80000,0x00000000dcb00000)
 ParOldGen       total 46592K, used 13666K [0x0000000080000000, 0x0000000082d80000, 0x00000000d5580000)
  object space 46592K, 29% used [0x0000000080000000,0x0000000080d58960,0x0000000082d80000)
 Metaspace       used 34241K, capacity 35392K, committed 35416K, reserved 1079296K
  class space    used 4706K, capacity 4973K, committed 4992K, reserved 1048576K
Event: 26.207 GC heap after
Heap after GC invocations=13 (full 2):
 PSYoungGen      total 108544K, used 0K [0x00000000d5580000, 0x00000000dcb80000, 0x0000000100000000)
  eden space 96256K, 0% used [0x00000000d5580000,0x00000000d5580000,0x00000000db380000)
  from space 12288K, 0% used [0x00000000db380000,0x00000000db380000,0x00000000dbf80000)
  to   space 11776K, 0% used [0x00000000dbf80000,0x00000000dbf80000,0x00000000dcb00000)
 ParOldGen       total 66048K, used 13609K [0x0000000080000000, 0x0000000084080000, 0x00000000d5580000)
  object space 66048K, 20% used [0x0000000080000000,0x0000000080d4a450,0x0000000084080000)
 Metaspace       used 34241K, capacity 35392K, committed 35416K, reserved 1079296K
  class space    used 4706K, capacity 4973K, committed 4992K, reserved 1048576K
}
Event: 28.380 GC heap before
{Heap before GC invocations=14 (full 2):
 PSYoungGen      total 108544K, used 96256K [0x00000000d5580000, 0x00000000dcb80000, 0x0000000100000000)
  eden space 96256K, 100% used [0x00000000d5580000,0x00000000db380000,0x00000000db380000)
  from space 12288K, 0% used [0x00000000db380000,0x00000000db380000,0x00000000dbf80000)
  to   space 11776K, 0% used [0x00000000dbf80000,0x00000000dbf80000,0x00000000dcb00000)
 ParOldGen       total 66048K, used 13609K [0x0000000080000000, 0x0000000084080000, 0x00000000d5580000)
  object space 66048K, 20% used [0x0000000080000000,0x0000000080d4a450,0x0000000084080000)
 Metaspace       used 36550K, capacity 38164K, committed 38360K, reserved 1083392K
  class space    used 5014K, capacity 5347K, committed 5376K, reserved 1048576K
Event: 28.392 GC heap after
Heap after GC invocations=14 (full 2):
 PSYoungGen      total 108032K, used 6079K [0x00000000d5580000, 0x00000000dcb80000, 0x0000000100000000)
  eden space 96256K, 0% used [0x00000000d5580000,0x00000000d5580000,0x00000000db380000)
  from space 11776K, 51% used [0x00000000dbf80000,0x00000000dc56fe70,0x00000000dcb00000)
  to   space 12288K, 0% used [0x00000000db380000,0x00000000db380000,0x00000000dbf80000)
 ParOldGen       total 66048K, used 13617K [0x0000000080000000, 0x0000000084080000, 0x00000000d5580000)
  object space 66048K, 20% used [0x0000000080000000,0x0000000080d4c450,0x0000000084080000)
 Metaspace       used 36550K, capacity 38164K, committed 38360K, reserved 1083392K
  class space    used 5014K, capacity 5347K, committed 5376K, reserved 1048576K
}

