# JRE version: OpenJDK Runtime Environment (8.0_242-b01) (build 1.8.0_242-release-1644-b01)
# Java VM: OpenJDK 64-Bit Server VM (25.242-b01 mixed mode windows-amd64 compressed oops)
Heap:
 PSYoungGen      total 320512K, used 9023K [0x000000076ab00000, 0x0000000782f00000, 0x00000007c0000000)
  eden space 288256K, 3% used [0x000000076ab00000,0x000000076b3cfc80,0x000000077c480000)
  from space 32256K, 0% used [0x000000077c480000,0x000000077c480000,0x000000077e400000)
  to   space 28672K, 0% used [0x000000077e400000,0x000000077e400000,0x0000000780000000)
 ParOldGen       total 124416K, used 121241K [0x00000006c0000000, 0x00000006c7980000, 0x000000076ab00000)
  object space 124416K, 97% used [0x00000006c0000000,0x00000006c7666640,0x00000006c7980000)
 Metaspace       used 79504K, capacity 83642K, committed 86360K, reserved 1124352K
  class space    used 10833K, capacity 11635K, committed 12416K, reserved 1048576K
GC Heap History (10 events):
Event: 57.865 GC heap before
{Heap before GC invocations=17 (full 3):
 PSYoungGen      total 223232K, used 223215K [0x000000076ab00000, 0x000000077c800000, 0x00000007c0000000)
  eden space 205312K, 100% used [0x000000076ab00000,0x0000000777380000,0x0000000777380000)
  from space 17920K, 99% used [0x0000000777380000,0x00000007784fbf08,0x0000000778500000)
  to   space 22016K, 0% used [0x000000077b280000,0x000000077b280000,0x000000077c800000)
 ParOldGen       total 124416K, used 41037K [0x00000006c0000000, 0x00000006c7980000, 0x000000076ab00000)
  object space 124416K, 32% used [0x00000006c0000000,0x00000006c28137d8,0x00000006c7980000)
 Metaspace       used 67285K, capacity 70750K, committed 70872K, reserved 1110016K
  class space    used 9230K, capacity 9891K, committed 9984K, reserved 1048576K
Event: 57.967 GC heap after
Heap after GC invocations=17 (full 3):
 PSYoungGen      total 265728K, used 13680K [0x000000076ab00000, 0x000000077c600000, 0x00000007c0000000)
  eden space 245760K, 0% used [0x000000076ab00000,0x000000076ab00000,0x0000000779b00000)
  from space 19968K, 68% used [0x000000077b280000,0x000000077bfdc030,0x000000077c600000)
  to   space 22016K, 0% used [0x0000000779b00000,0x0000000779b00000,0x000000077b080000)
 ParOldGen       total 124416K, used 55482K [0x00000006c0000000, 0x00000006c7980000, 0x000000076ab00000)
  object space 124416K, 44% used [0x00000006c0000000,0x00000006c362e960,0x00000006c7980000)
 Metaspace       used 67285K, capacity 70750K, committed 70872K, reserved 1110016K
  class space    used 9230K, capacity 9891K, committed 9984K, reserved 1048576K
}
Event: 65.996 GC heap before
{Heap before GC invocations=18 (full 3):
 PSYoungGen      total 265728K, used 259440K [0x000000076ab00000, 0x000000077c600000, 0x00000007c0000000)
  eden space 245760K, 100% used [0x000000076ab00000,0x0000000779b00000,0x0000000779b00000)
  from space 19968K, 68% used [0x000000077b280000,0x000000077bfdc030,0x000000077c600000)
  to   space 22016K, 0% used [0x0000000779b00000,0x0000000779b00000,0x000000077b080000)
 ParOldGen       total 124416K, used 55482K [0x00000006c0000000, 0x00000006c7980000, 0x000000076ab00000)
  object space 124416K, 44% used [0x00000006c0000000,0x00000006c362e960,0x00000006c7980000)
 Metaspace       used 71765K, capacity 75472K, committed 75736K, reserved 1114112K
  class space    used 9706K, capacity 10468K, committed 10496K, reserved 1048576K
Event: 66.091 GC heap after
Heap after GC invocations=18 (full 3):
 PSYoungGen      total 267776K, used 22005K [0x000000076ab00000, 0x0000000780000000, 0x00000007c0000000)
  eden space 245760K, 0% used [0x000000076ab00000,0x000000076ab00000,0x0000000779b00000)
  from space 22016K, 99% used [0x0000000779b00000,0x000000077b07d7c0,0x000000077b080000)
  to   space 28672K, 0% used [0x000000077e400000,0x000000077e400000,0x0000000780000000)
 ParOldGen       total 124416K, used 64494K [0x00000006c0000000, 0x00000006c7980000, 0x000000076ab00000)
  object space 124416K, 51% used [0x00000006c0000000,0x00000006c3efb858,0x00000006c7980000)
 Metaspace       used 71765K, capacity 75472K, committed 75736K, reserved 1114112K
  class space    used 9706K, capacity 10468K, committed 10496K, reserved 1048576K
}
Event: 66.985 GC heap before
{Heap before GC invocations=19 (full 3):
 PSYoungGen      total 267776K, used 267765K [0x000000076ab00000, 0x0000000780000000, 0x00000007c0000000)
  eden space 245760K, 100% used [0x000000076ab00000,0x0000000779b00000,0x0000000779b00000)
  from space 22016K, 99% used [0x0000000779b00000,0x000000077b07d7c0,0x000000077b080000)
  to   space 28672K, 0% used [0x000000077e400000,0x000000077e400000,0x0000000780000000)
 ParOldGen       total 124416K, used 64498K [0x00000006c0000000, 0x00000006c7980000, 0x000000076ab00000)
  object space 124416K, 51% used [0x00000006c0000000,0x00000006c3efc868,0x00000006c7980000)
 Metaspace       used 71788K, capacity 75536K, committed 75736K, reserved 1114112K
  class space    used 9707K, capacity 10468K, committed 10496K, reserved 1048576K
Event: 67.145 GC heap after
Heap after GC invocations=19 (full 3):
 PSYoungGen      total 316928K, used 26461K [0x000000076ab00000, 0x0000000782f00000, 0x00000007c0000000)
  eden space 288256K, 0% used [0x000000076ab00000,0x000000076ab00000,0x000000077c480000)
  from space 28672K, 92% used [0x000000077e400000,0x000000077fdd76b8,0x0000000780000000)
  to   space 32256K, 0% used [0x000000077c480000,0x000000077c480000,0x000000077e400000)
 ParOldGen       total 124416K, used 84517K [0x00000006c0000000, 0x00000006c7980000, 0x000000076ab00000)
  object space 124416K, 67% used [0x00000006c0000000,0x00000006c52895a0,0x00000006c7980000)
 Metaspace       used 71788K, capacity 75536K, committed 75736K, reserved 1114112K
  class space    used 9707K, capacity 10468K, committed 10496K, reserved 1048576K
}
Event: 73.091 GC heap before
{Heap before GC invocations=20 (full 3):
 PSYoungGen      total 316928K, used 314717K [0x000000076ab00000, 0x0000000782f00000, 0x00000007c0000000)
  eden space 288256K, 100% used [0x000000076ab00000,0x000000077c480000,0x000000077c480000)
  from space 28672K, 92% used [0x000000077e400000,0x000000077fdd76b8,0x0000000780000000)
  to   space 32256K, 0% used [0x000000077c480000,0x000000077c480000,0x000000077e400000)
 ParOldGen       total 124416K, used 84519K [0x00000006c0000000, 0x00000006c7980000, 0x000000076ab00000)
  object space 124416K, 67% used [0x00000006c0000000,0x00000006c5289e88,0x00000006c7980000)
 Metaspace       used 80614K, capacity 86172K, committed 86360K, reserved 1124352K
  class space    used 11231K, capacity 12366K, committed 12416K, reserved 1048576K
Event: 73.253 GC heap after
Heap after GC invocations=20 (full 3):
 PSYoungGen      total 320512K, used 32239K [0x000000076ab00000, 0x0000000782f00000, 0x00000007c0000000)
  eden space 288256K, 0% used [0x000000076ab00000,0x000000076ab00000,0x000000077c480000)
  from space 32256K, 99% used [0x000000077c480000,0x000000077e3fbe38,0x000000077e400000)
  to   space 28672K, 0% used [0x000000077e400000,0x000000077e400000,0x0000000780000000)
 ParOldGen       total 124416K, used 111781K [0x00000006c0000000, 0x00000006c7980000, 0x000000076ab00000)
  object space 124416K, 89% used [0x00000006c0000000,0x00000006c6d29438,0x00000006c7980000)
 Metaspace       used 80614K, capacity 86172K, committed 86360K, reserved 1124352K
  class space    used 11231K, capacity 12366K, committed 12416K, reserved 1048576K
}
Event: 73.253 GC heap before
{Heap before GC invocations=21 (full 4):
 PSYoungGen      total 320512K, used 32239K [0x000000076ab00000, 0x0000000782f00000, 0x00000007c0000000)
  eden space 288256K, 0% used [0x000000076ab00000,0x000000076ab00000,0x000000077c480000)
  from space 32256K, 99% used [0x000000077c480000,0x000000077e3fbe38,0x000000077e400000)
  to   space 28672K, 0% used [0x000000077e400000,0x000000077e400000,0x0000000780000000)
 ParOldGen       total 124416K, used 111781K [0x00000006c0000000, 0x00000006c7980000, 0x000000076ab00000)
  object space 124416K, 89% used [0x00000006c0000000,0x00000006c6d29438,0x00000006c7980000)
 Metaspace       used 80614K, capacity 86172K, committed 86360K, reserved 1124352K
  class space    used 11231K, capacity 12366K, committed 12416K, reserved 1048576K
Event: 74.289 GC heap after
Heap after GC invocations=21 (full 4):
 PSYoungGen      total 320512K, used 0K [0x000000076ab00000, 0x0000000782f00000, 0x00000007c0000000)
  eden space 288256K, 0% used [0x000000076ab00000,0x000000076ab00000,0x000000077c480000)
  from space 32256K, 0% used [0x000000077c480000,0x000000077c480000,0x000000077e400000)
  to   space 28672K, 0% used [0x000000077e400000,0x000000077e400000,0x0000000780000000)
 ParOldGen       total 124416K, used 121241K [0x00000006c0000000, 0x00000006c7980000, 0x000000076ab00000)
  object space 124416K, 97% used [0x00000006c0000000,0x00000006c7666640,0x00000006c7980000)
 Metaspace       used 79483K, capacity 83632K, committed 86360K, reserved 1124352K
  class space    used 10823K, capacity 11632K, committed 12416K, reserved 1048576K
}

